/home/grz/trolley_auto_drive_image/code/install/lidar_data_handler/lib/python3.8/site-packages/lidar_data_handler/try.py
/home/grz/trolley_auto_drive_image/code/install/lidar_data_handler/lib/python3.8/site-packages/lidar_data_handler/pid_controller.py
/home/grz/trolley_auto_drive_image/code/install/lidar_data_handler/lib/python3.8/site-packages/lidar_data_handler/pointcloud2_lidar_test.py
/home/grz/trolley_auto_drive_image/code/install/lidar_data_handler/lib/python3.8/site-packages/lidar_data_handler/__init__.py
/home/grz/trolley_auto_drive_image/code/install/lidar_data_handler/lib/python3.8/site-packages/lidar_data_handler/generate_heightfield.py
/home/grz/trolley_auto_drive_image/code/install/lidar_data_handler/lib/python3.8/site-packages/lidar_data_handler/mode_state_machine.py
/home/grz/trolley_auto_drive_image/code/install/lidar_data_handler/lib/python3.8/site-packages/lidar_data_handler/control_ui.py
/home/grz/trolley_auto_drive_image/code/install/lidar_data_handler/lib/python3.8/site-packages/lidar_data_handler/handle_lidar_data_utils.py
/home/grz/trolley_auto_drive_image/code/install/lidar_data_handler/lib/python3.8/site-packages/lidar_data_handler/pointcloud_lidar_test.py
/home/grz/trolley_auto_drive_image/code/install/lidar_data_handler/lib/python3.8/site-packages/lidar_data_handler/Ui_auto_drive.py
/home/grz/trolley_auto_drive_image/code/install/lidar_data_handler/lib/python3.8/site-packages/lidar_data_handler/receive_lidar_data.py
/home/grz/trolley_auto_drive_image/code/install/lidar_data_handler/lib/python3.8/site-packages/lidar_data_handler/public/pwm.py
/home/grz/trolley_auto_drive_image/code/install/lidar_data_handler/lib/python3.8/site-packages/lidar_data_handler/public/adc.py
/home/grz/trolley_auto_drive_image/code/install/lidar_data_handler/lib/python3.8/site-packages/lidar_data_handler/public/__init__.py
/home/grz/trolley_auto_drive_image/code/install/lidar_data_handler/lib/python3.8/site-packages/lidar_data_handler/public/counter.py
/home/grz/trolley_auto_drive_image/code/install/lidar_data_handler/lib/python3.8/site-packages/lidar_data_handler/public/gpio.py
/home/grz/trolley_auto_drive_image/code/install/lidar_data_handler/lib/python3.8/site-packages/lidar_data_handler/public/usb_device.py
/home/grz/trolley_auto_drive_image/code/install/lidar_data_handler/lib/python3.8/site-packages/lidar_data_handler/public/librockmong.py
/home/grz/trolley_auto_drive_image/code/install/lidar_data_handler/lib/python3.8/site-packages/lidar_data_handler/public/libs/linux/x86_64/librockmong.so
/home/grz/trolley_auto_drive_image/code/install/lidar_data_handler/lib/python3.8/site-packages/lidar_data_handler/public/libs/linux/x86_64/libusb-1.0.so
/home/grz/trolley_auto_drive_image/code/install/lidar_data_handler/lib/python3.8/site-packages/lidar_data_handler/public/libs/linux/x86/librockmong.so
/home/grz/trolley_auto_drive_image/code/install/lidar_data_handler/lib/python3.8/site-packages/lidar_data_handler/public/libs/linux/x86/libusb-1.0.so
/home/grz/trolley_auto_drive_image/code/install/lidar_data_handler/lib/python3.8/site-packages/lidar_data_handler/public/libs/linux/armv7/librockmong.so
/home/grz/trolley_auto_drive_image/code/install/lidar_data_handler/lib/python3.8/site-packages/lidar_data_handler/public/libs/linux/armv7/libusb-1.0.so
/home/grz/trolley_auto_drive_image/code/install/lidar_data_handler/lib/python3.8/site-packages/lidar_data_handler/public/libs/linux/aarch64/librockmong.so
/home/grz/trolley_auto_drive_image/code/install/lidar_data_handler/lib/python3.8/site-packages/lidar_data_handler/public/libs/linux/aarch64/libusb-1.0.so
/home/grz/trolley_auto_drive_image/code/install/lidar_data_handler/lib/python3.8/site-packages/lidar_data_handler/public/libs/windows/x86_64/librockmong.lib
/home/grz/trolley_auto_drive_image/code/install/lidar_data_handler/lib/python3.8/site-packages/lidar_data_handler/public/libs/windows/x86_64/librockmong.dll
/home/grz/trolley_auto_drive_image/code/install/lidar_data_handler/lib/python3.8/site-packages/lidar_data_handler/public/libs/windows/x86_64/libusb-1.0.dll
/home/grz/trolley_auto_drive_image/code/install/lidar_data_handler/lib/python3.8/site-packages/lidar_data_handler/public/libs/windows/x86/librockmong.lib
/home/grz/trolley_auto_drive_image/code/install/lidar_data_handler/lib/python3.8/site-packages/lidar_data_handler/public/libs/windows/x86/librockmong.dll
/home/grz/trolley_auto_drive_image/code/install/lidar_data_handler/lib/python3.8/site-packages/lidar_data_handler/public/libs/windows/x86/libusb-1.0.dll
/home/grz/trolley_auto_drive_image/code/install/lidar_data_handler/lib/python3.8/site-packages/lidar_data_handler/public/libs/android/libs/arm64-v8a/librockmong.so
/home/grz/trolley_auto_drive_image/code/install/lidar_data_handler/lib/python3.8/site-packages/lidar_data_handler/public/libs/android/libs/arm64-v8a/libusb1.0.so
/home/grz/trolley_auto_drive_image/code/install/lidar_data_handler/lib/python3.8/site-packages/lidar_data_handler/public/libs/android/libs/armeabi-v7a/librockmong.so
/home/grz/trolley_auto_drive_image/code/install/lidar_data_handler/lib/python3.8/site-packages/lidar_data_handler/public/libs/android/libs/armeabi-v7a/libusb1.0.so
/home/grz/trolley_auto_drive_image/code/install/lidar_data_handler/lib/python3.8/site-packages/lidar_data_handler/public/libs/android/libs/x86/librockmong.so
/home/grz/trolley_auto_drive_image/code/install/lidar_data_handler/lib/python3.8/site-packages/lidar_data_handler/public/libs/android/libs/x86/libusb1.0.so
/home/grz/trolley_auto_drive_image/code/install/lidar_data_handler/lib/python3.8/site-packages/lidar_data_handler/public/libs/android/libs/x86_64/librockmong.so
/home/grz/trolley_auto_drive_image/code/install/lidar_data_handler/lib/python3.8/site-packages/lidar_data_handler/public/libs/android/libs/x86_64/libusb1.0.so
/home/grz/trolley_auto_drive_image/code/install/lidar_data_handler/lib/python3.8/site-packages/lidar_data_handler/public/libs/mac_os/librockmong.dylib
/home/grz/trolley_auto_drive_image/code/install/lidar_data_handler/lib/python3.8/site-packages/lidar_data_handler/public/libs/mac_os/libusb-1.0.0.dylib
/home/grz/trolley_auto_drive_image/code/install/lidar_data_handler/lib/python3.8/site-packages/lidar_data_handler/__pycache__/try.cpython-38.pyc
/home/grz/trolley_auto_drive_image/code/install/lidar_data_handler/lib/python3.8/site-packages/lidar_data_handler/__pycache__/pid_controller.cpython-38.pyc
/home/grz/trolley_auto_drive_image/code/install/lidar_data_handler/lib/python3.8/site-packages/lidar_data_handler/__pycache__/pointcloud2_lidar_test.cpython-38.pyc
/home/grz/trolley_auto_drive_image/code/install/lidar_data_handler/lib/python3.8/site-packages/lidar_data_handler/__pycache__/__init__.cpython-38.pyc
/home/grz/trolley_auto_drive_image/code/install/lidar_data_handler/lib/python3.8/site-packages/lidar_data_handler/__pycache__/generate_heightfield.cpython-38.pyc
/home/grz/trolley_auto_drive_image/code/install/lidar_data_handler/lib/python3.8/site-packages/lidar_data_handler/__pycache__/mode_state_machine.cpython-38.pyc
/home/grz/trolley_auto_drive_image/code/install/lidar_data_handler/lib/python3.8/site-packages/lidar_data_handler/__pycache__/control_ui.cpython-38.pyc
/home/grz/trolley_auto_drive_image/code/install/lidar_data_handler/lib/python3.8/site-packages/lidar_data_handler/__pycache__/handle_lidar_data_utils.cpython-38.pyc
/home/grz/trolley_auto_drive_image/code/install/lidar_data_handler/lib/python3.8/site-packages/lidar_data_handler/__pycache__/pointcloud_lidar_test.cpython-38.pyc
/home/grz/trolley_auto_drive_image/code/install/lidar_data_handler/lib/python3.8/site-packages/lidar_data_handler/__pycache__/Ui_auto_drive.cpython-38.pyc
/home/grz/trolley_auto_drive_image/code/install/lidar_data_handler/lib/python3.8/site-packages/lidar_data_handler/__pycache__/receive_lidar_data.cpython-38.pyc
/home/grz/trolley_auto_drive_image/code/install/lidar_data_handler/lib/python3.8/site-packages/lidar_data_handler/public/__pycache__/pwm.cpython-38.pyc
/home/grz/trolley_auto_drive_image/code/install/lidar_data_handler/lib/python3.8/site-packages/lidar_data_handler/public/__pycache__/adc.cpython-38.pyc
/home/grz/trolley_auto_drive_image/code/install/lidar_data_handler/lib/python3.8/site-packages/lidar_data_handler/public/__pycache__/__init__.cpython-38.pyc
/home/grz/trolley_auto_drive_image/code/install/lidar_data_handler/lib/python3.8/site-packages/lidar_data_handler/public/__pycache__/counter.cpython-38.pyc
/home/grz/trolley_auto_drive_image/code/install/lidar_data_handler/lib/python3.8/site-packages/lidar_data_handler/public/__pycache__/gpio.cpython-38.pyc
/home/grz/trolley_auto_drive_image/code/install/lidar_data_handler/lib/python3.8/site-packages/lidar_data_handler/public/__pycache__/usb_device.cpython-38.pyc
/home/grz/trolley_auto_drive_image/code/install/lidar_data_handler/lib/python3.8/site-packages/lidar_data_handler/public/__pycache__/librockmong.cpython-38.pyc
/home/grz/trolley_auto_drive_image/code/install/lidar_data_handler/share/ament_index/resource_index/packages/lidar_data_handler
/home/grz/trolley_auto_drive_image/code/install/lidar_data_handler/share/lidar_data_handler/package.xml
/home/grz/trolley_auto_drive_image/code/install/lidar_data_handler/share/lidar_data_handler/launch/trolley_auto_drive_launch.py
/home/grz/trolley_auto_drive_image/code/install/lidar_data_handler/lib/python3.8/site-packages/lidar_data_handler-0.0.0-py3.8.egg-info/zip-safe
/home/grz/trolley_auto_drive_image/code/install/lidar_data_handler/lib/python3.8/site-packages/lidar_data_handler-0.0.0-py3.8.egg-info/SOURCES.txt
/home/grz/trolley_auto_drive_image/code/install/lidar_data_handler/lib/python3.8/site-packages/lidar_data_handler-0.0.0-py3.8.egg-info/requires.txt
/home/grz/trolley_auto_drive_image/code/install/lidar_data_handler/lib/python3.8/site-packages/lidar_data_handler-0.0.0-py3.8.egg-info/PKG-INFO
/home/grz/trolley_auto_drive_image/code/install/lidar_data_handler/lib/python3.8/site-packages/lidar_data_handler-0.0.0-py3.8.egg-info/top_level.txt
/home/grz/trolley_auto_drive_image/code/install/lidar_data_handler/lib/python3.8/site-packages/lidar_data_handler-0.0.0-py3.8.egg-info/entry_points.txt
/home/grz/trolley_auto_drive_image/code/install/lidar_data_handler/lib/python3.8/site-packages/lidar_data_handler-0.0.0-py3.8.egg-info/dependency_links.txt
/home/grz/trolley_auto_drive_image/code/install/lidar_data_handler/lib/lidar_data_handler/lidar_data_handler
