[0.786s] Invoking command in '/home/grz/trolley_auto_drive_image/code/build/linear_displacement_sensor': PYTHONPATH=/home/grz/trolley_auto_drive_image/code/build/linear_displacement_sensor/prefix_override:/usr/lib/python3/dist-packages/colcon_core/task/python/colcon_distutils_commands:/home/grz/trolley_auto_drive_image/code/install/linear_displacement_sensor/lib/python3.8/site-packages:${PYTHONPATH} /usr/bin/python3 -W ignore:setup.py install is deprecated -W ignore:easy_install command is deprecated setup.py develop --editable --build-directory /home/grz/trolley_auto_drive_image/code/build/linear_displacement_sensor/build --no-deps symlink_data
[0.995s] running develop
[1.094s] running egg_info
[1.094s] creating linear_displacement_sensor.egg-info
[1.094s] writing linear_displacement_sensor.egg-info/PKG-INFO
[1.094s] writing dependency_links to linear_displacement_sensor.egg-info/dependency_links.txt
[1.094s] writing entry points to linear_displacement_sensor.egg-info/entry_points.txt
[1.094s] writing requirements to linear_displacement_sensor.egg-info/requires.txt
[1.094s] writing top-level names to linear_displacement_sensor.egg-info/top_level.txt
[1.099s] writing manifest file 'linear_displacement_sensor.egg-info/SOURCES.txt'
[1.126s] reading manifest file 'linear_displacement_sensor.egg-info/SOURCES.txt'
[1.127s] writing manifest file 'linear_displacement_sensor.egg-info/SOURCES.txt'
[1.157s] running build_ext
[1.157s] Creating /home/grz/trolley_auto_drive_image/code/install/linear_displacement_sensor/lib/python3.8/site-packages/site.py
[1.159s] Creating /home/grz/trolley_auto_drive_image/code/install/linear_displacement_sensor/lib/python3.8/site-packages/linear-displacement-sensor.egg-link (link to .)
[1.160s] Installing left_sensor script to /home/grz/trolley_auto_drive_image/code/install/linear_displacement_sensor/lib/linear_displacement_sensor
[1.160s] Installing right_sensor script to /home/grz/trolley_auto_drive_image/code/install/linear_displacement_sensor/lib/linear_displacement_sensor
[1.161s] 
[1.161s] Installed /home/grz/trolley_auto_drive_image/code/build/linear_displacement_sensor
[1.161s] running symlink_data
[1.162s] creating /home/grz/trolley_auto_drive_image/code/install/linear_displacement_sensor/share/ament_index
[1.162s] creating /home/grz/trolley_auto_drive_image/code/install/linear_displacement_sensor/share/ament_index/resource_index
[1.162s] creating /home/grz/trolley_auto_drive_image/code/install/linear_displacement_sensor/share/ament_index/resource_index/packages
[1.162s] symbolically linking /home/grz/trolley_auto_drive_image/code/build/linear_displacement_sensor/resource/linear_displacement_sensor -> /home/grz/trolley_auto_drive_image/code/install/linear_displacement_sensor/share/ament_index/resource_index/packages
[1.162s] symbolically linking /home/grz/trolley_auto_drive_image/code/build/linear_displacement_sensor/package.xml -> /home/grz/trolley_auto_drive_image/code/install/linear_displacement_sensor/share/linear_displacement_sensor
[1.207s] Invoked command in '/home/grz/trolley_auto_drive_image/code/build/linear_displacement_sensor' returned '0': PYTHONPATH=/home/grz/trolley_auto_drive_image/code/build/linear_displacement_sensor/prefix_override:/usr/lib/python3/dist-packages/colcon_core/task/python/colcon_distutils_commands:/home/grz/trolley_auto_drive_image/code/install/linear_displacement_sensor/lib/python3.8/site-packages:${PYTHONPATH} /usr/bin/python3 -W ignore:setup.py install is deprecated -W ignore:easy_install command is deprecated setup.py develop --editable --build-directory /home/grz/trolley_auto_drive_image/code/build/linear_displacement_sensor/build --no-deps symlink_data
