[0.017s] Invoking command in '/home/grz/trolley_auto_drive_image/code/build/olei_driver': AMENT_PREFIX_PATH=/home/grz/trolley_auto_drive_image/code/install/olei_interfaces:${AMENT_PREFIX_PATH} CMAKE_PREFIX_PATH=/home/grz/trolley_auto_drive_image/code/install/olei_interfaces:/opt/ros/foxy LD_LIBRARY_PATH=/home/grz/trolley_auto_drive_image/code/install/olei_interfaces/lib:${LD_LIBRARY_PATH} PYTHONPATH=/home/grz/trolley_auto_drive_image/code/install/olei_interfaces/lib/python3.8/site-packages:${PYTHONPATH} /usr/bin/cmake /home/grz/trolley_auto_drive_image/code/src/ole2d_ros2_driver_new/olei_driver -DCMAKE_INSTALL_PREFIX=/home/grz/trolley_auto_drive_image/code/install/olei_driver
[0.098s] -- The C compiler identification is GNU 9.4.0
[0.172s] -- The CXX compiler identification is GNU 9.4.0
[0.178s] -- Check for working C compiler: /usr/bin/cc
[0.273s] -- Check for working C compiler: /usr/bin/cc -- works
[0.275s] -- Detecting C compiler ABI info
[0.376s] -- Detecting C compiler ABI info - done
[0.393s] -- Detecting C compile features
[0.394s] -- Detecting C compile features - done
[0.397s] -- Check for working CXX compiler: /usr/bin/c++
[0.505s] -- Check for working CXX compiler: /usr/bin/c++ -- works
[0.507s] -- Detecting CXX compiler ABI info
[0.618s] -- Detecting CXX compiler ABI info - done
[0.643s] -- Detecting CXX compile features
[0.644s] -- Detecting CXX compile features - done
[0.647s] -- Found ament_cmake: 0.9.12 (/opt/ros/foxy/share/ament_cmake/cmake)
[0.680s] -- Found PythonInterp: /usr/bin/python3 (found suitable version "3.8.10", minimum required is "3") 
[0.680s] -- Using PYTHON_EXECUTABLE: /usr/bin/python3
[0.973s] -- Found olei_interfaces: 2.0.0 (/home/grz/trolley_auto_drive_image/code/install/olei_interfaces/share/olei_interfaces/cmake)
[1.011s] -- Using all available rosidl_typesupport_c: rosidl_typesupport_fastrtps_c;rosidl_typesupport_introspection_c
[1.019s] -- Found rosidl_adapter: 1.3.1 (/opt/ros/foxy/share/rosidl_adapter/cmake)
[1.119s] -- Found OpenSSL: /usr/lib/x86_64-linux-gnu/libcrypto.so (found version "1.1.1f")  
[1.160s] -- Found FastRTPS: /opt/ros/foxy/include  
[1.267s] -- Using all available rosidl_typesupport_cpp: rosidl_typesupport_fastrtps_cpp;rosidl_typesupport_introspection_cpp
[1.306s] -- Found laser_geometry: 2.2.0 (/opt/ros/foxy/share/laser_geometry/cmake)
[1.318s] -- Found pcl_conversions: 2.2.1 (/opt/ros/foxy/share/pcl_conversions/cmake)
[1.850s] -- Found rmw_implementation_cmake: 1.0.4 (/opt/ros/foxy/share/rmw_implementation_cmake/cmake)
[1.853s] -- Using RMW implementation 'rmw_fastrtps_cpp' as default
[1.856s] -- Looking for pthread.h
[1.952s] -- Looking for pthread.h - found
[1.952s] -- Performing Test CMAKE_HAVE_LIBC_PTHREAD
[2.058s] -- Performing Test CMAKE_HAVE_LIBC_PTHREAD - Failed
[2.058s] -- Looking for pthread_create in pthreads
[2.144s] -- Looking for pthread_create in pthreads - not found
[2.144s] -- Looking for pthread_create in pthread
[2.247s] -- Looking for pthread_create in pthread - found
[2.248s] -- Found Threads: TRUE  
[2.505s] CMake Error at CMakeLists.txt:8 (find_package):
[2.506s]   By not providing "Findpcl_ros.cmake" in CMAKE_MODULE_PATH this project has
[2.506s]   asked CMake to find a package configuration file provided by "pcl_ros", but
[2.506s]   CMake did not find one.
[2.506s] 
[2.506s]   Could not find a package configuration file provided by "pcl_ros" with any
[2.507s]   of the following names:
[2.507s] 
[2.507s]     pcl_rosConfig.cmake
[2.507s]     pcl_ros-config.cmake
[2.507s] 
[2.507s]   Add the installation prefix of "pcl_ros" to CMAKE_PREFIX_PATH or set
[2.508s]   "pcl_ros_DIR" to a directory containing one of the above files.  If
[2.508s]   "pcl_ros" provides a separate development package or SDK, be sure it has
[2.508s]   been installed.
[2.508s] 
[2.508s] 
[2.509s] -- Configuring incomplete, errors occurred!
[2.509s] See also "/home/grz/trolley_auto_drive_image/code/build/olei_driver/CMakeFiles/CMakeOutput.log".
[2.509s] See also "/home/grz/trolley_auto_drive_image/code/build/olei_driver/CMakeFiles/CMakeError.log".
[2.521s] Invoked command in '/home/grz/trolley_auto_drive_image/code/build/olei_driver' returned '1': AMENT_PREFIX_PATH=/home/grz/trolley_auto_drive_image/code/install/olei_interfaces:${AMENT_PREFIX_PATH} CMAKE_PREFIX_PATH=/home/grz/trolley_auto_drive_image/code/install/olei_interfaces:/opt/ros/foxy LD_LIBRARY_PATH=/home/grz/trolley_auto_drive_image/code/install/olei_interfaces/lib:${LD_LIBRARY_PATH} PYTHONPATH=/home/grz/trolley_auto_drive_image/code/install/olei_interfaces/lib/python3.8/site-packages:${PYTHONPATH} /usr/bin/cmake /home/grz/trolley_auto_drive_image/code/src/ole2d_ros2_driver_new/olei_driver -DCMAKE_INSTALL_PREFIX=/home/grz/trolley_auto_drive_image/code/install/olei_driver
