[0.014s] Invoking command in '/home/grz/trolley_auto_drive_image/code/build/ros2_lidar': AMENT_PREFIX_PATH=/home/grz/trolley_auto_drive_image/code/install/lidar_msgs:${AMENT_PREFIX_PATH} CMAKE_PREFIX_PATH=/home/grz/trolley_auto_drive_image/code/install/lidar_msgs:/opt/ros/foxy LD_LIBRARY_PATH=/home/grz/trolley_auto_drive_image/code/install/lidar_msgs/lib:${LD_LIBRARY_PATH} PYTHONPATH=/home/grz/trolley_auto_drive_image/code/install/lidar_msgs/lib/python3.8/site-packages:${PYTHONPATH} /usr/bin/cmake /home/grz/trolley_auto_drive_image/code/src/ole2d_ros2_driver/ros2_lidar -DCMAKE_INSTALL_PREFIX=/home/grz/trolley_auto_drive_image/code/install/ros2_lidar
[0.092s] -- The C compiler identification is GNU 9.4.0
[0.161s] -- The CXX compiler identification is GNU 9.4.0
[0.167s] -- Check for working C compiler: /usr/bin/cc
[0.256s] -- Check for working C compiler: /usr/bin/cc -- works
[0.257s] -- Detecting C compiler ABI info
[0.346s] -- Detecting C compiler ABI info - done
[0.362s] -- Detecting C compile features
[0.362s] -- Detecting C compile features - done
[0.366s] -- Check for working CXX compiler: /usr/bin/c++
[0.469s] -- Check for working CXX compiler: /usr/bin/c++ -- works
[0.471s] -- Detecting CXX compiler ABI info
[0.575s] -- Detecting CXX compiler ABI info - done
[0.591s] -- Detecting CXX compile features
[0.592s] -- Detecting CXX compile features - done
[0.595s] -- Found ament_cmake: 0.9.12 (/opt/ros/foxy/share/ament_cmake/cmake)
[0.630s] -- Found PythonInterp: /usr/bin/python3 (found suitable version "3.8.10", minimum required is "3") 
[0.630s] -- Using PYTHON_EXECUTABLE: /usr/bin/python3
[0.882s] -- Found rclcpp: 2.4.3 (/opt/ros/foxy/share/rclcpp/cmake)
[0.949s] -- Using all available rosidl_typesupport_c: rosidl_typesupport_fastrtps_c;rosidl_typesupport_introspection_c
[0.956s] -- Found rosidl_adapter: 1.3.1 (/opt/ros/foxy/share/rosidl_adapter/cmake)
[1.054s] -- Found OpenSSL: /usr/lib/x86_64-linux-gnu/libcrypto.so (found version "1.1.1f")  
[1.091s] -- Found FastRTPS: /opt/ros/foxy/include  
[1.195s] -- Using all available rosidl_typesupport_cpp: rosidl_typesupport_fastrtps_cpp;rosidl_typesupport_introspection_cpp
[1.280s] -- Found rmw_implementation_cmake: 1.0.4 (/opt/ros/foxy/share/rmw_implementation_cmake/cmake)
[1.283s] -- Using RMW implementation 'rmw_fastrtps_cpp' as default
[1.285s] -- Looking for pthread.h
[1.385s] -- Looking for pthread.h - found
[1.386s] -- Performing Test CMAKE_HAVE_LIBC_PTHREAD
[1.483s] -- Performing Test CMAKE_HAVE_LIBC_PTHREAD - Failed
[1.483s] -- Looking for pthread_create in pthreads
[1.566s] -- Looking for pthread_create in pthreads - not found
[1.566s] -- Looking for pthread_create in pthread
[1.656s] -- Looking for pthread_create in pthread - found
[1.658s] -- Found Threads: TRUE  
[1.888s] -- Found rclcpp_lifecycle: 2.4.3 (/opt/ros/foxy/share/rclcpp_lifecycle/cmake)
[1.938s] -- Found rclcpp_components: 2.4.3 (/opt/ros/foxy/share/rclcpp_components/cmake)
[2.033s] -- Found std_srvs: 2.0.5 (/opt/ros/foxy/share/std_srvs/cmake)
[2.051s] -- Found sensor_msgs: 2.0.5 (/opt/ros/foxy/share/sensor_msgs/cmake)
[2.234s] -- Found tf2_geometry_msgs: 0.13.14 (/opt/ros/foxy/share/tf2_geometry_msgs/cmake)
[2.247s] -- Found eigen3_cmake_module: 0.1.1 (/opt/ros/foxy/share/eigen3_cmake_module/cmake)
[2.253s] -- Found Eigen3: TRUE (found version "3.3.7") 
[2.744s] -- Found pcl_conversions: 2.2.1 (/opt/ros/foxy/share/pcl_conversions/cmake)
[2.985s] -- Found lidar_msgs: 0.2.0 (/home/grz/trolley_auto_drive_image/code/install/lidar_msgs/share/lidar_msgs/cmake)
[3.037s] -- Found laser_geometry: 2.2.0 (/opt/ros/foxy/share/laser_geometry/cmake)
[3.060s] -- Checking for module 'eigen3'
[3.080s] --   Found eigen3, version 3.3.7
[3.130s] -- Found Eigen: /usr/include/eigen3 (Required is at least version "3.1") 
[3.130s] -- Eigen found (include: /usr/include/eigen3, version: 3.3.7)
[3.198s] -- Found Boost: /usr/include (found suitable version "1.71.0", minimum required is "1.55.0") found components: system filesystem date_time iostreams regex 
[3.200s] -- looking for PCL_COMMON
[3.202s] -- Found PCL_COMMON: /usr/lib/x86_64-linux-gnu/libpcl_common.so  
[3.203s] -- Found PCL: pcl_common;/usr/lib/x86_64-linux-gnu/libboost_system.so;/usr/lib/x86_64-linux-gnu/libboost_filesystem.so;/usr/lib/x86_64-linux-gnu/libboost_date_time.so;/usr/lib/x86_64-linux-gnu/libboost_iostreams.so;/usr/lib/x86_64-linux-gnu/libboost_regex.so  
[3.263s] -- Found ament_lint_auto: 0.9.8 (/opt/ros/foxy/share/ament_lint_auto/cmake)
[3.361s] -- Added test 'copyright' to check source files copyright and LICENSE
[3.364s] -- Added test 'cppcheck' to perform static code analysis on C / C++ code
[3.365s] -- Configured cppcheck include dirs: /home/grz/trolley_auto_drive_image/code/src/ole2d_ros2_driver/ros2_lidar/include
[3.365s] -- Configured cppcheck exclude dirs and/or files: 
[3.368s] -- Added test 'cpplint' to check C / C++ code against the Google style
[3.368s] -- Configured cpplint exclude dirs and/or files: 
[3.369s] -- Added test 'flake8' to check Python code syntax and style conventions
[3.370s] -- Added test 'lint_cmake' to check CMake code style
[3.371s] -- Added test 'pep257' to check Python code against some of the style conventions in PEP 257
[3.374s] -- Added test 'uncrustify' to check C / C++ code style
[3.374s] -- Configured uncrustify additional arguments: 
[3.375s] -- Added test 'xmllint' to check XML markup files
[3.382s] -- Configuring done
[3.457s] -- Generating done
[3.482s] -- Build files have been written to: /home/grz/trolley_auto_drive_image/code/build/ros2_lidar
[3.500s] Invoked command in '/home/grz/trolley_auto_drive_image/code/build/ros2_lidar' returned '0': AMENT_PREFIX_PATH=/home/grz/trolley_auto_drive_image/code/install/lidar_msgs:${AMENT_PREFIX_PATH} CMAKE_PREFIX_PATH=/home/grz/trolley_auto_drive_image/code/install/lidar_msgs:/opt/ros/foxy LD_LIBRARY_PATH=/home/grz/trolley_auto_drive_image/code/install/lidar_msgs/lib:${LD_LIBRARY_PATH} PYTHONPATH=/home/grz/trolley_auto_drive_image/code/install/lidar_msgs/lib/python3.8/site-packages:${PYTHONPATH} /usr/bin/cmake /home/grz/trolley_auto_drive_image/code/src/ole2d_ros2_driver/ros2_lidar -DCMAKE_INSTALL_PREFIX=/home/grz/trolley_auto_drive_image/code/install/ros2_lidar
[3.503s] Invoking command in '/home/grz/trolley_auto_drive_image/code/build/ros2_lidar': AMENT_PREFIX_PATH=/home/grz/trolley_auto_drive_image/code/install/lidar_msgs:${AMENT_PREFIX_PATH} CMAKE_PREFIX_PATH=/home/grz/trolley_auto_drive_image/code/install/lidar_msgs:/opt/ros/foxy LD_LIBRARY_PATH=/home/grz/trolley_auto_drive_image/code/install/lidar_msgs/lib:${LD_LIBRARY_PATH} PYTHONPATH=/home/grz/trolley_auto_drive_image/code/install/lidar_msgs/lib/python3.8/site-packages:${PYTHONPATH} /usr/bin/cmake --build /home/grz/trolley_auto_drive_image/code/build/ros2_lidar -- -j4 -l4
[3.563s] [35m[1mScanning dependencies of target lidar_driver_core[0m
[3.935s] [ 14%] [32mBuilding CXX object CMakeFiles/lidar_driver_core.dir/src/lidar_driver.cpp.o[0m
[3.935s] [ 28%] [32mBuilding CXX object CMakeFiles/lidar_driver_core.dir/src/lifecycle_interface.cpp.o[0m
[3.936s] [ 42%] [32mBuilding CXX object CMakeFiles/lidar_driver_core.dir/src/driver_types.cpp.o[0m
[3.950s] [ 57%] [32mBuilding CXX object CMakeFiles/lidar_driver_core.dir/src/OS1/OS1_sensor.cpp.o[0m
[25.417s] [ 71%] [32m[1mLinking CXX shared library liblidar_driver_core.so[0m
[26.195s] [ 71%] Built target lidar_driver_core
[26.209s] [35m[1mScanning dependencies of target lidar_driver[0m
[26.320s] [ 85%] [32mBuilding CXX object CMakeFiles/lidar_driver.dir/src/main.cpp.o[0m
[34.938s] [100%] [32m[1mLinking CXX executable lidar_driver[0m
[35.376s] [100%] Built target lidar_driver
[35.392s] Invoked command in '/home/grz/trolley_auto_drive_image/code/build/ros2_lidar' returned '0': AMENT_PREFIX_PATH=/home/grz/trolley_auto_drive_image/code/install/lidar_msgs:${AMENT_PREFIX_PATH} CMAKE_PREFIX_PATH=/home/grz/trolley_auto_drive_image/code/install/lidar_msgs:/opt/ros/foxy LD_LIBRARY_PATH=/home/grz/trolley_auto_drive_image/code/install/lidar_msgs/lib:${LD_LIBRARY_PATH} PYTHONPATH=/home/grz/trolley_auto_drive_image/code/install/lidar_msgs/lib/python3.8/site-packages:${PYTHONPATH} /usr/bin/cmake --build /home/grz/trolley_auto_drive_image/code/build/ros2_lidar -- -j4 -l4
[35.396s] Invoking command in '/home/grz/trolley_auto_drive_image/code/build/ros2_lidar': AMENT_PREFIX_PATH=/home/grz/trolley_auto_drive_image/code/install/lidar_msgs:${AMENT_PREFIX_PATH} CMAKE_PREFIX_PATH=/home/grz/trolley_auto_drive_image/code/install/lidar_msgs:/opt/ros/foxy LD_LIBRARY_PATH=/home/grz/trolley_auto_drive_image/code/install/lidar_msgs/lib:${LD_LIBRARY_PATH} PYTHONPATH=/home/grz/trolley_auto_drive_image/code/install/lidar_msgs/lib/python3.8/site-packages:${PYTHONPATH} /usr/bin/cmake --install /home/grz/trolley_auto_drive_image/code/build/ros2_lidar
[35.409s] -- Install configuration: ""
[35.410s] -- Installing: /home/grz/trolley_auto_drive_image/code/install/ros2_lidar/lib/ros2_lidar/lidar_driver
[35.410s] -- Set runtime path of "/home/grz/trolley_auto_drive_image/code/install/ros2_lidar/lib/ros2_lidar/lidar_driver" to ""
[35.411s] -- Installing: /home/grz/trolley_auto_drive_image/code/install/ros2_lidar/lib/liblidar_driver_core.so
[35.416s] -- Set runtime path of "/home/grz/trolley_auto_drive_image/code/install/ros2_lidar/lib/liblidar_driver_core.so" to ""
[35.416s] -- Installing: /home/grz/trolley_auto_drive_image/code/install/ros2_lidar/include/
[35.416s] -- Installing: /home/grz/trolley_auto_drive_image/code/install/ros2_lidar/include//ros2_lidar
[35.416s] -- Installing: /home/grz/trolley_auto_drive_image/code/install/ros2_lidar/include//ros2_lidar/OS1
[35.417s] -- Installing: /home/grz/trolley_auto_drive_image/code/install/ros2_lidar/include//ros2_lidar/OS1/OS1_util.hpp
[35.417s] -- Installing: /home/grz/trolley_auto_drive_image/code/install/ros2_lidar/include//ros2_lidar/OS1/OS1_sensor.hpp
[35.417s] -- Installing: /home/grz/trolley_auto_drive_image/code/install/ros2_lidar/include//ros2_lidar/OS1/OS1_packet.hpp
[35.417s] -- Installing: /home/grz/trolley_auto_drive_image/code/install/ros2_lidar/include//ros2_lidar/OS1/processors
[35.418s] -- Installing: /home/grz/trolley_auto_drive_image/code/install/ros2_lidar/include//ros2_lidar/OS1/processors/scan_processor.hpp
[35.418s] -- Installing: /home/grz/trolley_auto_drive_image/code/install/ros2_lidar/include//ros2_lidar/OS1/processors/image_processor.hpp
[35.418s] -- Installing: /home/grz/trolley_auto_drive_image/code/install/ros2_lidar/include//ros2_lidar/OS1/processors/pointcloud_processor.hpp
[35.418s] -- Installing: /home/grz/trolley_auto_drive_image/code/install/ros2_lidar/include//ros2_lidar/OS1/processors/imu_processor.hpp
[35.419s] -- Installing: /home/grz/trolley_auto_drive_image/code/install/ros2_lidar/include//ros2_lidar/OS1/OS1.hpp
[35.419s] -- Installing: /home/grz/trolley_auto_drive_image/code/install/ros2_lidar/include//ros2_lidar/OS1/processor_factories.hpp
[35.419s] -- Installing: /home/grz/trolley_auto_drive_image/code/install/ros2_lidar/include//ros2_lidar/driver_types.hpp
[35.419s] -- Installing: /home/grz/trolley_auto_drive_image/code/install/ros2_lidar/include//ros2_lidar/exception.hpp
[35.420s] -- Installing: /home/grz/trolley_auto_drive_image/code/install/ros2_lidar/include//ros2_lidar/image_os.hpp
[35.420s] -- Installing: /home/grz/trolley_auto_drive_image/code/install/ros2_lidar/include//ros2_lidar/conversions.hpp
[35.420s] -- Installing: /home/grz/trolley_auto_drive_image/code/install/ros2_lidar/include//ros2_lidar/interfaces
[35.420s] -- Installing: /home/grz/trolley_auto_drive_image/code/install/ros2_lidar/include//ros2_lidar/interfaces/metadata.hpp
[35.420s] -- Installing: /home/grz/trolley_auto_drive_image/code/install/ros2_lidar/include//ros2_lidar/interfaces/lifecycle_interface.hpp
[35.421s] -- Installing: /home/grz/trolley_auto_drive_image/code/install/ros2_lidar/include//ros2_lidar/interfaces/data_processor_interface.hpp
[35.421s] -- Installing: /home/grz/trolley_auto_drive_image/code/install/ros2_lidar/include//ros2_lidar/interfaces/sensor_interface.hpp
[35.421s] -- Installing: /home/grz/trolley_auto_drive_image/code/install/ros2_lidar/include//ros2_lidar/interfaces/configuration.hpp
[35.421s] -- Installing: /home/grz/trolley_auto_drive_image/code/install/ros2_lidar/include//ros2_lidar/scan_os.hpp
[35.422s] -- Installing: /home/grz/trolley_auto_drive_image/code/install/ros2_lidar/include//ros2_lidar/string_utils.hpp
[35.422s] -- Installing: /home/grz/trolley_auto_drive_image/code/install/ros2_lidar/include//ros2_lidar/point_os.hpp
[35.422s] -- Installing: /home/grz/trolley_auto_drive_image/code/install/ros2_lidar/include//ros2_lidar/lidar_driver.hpp
[35.422s] -- Installing: /home/grz/trolley_auto_drive_image/code/install/ros2_lidar/share/ros2_lidar/launch
[35.423s] -- Installing: /home/grz/trolley_auto_drive_image/code/install/ros2_lidar/share/ros2_lidar/launch/ole2dv2_front_launch.py
[35.423s] -- Installing: /home/grz/trolley_auto_drive_image/code/install/ros2_lidar/share/ros2_lidar/launch/ole2dv2_back_launch.py
[35.423s] -- Installing: /home/grz/trolley_auto_drive_image/code/install/ros2_lidar/share/ros2_lidar/launch/ole3dv2_launch.py
[35.423s] -- Installing: /home/grz/trolley_auto_drive_image/code/install/ros2_lidar/share/ros2_lidar/launch/os1_launch.py
[35.423s] -- Installing: /home/grz/trolley_auto_drive_image/code/install/ros2_lidar/share/ros2_lidar/params
[35.424s] -- Installing: /home/grz/trolley_auto_drive_image/code/install/ros2_lidar/share/ros2_lidar/params/os1.yaml
[35.424s] -- Installing: /home/grz/trolley_auto_drive_image/code/install/ros2_lidar/share/ros2_lidar/params/ole2dv2_back.yaml
[35.424s] -- Installing: /home/grz/trolley_auto_drive_image/code/install/ros2_lidar/share/ros2_lidar/params/ole3dv2.yaml
[35.424s] -- Installing: /home/grz/trolley_auto_drive_image/code/install/ros2_lidar/share/ros2_lidar/params/ole2dv2_front.yaml
[35.424s] -- Installing: /home/grz/trolley_auto_drive_image/code/install/ros2_lidar/share/ros2_lidar/environment/library_path.sh
[35.425s] -- Installing: /home/grz/trolley_auto_drive_image/code/install/ros2_lidar/share/ros2_lidar/environment/library_path.dsv
[35.425s] -- Installing: /home/grz/trolley_auto_drive_image/code/install/ros2_lidar/share/ament_index/resource_index/package_run_dependencies/ros2_lidar
[35.425s] -- Installing: /home/grz/trolley_auto_drive_image/code/install/ros2_lidar/share/ament_index/resource_index/parent_prefix_path/ros2_lidar
[35.425s] -- Installing: /home/grz/trolley_auto_drive_image/code/install/ros2_lidar/share/ros2_lidar/environment/ament_prefix_path.sh
[35.426s] -- Installing: /home/grz/trolley_auto_drive_image/code/install/ros2_lidar/share/ros2_lidar/environment/ament_prefix_path.dsv
[35.426s] -- Installing: /home/grz/trolley_auto_drive_image/code/install/ros2_lidar/share/ros2_lidar/environment/path.sh
[35.426s] -- Installing: /home/grz/trolley_auto_drive_image/code/install/ros2_lidar/share/ros2_lidar/environment/path.dsv
[35.426s] -- Installing: /home/grz/trolley_auto_drive_image/code/install/ros2_lidar/share/ros2_lidar/local_setup.bash
[35.427s] -- Installing: /home/grz/trolley_auto_drive_image/code/install/ros2_lidar/share/ros2_lidar/local_setup.sh
[35.427s] -- Installing: /home/grz/trolley_auto_drive_image/code/install/ros2_lidar/share/ros2_lidar/local_setup.zsh
[35.427s] -- Installing: /home/grz/trolley_auto_drive_image/code/install/ros2_lidar/share/ros2_lidar/local_setup.dsv
[35.428s] -- Installing: /home/grz/trolley_auto_drive_image/code/install/ros2_lidar/share/ros2_lidar/package.dsv
[35.428s] -- Installing: /home/grz/trolley_auto_drive_image/code/install/ros2_lidar/share/ament_index/resource_index/packages/ros2_lidar
[35.428s] -- Installing: /home/grz/trolley_auto_drive_image/code/install/ros2_lidar/share/ament_index/resource_index/rclcpp_components/ros2_lidar
[35.429s] -- Installing: /home/grz/trolley_auto_drive_image/code/install/ros2_lidar/share/ros2_lidar/cmake/ament_cmake_export_include_directories-extras.cmake
[35.429s] -- Installing: /home/grz/trolley_auto_drive_image/code/install/ros2_lidar/share/ros2_lidar/cmake/ament_cmake_export_libraries-extras.cmake
[35.429s] -- Installing: /home/grz/trolley_auto_drive_image/code/install/ros2_lidar/share/ros2_lidar/cmake/ament_cmake_export_dependencies-extras.cmake
[35.429s] -- Installing: /home/grz/trolley_auto_drive_image/code/install/ros2_lidar/share/ros2_lidar/cmake/ros2_lidarConfig.cmake
[35.430s] -- Installing: /home/grz/trolley_auto_drive_image/code/install/ros2_lidar/share/ros2_lidar/cmake/ros2_lidarConfig-version.cmake
[35.430s] -- Installing: /home/grz/trolley_auto_drive_image/code/install/ros2_lidar/share/ros2_lidar/package.xml
[35.433s] Invoked command in '/home/grz/trolley_auto_drive_image/code/build/ros2_lidar' returned '0': AMENT_PREFIX_PATH=/home/grz/trolley_auto_drive_image/code/install/lidar_msgs:${AMENT_PREFIX_PATH} CMAKE_PREFIX_PATH=/home/grz/trolley_auto_drive_image/code/install/lidar_msgs:/opt/ros/foxy LD_LIBRARY_PATH=/home/grz/trolley_auto_drive_image/code/install/lidar_msgs/lib:${LD_LIBRARY_PATH} PYTHONPATH=/home/grz/trolley_auto_drive_image/code/install/lidar_msgs/lib/python3.8/site-packages:${PYTHONPATH} /usr/bin/cmake --install /home/grz/trolley_auto_drive_image/code/build/ros2_lidar
