[0.024s] Invoking command in '/home/grz/trolley_auto_drive_image/code/build/linear_sensor_msgs': CMAKE_PREFIX_PATH=/opt/ros/foxy /usr/bin/cmake --build /home/grz/trolley_auto_drive_image/code/build/linear_sensor_msgs -- -j4 -l4
[0.054s] -- Found ament_cmake: 0.9.12 (/opt/ros/foxy/share/ament_cmake/cmake)
[0.083s] -- Found PythonInterp: /usr/bin/python3 (found suitable version "3.8.10", minimum required is "3") 
[0.083s] -- Using PYTHON_EXECUTABLE: /usr/bin/python3
[0.328s] -- Found ament_lint_auto: 0.9.8 (/opt/ros/foxy/share/ament_lint_auto/cmake)
[0.412s] -- Found std_msgs: 2.0.5 (/opt/ros/foxy/share/std_msgs/cmake)
[0.438s] -- Using all available rosidl_typesupport_c: rosidl_typesupport_fastrtps_c;rosidl_typesupport_introspection_c
[0.443s] -- Found rosidl_adapter: 1.3.1 (/opt/ros/foxy/share/rosidl_adapter/cmake)
[0.590s] -- Using all available rosidl_typesupport_cpp: rosidl_typesupport_fastrtps_cpp;rosidl_typesupport_introspection_cpp
[0.650s] -- Found rosidl_default_generators: 1.0.1 (/opt/ros/foxy/share/rosidl_default_generators/cmake)
[0.691s] -- Found PythonInterp: /usr/bin/python3 (found version "3.8.10") 
[0.850s] -- Found ament_cmake_ros: 0.9.2 (/opt/ros/foxy/share/ament_cmake_ros/cmake)
[1.200s] -- Using all available rosidl_typesupport_c: rosidl_typesupport_fastrtps_c;rosidl_typesupport_introspection_c
[1.338s] -- Using all available rosidl_typesupport_cpp: rosidl_typesupport_fastrtps_cpp;rosidl_typesupport_introspection_cpp
[1.372s] -- Found PythonInterp: /usr/bin/python3 (found suitable version "3.8.10", minimum required is "3.5") 
[1.373s] -- Found python_cmake_module: 0.8.1 (/opt/ros/foxy/share/python_cmake_module/cmake)
[1.404s] -- Using PYTHON_EXECUTABLE: /usr/bin/python3
[1.404s] -- Using PYTHON_INCLUDE_DIRS: /usr/include/python3.8
[1.404s] -- Using PYTHON_LIBRARIES: /usr/lib/x86_64-linux-gnu/libpython3.8.so
[1.452s] -- Added test 'copyright' to check source files copyright and LICENSE
[1.454s] -- Added test 'lint_cmake' to check CMake code style
[1.455s] -- Added test 'xmllint' to check XML markup files
[1.462s] -- Configuring done
[1.522s] -- Generating done
[1.544s] -- Build files have been written to: /home/grz/trolley_auto_drive_image/code/build/linear_sensor_msgs
[1.584s] [35m[1mScanning dependencies of target linear_sensor_msgs__rosidl_generator_c[0m
[1.608s] [  3%] [32mBuilding C object CMakeFiles/linear_sensor_msgs__rosidl_generator_c.dir/rosidl_generator_c/linear_sensor_msgs/msg/detail/linear_sensor_data__functions.c.o[0m
[1.612s] [  6%] Built target linear_sensor_msgs__cpp
[1.666s] [35m[1mScanning dependencies of target linear_sensor_msgs__rosidl_typesupport_fastrtps_cpp[0m
[1.670s] [35m[1mScanning dependencies of target linear_sensor_msgs__rosidl_typesupport_cpp[0m
[1.689s] [35m[1mScanning dependencies of target linear_sensor_msgs__rosidl_typesupport_introspection_cpp[0m
[1.713s] [  9%] [32mBuilding CXX object CMakeFiles/linear_sensor_msgs__rosidl_typesupport_cpp.dir/rosidl_typesupport_cpp/linear_sensor_msgs/msg/linear_sensor_data__type_support.cpp.o[0m
[1.731s] [ 12%] [32m[1mLinking C shared library liblinear_sensor_msgs__rosidl_generator_c.so[0m
[1.734s] [ 16%] [32mBuilding CXX object CMakeFiles/linear_sensor_msgs__rosidl_typesupport_introspection_cpp.dir/rosidl_typesupport_introspection_cpp/linear_sensor_msgs/msg/detail/linear_sensor_data__type_support.cpp.o[0m
[1.751s] [ 19%] [32mBuilding CXX object CMakeFiles/linear_sensor_msgs__rosidl_typesupport_fastrtps_cpp.dir/rosidl_typesupport_fastrtps_cpp/linear_sensor_msgs/msg/detail/dds_fastrtps/linear_sensor_data__type_support.cpp.o[0m
[1.932s] [ 22%] Built target linear_sensor_msgs__rosidl_generator_c
[2.021s] [35m[1mScanning dependencies of target linear_sensor_msgs__rosidl_typesupport_c[0m
[2.096s] [ 25%] [32mBuilding CXX object CMakeFiles/linear_sensor_msgs__rosidl_typesupport_c.dir/rosidl_typesupport_c/linear_sensor_msgs/msg/linear_sensor_data__type_support.cpp.o[0m
[2.259s] [ 29%] [32m[1mLinking CXX shared library liblinear_sensor_msgs__rosidl_typesupport_c.so[0m
[2.492s] [ 32%] Built target linear_sensor_msgs__rosidl_typesupport_c
[2.494s] [ 35%] [32m[1mLinking CXX shared library liblinear_sensor_msgs__rosidl_typesupport_cpp.so[0m
[2.577s] [35m[1mScanning dependencies of target linear_sensor_msgs__rosidl_typesupport_introspection_c[0m
[2.666s] [ 38%] [32mBuilding C object CMakeFiles/linear_sensor_msgs__rosidl_typesupport_introspection_c.dir/rosidl_typesupport_introspection_c/linear_sensor_msgs/msg/detail/linear_sensor_data__type_support.c.o[0m
[2.737s] [ 41%] Built target linear_sensor_msgs__rosidl_typesupport_cpp
[2.863s] [ 45%] [32m[1mLinking C shared library liblinear_sensor_msgs__rosidl_typesupport_introspection_c.so[0m
[3.023s] [ 48%] Built target linear_sensor_msgs__rosidl_typesupport_introspection_c
[3.130s] [ 51%] [32m[1mLinking CXX shared library liblinear_sensor_msgs__rosidl_typesupport_introspection_cpp.so[0m
[3.194s] [ 54%] [32m[1mLinking CXX shared library liblinear_sensor_msgs__rosidl_typesupport_fastrtps_cpp.so[0m
[3.395s] [ 58%] Built target linear_sensor_msgs__rosidl_typesupport_introspection_cpp
[3.491s] [ 61%] Built target linear_sensor_msgs__rosidl_typesupport_fastrtps_cpp
[3.544s] [35m[1mScanning dependencies of target linear_sensor_msgs__rosidl_typesupport_fastrtps_c[0m
[3.608s] [ 64%] [32mBuilding CXX object CMakeFiles/linear_sensor_msgs__rosidl_typesupport_fastrtps_c.dir/rosidl_typesupport_fastrtps_c/linear_sensor_msgs/msg/detail/linear_sensor_data__type_support_c.cpp.o[0m
[4.391s] [ 67%] [32m[1mLinking CXX shared library liblinear_sensor_msgs__rosidl_typesupport_fastrtps_c.so[0m
[4.528s] [ 70%] Built target linear_sensor_msgs__rosidl_typesupport_fastrtps_c
[4.553s] [ 70%] Built target linear_sensor_msgs
[4.581s] [ 74%] Built target linear_sensor_msgs__py
[4.594s] [35m[1mScanning dependencies of target linear_sensor_msgs__python[0m
[4.617s] [ 77%] [32mBuilding C object CMakeFiles/linear_sensor_msgs__python.dir/rosidl_generator_py/linear_sensor_msgs/msg/_linear_sensor_data_s.c.o[0m
[4.739s] [ 80%] [32m[1mLinking C shared library rosidl_generator_py/linear_sensor_msgs/liblinear_sensor_msgs__python.so[0m
[4.799s] [ 80%] Built target linear_sensor_msgs__python
[4.819s] [35m[1mScanning dependencies of target linear_sensor_msgs__rosidl_typesupport_introspection_c__pyext[0m
[4.819s] [35m[1mScanning dependencies of target linear_sensor_msgs__rosidl_typesupport_c__pyext[0m
[4.819s] [35m[1mScanning dependencies of target linear_sensor_msgs__rosidl_typesupport_fastrtps_c__pyext[0m
[4.855s] [ 83%] [32mBuilding C object CMakeFiles/linear_sensor_msgs__rosidl_typesupport_c__pyext.dir/rosidl_generator_py/linear_sensor_msgs/_linear_sensor_msgs_s.ep.rosidl_typesupport_c.c.o[0m
[4.856s] [ 87%] [32mBuilding C object CMakeFiles/linear_sensor_msgs__rosidl_typesupport_introspection_c__pyext.dir/rosidl_generator_py/linear_sensor_msgs/_linear_sensor_msgs_s.ep.rosidl_typesupport_introspection_c.c.o[0m
[4.859s] [ 90%] [32mBuilding C object CMakeFiles/linear_sensor_msgs__rosidl_typesupport_fastrtps_c__pyext.dir/rosidl_generator_py/linear_sensor_msgs/_linear_sensor_msgs_s.ep.rosidl_typesupport_fastrtps_c.c.o[0m
[5.024s] [ 93%] [32m[1mLinking CXX shared library rosidl_generator_py/linear_sensor_msgs/linear_sensor_msgs_s__rosidl_typesupport_fastrtps_c.cpython-38-x86_64-linux-gnu.so[0m
[5.030s] [ 96%] [32m[1mLinking C shared library rosidl_generator_py/linear_sensor_msgs/linear_sensor_msgs_s__rosidl_typesupport_c.cpython-38-x86_64-linux-gnu.so[0m
[5.041s] [100%] [32m[1mLinking C shared library rosidl_generator_py/linear_sensor_msgs/linear_sensor_msgs_s__rosidl_typesupport_introspection_c.cpython-38-x86_64-linux-gnu.so[0m
[5.112s] [100%] Built target linear_sensor_msgs__rosidl_typesupport_c__pyext
[5.119s] [100%] Built target linear_sensor_msgs__rosidl_typesupport_introspection_c__pyext
[5.162s] [100%] Built target linear_sensor_msgs__rosidl_typesupport_fastrtps_c__pyext
[5.178s] Invoked command in '/home/grz/trolley_auto_drive_image/code/build/linear_sensor_msgs' returned '0': CMAKE_PREFIX_PATH=/opt/ros/foxy /usr/bin/cmake --build /home/grz/trolley_auto_drive_image/code/build/linear_sensor_msgs -- -j4 -l4
[5.203s] Invoking command in '/home/grz/trolley_auto_drive_image/code/build/linear_sensor_msgs': CMAKE_PREFIX_PATH=/opt/ros/foxy /usr/bin/cmake --install /home/grz/trolley_auto_drive_image/code/build/linear_sensor_msgs
[5.219s] -- Install configuration: ""
[5.220s] -- Up-to-date: /home/grz/trolley_auto_drive_image/code/install/linear_sensor_msgs/share/ament_index/resource_index/rosidl_interfaces/linear_sensor_msgs
[5.220s] -- Up-to-date: /home/grz/trolley_auto_drive_image/code/install/linear_sensor_msgs/include/linear_sensor_msgs
[5.220s] -- Up-to-date: /home/grz/trolley_auto_drive_image/code/install/linear_sensor_msgs/include/linear_sensor_msgs/msg
[5.220s] -- Up-to-date: /home/grz/trolley_auto_drive_image/code/install/linear_sensor_msgs/include/linear_sensor_msgs/msg/rosidl_generator_c__visibility_control.h
[5.220s] -- Up-to-date: /home/grz/trolley_auto_drive_image/code/install/linear_sensor_msgs/include/linear_sensor_msgs/msg/linear_sensor_data.h
[5.221s] -- Up-to-date: /home/grz/trolley_auto_drive_image/code/install/linear_sensor_msgs/include/linear_sensor_msgs/msg/detail
[5.221s] -- Up-to-date: /home/grz/trolley_auto_drive_image/code/install/linear_sensor_msgs/include/linear_sensor_msgs/msg/detail/linear_sensor_data__struct.h
[5.221s] -- Up-to-date: /home/grz/trolley_auto_drive_image/code/install/linear_sensor_msgs/include/linear_sensor_msgs/msg/detail/linear_sensor_data__functions.h
[5.221s] -- Up-to-date: /home/grz/trolley_auto_drive_image/code/install/linear_sensor_msgs/include/linear_sensor_msgs/msg/detail/linear_sensor_data__functions.c
[5.221s] -- Up-to-date: /home/grz/trolley_auto_drive_image/code/install/linear_sensor_msgs/include/linear_sensor_msgs/msg/detail/linear_sensor_data__type_support.h
[5.222s] -- Installing: /home/grz/trolley_auto_drive_image/code/install/linear_sensor_msgs/share/linear_sensor_msgs/environment/library_path.sh
[5.222s] -- Installing: /home/grz/trolley_auto_drive_image/code/install/linear_sensor_msgs/share/linear_sensor_msgs/environment/library_path.dsv
[5.222s] -- Installing: /home/grz/trolley_auto_drive_image/code/install/linear_sensor_msgs/lib/liblinear_sensor_msgs__rosidl_generator_c.so
[5.222s] -- Set runtime path of "/home/grz/trolley_auto_drive_image/code/install/linear_sensor_msgs/lib/liblinear_sensor_msgs__rosidl_generator_c.so" to ""
[5.222s] -- Up-to-date: /home/grz/trolley_auto_drive_image/code/install/linear_sensor_msgs/include/linear_sensor_msgs
[5.223s] -- Up-to-date: /home/grz/trolley_auto_drive_image/code/install/linear_sensor_msgs/include/linear_sensor_msgs/msg
[5.223s] -- Up-to-date: /home/grz/trolley_auto_drive_image/code/install/linear_sensor_msgs/include/linear_sensor_msgs/msg/rosidl_typesupport_fastrtps_c__visibility_control.h
[5.223s] -- Up-to-date: /home/grz/trolley_auto_drive_image/code/install/linear_sensor_msgs/include/linear_sensor_msgs/msg/detail
[5.223s] -- Up-to-date: /home/grz/trolley_auto_drive_image/code/install/linear_sensor_msgs/include/linear_sensor_msgs/msg/detail/linear_sensor_data__rosidl_typesupport_fastrtps_c.h
[5.224s] -- Installing: /home/grz/trolley_auto_drive_image/code/install/linear_sensor_msgs/lib/liblinear_sensor_msgs__rosidl_typesupport_fastrtps_c.so
[5.225s] -- Set runtime path of "/home/grz/trolley_auto_drive_image/code/install/linear_sensor_msgs/lib/liblinear_sensor_msgs__rosidl_typesupport_fastrtps_c.so" to ""
[5.225s] -- Up-to-date: /home/grz/trolley_auto_drive_image/code/install/linear_sensor_msgs/include/linear_sensor_msgs
[5.225s] -- Up-to-date: /home/grz/trolley_auto_drive_image/code/install/linear_sensor_msgs/include/linear_sensor_msgs/msg
[5.225s] -- Up-to-date: /home/grz/trolley_auto_drive_image/code/install/linear_sensor_msgs/include/linear_sensor_msgs/msg/rosidl_typesupport_fastrtps_cpp__visibility_control.h
[5.226s] -- Up-to-date: /home/grz/trolley_auto_drive_image/code/install/linear_sensor_msgs/include/linear_sensor_msgs/msg/detail
[5.226s] -- Up-to-date: /home/grz/trolley_auto_drive_image/code/install/linear_sensor_msgs/include/linear_sensor_msgs/msg/detail/linear_sensor_data__rosidl_typesupport_fastrtps_cpp.hpp
[5.226s] -- Installing: /home/grz/trolley_auto_drive_image/code/install/linear_sensor_msgs/include/linear_sensor_msgs/msg/detail/dds_fastrtps
[5.226s] -- Installing: /home/grz/trolley_auto_drive_image/code/install/linear_sensor_msgs/lib/liblinear_sensor_msgs__rosidl_typesupport_fastrtps_cpp.so
[5.226s] -- Set runtime path of "/home/grz/trolley_auto_drive_image/code/install/linear_sensor_msgs/lib/liblinear_sensor_msgs__rosidl_typesupport_fastrtps_cpp.so" to ""
[5.227s] -- Up-to-date: /home/grz/trolley_auto_drive_image/code/install/linear_sensor_msgs/include/linear_sensor_msgs
[5.227s] -- Up-to-date: /home/grz/trolley_auto_drive_image/code/install/linear_sensor_msgs/include/linear_sensor_msgs/msg
[5.227s] -- Up-to-date: /home/grz/trolley_auto_drive_image/code/install/linear_sensor_msgs/include/linear_sensor_msgs/msg/rosidl_typesupport_introspection_c__visibility_control.h
[5.227s] -- Up-to-date: /home/grz/trolley_auto_drive_image/code/install/linear_sensor_msgs/include/linear_sensor_msgs/msg/detail
[5.227s] -- Up-to-date: /home/grz/trolley_auto_drive_image/code/install/linear_sensor_msgs/include/linear_sensor_msgs/msg/detail/linear_sensor_data__rosidl_typesupport_introspection_c.h
[5.228s] -- Up-to-date: /home/grz/trolley_auto_drive_image/code/install/linear_sensor_msgs/include/linear_sensor_msgs/msg/detail/linear_sensor_data__type_support.c
[5.228s] -- Installing: /home/grz/trolley_auto_drive_image/code/install/linear_sensor_msgs/lib/liblinear_sensor_msgs__rosidl_typesupport_introspection_c.so
[5.229s] -- Set runtime path of "/home/grz/trolley_auto_drive_image/code/install/linear_sensor_msgs/lib/liblinear_sensor_msgs__rosidl_typesupport_introspection_c.so" to ""
[5.229s] -- Installing: /home/grz/trolley_auto_drive_image/code/install/linear_sensor_msgs/lib/liblinear_sensor_msgs__rosidl_typesupport_c.so
[5.229s] -- Set runtime path of "/home/grz/trolley_auto_drive_image/code/install/linear_sensor_msgs/lib/liblinear_sensor_msgs__rosidl_typesupport_c.so" to ""
[5.229s] -- Up-to-date: /home/grz/trolley_auto_drive_image/code/install/linear_sensor_msgs/include/linear_sensor_msgs
[5.230s] -- Up-to-date: /home/grz/trolley_auto_drive_image/code/install/linear_sensor_msgs/include/linear_sensor_msgs/msg
[5.230s] -- Up-to-date: /home/grz/trolley_auto_drive_image/code/install/linear_sensor_msgs/include/linear_sensor_msgs/msg/rosidl_generator_cpp__visibility_control.hpp
[5.230s] -- Up-to-date: /home/grz/trolley_auto_drive_image/code/install/linear_sensor_msgs/include/linear_sensor_msgs/msg/linear_sensor_data.hpp
[5.230s] -- Up-to-date: /home/grz/trolley_auto_drive_image/code/install/linear_sensor_msgs/include/linear_sensor_msgs/msg/detail
[5.230s] -- Up-to-date: /home/grz/trolley_auto_drive_image/code/install/linear_sensor_msgs/include/linear_sensor_msgs/msg/detail/linear_sensor_data__traits.hpp
[5.231s] -- Up-to-date: /home/grz/trolley_auto_drive_image/code/install/linear_sensor_msgs/include/linear_sensor_msgs/msg/detail/linear_sensor_data__builder.hpp
[5.231s] -- Up-to-date: /home/grz/trolley_auto_drive_image/code/install/linear_sensor_msgs/include/linear_sensor_msgs/msg/detail/linear_sensor_data__struct.hpp
[5.231s] -- Up-to-date: /home/grz/trolley_auto_drive_image/code/install/linear_sensor_msgs/include/linear_sensor_msgs/msg/detail/linear_sensor_data__type_support.hpp
[5.231s] -- Up-to-date: /home/grz/trolley_auto_drive_image/code/install/linear_sensor_msgs/include/linear_sensor_msgs
[5.231s] -- Up-to-date: /home/grz/trolley_auto_drive_image/code/install/linear_sensor_msgs/include/linear_sensor_msgs/msg
[5.232s] -- Up-to-date: /home/grz/trolley_auto_drive_image/code/install/linear_sensor_msgs/include/linear_sensor_msgs/msg/detail
[5.232s] -- Up-to-date: /home/grz/trolley_auto_drive_image/code/install/linear_sensor_msgs/include/linear_sensor_msgs/msg/detail/linear_sensor_data__rosidl_typesupport_introspection_cpp.hpp
[5.232s] -- Up-to-date: /home/grz/trolley_auto_drive_image/code/install/linear_sensor_msgs/include/linear_sensor_msgs/msg/detail/linear_sensor_data__type_support.cpp
[5.232s] -- Installing: /home/grz/trolley_auto_drive_image/code/install/linear_sensor_msgs/lib/liblinear_sensor_msgs__rosidl_typesupport_introspection_cpp.so
[5.232s] -- Set runtime path of "/home/grz/trolley_auto_drive_image/code/install/linear_sensor_msgs/lib/liblinear_sensor_msgs__rosidl_typesupport_introspection_cpp.so" to ""
[5.233s] -- Installing: /home/grz/trolley_auto_drive_image/code/install/linear_sensor_msgs/lib/liblinear_sensor_msgs__rosidl_typesupport_cpp.so
[5.233s] -- Set runtime path of "/home/grz/trolley_auto_drive_image/code/install/linear_sensor_msgs/lib/liblinear_sensor_msgs__rosidl_typesupport_cpp.so" to ""
[5.233s] -- Up-to-date: /home/grz/trolley_auto_drive_image/code/install/linear_sensor_msgs/share/linear_sensor_msgs/environment/pythonpath.sh
[5.233s] -- Installing: /home/grz/trolley_auto_drive_image/code/install/linear_sensor_msgs/share/linear_sensor_msgs/environment/pythonpath.dsv
[5.233s] -- Installing: /home/grz/trolley_auto_drive_image/code/install/linear_sensor_msgs/lib/python3.8/site-packages/linear_sensor_msgs/__init__.py
[5.293s] Compiling '/home/grz/trolley_auto_drive_image/code/install/linear_sensor_msgs/lib/python3.8/site-packages/linear_sensor_msgs/__init__.py'...
[5.300s] -- Up-to-date: /home/grz/trolley_auto_drive_image/code/install/linear_sensor_msgs/lib/python3.8/site-packages/linear_sensor_msgs/msg
[5.300s] -- Up-to-date: /home/grz/trolley_auto_drive_image/code/install/linear_sensor_msgs/lib/python3.8/site-packages/linear_sensor_msgs/msg/_linear_sensor_data.py
[5.300s] -- Up-to-date: /home/grz/trolley_auto_drive_image/code/install/linear_sensor_msgs/lib/python3.8/site-packages/linear_sensor_msgs/msg/__init__.py
[5.301s] -- Up-to-date: /home/grz/trolley_auto_drive_image/code/install/linear_sensor_msgs/lib/python3.8/site-packages/linear_sensor_msgs/msg/_linear_sensor_data_s.c
[5.301s] -- Installing: /home/grz/trolley_auto_drive_image/code/install/linear_sensor_msgs/lib/python3.8/site-packages/linear_sensor_msgs/linear_sensor_msgs_s__rosidl_typesupport_fastrtps_c.cpython-38-x86_64-linux-gnu.so
[5.301s] -- Set runtime path of "/home/grz/trolley_auto_drive_image/code/install/linear_sensor_msgs/lib/python3.8/site-packages/linear_sensor_msgs/linear_sensor_msgs_s__rosidl_typesupport_fastrtps_c.cpython-38-x86_64-linux-gnu.so" to ""
[5.302s] -- Installing: /home/grz/trolley_auto_drive_image/code/install/linear_sensor_msgs/lib/python3.8/site-packages/linear_sensor_msgs/linear_sensor_msgs_s__rosidl_typesupport_introspection_c.cpython-38-x86_64-linux-gnu.so
[5.303s] -- Set runtime path of "/home/grz/trolley_auto_drive_image/code/install/linear_sensor_msgs/lib/python3.8/site-packages/linear_sensor_msgs/linear_sensor_msgs_s__rosidl_typesupport_introspection_c.cpython-38-x86_64-linux-gnu.so" to ""
[5.304s] -- Installing: /home/grz/trolley_auto_drive_image/code/install/linear_sensor_msgs/lib/python3.8/site-packages/linear_sensor_msgs/linear_sensor_msgs_s__rosidl_typesupport_c.cpython-38-x86_64-linux-gnu.so
[5.304s] -- Set runtime path of "/home/grz/trolley_auto_drive_image/code/install/linear_sensor_msgs/lib/python3.8/site-packages/linear_sensor_msgs/linear_sensor_msgs_s__rosidl_typesupport_c.cpython-38-x86_64-linux-gnu.so" to ""
[5.305s] -- Installing: /home/grz/trolley_auto_drive_image/code/install/linear_sensor_msgs/lib/liblinear_sensor_msgs__python.so
[5.305s] -- Set runtime path of "/home/grz/trolley_auto_drive_image/code/install/linear_sensor_msgs/lib/liblinear_sensor_msgs__python.so" to ""
[5.306s] -- Up-to-date: /home/grz/trolley_auto_drive_image/code/install/linear_sensor_msgs/share/linear_sensor_msgs/msg/LinearSensorData.idl
[5.306s] -- Up-to-date: /home/grz/trolley_auto_drive_image/code/install/linear_sensor_msgs/share/linear_sensor_msgs/msg/LinearSensorData.msg
[5.306s] -- Up-to-date: /home/grz/trolley_auto_drive_image/code/install/linear_sensor_msgs/share/ament_index/resource_index/package_run_dependencies/linear_sensor_msgs
[5.306s] -- Up-to-date: /home/grz/trolley_auto_drive_image/code/install/linear_sensor_msgs/share/ament_index/resource_index/parent_prefix_path/linear_sensor_msgs
[5.306s] -- Installing: /home/grz/trolley_auto_drive_image/code/install/linear_sensor_msgs/share/linear_sensor_msgs/environment/ament_prefix_path.sh
[5.307s] -- Installing: /home/grz/trolley_auto_drive_image/code/install/linear_sensor_msgs/share/linear_sensor_msgs/environment/ament_prefix_path.dsv
[5.307s] -- Installing: /home/grz/trolley_auto_drive_image/code/install/linear_sensor_msgs/share/linear_sensor_msgs/environment/path.sh
[5.307s] -- Installing: /home/grz/trolley_auto_drive_image/code/install/linear_sensor_msgs/share/linear_sensor_msgs/environment/path.dsv
[5.307s] -- Up-to-date: /home/grz/trolley_auto_drive_image/code/install/linear_sensor_msgs/share/linear_sensor_msgs/local_setup.bash
[5.308s] -- Up-to-date: /home/grz/trolley_auto_drive_image/code/install/linear_sensor_msgs/share/linear_sensor_msgs/local_setup.sh
[5.308s] -- Up-to-date: /home/grz/trolley_auto_drive_image/code/install/linear_sensor_msgs/share/linear_sensor_msgs/local_setup.zsh
[5.308s] -- Installing: /home/grz/trolley_auto_drive_image/code/install/linear_sensor_msgs/share/linear_sensor_msgs/local_setup.dsv
[5.308s] -- Installing: /home/grz/trolley_auto_drive_image/code/install/linear_sensor_msgs/share/linear_sensor_msgs/package.dsv
[5.308s] -- Up-to-date: /home/grz/trolley_auto_drive_image/code/install/linear_sensor_msgs/share/ament_index/resource_index/packages/linear_sensor_msgs
[5.308s] -- Up-to-date: /home/grz/trolley_auto_drive_image/code/install/linear_sensor_msgs/share/linear_sensor_msgs/cmake/linear_sensor_msgs__rosidl_generator_cExport.cmake
[5.309s] -- Installing: /home/grz/trolley_auto_drive_image/code/install/linear_sensor_msgs/share/linear_sensor_msgs/cmake/linear_sensor_msgs__rosidl_generator_cExport-noconfig.cmake
[5.309s] -- Up-to-date: /home/grz/trolley_auto_drive_image/code/install/linear_sensor_msgs/share/linear_sensor_msgs/cmake/linear_sensor_msgs__rosidl_typesupport_introspection_cExport.cmake
[5.309s] -- Installing: /home/grz/trolley_auto_drive_image/code/install/linear_sensor_msgs/share/linear_sensor_msgs/cmake/linear_sensor_msgs__rosidl_typesupport_introspection_cExport-noconfig.cmake
[5.309s] -- Up-to-date: /home/grz/trolley_auto_drive_image/code/install/linear_sensor_msgs/share/linear_sensor_msgs/cmake/linear_sensor_msgs__rosidl_typesupport_cExport.cmake
[5.309s] -- Installing: /home/grz/trolley_auto_drive_image/code/install/linear_sensor_msgs/share/linear_sensor_msgs/cmake/linear_sensor_msgs__rosidl_typesupport_cExport-noconfig.cmake
[5.309s] -- Up-to-date: /home/grz/trolley_auto_drive_image/code/install/linear_sensor_msgs/share/linear_sensor_msgs/cmake/linear_sensor_msgs__rosidl_generator_cppExport.cmake
[5.310s] -- Up-to-date: /home/grz/trolley_auto_drive_image/code/install/linear_sensor_msgs/share/linear_sensor_msgs/cmake/linear_sensor_msgs__rosidl_typesupport_introspection_cppExport.cmake
[5.310s] -- Installing: /home/grz/trolley_auto_drive_image/code/install/linear_sensor_msgs/share/linear_sensor_msgs/cmake/linear_sensor_msgs__rosidl_typesupport_introspection_cppExport-noconfig.cmake
[5.310s] -- Up-to-date: /home/grz/trolley_auto_drive_image/code/install/linear_sensor_msgs/share/linear_sensor_msgs/cmake/linear_sensor_msgs__rosidl_typesupport_cppExport.cmake
[5.310s] -- Installing: /home/grz/trolley_auto_drive_image/code/install/linear_sensor_msgs/share/linear_sensor_msgs/cmake/linear_sensor_msgs__rosidl_typesupport_cppExport-noconfig.cmake
[5.310s] -- Up-to-date: /home/grz/trolley_auto_drive_image/code/install/linear_sensor_msgs/share/linear_sensor_msgs/cmake/rosidl_cmake-extras.cmake
[5.311s] -- Up-to-date: /home/grz/trolley_auto_drive_image/code/install/linear_sensor_msgs/share/linear_sensor_msgs/cmake/ament_cmake_export_dependencies-extras.cmake
[5.311s] -- Up-to-date: /home/grz/trolley_auto_drive_image/code/install/linear_sensor_msgs/share/linear_sensor_msgs/cmake/ament_cmake_export_libraries-extras.cmake
[5.311s] -- Up-to-date: /home/grz/trolley_auto_drive_image/code/install/linear_sensor_msgs/share/linear_sensor_msgs/cmake/ament_cmake_export_targets-extras.cmake
[5.311s] -- Up-to-date: /home/grz/trolley_auto_drive_image/code/install/linear_sensor_msgs/share/linear_sensor_msgs/cmake/ament_cmake_export_include_directories-extras.cmake
[5.311s] -- Up-to-date: /home/grz/trolley_auto_drive_image/code/install/linear_sensor_msgs/share/linear_sensor_msgs/cmake/rosidl_cmake_export_typesupport_libraries-extras.cmake
[5.312s] -- Up-to-date: /home/grz/trolley_auto_drive_image/code/install/linear_sensor_msgs/share/linear_sensor_msgs/cmake/rosidl_cmake_export_typesupport_targets-extras.cmake
[5.312s] -- Up-to-date: /home/grz/trolley_auto_drive_image/code/install/linear_sensor_msgs/share/linear_sensor_msgs/cmake/linear_sensor_msgsConfig.cmake
[5.312s] -- Up-to-date: /home/grz/trolley_auto_drive_image/code/install/linear_sensor_msgs/share/linear_sensor_msgs/cmake/linear_sensor_msgsConfig-version.cmake
[5.312s] -- Up-to-date: /home/grz/trolley_auto_drive_image/code/install/linear_sensor_msgs/share/linear_sensor_msgs/package.xml
[5.314s] Invoked command in '/home/grz/trolley_auto_drive_image/code/build/linear_sensor_msgs' returned '0': CMAKE_PREFIX_PATH=/opt/ros/foxy /usr/bin/cmake --install /home/grz/trolley_auto_drive_image/code/build/linear_sensor_msgs
