[0.019s] Invoking command in '/home/grz/trolley_auto_drive_image/code/build/linear_sensor_msgs': CMAKE_PREFIX_PATH=/opt/ros/foxy /usr/bin/cmake /home/grz/trolley_auto_drive_image/code/src/linear_sensor_msgs -DCMAKE_INSTALL_PREFIX=/home/grz/trolley_auto_drive_image/code/install/linear_sensor_msgs
[0.096s] -- The C compiler identification is GNU 9.4.0
[0.177s] -- The CXX compiler identification is GNU 9.4.0
[0.185s] -- Check for working C compiler: /usr/bin/cc
[0.248s] -- Check for working C compiler: /usr/bin/cc -- works
[0.249s] -- Detecting C compiler ABI info
[0.312s] -- Detecting C compiler ABI info - done
[0.326s] -- Detecting C compile features
[0.326s] -- Detecting C compile features - done
[0.328s] -- Check for working CXX compiler: /usr/bin/c++
[0.398s] -- Check for working CXX compiler: /usr/bin/c++ -- works
[0.399s] -- Detecting CXX compiler ABI info
[0.471s] -- Detecting CXX compiler ABI info - done
[0.483s] -- Detecting CXX compile features
[0.483s] -- Detecting CXX compile features - done
[0.489s] -- Found ament_cmake: 0.9.12 (/opt/ros/foxy/share/ament_cmake/cmake)
[0.515s] -- Found PythonInterp: /usr/bin/python3 (found suitable version "3.8.10", minimum required is "3") 
[0.515s] -- Using PYTHON_EXECUTABLE: /usr/bin/python3
[0.700s] -- Found ament_lint_auto: 0.9.8 (/opt/ros/foxy/share/ament_lint_auto/cmake)
[0.773s] -- Found std_msgs: 2.0.5 (/opt/ros/foxy/share/std_msgs/cmake)
[0.795s] -- Using all available rosidl_typesupport_c: rosidl_typesupport_fastrtps_c;rosidl_typesupport_introspection_c
[0.800s] -- Found rosidl_adapter: 1.3.1 (/opt/ros/foxy/share/rosidl_adapter/cmake)
[0.858s] -- Found OpenSSL: /usr/lib/x86_64-linux-gnu/libcrypto.so (found version "1.1.1f")  
[0.883s] -- Found FastRTPS: /opt/ros/foxy/include  
[0.947s] -- Using all available rosidl_typesupport_cpp: rosidl_typesupport_fastrtps_cpp;rosidl_typesupport_introspection_cpp
[0.989s] -- Found rosidl_default_generators: 1.0.1 (/opt/ros/foxy/share/rosidl_default_generators/cmake)
[1.016s] -- Found PythonInterp: /usr/bin/python3 (found version "3.8.10") 
[1.106s] -- Found ament_cmake_ros: 0.9.2 (/opt/ros/foxy/share/ament_cmake_ros/cmake)
[1.260s] -- Using all available rosidl_typesupport_c: rosidl_typesupport_fastrtps_c;rosidl_typesupport_introspection_c
[1.316s] -- Using all available rosidl_typesupport_cpp: rosidl_typesupport_fastrtps_cpp;rosidl_typesupport_introspection_cpp
[1.339s] -- Found PythonInterp: /usr/bin/python3 (found suitable version "3.8.10", minimum required is "3.5") 
[1.340s] -- Found python_cmake_module: 0.8.1 (/opt/ros/foxy/share/python_cmake_module/cmake)
[1.365s] -- Found PythonLibs: /usr/lib/x86_64-linux-gnu/libpython3.8.so (found suitable version "3.8.10", minimum required is "3.5") 
[1.365s] -- Using PYTHON_EXECUTABLE: /usr/bin/python3
[1.365s] -- Using PYTHON_INCLUDE_DIRS: /usr/include/python3.8
[1.365s] -- Using PYTHON_LIBRARIES: /usr/lib/x86_64-linux-gnu/libpython3.8.so
[1.385s] -- Found PythonExtra: .so  
[1.449s] -- Added test 'copyright' to check source files copyright and LICENSE
[1.451s] -- Added test 'lint_cmake' to check CMake code style
[1.452s] -- Added test 'xmllint' to check XML markup files
[1.459s] -- Configuring done
[1.495s] -- Generating done
[1.511s] -- Build files have been written to: /home/grz/trolley_auto_drive_image/code/build/linear_sensor_msgs
[1.524s] Invoked command in '/home/grz/trolley_auto_drive_image/code/build/linear_sensor_msgs' returned '0': CMAKE_PREFIX_PATH=/opt/ros/foxy /usr/bin/cmake /home/grz/trolley_auto_drive_image/code/src/linear_sensor_msgs -DCMAKE_INSTALL_PREFIX=/home/grz/trolley_auto_drive_image/code/install/linear_sensor_msgs
[1.526s] Invoking command in '/home/grz/trolley_auto_drive_image/code/build/linear_sensor_msgs': CMAKE_PREFIX_PATH=/opt/ros/foxy /usr/bin/cmake --build /home/grz/trolley_auto_drive_image/code/build/linear_sensor_msgs -- -j8 -l8
[1.567s] [  3%] [34m[1mGenerating C code for ROS interfaces[0m
[1.567s] [35m[1mScanning dependencies of target linear_sensor_msgs__cpp[0m
[1.578s] [  6%] [34m[1mGenerating C++ code for ROS interfaces[0m
[1.830s] [  6%] Built target linear_sensor_msgs__cpp
[1.836s] [35m[1mScanning dependencies of target linear_sensor_msgs__rosidl_generator_c[0m
[1.841s] [  9%] [34m[1mGenerating C++ type support dispatch for ROS interfaces[0m
[1.843s] [ 12%] [34m[1mGenerating C++ type support for eProsima Fast-RTPS[0m
[1.844s] [ 16%] [34m[1mGenerating C++ introspection for ROS interfaces[0m
[1.870s] [ 19%] [32mBuilding C object CMakeFiles/linear_sensor_msgs__rosidl_generator_c.dir/rosidl_generator_c/linear_sensor_msgs/msg/detail/linear_sensor_data__functions.c.o[0m
[2.015s] [ 22%] [32m[1mLinking C shared library liblinear_sensor_msgs__rosidl_generator_c.so[0m
[2.090s] [ 22%] Built target linear_sensor_msgs__rosidl_generator_c
[2.109s] [ 25%] [34m[1mGenerating C introspection for ROS interfaces[0m
[2.134s] [ 29%] [34m[1mGenerating C type support dispatch for ROS interfaces[0m
[2.292s] [35m[1mScanning dependencies of target linear_sensor_msgs__rosidl_typesupport_cpp[0m
[2.310s] [35m[1mScanning dependencies of target linear_sensor_msgs__rosidl_typesupport_introspection_cpp[0m
[2.325s] [ 32%] [32mBuilding CXX object CMakeFiles/linear_sensor_msgs__rosidl_typesupport_cpp.dir/rosidl_typesupport_cpp/linear_sensor_msgs/msg/linear_sensor_data__type_support.cpp.o[0m
[2.384s] [ 35%] [32mBuilding CXX object CMakeFiles/linear_sensor_msgs__rosidl_typesupport_introspection_cpp.dir/rosidl_typesupport_introspection_cpp/linear_sensor_msgs/msg/detail/linear_sensor_data__type_support.cpp.o[0m
[2.406s] [35m[1mScanning dependencies of target linear_sensor_msgs__rosidl_typesupport_fastrtps_cpp[0m
[2.494s] [ 38%] [32mBuilding CXX object CMakeFiles/linear_sensor_msgs__rosidl_typesupport_fastrtps_cpp.dir/rosidl_typesupport_fastrtps_cpp/linear_sensor_msgs/msg/detail/dds_fastrtps/linear_sensor_data__type_support.cpp.o[0m
[2.553s] [35m[1mScanning dependencies of target linear_sensor_msgs__rosidl_typesupport_c[0m
[2.586s] [ 41%] [32mBuilding CXX object CMakeFiles/linear_sensor_msgs__rosidl_typesupport_c.dir/rosidl_typesupport_c/linear_sensor_msgs/msg/linear_sensor_data__type_support.cpp.o[0m
[2.595s] [35m[1mScanning dependencies of target linear_sensor_msgs__rosidl_typesupport_introspection_c[0m
[2.670s] [ 45%] [32mBuilding C object CMakeFiles/linear_sensor_msgs__rosidl_typesupport_introspection_c.dir/rosidl_typesupport_introspection_c/linear_sensor_msgs/msg/detail/linear_sensor_data__type_support.c.o[0m
[2.721s] [ 48%] [32m[1mLinking CXX shared library liblinear_sensor_msgs__rosidl_typesupport_c.so[0m
[2.858s] [ 51%] [32m[1mLinking C shared library liblinear_sensor_msgs__rosidl_typesupport_introspection_c.so[0m
[2.903s] [ 51%] Built target linear_sensor_msgs__rosidl_typesupport_c
[2.992s] [ 51%] Built target linear_sensor_msgs__rosidl_typesupport_introspection_c
[3.008s] [ 54%] [32m[1mLinking CXX shared library liblinear_sensor_msgs__rosidl_typesupport_introspection_cpp.so[0m
[3.053s] [ 58%] [32m[1mLinking CXX shared library liblinear_sensor_msgs__rosidl_typesupport_cpp.so[0m
[3.148s] [ 58%] Built target linear_sensor_msgs__rosidl_typesupport_cpp
[3.293s] [ 58%] Built target linear_sensor_msgs__rosidl_typesupport_introspection_cpp
[3.406s] [ 61%] [32m[1mLinking CXX shared library liblinear_sensor_msgs__rosidl_typesupport_fastrtps_cpp.so[0m
[3.550s] [ 61%] Built target linear_sensor_msgs__rosidl_typesupport_fastrtps_cpp
[3.567s] [ 64%] [34m[1mGenerating C type support for eProsima Fast-RTPS[0m
[3.813s] [35m[1mScanning dependencies of target linear_sensor_msgs__rosidl_typesupport_fastrtps_c[0m
[3.828s] [ 67%] [32mBuilding CXX object CMakeFiles/linear_sensor_msgs__rosidl_typesupport_fastrtps_c.dir/rosidl_typesupport_fastrtps_c/linear_sensor_msgs/msg/detail/linear_sensor_data__type_support_c.cpp.o[0m
[4.156s] [ 70%] [32m[1mLinking CXX shared library liblinear_sensor_msgs__rosidl_typesupport_fastrtps_c.so[0m
[4.273s] [ 70%] Built target linear_sensor_msgs__rosidl_typesupport_fastrtps_c
[4.285s] [35m[1mScanning dependencies of target linear_sensor_msgs[0m
[4.296s] [ 70%] Built target linear_sensor_msgs
[4.308s] [35m[1mScanning dependencies of target linear_sensor_msgs__py[0m
[4.319s] [ 74%] [34m[1mGenerating Python code for ROS interfaces[0m
[4.710s] [ 74%] Built target linear_sensor_msgs__py
[4.720s] [35m[1mScanning dependencies of target linear_sensor_msgs__python[0m
[4.748s] [ 77%] [32mBuilding C object CMakeFiles/linear_sensor_msgs__python.dir/rosidl_generator_py/linear_sensor_msgs/msg/_linear_sensor_data_s.c.o[0m
[4.834s] [ 80%] [32m[1mLinking C shared library rosidl_generator_py/linear_sensor_msgs/liblinear_sensor_msgs__python.so[0m
[4.873s] [ 80%] Built target linear_sensor_msgs__python
[4.884s] [35m[1mScanning dependencies of target linear_sensor_msgs__rosidl_typesupport_introspection_c__pyext[0m
[4.884s] [35m[1mScanning dependencies of target linear_sensor_msgs__rosidl_typesupport_c__pyext[0m
[4.884s] [35m[1mScanning dependencies of target linear_sensor_msgs__rosidl_typesupport_fastrtps_c__pyext[0m
[4.901s] [ 83%] [32mBuilding C object CMakeFiles/linear_sensor_msgs__rosidl_typesupport_introspection_c__pyext.dir/rosidl_generator_py/linear_sensor_msgs/_linear_sensor_msgs_s.ep.rosidl_typesupport_introspection_c.c.o[0m
[4.902s] [ 87%] [32mBuilding C object CMakeFiles/linear_sensor_msgs__rosidl_typesupport_c__pyext.dir/rosidl_generator_py/linear_sensor_msgs/_linear_sensor_msgs_s.ep.rosidl_typesupport_c.c.o[0m
[4.902s] [ 90%] [32mBuilding C object CMakeFiles/linear_sensor_msgs__rosidl_typesupport_fastrtps_c__pyext.dir/rosidl_generator_py/linear_sensor_msgs/_linear_sensor_msgs_s.ep.rosidl_typesupport_fastrtps_c.c.o[0m
[4.974s] [ 93%] [32m[1mLinking C shared library rosidl_generator_py/linear_sensor_msgs/linear_sensor_msgs_s__rosidl_typesupport_introspection_c.cpython-38-x86_64-linux-gnu.so[0m
[4.976s] [ 96%] [32m[1mLinking CXX shared library rosidl_generator_py/linear_sensor_msgs/linear_sensor_msgs_s__rosidl_typesupport_fastrtps_c.cpython-38-x86_64-linux-gnu.so[0m
[5.009s] [ 96%] Built target linear_sensor_msgs__rosidl_typesupport_introspection_c__pyext
[5.018s] [100%] [32m[1mLinking C shared library rosidl_generator_py/linear_sensor_msgs/linear_sensor_msgs_s__rosidl_typesupport_c.cpython-38-x86_64-linux-gnu.so[0m
[5.038s] [100%] Built target linear_sensor_msgs__rosidl_typesupport_fastrtps_c__pyext
[5.051s] [100%] Built target linear_sensor_msgs__rosidl_typesupport_c__pyext
[5.063s] Invoked command in '/home/grz/trolley_auto_drive_image/code/build/linear_sensor_msgs' returned '0': CMAKE_PREFIX_PATH=/opt/ros/foxy /usr/bin/cmake --build /home/grz/trolley_auto_drive_image/code/build/linear_sensor_msgs -- -j8 -l8
[5.074s] Invoking command in '/home/grz/trolley_auto_drive_image/code/build/linear_sensor_msgs': CMAKE_PREFIX_PATH=/opt/ros/foxy /usr/bin/cmake --install /home/grz/trolley_auto_drive_image/code/build/linear_sensor_msgs
[5.082s] -- Install configuration: ""
[5.082s] -- Installing: /home/grz/trolley_auto_drive_image/code/install/linear_sensor_msgs/share/ament_index/resource_index/rosidl_interfaces/linear_sensor_msgs
[5.082s] -- Installing: /home/grz/trolley_auto_drive_image/code/install/linear_sensor_msgs/include/linear_sensor_msgs
[5.082s] -- Installing: /home/grz/trolley_auto_drive_image/code/install/linear_sensor_msgs/include/linear_sensor_msgs/msg
[5.082s] -- Installing: /home/grz/trolley_auto_drive_image/code/install/linear_sensor_msgs/include/linear_sensor_msgs/msg/rosidl_generator_c__visibility_control.h
[5.082s] -- Installing: /home/grz/trolley_auto_drive_image/code/install/linear_sensor_msgs/include/linear_sensor_msgs/msg/linear_sensor_data.h
[5.082s] -- Installing: /home/grz/trolley_auto_drive_image/code/install/linear_sensor_msgs/include/linear_sensor_msgs/msg/detail
[5.082s] -- Installing: /home/grz/trolley_auto_drive_image/code/install/linear_sensor_msgs/include/linear_sensor_msgs/msg/detail/linear_sensor_data__struct.h
[5.082s] -- Installing: /home/grz/trolley_auto_drive_image/code/install/linear_sensor_msgs/include/linear_sensor_msgs/msg/detail/linear_sensor_data__functions.h
[5.082s] -- Installing: /home/grz/trolley_auto_drive_image/code/install/linear_sensor_msgs/include/linear_sensor_msgs/msg/detail/linear_sensor_data__functions.c
[5.083s] -- Installing: /home/grz/trolley_auto_drive_image/code/install/linear_sensor_msgs/include/linear_sensor_msgs/msg/detail/linear_sensor_data__type_support.h
[5.083s] -- Installing: /home/grz/trolley_auto_drive_image/code/install/linear_sensor_msgs/share/linear_sensor_msgs/environment/library_path.sh
[5.083s] -- Installing: /home/grz/trolley_auto_drive_image/code/install/linear_sensor_msgs/share/linear_sensor_msgs/environment/library_path.dsv
[5.083s] -- Installing: /home/grz/trolley_auto_drive_image/code/install/linear_sensor_msgs/lib/liblinear_sensor_msgs__rosidl_generator_c.so
[5.083s] -- Set runtime path of "/home/grz/trolley_auto_drive_image/code/install/linear_sensor_msgs/lib/liblinear_sensor_msgs__rosidl_generator_c.so" to ""
[5.083s] -- Up-to-date: /home/grz/trolley_auto_drive_image/code/install/linear_sensor_msgs/include/linear_sensor_msgs
[5.083s] -- Up-to-date: /home/grz/trolley_auto_drive_image/code/install/linear_sensor_msgs/include/linear_sensor_msgs/msg
[5.084s] -- Installing: /home/grz/trolley_auto_drive_image/code/install/linear_sensor_msgs/include/linear_sensor_msgs/msg/rosidl_typesupport_fastrtps_c__visibility_control.h
[5.084s] -- Up-to-date: /home/grz/trolley_auto_drive_image/code/install/linear_sensor_msgs/include/linear_sensor_msgs/msg/detail
[5.084s] -- Installing: /home/grz/trolley_auto_drive_image/code/install/linear_sensor_msgs/include/linear_sensor_msgs/msg/detail/linear_sensor_data__rosidl_typesupport_fastrtps_c.h
[5.084s] -- Installing: /home/grz/trolley_auto_drive_image/code/install/linear_sensor_msgs/lib/liblinear_sensor_msgs__rosidl_typesupport_fastrtps_c.so
[5.084s] -- Set runtime path of "/home/grz/trolley_auto_drive_image/code/install/linear_sensor_msgs/lib/liblinear_sensor_msgs__rosidl_typesupport_fastrtps_c.so" to ""
[5.084s] -- Up-to-date: /home/grz/trolley_auto_drive_image/code/install/linear_sensor_msgs/include/linear_sensor_msgs
[5.084s] -- Up-to-date: /home/grz/trolley_auto_drive_image/code/install/linear_sensor_msgs/include/linear_sensor_msgs/msg
[5.084s] -- Installing: /home/grz/trolley_auto_drive_image/code/install/linear_sensor_msgs/include/linear_sensor_msgs/msg/rosidl_typesupport_fastrtps_cpp__visibility_control.h
[5.084s] -- Up-to-date: /home/grz/trolley_auto_drive_image/code/install/linear_sensor_msgs/include/linear_sensor_msgs/msg/detail
[5.085s] -- Installing: /home/grz/trolley_auto_drive_image/code/install/linear_sensor_msgs/include/linear_sensor_msgs/msg/detail/linear_sensor_data__rosidl_typesupport_fastrtps_cpp.hpp
[5.085s] -- Installing: /home/grz/trolley_auto_drive_image/code/install/linear_sensor_msgs/include/linear_sensor_msgs/msg/detail/dds_fastrtps
[5.085s] -- Installing: /home/grz/trolley_auto_drive_image/code/install/linear_sensor_msgs/lib/liblinear_sensor_msgs__rosidl_typesupport_fastrtps_cpp.so
[5.085s] -- Set runtime path of "/home/grz/trolley_auto_drive_image/code/install/linear_sensor_msgs/lib/liblinear_sensor_msgs__rosidl_typesupport_fastrtps_cpp.so" to ""
[5.085s] -- Up-to-date: /home/grz/trolley_auto_drive_image/code/install/linear_sensor_msgs/include/linear_sensor_msgs
[5.085s] -- Up-to-date: /home/grz/trolley_auto_drive_image/code/install/linear_sensor_msgs/include/linear_sensor_msgs/msg
[5.085s] -- Installing: /home/grz/trolley_auto_drive_image/code/install/linear_sensor_msgs/include/linear_sensor_msgs/msg/rosidl_typesupport_introspection_c__visibility_control.h
[5.085s] -- Up-to-date: /home/grz/trolley_auto_drive_image/code/install/linear_sensor_msgs/include/linear_sensor_msgs/msg/detail
[5.085s] -- Installing: /home/grz/trolley_auto_drive_image/code/install/linear_sensor_msgs/include/linear_sensor_msgs/msg/detail/linear_sensor_data__rosidl_typesupport_introspection_c.h
[5.086s] -- Installing: /home/grz/trolley_auto_drive_image/code/install/linear_sensor_msgs/include/linear_sensor_msgs/msg/detail/linear_sensor_data__type_support.c
[5.086s] -- Installing: /home/grz/trolley_auto_drive_image/code/install/linear_sensor_msgs/lib/liblinear_sensor_msgs__rosidl_typesupport_introspection_c.so
[5.086s] -- Set runtime path of "/home/grz/trolley_auto_drive_image/code/install/linear_sensor_msgs/lib/liblinear_sensor_msgs__rosidl_typesupport_introspection_c.so" to ""
[5.086s] -- Installing: /home/grz/trolley_auto_drive_image/code/install/linear_sensor_msgs/lib/liblinear_sensor_msgs__rosidl_typesupport_c.so
[5.086s] -- Set runtime path of "/home/grz/trolley_auto_drive_image/code/install/linear_sensor_msgs/lib/liblinear_sensor_msgs__rosidl_typesupport_c.so" to ""
[5.086s] -- Up-to-date: /home/grz/trolley_auto_drive_image/code/install/linear_sensor_msgs/include/linear_sensor_msgs
[5.086s] -- Up-to-date: /home/grz/trolley_auto_drive_image/code/install/linear_sensor_msgs/include/linear_sensor_msgs/msg
[5.086s] -- Installing: /home/grz/trolley_auto_drive_image/code/install/linear_sensor_msgs/include/linear_sensor_msgs/msg/rosidl_generator_cpp__visibility_control.hpp
[5.086s] -- Installing: /home/grz/trolley_auto_drive_image/code/install/linear_sensor_msgs/include/linear_sensor_msgs/msg/linear_sensor_data.hpp
[5.087s] -- Up-to-date: /home/grz/trolley_auto_drive_image/code/install/linear_sensor_msgs/include/linear_sensor_msgs/msg/detail
[5.087s] -- Installing: /home/grz/trolley_auto_drive_image/code/install/linear_sensor_msgs/include/linear_sensor_msgs/msg/detail/linear_sensor_data__traits.hpp
[5.087s] -- Installing: /home/grz/trolley_auto_drive_image/code/install/linear_sensor_msgs/include/linear_sensor_msgs/msg/detail/linear_sensor_data__builder.hpp
[5.087s] -- Installing: /home/grz/trolley_auto_drive_image/code/install/linear_sensor_msgs/include/linear_sensor_msgs/msg/detail/linear_sensor_data__struct.hpp
[5.087s] -- Installing: /home/grz/trolley_auto_drive_image/code/install/linear_sensor_msgs/include/linear_sensor_msgs/msg/detail/linear_sensor_data__type_support.hpp
[5.087s] -- Up-to-date: /home/grz/trolley_auto_drive_image/code/install/linear_sensor_msgs/include/linear_sensor_msgs
[5.087s] -- Up-to-date: /home/grz/trolley_auto_drive_image/code/install/linear_sensor_msgs/include/linear_sensor_msgs/msg
[5.087s] -- Up-to-date: /home/grz/trolley_auto_drive_image/code/install/linear_sensor_msgs/include/linear_sensor_msgs/msg/detail
[5.087s] -- Installing: /home/grz/trolley_auto_drive_image/code/install/linear_sensor_msgs/include/linear_sensor_msgs/msg/detail/linear_sensor_data__rosidl_typesupport_introspection_cpp.hpp
[5.088s] -- Installing: /home/grz/trolley_auto_drive_image/code/install/linear_sensor_msgs/include/linear_sensor_msgs/msg/detail/linear_sensor_data__type_support.cpp
[5.088s] -- Installing: /home/grz/trolley_auto_drive_image/code/install/linear_sensor_msgs/lib/liblinear_sensor_msgs__rosidl_typesupport_introspection_cpp.so
[5.088s] -- Set runtime path of "/home/grz/trolley_auto_drive_image/code/install/linear_sensor_msgs/lib/liblinear_sensor_msgs__rosidl_typesupport_introspection_cpp.so" to ""
[5.088s] -- Installing: /home/grz/trolley_auto_drive_image/code/install/linear_sensor_msgs/lib/liblinear_sensor_msgs__rosidl_typesupport_cpp.so
[5.088s] -- Set runtime path of "/home/grz/trolley_auto_drive_image/code/install/linear_sensor_msgs/lib/liblinear_sensor_msgs__rosidl_typesupport_cpp.so" to ""
[5.088s] -- Installing: /home/grz/trolley_auto_drive_image/code/install/linear_sensor_msgs/share/linear_sensor_msgs/environment/pythonpath.sh
[5.088s] -- Installing: /home/grz/trolley_auto_drive_image/code/install/linear_sensor_msgs/share/linear_sensor_msgs/environment/pythonpath.dsv
[5.088s] -- Installing: /home/grz/trolley_auto_drive_image/code/install/linear_sensor_msgs/lib/python3.8/site-packages/linear_sensor_msgs/__init__.py
[5.125s] Compiling '/home/grz/trolley_auto_drive_image/code/install/linear_sensor_msgs/lib/python3.8/site-packages/linear_sensor_msgs/__init__.py'...
[5.135s] -- Installing: /home/grz/trolley_auto_drive_image/code/install/linear_sensor_msgs/lib/python3.8/site-packages/linear_sensor_msgs/msg
[5.135s] -- Installing: /home/grz/trolley_auto_drive_image/code/install/linear_sensor_msgs/lib/python3.8/site-packages/linear_sensor_msgs/msg/_linear_sensor_data.py
[5.135s] -- Installing: /home/grz/trolley_auto_drive_image/code/install/linear_sensor_msgs/lib/python3.8/site-packages/linear_sensor_msgs/msg/__init__.py
[5.136s] -- Installing: /home/grz/trolley_auto_drive_image/code/install/linear_sensor_msgs/lib/python3.8/site-packages/linear_sensor_msgs/msg/_linear_sensor_data_s.c
[5.136s] -- Installing: /home/grz/trolley_auto_drive_image/code/install/linear_sensor_msgs/lib/python3.8/site-packages/linear_sensor_msgs/linear_sensor_msgs_s__rosidl_typesupport_fastrtps_c.cpython-38-x86_64-linux-gnu.so
[5.136s] -- Set runtime path of "/home/grz/trolley_auto_drive_image/code/install/linear_sensor_msgs/lib/python3.8/site-packages/linear_sensor_msgs/linear_sensor_msgs_s__rosidl_typesupport_fastrtps_c.cpython-38-x86_64-linux-gnu.so" to ""
[5.137s] -- Installing: /home/grz/trolley_auto_drive_image/code/install/linear_sensor_msgs/lib/python3.8/site-packages/linear_sensor_msgs/linear_sensor_msgs_s__rosidl_typesupport_introspection_c.cpython-38-x86_64-linux-gnu.so
[5.137s] -- Set runtime path of "/home/grz/trolley_auto_drive_image/code/install/linear_sensor_msgs/lib/python3.8/site-packages/linear_sensor_msgs/linear_sensor_msgs_s__rosidl_typesupport_introspection_c.cpython-38-x86_64-linux-gnu.so" to ""
[5.137s] -- Installing: /home/grz/trolley_auto_drive_image/code/install/linear_sensor_msgs/lib/python3.8/site-packages/linear_sensor_msgs/linear_sensor_msgs_s__rosidl_typesupport_c.cpython-38-x86_64-linux-gnu.so
[5.138s] -- Set runtime path of "/home/grz/trolley_auto_drive_image/code/install/linear_sensor_msgs/lib/python3.8/site-packages/linear_sensor_msgs/linear_sensor_msgs_s__rosidl_typesupport_c.cpython-38-x86_64-linux-gnu.so" to ""
[5.138s] -- Installing: /home/grz/trolley_auto_drive_image/code/install/linear_sensor_msgs/lib/liblinear_sensor_msgs__python.so
[5.138s] -- Set runtime path of "/home/grz/trolley_auto_drive_image/code/install/linear_sensor_msgs/lib/liblinear_sensor_msgs__python.so" to ""
[5.139s] -- Installing: /home/grz/trolley_auto_drive_image/code/install/linear_sensor_msgs/share/linear_sensor_msgs/msg/LinearSensorData.idl
[5.139s] -- Installing: /home/grz/trolley_auto_drive_image/code/install/linear_sensor_msgs/share/linear_sensor_msgs/msg/LinearSensorData.msg
[5.139s] -- Installing: /home/grz/trolley_auto_drive_image/code/install/linear_sensor_msgs/share/ament_index/resource_index/package_run_dependencies/linear_sensor_msgs
[5.139s] -- Installing: /home/grz/trolley_auto_drive_image/code/install/linear_sensor_msgs/share/ament_index/resource_index/parent_prefix_path/linear_sensor_msgs
[5.139s] -- Installing: /home/grz/trolley_auto_drive_image/code/install/linear_sensor_msgs/share/linear_sensor_msgs/environment/ament_prefix_path.sh
[5.139s] -- Installing: /home/grz/trolley_auto_drive_image/code/install/linear_sensor_msgs/share/linear_sensor_msgs/environment/ament_prefix_path.dsv
[5.140s] -- Installing: /home/grz/trolley_auto_drive_image/code/install/linear_sensor_msgs/share/linear_sensor_msgs/environment/path.sh
[5.140s] -- Installing: /home/grz/trolley_auto_drive_image/code/install/linear_sensor_msgs/share/linear_sensor_msgs/environment/path.dsv
[5.140s] -- Installing: /home/grz/trolley_auto_drive_image/code/install/linear_sensor_msgs/share/linear_sensor_msgs/local_setup.bash
[5.140s] -- Installing: /home/grz/trolley_auto_drive_image/code/install/linear_sensor_msgs/share/linear_sensor_msgs/local_setup.sh
[5.140s] -- Installing: /home/grz/trolley_auto_drive_image/code/install/linear_sensor_msgs/share/linear_sensor_msgs/local_setup.zsh
[5.140s] -- Installing: /home/grz/trolley_auto_drive_image/code/install/linear_sensor_msgs/share/linear_sensor_msgs/local_setup.dsv
[5.141s] -- Installing: /home/grz/trolley_auto_drive_image/code/install/linear_sensor_msgs/share/linear_sensor_msgs/package.dsv
[5.141s] -- Installing: /home/grz/trolley_auto_drive_image/code/install/linear_sensor_msgs/share/ament_index/resource_index/packages/linear_sensor_msgs
[5.141s] -- Installing: /home/grz/trolley_auto_drive_image/code/install/linear_sensor_msgs/share/linear_sensor_msgs/cmake/linear_sensor_msgs__rosidl_generator_cExport.cmake
[5.141s] -- Installing: /home/grz/trolley_auto_drive_image/code/install/linear_sensor_msgs/share/linear_sensor_msgs/cmake/linear_sensor_msgs__rosidl_generator_cExport-noconfig.cmake
[5.141s] -- Installing: /home/grz/trolley_auto_drive_image/code/install/linear_sensor_msgs/share/linear_sensor_msgs/cmake/linear_sensor_msgs__rosidl_typesupport_introspection_cExport.cmake
[5.141s] -- Installing: /home/grz/trolley_auto_drive_image/code/install/linear_sensor_msgs/share/linear_sensor_msgs/cmake/linear_sensor_msgs__rosidl_typesupport_introspection_cExport-noconfig.cmake
[5.141s] -- Installing: /home/grz/trolley_auto_drive_image/code/install/linear_sensor_msgs/share/linear_sensor_msgs/cmake/linear_sensor_msgs__rosidl_typesupport_cExport.cmake
[5.142s] -- Installing: /home/grz/trolley_auto_drive_image/code/install/linear_sensor_msgs/share/linear_sensor_msgs/cmake/linear_sensor_msgs__rosidl_typesupport_cExport-noconfig.cmake
[5.142s] -- Installing: /home/grz/trolley_auto_drive_image/code/install/linear_sensor_msgs/share/linear_sensor_msgs/cmake/linear_sensor_msgs__rosidl_generator_cppExport.cmake
[5.142s] -- Installing: /home/grz/trolley_auto_drive_image/code/install/linear_sensor_msgs/share/linear_sensor_msgs/cmake/linear_sensor_msgs__rosidl_typesupport_introspection_cppExport.cmake
[5.142s] -- Installing: /home/grz/trolley_auto_drive_image/code/install/linear_sensor_msgs/share/linear_sensor_msgs/cmake/linear_sensor_msgs__rosidl_typesupport_introspection_cppExport-noconfig.cmake
[5.142s] -- Installing: /home/grz/trolley_auto_drive_image/code/install/linear_sensor_msgs/share/linear_sensor_msgs/cmake/linear_sensor_msgs__rosidl_typesupport_cppExport.cmake
[5.143s] -- Installing: /home/grz/trolley_auto_drive_image/code/install/linear_sensor_msgs/share/linear_sensor_msgs/cmake/linear_sensor_msgs__rosidl_typesupport_cppExport-noconfig.cmake
[5.143s] -- Installing: /home/grz/trolley_auto_drive_image/code/install/linear_sensor_msgs/share/linear_sensor_msgs/cmake/rosidl_cmake-extras.cmake
[5.143s] -- Installing: /home/grz/trolley_auto_drive_image/code/install/linear_sensor_msgs/share/linear_sensor_msgs/cmake/ament_cmake_export_dependencies-extras.cmake
[5.143s] -- Installing: /home/grz/trolley_auto_drive_image/code/install/linear_sensor_msgs/share/linear_sensor_msgs/cmake/ament_cmake_export_libraries-extras.cmake
[5.143s] -- Installing: /home/grz/trolley_auto_drive_image/code/install/linear_sensor_msgs/share/linear_sensor_msgs/cmake/ament_cmake_export_targets-extras.cmake
[5.143s] -- Installing: /home/grz/trolley_auto_drive_image/code/install/linear_sensor_msgs/share/linear_sensor_msgs/cmake/ament_cmake_export_include_directories-extras.cmake
[5.143s] -- Installing: /home/grz/trolley_auto_drive_image/code/install/linear_sensor_msgs/share/linear_sensor_msgs/cmake/rosidl_cmake_export_typesupport_libraries-extras.cmake
[5.144s] -- Installing: /home/grz/trolley_auto_drive_image/code/install/linear_sensor_msgs/share/linear_sensor_msgs/cmake/rosidl_cmake_export_typesupport_targets-extras.cmake
[5.144s] -- Installing: /home/grz/trolley_auto_drive_image/code/install/linear_sensor_msgs/share/linear_sensor_msgs/cmake/linear_sensor_msgsConfig.cmake
[5.144s] -- Installing: /home/grz/trolley_auto_drive_image/code/install/linear_sensor_msgs/share/linear_sensor_msgs/cmake/linear_sensor_msgsConfig-version.cmake
[5.144s] -- Installing: /home/grz/trolley_auto_drive_image/code/install/linear_sensor_msgs/share/linear_sensor_msgs/package.xml
[5.146s] Invoked command in '/home/grz/trolley_auto_drive_image/code/build/linear_sensor_msgs' returned '0': CMAKE_PREFIX_PATH=/opt/ros/foxy /usr/bin/cmake --install /home/grz/trolley_auto_drive_image/code/build/linear_sensor_msgs
