[0.027s] Invoking command in '/home/grz/trolley_auto_drive_image/code/build/olei_driver': AMENT_PREFIX_PATH=/home/grz/trolley_auto_drive_image/code/install/olei_interfaces:${AMENT_PREFIX_PATH} CMAKE_PREFIX_PATH=/home/grz/trolley_auto_drive_image/code/install/olei_interfaces:/opt/ros/foxy LD_LIBRARY_PATH=/home/grz/trolley_auto_drive_image/code/install/olei_interfaces/lib:${LD_LIBRARY_PATH} PYTHONPATH=/home/grz/trolley_auto_drive_image/code/install/olei_interfaces/lib/python3.8/site-packages:${PYTHONPATH} /usr/bin/cmake --build /home/grz/trolley_auto_drive_image/code/build/olei_driver -- -j4 -l4
[0.222s] [100%] Built target ros_main
[0.238s] Invoked command in '/home/grz/trolley_auto_drive_image/code/build/olei_driver' returned '0': AMENT_PREFIX_PATH=/home/grz/trolley_auto_drive_image/code/install/olei_interfaces:${AMENT_PREFIX_PATH} CMAKE_PREFIX_PATH=/home/grz/trolley_auto_drive_image/code/install/olei_interfaces:/opt/ros/foxy LD_LIBRARY_PATH=/home/grz/trolley_auto_drive_image/code/install/olei_interfaces/lib:${LD_LIBRARY_PATH} PYTHONPATH=/home/grz/trolley_auto_drive_image/code/install/olei_interfaces/lib/python3.8/site-packages:${PYTHONPATH} /usr/bin/cmake --build /home/grz/trolley_auto_drive_image/code/build/olei_driver -- -j4 -l4
[0.259s] Invoking command in '/home/grz/trolley_auto_drive_image/code/build/olei_driver': AMENT_PREFIX_PATH=/home/grz/trolley_auto_drive_image/code/install/olei_interfaces:${AMENT_PREFIX_PATH} CMAKE_PREFIX_PATH=/home/grz/trolley_auto_drive_image/code/install/olei_interfaces:/opt/ros/foxy LD_LIBRARY_PATH=/home/grz/trolley_auto_drive_image/code/install/olei_interfaces/lib:${LD_LIBRARY_PATH} PYTHONPATH=/home/grz/trolley_auto_drive_image/code/install/olei_interfaces/lib/python3.8/site-packages:${PYTHONPATH} /usr/bin/cmake --install /home/grz/trolley_auto_drive_image/code/build/olei_driver
[0.272s] -- Install configuration: ""
[0.272s] -- Up-to-date: /home/grz/trolley_auto_drive_image/code/install/olei_driver/lib/olei_driver/ros_main
[0.273s] -- Up-to-date: /home/grz/trolley_auto_drive_image/code/install/olei_driver/share/olei_driver/launch
[0.273s] -- Up-to-date: /home/grz/trolley_auto_drive_image/code/install/olei_driver/share/olei_driver/launch/vf.launch.py
[0.274s] -- Up-to-date: /home/grz/trolley_auto_drive_image/code/install/olei_driver/share/olei_driver/config
[0.274s] -- Up-to-date: /home/grz/trolley_auto_drive_image/code/install/olei_driver/share/olei_driver/config/vf_params.yaml
[0.274s] -- Installing: /home/grz/trolley_auto_drive_image/code/install/olei_driver/share/olei_driver/config/back_lidar.yaml
[0.274s] -- Installing: /home/grz/trolley_auto_drive_image/code/install/olei_driver/share/olei_driver/config/front_lidar.yaml
[0.275s] -- Up-to-date: /home/grz/trolley_auto_drive_image/code/install/olei_driver/include
[0.275s] -- Up-to-date: /home/grz/trolley_auto_drive_image/code/install/olei_driver/include/writer.h
[0.275s] -- Up-to-date: /home/grz/trolley_auto_drive_image/code/install/olei_driver/include/queue
[0.275s] -- Up-to-date: /home/grz/trolley_auto_drive_image/code/install/olei_driver/include/queue/LICENSE.md
[0.276s] -- Up-to-date: /home/grz/trolley_auto_drive_image/code/install/olei_driver/include/queue/atomicops.h
[0.276s] -- Up-to-date: /home/grz/trolley_auto_drive_image/code/install/olei_driver/include/queue/readerwriterqueue.h
[0.276s] -- Up-to-date: /home/grz/trolley_auto_drive_image/code/install/olei_driver/include/ros
[0.276s] -- Up-to-date: /home/grz/trolley_auto_drive_image/code/install/olei_driver/include/ros/lidar_publish.h
[0.277s] -- Up-to-date: /home/grz/trolley_auto_drive_image/code/install/olei_driver/include/parser.h
[0.277s] -- Up-to-date: /home/grz/trolley_auto_drive_image/code/install/olei_driver/include/olei
[0.277s] -- Up-to-date: /home/grz/trolley_auto_drive_image/code/install/olei_driver/include/olei/olei_parser.h
[0.277s] -- Up-to-date: /home/grz/trolley_auto_drive_image/code/install/olei_driver/include/olei/olei_writer.h
[0.277s] -- Up-to-date: /home/grz/trolley_auto_drive_image/code/install/olei_driver/include/olei/olei_packet
[0.278s] -- Up-to-date: /home/grz/trolley_auto_drive_image/code/install/olei_driver/include/olei/olei_packet/olei_version2_a.h
[0.278s] -- Up-to-date: /home/grz/trolley_auto_drive_image/code/install/olei_driver/include/olei/olei_packet/olei_version2.h
[0.278s] -- Up-to-date: /home/grz/trolley_auto_drive_image/code/install/olei_driver/include/olei/olei_packet/olei_vf_packet_c.h
[0.278s] -- Up-to-date: /home/grz/trolley_auto_drive_image/code/install/olei_driver/include/olei/olei_packet/olei_packet.h
[0.278s] -- Up-to-date: /home/grz/trolley_auto_drive_image/code/install/olei_driver/include/olei/olei_packet/olei_vf_packet.h
[0.279s] -- Up-to-date: /home/grz/trolley_auto_drive_image/code/install/olei_driver/include/olei/olei_packet/olei_vf_packet_a.h
[0.279s] -- Up-to-date: /home/grz/trolley_auto_drive_image/code/install/olei_driver/include/olei/olei_packet/olei_vf_packet_b.h
[0.279s] -- Up-to-date: /home/grz/trolley_auto_drive_image/code/install/olei_driver/include/olei/olei_interface.h
[0.279s] -- Up-to-date: /home/grz/trolley_auto_drive_image/code/install/olei_driver/include/olei/olei_packet_reader.h
[0.279s] -- Up-to-date: /home/grz/trolley_auto_drive_image/code/install/olei_driver/include/communication
[0.280s] -- Up-to-date: /home/grz/trolley_auto_drive_image/code/install/olei_driver/include/communication/tcp_transport.h
[0.280s] -- Up-to-date: /home/grz/trolley_auto_drive_image/code/install/olei_driver/include/communication/transport.h
[0.280s] -- Up-to-date: /home/grz/trolley_auto_drive_image/code/install/olei_driver/include/communication/transport_type.h
[0.280s] -- Up-to-date: /home/grz/trolley_auto_drive_image/code/install/olei_driver/include/communication/udp_transport.h
[0.281s] -- Up-to-date: /home/grz/trolley_auto_drive_image/code/install/olei_driver/include/pipeline.h
[0.281s] -- Up-to-date: /home/grz/trolley_auto_drive_image/code/install/olei_driver/include/reader.h
[0.281s] -- Up-to-date: /home/grz/trolley_auto_drive_image/code/install/olei_driver/include/handle_info.h
[0.281s] -- Up-to-date: /home/grz/trolley_auto_drive_image/code/install/olei_driver/share/ament_index/resource_index/package_run_dependencies/olei_driver
[0.281s] -- Up-to-date: /home/grz/trolley_auto_drive_image/code/install/olei_driver/share/ament_index/resource_index/parent_prefix_path/olei_driver
[0.281s] -- Up-to-date: /home/grz/trolley_auto_drive_image/code/install/olei_driver/share/olei_driver/environment/ament_prefix_path.sh
[0.282s] -- Up-to-date: /home/grz/trolley_auto_drive_image/code/install/olei_driver/share/olei_driver/environment/ament_prefix_path.dsv
[0.282s] -- Up-to-date: /home/grz/trolley_auto_drive_image/code/install/olei_driver/share/olei_driver/environment/path.sh
[0.282s] -- Up-to-date: /home/grz/trolley_auto_drive_image/code/install/olei_driver/share/olei_driver/environment/path.dsv
[0.282s] -- Up-to-date: /home/grz/trolley_auto_drive_image/code/install/olei_driver/share/olei_driver/local_setup.bash
[0.282s] -- Up-to-date: /home/grz/trolley_auto_drive_image/code/install/olei_driver/share/olei_driver/local_setup.sh
[0.282s] -- Up-to-date: /home/grz/trolley_auto_drive_image/code/install/olei_driver/share/olei_driver/local_setup.zsh
[0.282s] -- Up-to-date: /home/grz/trolley_auto_drive_image/code/install/olei_driver/share/olei_driver/local_setup.dsv
[0.283s] -- Installing: /home/grz/trolley_auto_drive_image/code/install/olei_driver/share/olei_driver/package.dsv
[0.283s] -- Up-to-date: /home/grz/trolley_auto_drive_image/code/install/olei_driver/share/ament_index/resource_index/packages/olei_driver
[0.284s] -- Up-to-date: /home/grz/trolley_auto_drive_image/code/install/olei_driver/share/olei_driver/cmake/ament_cmake_export_include_directories-extras.cmake
[0.285s] -- Up-to-date: /home/grz/trolley_auto_drive_image/code/install/olei_driver/share/olei_driver/cmake/olei_driverConfig.cmake
[0.285s] -- Up-to-date: /home/grz/trolley_auto_drive_image/code/install/olei_driver/share/olei_driver/cmake/olei_driverConfig-version.cmake
[0.285s] -- Up-to-date: /home/grz/trolley_auto_drive_image/code/install/olei_driver/share/olei_driver/package.xml
[0.285s] Invoked command in '/home/grz/trolley_auto_drive_image/code/build/olei_driver' returned '0': AMENT_PREFIX_PATH=/home/grz/trolley_auto_drive_image/code/install/olei_interfaces:${AMENT_PREFIX_PATH} CMAKE_PREFIX_PATH=/home/grz/trolley_auto_drive_image/code/install/olei_interfaces:/opt/ros/foxy LD_LIBRARY_PATH=/home/grz/trolley_auto_drive_image/code/install/olei_interfaces/lib:${LD_LIBRARY_PATH} PYTHONPATH=/home/grz/trolley_auto_drive_image/code/install/olei_interfaces/lib/python3.8/site-packages:${PYTHONPATH} /usr/bin/cmake --install /home/grz/trolley_auto_drive_image/code/build/olei_driver
