[0.016s] Invoking command in '/home/grz/trolley_auto_drive_image/code/build/ros2_lidar': AMENT_PREFIX_PATH=/home/grz/trolley_auto_drive_image/code/install/lidar_msgs:${AMENT_PREFIX_PATH} CMAKE_PREFIX_PATH=/home/grz/trolley_auto_drive_image/code/install/lidar_msgs:/opt/ros/foxy LD_LIBRARY_PATH=/home/grz/trolley_auto_drive_image/code/install/lidar_msgs/lib:${LD_LIBRARY_PATH} PYTHONPATH=/home/grz/trolley_auto_drive_image/code/install/lidar_msgs/lib/python3.8/site-packages:${PYTHONPATH} /usr/bin/cmake /home/grz/trolley_auto_drive_image/code/src/ole2d_ros2_driver/ros2_lidar -DCMAKE_INSTALL_PREFIX=/home/grz/trolley_auto_drive_image/code/install/ros2_lidar
[0.084s] -- The C compiler identification is GNU 9.4.0
[0.157s] -- The CXX compiler identification is GNU 9.4.0
[0.163s] -- Check for working C compiler: /usr/bin/cc
[0.258s] -- Check for working C compiler: /usr/bin/cc -- works
[0.260s] -- Detecting C compiler ABI info
[0.350s] -- Detecting C compiler ABI info - done
[0.370s] -- Detecting C compile features
[0.370s] -- Detecting C compile features - done
[0.374s] -- Check for working CXX compiler: /usr/bin/c++
[0.480s] -- Check for working CXX compiler: /usr/bin/c++ -- works
[0.481s] -- Detecting CXX compiler ABI info
[0.585s] -- Detecting CXX compiler ABI info - done
[0.600s] -- Detecting CXX compile features
[0.601s] -- Detecting CXX compile features - done
[0.604s] -- Found ament_cmake: 0.9.12 (/opt/ros/foxy/share/ament_cmake/cmake)
[0.639s] -- Found PythonInterp: /usr/bin/python3 (found suitable version "3.8.10", minimum required is "3") 
[0.639s] -- Using PYTHON_EXECUTABLE: /usr/bin/python3
[0.886s] -- Found rclcpp: 2.4.3 (/opt/ros/foxy/share/rclcpp/cmake)
[0.944s] -- Using all available rosidl_typesupport_c: rosidl_typesupport_fastrtps_c;rosidl_typesupport_introspection_c
[0.951s] -- Found rosidl_adapter: 1.3.1 (/opt/ros/foxy/share/rosidl_adapter/cmake)
[1.048s] -- Found OpenSSL: /usr/lib/x86_64-linux-gnu/libcrypto.so (found version "1.1.1f")  
[1.087s] -- Found FastRTPS: /opt/ros/foxy/include  
[1.190s] -- Using all available rosidl_typesupport_cpp: rosidl_typesupport_fastrtps_cpp;rosidl_typesupport_introspection_cpp
[1.270s] -- Found rmw_implementation_cmake: 1.0.4 (/opt/ros/foxy/share/rmw_implementation_cmake/cmake)
[1.272s] -- Using RMW implementation 'rmw_fastrtps_cpp' as default
[1.274s] -- Looking for pthread.h
[1.372s] -- Looking for pthread.h - found
[1.373s] -- Performing Test CMAKE_HAVE_LIBC_PTHREAD
[1.473s] -- Performing Test CMAKE_HAVE_LIBC_PTHREAD - Failed
[1.473s] -- Looking for pthread_create in pthreads
[1.553s] -- Looking for pthread_create in pthreads - not found
[1.553s] -- Looking for pthread_create in pthread
[1.649s] -- Looking for pthread_create in pthread - found
[1.651s] -- Found Threads: TRUE  
[1.854s] -- Found rclcpp_lifecycle: 2.4.3 (/opt/ros/foxy/share/rclcpp_lifecycle/cmake)
[1.893s] -- Found rclcpp_components: 2.4.3 (/opt/ros/foxy/share/rclcpp_components/cmake)
[1.973s] -- Found std_srvs: 2.0.5 (/opt/ros/foxy/share/std_srvs/cmake)
[1.986s] -- Found sensor_msgs: 2.0.5 (/opt/ros/foxy/share/sensor_msgs/cmake)
[2.149s] -- Found tf2_geometry_msgs: 0.13.14 (/opt/ros/foxy/share/tf2_geometry_msgs/cmake)
[2.158s] -- Found eigen3_cmake_module: 0.1.1 (/opt/ros/foxy/share/eigen3_cmake_module/cmake)
[2.162s] -- Found Eigen3: TRUE (found version "3.3.7") 
[2.617s] -- Found pcl_conversions: 2.2.1 (/opt/ros/foxy/share/pcl_conversions/cmake)
[2.846s] -- Found lidar_msgs: 0.2.0 (/home/grz/trolley_auto_drive_image/code/install/lidar_msgs/share/lidar_msgs/cmake)
[2.895s] -- Found laser_geometry: 2.2.0 (/opt/ros/foxy/share/laser_geometry/cmake)
[2.914s] -- Checking for module 'eigen3'
[2.933s] --   Found eigen3, version 3.3.7
[2.978s] -- Found Eigen: /usr/include/eigen3 (Required is at least version "3.1") 
[2.978s] -- Eigen found (include: /usr/include/eigen3, version: 3.3.7)
[3.040s] -- Found Boost: /usr/include (found suitable version "1.71.0", minimum required is "1.55.0") found components: system filesystem date_time iostreams regex 
[3.041s] -- looking for PCL_COMMON
[3.043s] -- Found PCL_COMMON: /usr/lib/x86_64-linux-gnu/libpcl_common.so  
[3.044s] -- Found PCL: pcl_common;/usr/lib/x86_64-linux-gnu/libboost_system.so;/usr/lib/x86_64-linux-gnu/libboost_filesystem.so;/usr/lib/x86_64-linux-gnu/libboost_date_time.so;/usr/lib/x86_64-linux-gnu/libboost_iostreams.so;/usr/lib/x86_64-linux-gnu/libboost_regex.so  
[3.103s] -- Found ament_lint_auto: 0.9.8 (/opt/ros/foxy/share/ament_lint_auto/cmake)
[3.206s] -- Added test 'copyright' to check source files copyright and LICENSE
[3.209s] -- Added test 'cppcheck' to perform static code analysis on C / C++ code
[3.210s] -- Configured cppcheck include dirs: /home/grz/trolley_auto_drive_image/code/src/ole2d_ros2_driver/ros2_lidar/include
[3.210s] -- Configured cppcheck exclude dirs and/or files: 
[3.212s] -- Added test 'cpplint' to check C / C++ code against the Google style
[3.213s] -- Configured cpplint exclude dirs and/or files: 
[3.213s] -- Added test 'flake8' to check Python code syntax and style conventions
[3.215s] -- Added test 'lint_cmake' to check CMake code style
[3.216s] -- Added test 'pep257' to check Python code against some of the style conventions in PEP 257
[3.218s] -- Added test 'uncrustify' to check C / C++ code style
[3.218s] -- Configured uncrustify additional arguments: 
[3.219s] -- Added test 'xmllint' to check XML markup files
[3.226s] -- Configuring done
[3.292s] -- Generating done
[3.314s] -- Build files have been written to: /home/grz/trolley_auto_drive_image/code/build/ros2_lidar
[3.330s] Invoked command in '/home/grz/trolley_auto_drive_image/code/build/ros2_lidar' returned '0': AMENT_PREFIX_PATH=/home/grz/trolley_auto_drive_image/code/install/lidar_msgs:${AMENT_PREFIX_PATH} CMAKE_PREFIX_PATH=/home/grz/trolley_auto_drive_image/code/install/lidar_msgs:/opt/ros/foxy LD_LIBRARY_PATH=/home/grz/trolley_auto_drive_image/code/install/lidar_msgs/lib:${LD_LIBRARY_PATH} PYTHONPATH=/home/grz/trolley_auto_drive_image/code/install/lidar_msgs/lib/python3.8/site-packages:${PYTHONPATH} /usr/bin/cmake /home/grz/trolley_auto_drive_image/code/src/ole2d_ros2_driver/ros2_lidar -DCMAKE_INSTALL_PREFIX=/home/grz/trolley_auto_drive_image/code/install/ros2_lidar
[3.333s] Invoking command in '/home/grz/trolley_auto_drive_image/code/build/ros2_lidar': AMENT_PREFIX_PATH=/home/grz/trolley_auto_drive_image/code/install/lidar_msgs:${AMENT_PREFIX_PATH} CMAKE_PREFIX_PATH=/home/grz/trolley_auto_drive_image/code/install/lidar_msgs:/opt/ros/foxy LD_LIBRARY_PATH=/home/grz/trolley_auto_drive_image/code/install/lidar_msgs/lib:${LD_LIBRARY_PATH} PYTHONPATH=/home/grz/trolley_auto_drive_image/code/install/lidar_msgs/lib/python3.8/site-packages:${PYTHONPATH} /usr/bin/cmake --build /home/grz/trolley_auto_drive_image/code/build/ros2_lidar -- -j4 -l4
[3.388s] [35m[1mScanning dependencies of target lidar_driver_core[0m
[3.553s] [ 28%] [32mBuilding CXX object CMakeFiles/lidar_driver_core.dir/src/lidar_driver.cpp.o[0m
[3.554s] [ 28%] [32mBuilding CXX object CMakeFiles/lidar_driver_core.dir/src/driver_types.cpp.o[0m
[3.554s] [ 42%] [32mBuilding CXX object CMakeFiles/lidar_driver_core.dir/src/lifecycle_interface.cpp.o[0m
[3.569s] [ 57%] [32mBuilding CXX object CMakeFiles/lidar_driver_core.dir/src/OS1/OS1_sensor.cpp.o[0m
[24.320s] [ 71%] [32m[1mLinking CXX shared library liblidar_driver_core.so[0m
[25.025s] [ 71%] Built target lidar_driver_core
[25.039s] [35m[1mScanning dependencies of target lidar_driver[0m
[25.155s] [ 85%] [32mBuilding CXX object CMakeFiles/lidar_driver.dir/src/main.cpp.o[0m
[33.535s] [100%] [32m[1mLinking CXX executable lidar_driver[0m
[33.945s] [100%] Built target lidar_driver
[33.960s] Invoked command in '/home/grz/trolley_auto_drive_image/code/build/ros2_lidar' returned '0': AMENT_PREFIX_PATH=/home/grz/trolley_auto_drive_image/code/install/lidar_msgs:${AMENT_PREFIX_PATH} CMAKE_PREFIX_PATH=/home/grz/trolley_auto_drive_image/code/install/lidar_msgs:/opt/ros/foxy LD_LIBRARY_PATH=/home/grz/trolley_auto_drive_image/code/install/lidar_msgs/lib:${LD_LIBRARY_PATH} PYTHONPATH=/home/grz/trolley_auto_drive_image/code/install/lidar_msgs/lib/python3.8/site-packages:${PYTHONPATH} /usr/bin/cmake --build /home/grz/trolley_auto_drive_image/code/build/ros2_lidar -- -j4 -l4
[33.963s] Invoking command in '/home/grz/trolley_auto_drive_image/code/build/ros2_lidar': AMENT_PREFIX_PATH=/home/grz/trolley_auto_drive_image/code/install/lidar_msgs:${AMENT_PREFIX_PATH} CMAKE_PREFIX_PATH=/home/grz/trolley_auto_drive_image/code/install/lidar_msgs:/opt/ros/foxy LD_LIBRARY_PATH=/home/grz/trolley_auto_drive_image/code/install/lidar_msgs/lib:${LD_LIBRARY_PATH} PYTHONPATH=/home/grz/trolley_auto_drive_image/code/install/lidar_msgs/lib/python3.8/site-packages:${PYTHONPATH} /usr/bin/cmake --install /home/grz/trolley_auto_drive_image/code/build/ros2_lidar
[33.975s] -- Install configuration: ""
[33.976s] -- Installing: /home/grz/trolley_auto_drive_image/code/install/ros2_lidar/lib/ros2_lidar/lidar_driver
[33.977s] -- Set runtime path of "/home/grz/trolley_auto_drive_image/code/install/ros2_lidar/lib/ros2_lidar/lidar_driver" to ""
[33.977s] -- Installing: /home/grz/trolley_auto_drive_image/code/install/ros2_lidar/lib/liblidar_driver_core.so
[33.983s] -- Set runtime path of "/home/grz/trolley_auto_drive_image/code/install/ros2_lidar/lib/liblidar_driver_core.so" to ""
[33.983s] -- Installing: /home/grz/trolley_auto_drive_image/code/install/ros2_lidar/include/
[33.983s] -- Installing: /home/grz/trolley_auto_drive_image/code/install/ros2_lidar/include//ros2_lidar
[33.983s] -- Installing: /home/grz/trolley_auto_drive_image/code/install/ros2_lidar/include//ros2_lidar/driver_types.hpp
[33.983s] -- Installing: /home/grz/trolley_auto_drive_image/code/install/ros2_lidar/include//ros2_lidar/exception.hpp
[33.983s] -- Installing: /home/grz/trolley_auto_drive_image/code/install/ros2_lidar/include//ros2_lidar/lidar_driver.hpp
[33.984s] -- Installing: /home/grz/trolley_auto_drive_image/code/install/ros2_lidar/include//ros2_lidar/interfaces
[33.984s] -- Installing: /home/grz/trolley_auto_drive_image/code/install/ros2_lidar/include//ros2_lidar/interfaces/sensor_interface.hpp
[33.984s] -- Installing: /home/grz/trolley_auto_drive_image/code/install/ros2_lidar/include//ros2_lidar/interfaces/data_processor_interface.hpp
[33.984s] -- Installing: /home/grz/trolley_auto_drive_image/code/install/ros2_lidar/include//ros2_lidar/interfaces/lifecycle_interface.hpp
[33.984s] -- Installing: /home/grz/trolley_auto_drive_image/code/install/ros2_lidar/include//ros2_lidar/interfaces/metadata.hpp
[33.984s] -- Installing: /home/grz/trolley_auto_drive_image/code/install/ros2_lidar/include//ros2_lidar/interfaces/configuration.hpp
[33.984s] -- Installing: /home/grz/trolley_auto_drive_image/code/install/ros2_lidar/include//ros2_lidar/OS1
[33.985s] -- Installing: /home/grz/trolley_auto_drive_image/code/install/ros2_lidar/include//ros2_lidar/OS1/OS1_util.hpp
[33.985s] -- Installing: /home/grz/trolley_auto_drive_image/code/install/ros2_lidar/include//ros2_lidar/OS1/OS1_packet.hpp
[33.985s] -- Installing: /home/grz/trolley_auto_drive_image/code/install/ros2_lidar/include//ros2_lidar/OS1/OS1.hpp
[33.985s] -- Installing: /home/grz/trolley_auto_drive_image/code/install/ros2_lidar/include//ros2_lidar/OS1/processors
[33.985s] -- Installing: /home/grz/trolley_auto_drive_image/code/install/ros2_lidar/include//ros2_lidar/OS1/processors/pointcloud_processor.hpp
[33.985s] -- Installing: /home/grz/trolley_auto_drive_image/code/install/ros2_lidar/include//ros2_lidar/OS1/processors/image_processor.hpp
[33.985s] -- Installing: /home/grz/trolley_auto_drive_image/code/install/ros2_lidar/include//ros2_lidar/OS1/processors/imu_processor.hpp
[33.986s] -- Installing: /home/grz/trolley_auto_drive_image/code/install/ros2_lidar/include//ros2_lidar/OS1/processors/scan_processor.hpp
[33.986s] -- Installing: /home/grz/trolley_auto_drive_image/code/install/ros2_lidar/include//ros2_lidar/OS1/OS1_sensor.hpp
[33.986s] -- Installing: /home/grz/trolley_auto_drive_image/code/install/ros2_lidar/include//ros2_lidar/OS1/processor_factories.hpp
[33.986s] -- Installing: /home/grz/trolley_auto_drive_image/code/install/ros2_lidar/include//ros2_lidar/image_os.hpp
[33.986s] -- Installing: /home/grz/trolley_auto_drive_image/code/install/ros2_lidar/include//ros2_lidar/point_os.hpp
[33.986s] -- Installing: /home/grz/trolley_auto_drive_image/code/install/ros2_lidar/include//ros2_lidar/scan_os.hpp
[33.986s] -- Installing: /home/grz/trolley_auto_drive_image/code/install/ros2_lidar/include//ros2_lidar/conversions.hpp
[33.987s] -- Installing: /home/grz/trolley_auto_drive_image/code/install/ros2_lidar/include//ros2_lidar/string_utils.hpp
[33.987s] -- Installing: /home/grz/trolley_auto_drive_image/code/install/ros2_lidar/share/ros2_lidar/launch
[33.987s] -- Installing: /home/grz/trolley_auto_drive_image/code/install/ros2_lidar/share/ros2_lidar/launch/os1_launch.py
[33.987s] -- Installing: /home/grz/trolley_auto_drive_image/code/install/ros2_lidar/share/ros2_lidar/launch/ole2dv2_front_launch.py
[33.987s] -- Installing: /home/grz/trolley_auto_drive_image/code/install/ros2_lidar/share/ros2_lidar/launch/ole3dv2_launch.py
[33.988s] -- Installing: /home/grz/trolley_auto_drive_image/code/install/ros2_lidar/share/ros2_lidar/launch/ole2dv2_back_launch.py
[33.988s] -- Installing: /home/grz/trolley_auto_drive_image/code/install/ros2_lidar/share/ros2_lidar/params
[33.988s] -- Installing: /home/grz/trolley_auto_drive_image/code/install/ros2_lidar/share/ros2_lidar/params/os1.yaml
[33.989s] -- Installing: /home/grz/trolley_auto_drive_image/code/install/ros2_lidar/share/ros2_lidar/params/ole3dv2.yaml
[33.989s] -- Installing: /home/grz/trolley_auto_drive_image/code/install/ros2_lidar/share/ros2_lidar/params/ole2dv2_back.yaml
[33.989s] -- Installing: /home/grz/trolley_auto_drive_image/code/install/ros2_lidar/share/ros2_lidar/params/ole2dv2_front.yaml
[33.990s] -- Installing: /home/grz/trolley_auto_drive_image/code/install/ros2_lidar/share/ros2_lidar/environment/library_path.sh
[33.990s] -- Installing: /home/grz/trolley_auto_drive_image/code/install/ros2_lidar/share/ros2_lidar/environment/library_path.dsv
[33.990s] -- Installing: /home/grz/trolley_auto_drive_image/code/install/ros2_lidar/share/ament_index/resource_index/package_run_dependencies/ros2_lidar
[33.991s] -- Installing: /home/grz/trolley_auto_drive_image/code/install/ros2_lidar/share/ament_index/resource_index/parent_prefix_path/ros2_lidar
[33.991s] -- Installing: /home/grz/trolley_auto_drive_image/code/install/ros2_lidar/share/ros2_lidar/environment/ament_prefix_path.sh
[33.991s] -- Installing: /home/grz/trolley_auto_drive_image/code/install/ros2_lidar/share/ros2_lidar/environment/ament_prefix_path.dsv
[33.991s] -- Installing: /home/grz/trolley_auto_drive_image/code/install/ros2_lidar/share/ros2_lidar/environment/path.sh
[33.992s] -- Installing: /home/grz/trolley_auto_drive_image/code/install/ros2_lidar/share/ros2_lidar/environment/path.dsv
[33.992s] -- Installing: /home/grz/trolley_auto_drive_image/code/install/ros2_lidar/share/ros2_lidar/local_setup.bash
[33.992s] -- Installing: /home/grz/trolley_auto_drive_image/code/install/ros2_lidar/share/ros2_lidar/local_setup.sh
[33.992s] -- Installing: /home/grz/trolley_auto_drive_image/code/install/ros2_lidar/share/ros2_lidar/local_setup.zsh
[33.993s] -- Installing: /home/grz/trolley_auto_drive_image/code/install/ros2_lidar/share/ros2_lidar/local_setup.dsv
[33.993s] -- Installing: /home/grz/trolley_auto_drive_image/code/install/ros2_lidar/share/ros2_lidar/package.dsv
[33.993s] -- Installing: /home/grz/trolley_auto_drive_image/code/install/ros2_lidar/share/ament_index/resource_index/packages/ros2_lidar
[33.993s] -- Installing: /home/grz/trolley_auto_drive_image/code/install/ros2_lidar/share/ament_index/resource_index/rclcpp_components/ros2_lidar
[33.994s] -- Installing: /home/grz/trolley_auto_drive_image/code/install/ros2_lidar/share/ros2_lidar/cmake/ament_cmake_export_include_directories-extras.cmake
[33.994s] -- Installing: /home/grz/trolley_auto_drive_image/code/install/ros2_lidar/share/ros2_lidar/cmake/ament_cmake_export_libraries-extras.cmake
[33.994s] -- Installing: /home/grz/trolley_auto_drive_image/code/install/ros2_lidar/share/ros2_lidar/cmake/ament_cmake_export_dependencies-extras.cmake
[33.994s] -- Installing: /home/grz/trolley_auto_drive_image/code/install/ros2_lidar/share/ros2_lidar/cmake/ros2_lidarConfig.cmake
[33.995s] -- Installing: /home/grz/trolley_auto_drive_image/code/install/ros2_lidar/share/ros2_lidar/cmake/ros2_lidarConfig-version.cmake
[33.995s] -- Installing: /home/grz/trolley_auto_drive_image/code/install/ros2_lidar/share/ros2_lidar/package.xml
[33.998s] Invoked command in '/home/grz/trolley_auto_drive_image/code/build/ros2_lidar' returned '0': AMENT_PREFIX_PATH=/home/grz/trolley_auto_drive_image/code/install/lidar_msgs:${AMENT_PREFIX_PATH} CMAKE_PREFIX_PATH=/home/grz/trolley_auto_drive_image/code/install/lidar_msgs:/opt/ros/foxy LD_LIBRARY_PATH=/home/grz/trolley_auto_drive_image/code/install/lidar_msgs/lib:${LD_LIBRARY_PATH} PYTHONPATH=/home/grz/trolley_auto_drive_image/code/install/lidar_msgs/lib/python3.8/site-packages:${PYTHONPATH} /usr/bin/cmake --install /home/grz/trolley_auto_drive_image/code/build/ros2_lidar
