[0.028s] Invoking command in '/home/grz/trolley_auto_drive_image/code/build/lidar_msgs': CMAKE_PREFIX_PATH=/opt/ros/foxy /usr/bin/cmake /home/grz/trolley_auto_drive_image/code/src/ole2d_ros2_driver/lidar_msgs -DCMAKE_INSTALL_PREFIX=/home/grz/trolley_auto_drive_image/code/install/lidar_msgs
[0.209s] -- The C compiler identification is GNU 9.4.0
[0.387s] -- The CXX compiler identification is GNU 9.4.0
[0.396s] -- Check for working C compiler: /usr/bin/cc
[0.498s] -- Check for working C compiler: /usr/bin/cc -- works
[0.499s] -- Detecting C compiler ABI info
[0.597s] -- Detecting C compiler ABI info - done
[0.615s] -- Detecting C compile features
[0.615s] -- Detecting C compile features - done
[0.620s] -- Check for working CXX compiler: /usr/bin/c++
[0.739s] -- Check for working CXX compiler: /usr/bin/c++ -- works
[0.741s] -- Detecting CXX compiler ABI info
[0.863s] -- Detecting CXX compiler ABI info - done
[0.880s] -- Detecting CXX compile features
[0.881s] -- Detecting CXX compile features - done
[0.886s] -- Found ament_cmake: 0.9.12 (/opt/ros/foxy/share/ament_cmake/cmake)
[0.930s] -- Found PythonInterp: /usr/bin/python3 (found suitable version "3.8.10", minimum required is "3") 
[0.930s] -- Using PYTHON_EXECUTABLE: /usr/bin/python3
[1.229s] -- Found builtin_interfaces: 1.0.0 (/opt/ros/foxy/share/builtin_interfaces/cmake)
[1.274s] -- Using all available rosidl_typesupport_c: rosidl_typesupport_fastrtps_c;rosidl_typesupport_introspection_c
[1.285s] -- Found rosidl_adapter: 1.3.1 (/opt/ros/foxy/share/rosidl_adapter/cmake)
[1.404s] -- Found OpenSSL: /usr/lib/x86_64-linux-gnu/libcrypto.so (found version "1.1.1f")  
[1.457s] -- Found FastRTPS: /opt/ros/foxy/include  
[1.577s] -- Using all available rosidl_typesupport_cpp: rosidl_typesupport_fastrtps_cpp;rosidl_typesupport_introspection_cpp
[1.625s] -- Found rosidl_default_generators: 1.0.1 (/opt/ros/foxy/share/rosidl_default_generators/cmake)
[1.643s] -- Found std_msgs: 2.0.5 (/opt/ros/foxy/share/std_msgs/cmake)
[1.703s] -- Found PythonInterp: /usr/bin/python3 (found version "3.8.10") 
[1.974s] -- Found ament_cmake_ros: 0.9.2 (/opt/ros/foxy/share/ament_cmake_ros/cmake)
[2.291s] -- Using all available rosidl_typesupport_c: rosidl_typesupport_fastrtps_c;rosidl_typesupport_introspection_c
[2.388s] -- Using all available rosidl_typesupport_cpp: rosidl_typesupport_fastrtps_cpp;rosidl_typesupport_introspection_cpp
[2.427s] -- Found PythonInterp: /usr/bin/python3 (found suitable version "3.8.10", minimum required is "3.5") 
[2.428s] -- Found python_cmake_module: 0.8.1 (/opt/ros/foxy/share/python_cmake_module/cmake)
[2.468s] -- Found PythonLibs: /usr/lib/x86_64-linux-gnu/libpython3.8.so (found suitable version "3.8.10", minimum required is "3.5") 
[2.469s] -- Using PYTHON_EXECUTABLE: /usr/bin/python3
[2.469s] -- Using PYTHON_INCLUDE_DIRS: /usr/include/python3.8
[2.469s] -- Using PYTHON_LIBRARIES: /usr/lib/x86_64-linux-gnu/libpython3.8.so
[2.500s] -- Found PythonExtra: .so  
[2.610s] -- Configuring done
[2.685s] -- Generating done
[2.709s] -- Build files have been written to: /home/grz/trolley_auto_drive_image/code/build/lidar_msgs
[2.722s] Invoked command in '/home/grz/trolley_auto_drive_image/code/build/lidar_msgs' returned '0': CMAKE_PREFIX_PATH=/opt/ros/foxy /usr/bin/cmake /home/grz/trolley_auto_drive_image/code/src/ole2d_ros2_driver/lidar_msgs -DCMAKE_INSTALL_PREFIX=/home/grz/trolley_auto_drive_image/code/install/lidar_msgs
[2.726s] Invoking command in '/home/grz/trolley_auto_drive_image/code/build/lidar_msgs': CMAKE_PREFIX_PATH=/opt/ros/foxy /usr/bin/cmake --build /home/grz/trolley_auto_drive_image/code/build/lidar_msgs -- -j4 -l4
[2.789s] [35m[1mScanning dependencies of target lidar_msgs__cpp[0m
[2.792s] [  2%] [34m[1mGenerating C code for ROS interfaces[0m
[2.816s] [  5%] [34m[1mGenerating C++ code for ROS interfaces[0m
[3.807s] [  5%] Built target lidar_msgs__cpp
[3.886s] [  7%] [34m[1mGenerating C++ type support for eProsima Fast-RTPS[0m
[3.892s] [ 10%] [34m[1mGenerating C++ introspection for ROS interfaces[0m
[3.968s] [35m[1mScanning dependencies of target lidar_msgs__rosidl_generator_c[0m
[3.984s] [ 12%] [34m[1mGenerating C++ type support dispatch for ROS interfaces[0m
[4.100s] [ 15%] [32mBuilding C object CMakeFiles/lidar_msgs__rosidl_generator_c.dir/rosidl_generator_c/lidar_msgs/srv/detail/get_metadata__functions.c.o[0m
[4.435s] [ 17%] [32mBuilding C object CMakeFiles/lidar_msgs__rosidl_generator_c.dir/rosidl_generator_c/lidar_msgs/msg/detail/metadata__functions.c.o[0m
[4.664s] [ 20%] [32m[1mLinking C shared library liblidar_msgs__rosidl_generator_c.so[0m
[4.848s] [ 20%] Built target lidar_msgs__rosidl_generator_c
[4.942s] [ 23%] [34m[1mGenerating C type support dispatch for ROS interfaces[0m
[5.237s] [35m[1mScanning dependencies of target lidar_msgs__rosidl_typesupport_introspection_cpp[0m
[5.275s] [35m[1mScanning dependencies of target lidar_msgs__rosidl_typesupport_cpp[0m
[5.306s] [ 25%] [32mBuilding CXX object CMakeFiles/lidar_msgs__rosidl_typesupport_introspection_cpp.dir/rosidl_typesupport_introspection_cpp/lidar_msgs/srv/detail/get_metadata__type_support.cpp.o[0m
[5.396s] [ 28%] [32mBuilding CXX object CMakeFiles/lidar_msgs__rosidl_typesupport_cpp.dir/rosidl_typesupport_cpp/lidar_msgs/srv/get_metadata__type_support.cpp.o[0m
[5.537s] [35m[1mScanning dependencies of target lidar_msgs__rosidl_typesupport_fastrtps_cpp[0m
[5.601s] [ 30%] [32mBuilding CXX object CMakeFiles/lidar_msgs__rosidl_typesupport_fastrtps_cpp.dir/rosidl_typesupport_fastrtps_cpp/lidar_msgs/srv/detail/dds_fastrtps/get_metadata__type_support.cpp.o[0m
[6.378s] [35m[1mScanning dependencies of target lidar_msgs__rosidl_typesupport_c[0m
[6.461s] [ 33%] [32mBuilding CXX object CMakeFiles/lidar_msgs__rosidl_typesupport_c.dir/rosidl_typesupport_c/lidar_msgs/srv/get_metadata__type_support.cpp.o[0m
[6.496s] [ 35%] [32mBuilding CXX object CMakeFiles/lidar_msgs__rosidl_typesupport_introspection_cpp.dir/rosidl_typesupport_introspection_cpp/lidar_msgs/msg/detail/metadata__type_support.cpp.o[0m
[6.648s] [ 38%] [32mBuilding CXX object CMakeFiles/lidar_msgs__rosidl_typesupport_c.dir/rosidl_typesupport_c/lidar_msgs/msg/metadata__type_support.cpp.o[0m
[6.754s] [ 41%] [32mBuilding CXX object CMakeFiles/lidar_msgs__rosidl_typesupport_cpp.dir/rosidl_typesupport_cpp/lidar_msgs/msg/metadata__type_support.cpp.o[0m
[6.805s] [ 43%] [32m[1mLinking CXX shared library liblidar_msgs__rosidl_typesupport_c.so[0m
[6.945s] [ 43%] Built target lidar_msgs__rosidl_typesupport_c
[7.013s] [ 46%] [32mBuilding CXX object CMakeFiles/lidar_msgs__rosidl_typesupport_fastrtps_cpp.dir/rosidl_typesupport_fastrtps_cpp/lidar_msgs/msg/detail/dds_fastrtps/metadata__type_support.cpp.o[0m
[7.281s] [ 48%] [34m[1mGenerating C introspection for ROS interfaces[0m
[7.494s] [ 51%] [32m[1mLinking CXX shared library liblidar_msgs__rosidl_typesupport_introspection_cpp.so[0m
[7.604s] [ 53%] [32m[1mLinking CXX shared library liblidar_msgs__rosidl_typesupport_cpp.so[0m
[7.703s] [ 53%] Built target lidar_msgs__rosidl_typesupport_introspection_cpp
[7.770s] [ 53%] Built target lidar_msgs__rosidl_typesupport_cpp
[8.029s] [35m[1mScanning dependencies of target lidar_msgs__rosidl_typesupport_introspection_c[0m
[8.056s] [ 56%] [32mBuilding C object CMakeFiles/lidar_msgs__rosidl_typesupport_introspection_c.dir/rosidl_typesupport_introspection_c/lidar_msgs/srv/detail/get_metadata__type_support.c.o[0m
[8.057s] [ 58%] [32mBuilding C object CMakeFiles/lidar_msgs__rosidl_typesupport_introspection_c.dir/rosidl_typesupport_introspection_c/lidar_msgs/msg/detail/metadata__type_support.c.o[0m
[8.118s] [ 61%] [32m[1mLinking CXX shared library liblidar_msgs__rosidl_typesupport_fastrtps_cpp.so[0m
[8.131s] [ 64%] [32m[1mLinking C shared library liblidar_msgs__rosidl_typesupport_introspection_c.so[0m
[8.197s] [ 64%] Built target lidar_msgs__rosidl_typesupport_introspection_c
[8.274s] [ 64%] Built target lidar_msgs__rosidl_typesupport_fastrtps_cpp
[8.289s] [ 66%] [34m[1mGenerating C type support for eProsima Fast-RTPS[0m
[8.737s] [35m[1mScanning dependencies of target lidar_msgs__rosidl_typesupport_fastrtps_c[0m
[8.766s] [ 69%] [32mBuilding CXX object CMakeFiles/lidar_msgs__rosidl_typesupport_fastrtps_c.dir/rosidl_typesupport_fastrtps_c/lidar_msgs/srv/detail/get_metadata__type_support_c.cpp.o[0m
[8.768s] [ 71%] [32mBuilding CXX object CMakeFiles/lidar_msgs__rosidl_typesupport_fastrtps_c.dir/rosidl_typesupport_fastrtps_c/lidar_msgs/msg/detail/metadata__type_support_c.cpp.o[0m
[9.544s] [ 74%] [32m[1mLinking CXX shared library liblidar_msgs__rosidl_typesupport_fastrtps_c.so[0m
[9.709s] [ 74%] Built target lidar_msgs__rosidl_typesupport_fastrtps_c
[9.723s] [35m[1mScanning dependencies of target lidar_msgs[0m
[9.738s] [ 74%] Built target lidar_msgs
[9.752s] [35m[1mScanning dependencies of target lidar_msgs__py[0m
[9.767s] [ 76%] [34m[1mGenerating Python code for ROS interfaces[0m
[10.770s] [ 76%] Built target lidar_msgs__py
[10.784s] [35m[1mScanning dependencies of target lidar_msgs__python[0m
[10.815s] [ 82%] [32mBuilding C object CMakeFiles/lidar_msgs__python.dir/rosidl_generator_py/lidar_msgs/msg/_metadata_s.c.o[0m
[10.815s] [ 82%] [32mBuilding C object CMakeFiles/lidar_msgs__python.dir/rosidl_generator_py/lidar_msgs/srv/_get_metadata_s.c.o[0m
[10.950s] [ 84%] [32m[1mLinking C shared library rosidl_generator_py/lidar_msgs/liblidar_msgs__python.so[0m
[11.011s] [ 84%] Built target lidar_msgs__python
[11.026s] [35m[1mScanning dependencies of target lidar_msgs__rosidl_typesupport_introspection_c__pyext[0m
[11.032s] [35m[1mScanning dependencies of target lidar_msgs__rosidl_typesupport_c__pyext[0m
[11.032s] [35m[1mScanning dependencies of target lidar_msgs__rosidl_typesupport_fastrtps_c__pyext[0m
[11.057s] [ 87%] [32mBuilding C object CMakeFiles/lidar_msgs__rosidl_typesupport_introspection_c__pyext.dir/rosidl_generator_py/lidar_msgs/_lidar_msgs_s.ep.rosidl_typesupport_introspection_c.c.o[0m
[11.068s] [ 89%] [32mBuilding C object CMakeFiles/lidar_msgs__rosidl_typesupport_c__pyext.dir/rosidl_generator_py/lidar_msgs/_lidar_msgs_s.ep.rosidl_typesupport_c.c.o[0m
[11.079s] [ 92%] [32mBuilding C object CMakeFiles/lidar_msgs__rosidl_typesupport_fastrtps_c__pyext.dir/rosidl_generator_py/lidar_msgs/_lidar_msgs_s.ep.rosidl_typesupport_fastrtps_c.c.o[0m
[11.193s] [ 94%] [32m[1mLinking C shared library rosidl_generator_py/lidar_msgs/lidar_msgs_s__rosidl_typesupport_introspection_c.cpython-38-x86_64-linux-gnu.so[0m
[11.251s] [ 94%] Built target lidar_msgs__rosidl_typesupport_introspection_c__pyext
[11.269s] [ 97%] [32m[1mLinking C shared library rosidl_generator_py/lidar_msgs/lidar_msgs_s__rosidl_typesupport_c.cpython-38-x86_64-linux-gnu.so[0m
[11.285s] [100%] [32m[1mLinking CXX shared library rosidl_generator_py/lidar_msgs/lidar_msgs_s__rosidl_typesupport_fastrtps_c.cpython-38-x86_64-linux-gnu.so[0m
[11.323s] [100%] Built target lidar_msgs__rosidl_typesupport_c__pyext
[11.379s] [100%] Built target lidar_msgs__rosidl_typesupport_fastrtps_c__pyext
[11.394s] Invoked command in '/home/grz/trolley_auto_drive_image/code/build/lidar_msgs' returned '0': CMAKE_PREFIX_PATH=/opt/ros/foxy /usr/bin/cmake --build /home/grz/trolley_auto_drive_image/code/build/lidar_msgs -- -j4 -l4
[11.396s] Invoking command in '/home/grz/trolley_auto_drive_image/code/build/lidar_msgs': CMAKE_PREFIX_PATH=/opt/ros/foxy /usr/bin/cmake --install /home/grz/trolley_auto_drive_image/code/build/lidar_msgs
[11.411s] -- Install configuration: ""
[11.411s] -- Installing: /home/grz/trolley_auto_drive_image/code/install/lidar_msgs/share/ament_index/resource_index/rosidl_interfaces/lidar_msgs
[11.411s] -- Installing: /home/grz/trolley_auto_drive_image/code/install/lidar_msgs/include/lidar_msgs
[11.411s] -- Installing: /home/grz/trolley_auto_drive_image/code/install/lidar_msgs/include/lidar_msgs/srv
[11.412s] -- Installing: /home/grz/trolley_auto_drive_image/code/install/lidar_msgs/include/lidar_msgs/srv/get_metadata.h
[11.412s] -- Installing: /home/grz/trolley_auto_drive_image/code/install/lidar_msgs/include/lidar_msgs/srv/detail
[11.412s] -- Installing: /home/grz/trolley_auto_drive_image/code/install/lidar_msgs/include/lidar_msgs/srv/detail/get_metadata__type_support.h
[11.412s] -- Installing: /home/grz/trolley_auto_drive_image/code/install/lidar_msgs/include/lidar_msgs/srv/detail/get_metadata__functions.c
[11.412s] -- Installing: /home/grz/trolley_auto_drive_image/code/install/lidar_msgs/include/lidar_msgs/srv/detail/get_metadata__functions.h
[11.412s] -- Installing: /home/grz/trolley_auto_drive_image/code/install/lidar_msgs/include/lidar_msgs/srv/detail/get_metadata__struct.h
[11.413s] -- Installing: /home/grz/trolley_auto_drive_image/code/install/lidar_msgs/include/lidar_msgs/msg
[11.413s] -- Installing: /home/grz/trolley_auto_drive_image/code/install/lidar_msgs/include/lidar_msgs/msg/rosidl_generator_c__visibility_control.h
[11.413s] -- Installing: /home/grz/trolley_auto_drive_image/code/install/lidar_msgs/include/lidar_msgs/msg/metadata.h
[11.413s] -- Installing: /home/grz/trolley_auto_drive_image/code/install/lidar_msgs/include/lidar_msgs/msg/detail
[11.413s] -- Installing: /home/grz/trolley_auto_drive_image/code/install/lidar_msgs/include/lidar_msgs/msg/detail/metadata__struct.h
[11.413s] -- Installing: /home/grz/trolley_auto_drive_image/code/install/lidar_msgs/include/lidar_msgs/msg/detail/metadata__functions.h
[11.413s] -- Installing: /home/grz/trolley_auto_drive_image/code/install/lidar_msgs/include/lidar_msgs/msg/detail/metadata__functions.c
[11.414s] -- Installing: /home/grz/trolley_auto_drive_image/code/install/lidar_msgs/include/lidar_msgs/msg/detail/metadata__type_support.h
[11.414s] -- Installing: /home/grz/trolley_auto_drive_image/code/install/lidar_msgs/share/lidar_msgs/environment/library_path.sh
[11.414s] -- Installing: /home/grz/trolley_auto_drive_image/code/install/lidar_msgs/share/lidar_msgs/environment/library_path.dsv
[11.414s] -- Installing: /home/grz/trolley_auto_drive_image/code/install/lidar_msgs/lib/liblidar_msgs__rosidl_generator_c.so
[11.414s] -- Set runtime path of "/home/grz/trolley_auto_drive_image/code/install/lidar_msgs/lib/liblidar_msgs__rosidl_generator_c.so" to ""
[11.414s] -- Up-to-date: /home/grz/trolley_auto_drive_image/code/install/lidar_msgs/include/lidar_msgs
[11.415s] -- Up-to-date: /home/grz/trolley_auto_drive_image/code/install/lidar_msgs/include/lidar_msgs/srv
[11.415s] -- Up-to-date: /home/grz/trolley_auto_drive_image/code/install/lidar_msgs/include/lidar_msgs/srv/detail
[11.415s] -- Installing: /home/grz/trolley_auto_drive_image/code/install/lidar_msgs/include/lidar_msgs/srv/detail/get_metadata__rosidl_typesupport_fastrtps_c.h
[11.415s] -- Up-to-date: /home/grz/trolley_auto_drive_image/code/install/lidar_msgs/include/lidar_msgs/msg
[11.415s] -- Installing: /home/grz/trolley_auto_drive_image/code/install/lidar_msgs/include/lidar_msgs/msg/rosidl_typesupport_fastrtps_c__visibility_control.h
[11.415s] -- Up-to-date: /home/grz/trolley_auto_drive_image/code/install/lidar_msgs/include/lidar_msgs/msg/detail
[11.415s] -- Installing: /home/grz/trolley_auto_drive_image/code/install/lidar_msgs/include/lidar_msgs/msg/detail/metadata__rosidl_typesupport_fastrtps_c.h
[11.415s] -- Installing: /home/grz/trolley_auto_drive_image/code/install/lidar_msgs/lib/liblidar_msgs__rosidl_typesupport_fastrtps_c.so
[11.416s] -- Set runtime path of "/home/grz/trolley_auto_drive_image/code/install/lidar_msgs/lib/liblidar_msgs__rosidl_typesupport_fastrtps_c.so" to ""
[11.416s] -- Up-to-date: /home/grz/trolley_auto_drive_image/code/install/lidar_msgs/include/lidar_msgs
[11.417s] -- Up-to-date: /home/grz/trolley_auto_drive_image/code/install/lidar_msgs/include/lidar_msgs/srv
[11.417s] -- Up-to-date: /home/grz/trolley_auto_drive_image/code/install/lidar_msgs/include/lidar_msgs/srv/detail
[11.417s] -- Installing: /home/grz/trolley_auto_drive_image/code/install/lidar_msgs/include/lidar_msgs/srv/detail/get_metadata__rosidl_typesupport_fastrtps_cpp.hpp
[11.418s] -- Installing: /home/grz/trolley_auto_drive_image/code/install/lidar_msgs/include/lidar_msgs/srv/detail/dds_fastrtps
[11.418s] -- Up-to-date: /home/grz/trolley_auto_drive_image/code/install/lidar_msgs/include/lidar_msgs/msg
[11.418s] -- Installing: /home/grz/trolley_auto_drive_image/code/install/lidar_msgs/include/lidar_msgs/msg/rosidl_typesupport_fastrtps_cpp__visibility_control.h
[11.418s] -- Up-to-date: /home/grz/trolley_auto_drive_image/code/install/lidar_msgs/include/lidar_msgs/msg/detail
[11.418s] -- Installing: /home/grz/trolley_auto_drive_image/code/install/lidar_msgs/include/lidar_msgs/msg/detail/metadata__rosidl_typesupport_fastrtps_cpp.hpp
[11.419s] -- Installing: /home/grz/trolley_auto_drive_image/code/install/lidar_msgs/include/lidar_msgs/msg/detail/dds_fastrtps
[11.419s] -- Installing: /home/grz/trolley_auto_drive_image/code/install/lidar_msgs/lib/liblidar_msgs__rosidl_typesupport_fastrtps_cpp.so
[11.419s] -- Set runtime path of "/home/grz/trolley_auto_drive_image/code/install/lidar_msgs/lib/liblidar_msgs__rosidl_typesupport_fastrtps_cpp.so" to ""
[11.420s] -- Up-to-date: /home/grz/trolley_auto_drive_image/code/install/lidar_msgs/include/lidar_msgs
[11.420s] -- Up-to-date: /home/grz/trolley_auto_drive_image/code/install/lidar_msgs/include/lidar_msgs/srv
[11.420s] -- Up-to-date: /home/grz/trolley_auto_drive_image/code/install/lidar_msgs/include/lidar_msgs/srv/detail
[11.420s] -- Installing: /home/grz/trolley_auto_drive_image/code/install/lidar_msgs/include/lidar_msgs/srv/detail/get_metadata__rosidl_typesupport_introspection_c.h
[11.421s] -- Installing: /home/grz/trolley_auto_drive_image/code/install/lidar_msgs/include/lidar_msgs/srv/detail/get_metadata__type_support.c
[11.421s] -- Up-to-date: /home/grz/trolley_auto_drive_image/code/install/lidar_msgs/include/lidar_msgs/msg
[11.421s] -- Installing: /home/grz/trolley_auto_drive_image/code/install/lidar_msgs/include/lidar_msgs/msg/rosidl_typesupport_introspection_c__visibility_control.h
[11.421s] -- Up-to-date: /home/grz/trolley_auto_drive_image/code/install/lidar_msgs/include/lidar_msgs/msg/detail
[11.421s] -- Installing: /home/grz/trolley_auto_drive_image/code/install/lidar_msgs/include/lidar_msgs/msg/detail/metadata__type_support.c
[11.421s] -- Installing: /home/grz/trolley_auto_drive_image/code/install/lidar_msgs/include/lidar_msgs/msg/detail/metadata__rosidl_typesupport_introspection_c.h
[11.421s] -- Installing: /home/grz/trolley_auto_drive_image/code/install/lidar_msgs/lib/liblidar_msgs__rosidl_typesupport_introspection_c.so
[11.422s] -- Set runtime path of "/home/grz/trolley_auto_drive_image/code/install/lidar_msgs/lib/liblidar_msgs__rosidl_typesupport_introspection_c.so" to ""
[11.422s] -- Installing: /home/grz/trolley_auto_drive_image/code/install/lidar_msgs/lib/liblidar_msgs__rosidl_typesupport_c.so
[11.422s] -- Set runtime path of "/home/grz/trolley_auto_drive_image/code/install/lidar_msgs/lib/liblidar_msgs__rosidl_typesupport_c.so" to ""
[11.423s] -- Up-to-date: /home/grz/trolley_auto_drive_image/code/install/lidar_msgs/include/lidar_msgs
[11.423s] -- Up-to-date: /home/grz/trolley_auto_drive_image/code/install/lidar_msgs/include/lidar_msgs/srv
[11.423s] -- Installing: /home/grz/trolley_auto_drive_image/code/install/lidar_msgs/include/lidar_msgs/srv/get_metadata.hpp
[11.423s] -- Up-to-date: /home/grz/trolley_auto_drive_image/code/install/lidar_msgs/include/lidar_msgs/srv/detail
[11.423s] -- Installing: /home/grz/trolley_auto_drive_image/code/install/lidar_msgs/include/lidar_msgs/srv/detail/get_metadata__traits.hpp
[11.423s] -- Installing: /home/grz/trolley_auto_drive_image/code/install/lidar_msgs/include/lidar_msgs/srv/detail/get_metadata__type_support.hpp
[11.424s] -- Installing: /home/grz/trolley_auto_drive_image/code/install/lidar_msgs/include/lidar_msgs/srv/detail/get_metadata__struct.hpp
[11.424s] -- Installing: /home/grz/trolley_auto_drive_image/code/install/lidar_msgs/include/lidar_msgs/srv/detail/get_metadata__builder.hpp
[11.424s] -- Up-to-date: /home/grz/trolley_auto_drive_image/code/install/lidar_msgs/include/lidar_msgs/msg
[11.424s] -- Installing: /home/grz/trolley_auto_drive_image/code/install/lidar_msgs/include/lidar_msgs/msg/metadata.hpp
[11.424s] -- Installing: /home/grz/trolley_auto_drive_image/code/install/lidar_msgs/include/lidar_msgs/msg/rosidl_generator_cpp__visibility_control.hpp
[11.424s] -- Up-to-date: /home/grz/trolley_auto_drive_image/code/install/lidar_msgs/include/lidar_msgs/msg/detail
[11.425s] -- Installing: /home/grz/trolley_auto_drive_image/code/install/lidar_msgs/include/lidar_msgs/msg/detail/metadata__builder.hpp
[11.425s] -- Installing: /home/grz/trolley_auto_drive_image/code/install/lidar_msgs/include/lidar_msgs/msg/detail/metadata__struct.hpp
[11.425s] -- Installing: /home/grz/trolley_auto_drive_image/code/install/lidar_msgs/include/lidar_msgs/msg/detail/metadata__traits.hpp
[11.425s] -- Installing: /home/grz/trolley_auto_drive_image/code/install/lidar_msgs/include/lidar_msgs/msg/detail/metadata__type_support.hpp
[11.425s] -- Up-to-date: /home/grz/trolley_auto_drive_image/code/install/lidar_msgs/include/lidar_msgs
[11.425s] -- Up-to-date: /home/grz/trolley_auto_drive_image/code/install/lidar_msgs/include/lidar_msgs/srv
[11.425s] -- Up-to-date: /home/grz/trolley_auto_drive_image/code/install/lidar_msgs/include/lidar_msgs/srv/detail
[11.425s] -- Installing: /home/grz/trolley_auto_drive_image/code/install/lidar_msgs/include/lidar_msgs/srv/detail/get_metadata__type_support.cpp
[11.426s] -- Installing: /home/grz/trolley_auto_drive_image/code/install/lidar_msgs/include/lidar_msgs/srv/detail/get_metadata__rosidl_typesupport_introspection_cpp.hpp
[11.426s] -- Up-to-date: /home/grz/trolley_auto_drive_image/code/install/lidar_msgs/include/lidar_msgs/msg
[11.426s] -- Up-to-date: /home/grz/trolley_auto_drive_image/code/install/lidar_msgs/include/lidar_msgs/msg/detail
[11.426s] -- Installing: /home/grz/trolley_auto_drive_image/code/install/lidar_msgs/include/lidar_msgs/msg/detail/metadata__rosidl_typesupport_introspection_cpp.hpp
[11.426s] -- Installing: /home/grz/trolley_auto_drive_image/code/install/lidar_msgs/include/lidar_msgs/msg/detail/metadata__type_support.cpp
[11.426s] -- Installing: /home/grz/trolley_auto_drive_image/code/install/lidar_msgs/lib/liblidar_msgs__rosidl_typesupport_introspection_cpp.so
[11.426s] -- Set runtime path of "/home/grz/trolley_auto_drive_image/code/install/lidar_msgs/lib/liblidar_msgs__rosidl_typesupport_introspection_cpp.so" to ""
[11.426s] -- Installing: /home/grz/trolley_auto_drive_image/code/install/lidar_msgs/lib/liblidar_msgs__rosidl_typesupport_cpp.so
[11.427s] -- Set runtime path of "/home/grz/trolley_auto_drive_image/code/install/lidar_msgs/lib/liblidar_msgs__rosidl_typesupport_cpp.so" to ""
[11.427s] -- Installing: /home/grz/trolley_auto_drive_image/code/install/lidar_msgs/share/lidar_msgs/environment/pythonpath.sh
[11.427s] -- Installing: /home/grz/trolley_auto_drive_image/code/install/lidar_msgs/share/lidar_msgs/environment/pythonpath.dsv
[11.427s] -- Installing: /home/grz/trolley_auto_drive_image/code/install/lidar_msgs/lib/python3.8/site-packages/lidar_msgs/__init__.py
[11.466s] Compiling '/home/grz/trolley_auto_drive_image/code/install/lidar_msgs/lib/python3.8/site-packages/lidar_msgs/__init__.py'...
[11.472s] -- Installing: /home/grz/trolley_auto_drive_image/code/install/lidar_msgs/lib/python3.8/site-packages/lidar_msgs/srv
[11.473s] -- Installing: /home/grz/trolley_auto_drive_image/code/install/lidar_msgs/lib/python3.8/site-packages/lidar_msgs/srv/_get_metadata.py
[11.473s] -- Installing: /home/grz/trolley_auto_drive_image/code/install/lidar_msgs/lib/python3.8/site-packages/lidar_msgs/srv/_get_metadata_s.c
[11.473s] -- Installing: /home/grz/trolley_auto_drive_image/code/install/lidar_msgs/lib/python3.8/site-packages/lidar_msgs/srv/__init__.py
[11.473s] -- Installing: /home/grz/trolley_auto_drive_image/code/install/lidar_msgs/lib/python3.8/site-packages/lidar_msgs/msg
[11.473s] -- Installing: /home/grz/trolley_auto_drive_image/code/install/lidar_msgs/lib/python3.8/site-packages/lidar_msgs/msg/__init__.py
[11.473s] -- Installing: /home/grz/trolley_auto_drive_image/code/install/lidar_msgs/lib/python3.8/site-packages/lidar_msgs/msg/_metadata.py
[11.474s] -- Installing: /home/grz/trolley_auto_drive_image/code/install/lidar_msgs/lib/python3.8/site-packages/lidar_msgs/msg/_metadata_s.c
[11.474s] -- Installing: /home/grz/trolley_auto_drive_image/code/install/lidar_msgs/lib/python3.8/site-packages/lidar_msgs/lidar_msgs_s__rosidl_typesupport_fastrtps_c.cpython-38-x86_64-linux-gnu.so
[11.475s] -- Set runtime path of "/home/grz/trolley_auto_drive_image/code/install/lidar_msgs/lib/python3.8/site-packages/lidar_msgs/lidar_msgs_s__rosidl_typesupport_fastrtps_c.cpython-38-x86_64-linux-gnu.so" to ""
[11.475s] -- Installing: /home/grz/trolley_auto_drive_image/code/install/lidar_msgs/lib/python3.8/site-packages/lidar_msgs/lidar_msgs_s__rosidl_typesupport_introspection_c.cpython-38-x86_64-linux-gnu.so
[11.476s] -- Set runtime path of "/home/grz/trolley_auto_drive_image/code/install/lidar_msgs/lib/python3.8/site-packages/lidar_msgs/lidar_msgs_s__rosidl_typesupport_introspection_c.cpython-38-x86_64-linux-gnu.so" to ""
[11.476s] -- Installing: /home/grz/trolley_auto_drive_image/code/install/lidar_msgs/lib/python3.8/site-packages/lidar_msgs/lidar_msgs_s__rosidl_typesupport_c.cpython-38-x86_64-linux-gnu.so
[11.477s] -- Set runtime path of "/home/grz/trolley_auto_drive_image/code/install/lidar_msgs/lib/python3.8/site-packages/lidar_msgs/lidar_msgs_s__rosidl_typesupport_c.cpython-38-x86_64-linux-gnu.so" to ""
[11.477s] -- Installing: /home/grz/trolley_auto_drive_image/code/install/lidar_msgs/lib/liblidar_msgs__python.so
[11.478s] -- Set runtime path of "/home/grz/trolley_auto_drive_image/code/install/lidar_msgs/lib/liblidar_msgs__python.so" to ""
[11.478s] -- Installing: /home/grz/trolley_auto_drive_image/code/install/lidar_msgs/share/lidar_msgs/srv/GetMetadata.idl
[11.478s] -- Installing: /home/grz/trolley_auto_drive_image/code/install/lidar_msgs/share/lidar_msgs/msg/Metadata.idl
[11.478s] -- Installing: /home/grz/trolley_auto_drive_image/code/install/lidar_msgs/share/lidar_msgs/srv/GetMetadata.srv
[11.479s] -- Installing: /home/grz/trolley_auto_drive_image/code/install/lidar_msgs/share/lidar_msgs/srv/GetMetadata_Request.msg
[11.479s] -- Installing: /home/grz/trolley_auto_drive_image/code/install/lidar_msgs/share/lidar_msgs/srv/GetMetadata_Response.msg
[11.479s] -- Installing: /home/grz/trolley_auto_drive_image/code/install/lidar_msgs/share/lidar_msgs/msg/Metadata.msg
[11.479s] -- Installing: /home/grz/trolley_auto_drive_image/code/install/lidar_msgs/share/ament_index/resource_index/package_run_dependencies/lidar_msgs
[11.480s] -- Installing: /home/grz/trolley_auto_drive_image/code/install/lidar_msgs/share/ament_index/resource_index/parent_prefix_path/lidar_msgs
[11.480s] -- Installing: /home/grz/trolley_auto_drive_image/code/install/lidar_msgs/share/lidar_msgs/environment/ament_prefix_path.sh
[11.480s] -- Installing: /home/grz/trolley_auto_drive_image/code/install/lidar_msgs/share/lidar_msgs/environment/ament_prefix_path.dsv
[11.481s] -- Installing: /home/grz/trolley_auto_drive_image/code/install/lidar_msgs/share/lidar_msgs/environment/path.sh
[11.481s] -- Installing: /home/grz/trolley_auto_drive_image/code/install/lidar_msgs/share/lidar_msgs/environment/path.dsv
[11.481s] -- Installing: /home/grz/trolley_auto_drive_image/code/install/lidar_msgs/share/lidar_msgs/local_setup.bash
[11.481s] -- Installing: /home/grz/trolley_auto_drive_image/code/install/lidar_msgs/share/lidar_msgs/local_setup.sh
[11.481s] -- Installing: /home/grz/trolley_auto_drive_image/code/install/lidar_msgs/share/lidar_msgs/local_setup.zsh
[11.482s] -- Installing: /home/grz/trolley_auto_drive_image/code/install/lidar_msgs/share/lidar_msgs/local_setup.dsv
[11.482s] -- Installing: /home/grz/trolley_auto_drive_image/code/install/lidar_msgs/share/lidar_msgs/package.dsv
[11.482s] -- Installing: /home/grz/trolley_auto_drive_image/code/install/lidar_msgs/share/ament_index/resource_index/packages/lidar_msgs
[11.482s] -- Installing: /home/grz/trolley_auto_drive_image/code/install/lidar_msgs/share/lidar_msgs/cmake/lidar_msgs__rosidl_generator_cExport.cmake
[11.483s] -- Installing: /home/grz/trolley_auto_drive_image/code/install/lidar_msgs/share/lidar_msgs/cmake/lidar_msgs__rosidl_generator_cExport-noconfig.cmake
[11.483s] -- Installing: /home/grz/trolley_auto_drive_image/code/install/lidar_msgs/share/lidar_msgs/cmake/lidar_msgs__rosidl_typesupport_introspection_cExport.cmake
[11.483s] -- Installing: /home/grz/trolley_auto_drive_image/code/install/lidar_msgs/share/lidar_msgs/cmake/lidar_msgs__rosidl_typesupport_introspection_cExport-noconfig.cmake
[11.483s] -- Installing: /home/grz/trolley_auto_drive_image/code/install/lidar_msgs/share/lidar_msgs/cmake/lidar_msgs__rosidl_typesupport_cExport.cmake
[11.484s] -- Installing: /home/grz/trolley_auto_drive_image/code/install/lidar_msgs/share/lidar_msgs/cmake/lidar_msgs__rosidl_typesupport_cExport-noconfig.cmake
[11.484s] -- Installing: /home/grz/trolley_auto_drive_image/code/install/lidar_msgs/share/lidar_msgs/cmake/lidar_msgs__rosidl_generator_cppExport.cmake
[11.484s] -- Installing: /home/grz/trolley_auto_drive_image/code/install/lidar_msgs/share/lidar_msgs/cmake/lidar_msgs__rosidl_typesupport_introspection_cppExport.cmake
[11.484s] -- Installing: /home/grz/trolley_auto_drive_image/code/install/lidar_msgs/share/lidar_msgs/cmake/lidar_msgs__rosidl_typesupport_introspection_cppExport-noconfig.cmake
[11.485s] -- Installing: /home/grz/trolley_auto_drive_image/code/install/lidar_msgs/share/lidar_msgs/cmake/lidar_msgs__rosidl_typesupport_cppExport.cmake
[11.485s] -- Installing: /home/grz/trolley_auto_drive_image/code/install/lidar_msgs/share/lidar_msgs/cmake/lidar_msgs__rosidl_typesupport_cppExport-noconfig.cmake
[11.485s] -- Installing: /home/grz/trolley_auto_drive_image/code/install/lidar_msgs/share/lidar_msgs/cmake/rosidl_cmake-extras.cmake
[11.485s] -- Installing: /home/grz/trolley_auto_drive_image/code/install/lidar_msgs/share/lidar_msgs/cmake/ament_cmake_export_dependencies-extras.cmake
[11.486s] -- Installing: /home/grz/trolley_auto_drive_image/code/install/lidar_msgs/share/lidar_msgs/cmake/ament_cmake_export_libraries-extras.cmake
[11.486s] -- Installing: /home/grz/trolley_auto_drive_image/code/install/lidar_msgs/share/lidar_msgs/cmake/ament_cmake_export_targets-extras.cmake
[11.486s] -- Installing: /home/grz/trolley_auto_drive_image/code/install/lidar_msgs/share/lidar_msgs/cmake/ament_cmake_export_include_directories-extras.cmake
[11.486s] -- Installing: /home/grz/trolley_auto_drive_image/code/install/lidar_msgs/share/lidar_msgs/cmake/rosidl_cmake_export_typesupport_libraries-extras.cmake
[11.486s] -- Installing: /home/grz/trolley_auto_drive_image/code/install/lidar_msgs/share/lidar_msgs/cmake/rosidl_cmake_export_typesupport_targets-extras.cmake
[11.487s] -- Installing: /home/grz/trolley_auto_drive_image/code/install/lidar_msgs/share/lidar_msgs/cmake/lidar_msgsConfig.cmake
[11.487s] -- Installing: /home/grz/trolley_auto_drive_image/code/install/lidar_msgs/share/lidar_msgs/cmake/lidar_msgsConfig-version.cmake
[11.487s] -- Installing: /home/grz/trolley_auto_drive_image/code/install/lidar_msgs/share/lidar_msgs/package.xml
[11.491s] Invoked command in '/home/grz/trolley_auto_drive_image/code/build/lidar_msgs' returned '0': CMAKE_PREFIX_PATH=/opt/ros/foxy /usr/bin/cmake --install /home/grz/trolley_auto_drive_image/code/build/lidar_msgs
