[0.272s] DEBUG:colcon:Command line arguments: ['/usr/bin/colcon', 'build', '--symlink-install', '--packages-select', 'lidar_data_handler', 'linear_displacement_sensor']
[0.272s] DEBUG:colcon:Parsed command line arguments: Namespace(allow_overriding=[], ament_cmake_args=None, base_paths=['.'], build_base='build', catkin_cmake_args=None, catkin_skip_building_tests=False, cmake_args=None, cmake_clean_cache=False, cmake_clean_first=False, cmake_force_configure=False, cmake_target=None, cmake_target_skip_unavailable=False, continue_on_error=False, event_handlers=None, executor='parallel', ignore_user_meta=False, install_base='install', log_base=None, log_level=None, main=<bound method BuildVerb.main of <colcon_core.verb.build.BuildVerb object at 0x7fba91863df0>>, merge_install=False, metas=['./colcon.meta'], mixin=None, mixin_files=None, mixin_verb=('build',), packages_above=None, packages_above_and_dependencies=None, packages_above_depth=None, packages_end=None, packages_ignore=None, packages_ignore_regex=None, packages_select=['lidar_data_handler', 'linear_displacement_sensor'], packages_select_build_failed=False, packages_select_by_dep=None, packages_select_regex=None, packages_select_test_failures=False, packages_skip=None, packages_skip_build_finished=False, packages_skip_by_dep=None, packages_skip_regex=None, packages_skip_test_passed=False, packages_skip_up_to=None, packages_start=None, packages_up_to=None, packages_up_to_regex=None, parallel_workers=4, paths=None, symlink_install=True, test_result_base=None, verb_extension=<colcon_core.verb.build.BuildVerb object at 0x7fba91863df0>, verb_name='build', verb_parser=<colcon_mixin.mixin.mixin_argument.MixinArgumentDecorator object at 0x7fba9173a400>)
[0.469s] Level 1:colcon.colcon_core.package_discovery:discover_packages(colcon_meta) check parameters
[0.469s] Level 1:colcon.colcon_core.package_discovery:discover_packages(recursive) check parameters
[0.469s] Level 1:colcon.colcon_core.package_discovery:discover_packages(ignore) check parameters
[0.469s] Level 1:colcon.colcon_core.package_discovery:discover_packages(path) check parameters
[0.469s] Level 1:colcon.colcon_core.package_discovery:discover_packages(colcon_meta) discover
[0.470s] Level 1:colcon.colcon_core.package_discovery:discover_packages(recursive) discover
[0.470s] INFO:colcon.colcon_core.package_discovery:Crawling recursively for packages in '/home/grz/trolley_auto_drive_image/code'
[0.470s] Level 1:colcon.colcon_core.package_identification:_identify(.) by extensions ['ignore', 'ignore_ament_install']
[0.470s] Level 1:colcon.colcon_core.package_identification:_identify(.) by extension 'ignore'
[0.470s] Level 1:colcon.colcon_core.package_identification:_identify(.) by extension 'ignore_ament_install'
[0.470s] Level 1:colcon.colcon_core.package_identification:_identify(.) by extensions ['colcon_pkg']
[0.471s] Level 1:colcon.colcon_core.package_identification:_identify(.) by extension 'colcon_pkg'
[0.471s] Level 1:colcon.colcon_core.package_identification:_identify(.) by extensions ['colcon_meta']
[0.471s] Level 1:colcon.colcon_core.package_identification:_identify(.) by extension 'colcon_meta'
[0.471s] Level 1:colcon.colcon_core.package_identification:_identify(.) by extensions ['ros']
[0.471s] Level 1:colcon.colcon_core.package_identification:_identify(.) by extension 'ros'
[0.487s] Level 1:colcon.colcon_core.package_identification:_identify(.) by extensions ['cmake', 'python']
[0.487s] Level 1:colcon.colcon_core.package_identification:_identify(.) by extension 'cmake'
[0.487s] Level 1:colcon.colcon_core.package_identification:_identify(.) by extension 'python'
[0.487s] Level 1:colcon.colcon_core.package_identification:_identify(.) by extensions ['python_setup_py']
[0.487s] Level 1:colcon.colcon_core.package_identification:_identify(.) by extension 'python_setup_py'
[0.488s] Level 1:colcon.colcon_core.package_identification:_identify(build) by extensions ['ignore', 'ignore_ament_install']
[0.488s] Level 1:colcon.colcon_core.package_identification:_identify(build) by extension 'ignore'
[0.488s] Level 1:colcon.colcon_core.package_identification:_identify(build) ignored
[0.488s] Level 1:colcon.colcon_core.package_identification:_identify(install) by extensions ['ignore', 'ignore_ament_install']
[0.488s] Level 1:colcon.colcon_core.package_identification:_identify(install) by extension 'ignore'
[0.489s] Level 1:colcon.colcon_core.package_identification:_identify(install) ignored
[0.489s] Level 1:colcon.colcon_core.package_identification:_identify(log) by extensions ['ignore', 'ignore_ament_install']
[0.489s] Level 1:colcon.colcon_core.package_identification:_identify(log) by extension 'ignore'
[0.489s] Level 1:colcon.colcon_core.package_identification:_identify(log) ignored
[0.489s] Level 1:colcon.colcon_core.package_identification:_identify(src) by extensions ['ignore', 'ignore_ament_install']
[0.490s] Level 1:colcon.colcon_core.package_identification:_identify(src) by extension 'ignore'
[0.490s] Level 1:colcon.colcon_core.package_identification:_identify(src) by extension 'ignore_ament_install'
[0.490s] Level 1:colcon.colcon_core.package_identification:_identify(src) by extensions ['colcon_pkg']
[0.490s] Level 1:colcon.colcon_core.package_identification:_identify(src) by extension 'colcon_pkg'
[0.490s] Level 1:colcon.colcon_core.package_identification:_identify(src) by extensions ['colcon_meta']
[0.490s] Level 1:colcon.colcon_core.package_identification:_identify(src) by extension 'colcon_meta'
[0.490s] Level 1:colcon.colcon_core.package_identification:_identify(src) by extensions ['ros']
[0.490s] Level 1:colcon.colcon_core.package_identification:_identify(src) by extension 'ros'
[0.491s] Level 1:colcon.colcon_core.package_identification:_identify(src) by extensions ['cmake', 'python']
[0.491s] Level 1:colcon.colcon_core.package_identification:_identify(src) by extension 'cmake'
[0.491s] Level 1:colcon.colcon_core.package_identification:_identify(src) by extension 'python'
[0.491s] Level 1:colcon.colcon_core.package_identification:_identify(src) by extensions ['python_setup_py']
[0.491s] Level 1:colcon.colcon_core.package_identification:_identify(src) by extension 'python_setup_py'
[0.491s] Level 1:colcon.colcon_core.package_identification:_identify(src/lidar_data_handler) by extensions ['ignore', 'ignore_ament_install']
[0.491s] Level 1:colcon.colcon_core.package_identification:_identify(src/lidar_data_handler) by extension 'ignore'
[0.491s] Level 1:colcon.colcon_core.package_identification:_identify(src/lidar_data_handler) by extension 'ignore_ament_install'
[0.492s] Level 1:colcon.colcon_core.package_identification:_identify(src/lidar_data_handler) by extensions ['colcon_pkg']
[0.492s] Level 1:colcon.colcon_core.package_identification:_identify(src/lidar_data_handler) by extension 'colcon_pkg'
[0.492s] Level 1:colcon.colcon_core.package_identification:_identify(src/lidar_data_handler) by extensions ['colcon_meta']
[0.492s] Level 1:colcon.colcon_core.package_identification:_identify(src/lidar_data_handler) by extension 'colcon_meta'
[0.492s] Level 1:colcon.colcon_core.package_identification:_identify(src/lidar_data_handler) by extensions ['ros']
[0.492s] Level 1:colcon.colcon_core.package_identification:_identify(src/lidar_data_handler) by extension 'ros'
[0.496s] DEBUG:colcon.colcon_core.package_identification:Package 'src/lidar_data_handler' with type 'ros.ament_python' and name 'lidar_data_handler'
[0.496s] Level 1:colcon.colcon_core.package_identification:_identify(src/linear_displacement_sensor) by extensions ['ignore', 'ignore_ament_install']
[0.496s] Level 1:colcon.colcon_core.package_identification:_identify(src/linear_displacement_sensor) by extension 'ignore'
[0.497s] Level 1:colcon.colcon_core.package_identification:_identify(src/linear_displacement_sensor) by extension 'ignore_ament_install'
[0.497s] Level 1:colcon.colcon_core.package_identification:_identify(src/linear_displacement_sensor) by extensions ['colcon_pkg']
[0.497s] Level 1:colcon.colcon_core.package_identification:_identify(src/linear_displacement_sensor) by extension 'colcon_pkg'
[0.497s] Level 1:colcon.colcon_core.package_identification:_identify(src/linear_displacement_sensor) by extensions ['colcon_meta']
[0.497s] Level 1:colcon.colcon_core.package_identification:_identify(src/linear_displacement_sensor) by extension 'colcon_meta'
[0.497s] Level 1:colcon.colcon_core.package_identification:_identify(src/linear_displacement_sensor) by extensions ['ros']
[0.497s] Level 1:colcon.colcon_core.package_identification:_identify(src/linear_displacement_sensor) by extension 'ros'
[0.498s] DEBUG:colcon.colcon_core.package_identification:Package 'src/linear_displacement_sensor' with type 'ros.ament_python' and name 'linear_displacement_sensor'
[0.498s] Level 1:colcon.colcon_core.package_identification:_identify(src/linear_sensor_msgs) by extensions ['ignore', 'ignore_ament_install']
[0.499s] Level 1:colcon.colcon_core.package_identification:_identify(src/linear_sensor_msgs) by extension 'ignore'
[0.499s] Level 1:colcon.colcon_core.package_identification:_identify(src/linear_sensor_msgs) by extension 'ignore_ament_install'
[0.499s] Level 1:colcon.colcon_core.package_identification:_identify(src/linear_sensor_msgs) by extensions ['colcon_pkg']
[0.499s] Level 1:colcon.colcon_core.package_identification:_identify(src/linear_sensor_msgs) by extension 'colcon_pkg'
[0.499s] Level 1:colcon.colcon_core.package_identification:_identify(src/linear_sensor_msgs) by extensions ['colcon_meta']
[0.499s] Level 1:colcon.colcon_core.package_identification:_identify(src/linear_sensor_msgs) by extension 'colcon_meta'
[0.499s] Level 1:colcon.colcon_core.package_identification:_identify(src/linear_sensor_msgs) by extensions ['ros']
[0.499s] Level 1:colcon.colcon_core.package_identification:_identify(src/linear_sensor_msgs) by extension 'ros'
[0.500s] DEBUG:colcon.colcon_core.package_identification:Package 'src/linear_sensor_msgs' with type 'ros.ament_cmake' and name 'linear_sensor_msgs'
[0.500s] Level 1:colcon.colcon_core.package_identification:_identify(src/ole2d_ros2_driver) by extensions ['ignore', 'ignore_ament_install']
[0.501s] Level 1:colcon.colcon_core.package_identification:_identify(src/ole2d_ros2_driver) by extension 'ignore'
[0.501s] Level 1:colcon.colcon_core.package_identification:_identify(src/ole2d_ros2_driver) by extension 'ignore_ament_install'
[0.501s] Level 1:colcon.colcon_core.package_identification:_identify(src/ole2d_ros2_driver) by extensions ['colcon_pkg']
[0.501s] Level 1:colcon.colcon_core.package_identification:_identify(src/ole2d_ros2_driver) by extension 'colcon_pkg'
[0.501s] Level 1:colcon.colcon_core.package_identification:_identify(src/ole2d_ros2_driver) by extensions ['colcon_meta']
[0.501s] Level 1:colcon.colcon_core.package_identification:_identify(src/ole2d_ros2_driver) by extension 'colcon_meta'
[0.501s] Level 1:colcon.colcon_core.package_identification:_identify(src/ole2d_ros2_driver) by extensions ['ros']
[0.502s] Level 1:colcon.colcon_core.package_identification:_identify(src/ole2d_ros2_driver) by extension 'ros'
[0.502s] Level 1:colcon.colcon_core.package_identification:_identify(src/ole2d_ros2_driver) by extensions ['cmake', 'python']
[0.502s] Level 1:colcon.colcon_core.package_identification:_identify(src/ole2d_ros2_driver) by extension 'cmake'
[0.502s] Level 1:colcon.colcon_core.package_identification:_identify(src/ole2d_ros2_driver) by extension 'python'
[0.502s] Level 1:colcon.colcon_core.package_identification:_identify(src/ole2d_ros2_driver) by extensions ['python_setup_py']
[0.502s] Level 1:colcon.colcon_core.package_identification:_identify(src/ole2d_ros2_driver) by extension 'python_setup_py'
[0.502s] Level 1:colcon.colcon_core.package_identification:_identify(src/ole2d_ros2_driver/lidar_msgs) by extensions ['ignore', 'ignore_ament_install']
[0.503s] Level 1:colcon.colcon_core.package_identification:_identify(src/ole2d_ros2_driver/lidar_msgs) by extension 'ignore'
[0.503s] Level 1:colcon.colcon_core.package_identification:_identify(src/ole2d_ros2_driver/lidar_msgs) by extension 'ignore_ament_install'
[0.503s] Level 1:colcon.colcon_core.package_identification:_identify(src/ole2d_ros2_driver/lidar_msgs) by extensions ['colcon_pkg']
[0.503s] Level 1:colcon.colcon_core.package_identification:_identify(src/ole2d_ros2_driver/lidar_msgs) by extension 'colcon_pkg'
[0.503s] Level 1:colcon.colcon_core.package_identification:_identify(src/ole2d_ros2_driver/lidar_msgs) by extensions ['colcon_meta']
[0.503s] Level 1:colcon.colcon_core.package_identification:_identify(src/ole2d_ros2_driver/lidar_msgs) by extension 'colcon_meta'
[0.503s] Level 1:colcon.colcon_core.package_identification:_identify(src/ole2d_ros2_driver/lidar_msgs) by extensions ['ros']
[0.503s] Level 1:colcon.colcon_core.package_identification:_identify(src/ole2d_ros2_driver/lidar_msgs) by extension 'ros'
[0.504s] DEBUG:colcon.colcon_core.package_identification:Package 'src/ole2d_ros2_driver/lidar_msgs' with type 'ros.ament_cmake' and name 'lidar_msgs'
[0.505s] Level 1:colcon.colcon_core.package_identification:_identify(src/ole2d_ros2_driver/ros2_lidar) by extensions ['ignore', 'ignore_ament_install']
[0.505s] Level 1:colcon.colcon_core.package_identification:_identify(src/ole2d_ros2_driver/ros2_lidar) by extension 'ignore'
[0.505s] Level 1:colcon.colcon_core.package_identification:_identify(src/ole2d_ros2_driver/ros2_lidar) by extension 'ignore_ament_install'
[0.505s] Level 1:colcon.colcon_core.package_identification:_identify(src/ole2d_ros2_driver/ros2_lidar) by extensions ['colcon_pkg']
[0.505s] Level 1:colcon.colcon_core.package_identification:_identify(src/ole2d_ros2_driver/ros2_lidar) by extension 'colcon_pkg'
[0.505s] Level 1:colcon.colcon_core.package_identification:_identify(src/ole2d_ros2_driver/ros2_lidar) by extensions ['colcon_meta']
[0.505s] Level 1:colcon.colcon_core.package_identification:_identify(src/ole2d_ros2_driver/ros2_lidar) by extension 'colcon_meta'
[0.506s] Level 1:colcon.colcon_core.package_identification:_identify(src/ole2d_ros2_driver/ros2_lidar) by extensions ['ros']
[0.506s] Level 1:colcon.colcon_core.package_identification:_identify(src/ole2d_ros2_driver/ros2_lidar) by extension 'ros'
[0.508s] DEBUG:colcon.colcon_core.package_identification:Package 'src/ole2d_ros2_driver/ros2_lidar' with type 'ros.ament_cmake' and name 'ros2_lidar'
[0.508s] Level 1:colcon.colcon_core.package_discovery:discover_packages(recursive) using defaults
[0.508s] Level 1:colcon.colcon_core.package_discovery:discover_packages(ignore) discover
[0.508s] Level 1:colcon.colcon_core.package_discovery:discover_packages(ignore) using defaults
[0.508s] Level 1:colcon.colcon_core.package_discovery:discover_packages(path) discover
[0.509s] Level 1:colcon.colcon_core.package_discovery:discover_packages(path) using defaults
[0.531s] INFO:colcon.colcon_core.package_selection:Skipping not selected package 'lidar_msgs' in 'src/ole2d_ros2_driver/lidar_msgs'
[0.531s] INFO:colcon.colcon_core.package_selection:Skipping not selected package 'linear_sensor_msgs' in 'src/linear_sensor_msgs'
[0.531s] INFO:colcon.colcon_core.package_selection:Skipping not selected package 'ros2_lidar' in 'src/ole2d_ros2_driver/ros2_lidar'
[0.532s] Level 1:colcon.colcon_core.package_discovery:discover_packages(prefix_path) check parameters
[0.532s] Level 1:colcon.colcon_core.package_discovery:discover_packages(prefix_path) discover
[0.535s] DEBUG:colcon.colcon_installed_package_information.package_discovery:Found 172 installed packages in /opt/ros/foxy
[0.536s] Level 1:colcon.colcon_core.package_discovery:discover_packages(prefix_path) using defaults
[0.601s] Level 5:colcon.colcon_core.verb:set package 'lidar_data_handler' build argument 'cmake_args' from command line to 'None'
[0.601s] Level 5:colcon.colcon_core.verb:set package 'lidar_data_handler' build argument 'cmake_target' from command line to 'None'
[0.601s] Level 5:colcon.colcon_core.verb:set package 'lidar_data_handler' build argument 'cmake_target_skip_unavailable' from command line to 'False'
[0.601s] Level 5:colcon.colcon_core.verb:set package 'lidar_data_handler' build argument 'cmake_clean_cache' from command line to 'False'
[0.602s] Level 5:colcon.colcon_core.verb:set package 'lidar_data_handler' build argument 'cmake_clean_first' from command line to 'False'
[0.602s] Level 5:colcon.colcon_core.verb:set package 'lidar_data_handler' build argument 'cmake_force_configure' from command line to 'False'
[0.602s] Level 5:colcon.colcon_core.verb:set package 'lidar_data_handler' build argument 'ament_cmake_args' from command line to 'None'
[0.602s] Level 5:colcon.colcon_core.verb:set package 'lidar_data_handler' build argument 'catkin_cmake_args' from command line to 'None'
[0.602s] Level 5:colcon.colcon_core.verb:set package 'lidar_data_handler' build argument 'catkin_skip_building_tests' from command line to 'False'
[0.602s] DEBUG:colcon.colcon_core.verb:Building package 'lidar_data_handler' with the following arguments: {'ament_cmake_args': None, 'build_base': '/home/grz/trolley_auto_drive_image/code/build/lidar_data_handler', 'catkin_cmake_args': None, 'catkin_skip_building_tests': False, 'cmake_args': None, 'cmake_clean_cache': False, 'cmake_clean_first': False, 'cmake_force_configure': False, 'cmake_target': None, 'cmake_target_skip_unavailable': False, 'install_base': '/home/grz/trolley_auto_drive_image/code/install/lidar_data_handler', 'merge_install': False, 'path': '/home/grz/trolley_auto_drive_image/code/src/lidar_data_handler', 'symlink_install': True, 'test_result_base': None}
[0.603s] Level 5:colcon.colcon_core.verb:set package 'linear_displacement_sensor' build argument 'cmake_args' from command line to 'None'
[0.603s] Level 5:colcon.colcon_core.verb:set package 'linear_displacement_sensor' build argument 'cmake_target' from command line to 'None'
[0.603s] Level 5:colcon.colcon_core.verb:set package 'linear_displacement_sensor' build argument 'cmake_target_skip_unavailable' from command line to 'False'
[0.603s] Level 5:colcon.colcon_core.verb:set package 'linear_displacement_sensor' build argument 'cmake_clean_cache' from command line to 'False'
[0.603s] Level 5:colcon.colcon_core.verb:set package 'linear_displacement_sensor' build argument 'cmake_clean_first' from command line to 'False'
[0.603s] Level 5:colcon.colcon_core.verb:set package 'linear_displacement_sensor' build argument 'cmake_force_configure' from command line to 'False'
[0.603s] Level 5:colcon.colcon_core.verb:set package 'linear_displacement_sensor' build argument 'ament_cmake_args' from command line to 'None'
[0.603s] Level 5:colcon.colcon_core.verb:set package 'linear_displacement_sensor' build argument 'catkin_cmake_args' from command line to 'None'
[0.603s] Level 5:colcon.colcon_core.verb:set package 'linear_displacement_sensor' build argument 'catkin_skip_building_tests' from command line to 'False'
[0.603s] DEBUG:colcon.colcon_core.verb:Building package 'linear_displacement_sensor' with the following arguments: {'ament_cmake_args': None, 'build_base': '/home/grz/trolley_auto_drive_image/code/build/linear_displacement_sensor', 'catkin_cmake_args': None, 'catkin_skip_building_tests': False, 'cmake_args': None, 'cmake_clean_cache': False, 'cmake_clean_first': False, 'cmake_force_configure': False, 'cmake_target': None, 'cmake_target_skip_unavailable': False, 'install_base': '/home/grz/trolley_auto_drive_image/code/install/linear_displacement_sensor', 'merge_install': False, 'path': '/home/grz/trolley_auto_drive_image/code/src/linear_displacement_sensor', 'symlink_install': True, 'test_result_base': None}
[0.604s] INFO:colcon.colcon_core.executor:Executing jobs using 'parallel' executor
[0.605s] DEBUG:colcon.colcon_parallel_executor.executor.parallel:run_until_complete
[0.606s] INFO:colcon.colcon_ros.task.ament_python.build:Building ROS package in '/home/grz/trolley_auto_drive_image/code/src/lidar_data_handler' with build type 'ament_python'
[0.606s] Level 1:colcon.colcon_core.shell:create_environment_hook('lidar_data_handler', 'ament_prefix_path')
[0.609s] INFO:colcon.colcon_core.plugin_system:Skipping extension 'colcon_core.shell.bat': Not used on non-Windows systems
[0.610s] INFO:colcon.colcon_core.shell:Creating environment hook '/home/grz/trolley_auto_drive_image/code/install/lidar_data_handler/share/lidar_data_handler/hook/ament_prefix_path.ps1'
[0.611s] INFO:colcon.colcon_core.shell:Creating environment descriptor '/home/grz/trolley_auto_drive_image/code/install/lidar_data_handler/share/lidar_data_handler/hook/ament_prefix_path.dsv'
[0.612s] INFO:colcon.colcon_core.shell:Creating environment hook '/home/grz/trolley_auto_drive_image/code/install/lidar_data_handler/share/lidar_data_handler/hook/ament_prefix_path.sh'
[0.614s] INFO:colcon.colcon_core.shell:Skip shell extension 'powershell' for command environment: Not usable outside of PowerShell
[0.614s] DEBUG:colcon.colcon_core.shell:Skip shell extension 'dsv' for command environment
[0.619s] INFO:colcon.colcon_ros.task.ament_python.build:Building ROS package in '/home/grz/trolley_auto_drive_image/code/src/linear_displacement_sensor' with build type 'ament_python'
[0.620s] Level 1:colcon.colcon_core.shell:create_environment_hook('linear_displacement_sensor', 'ament_prefix_path')
[0.621s] INFO:colcon.colcon_core.shell:Creating environment hook '/home/grz/trolley_auto_drive_image/code/install/linear_displacement_sensor/share/linear_displacement_sensor/hook/ament_prefix_path.ps1'
[0.622s] INFO:colcon.colcon_core.shell:Creating environment descriptor '/home/grz/trolley_auto_drive_image/code/install/linear_displacement_sensor/share/linear_displacement_sensor/hook/ament_prefix_path.dsv'
[0.623s] INFO:colcon.colcon_core.shell:Creating environment hook '/home/grz/trolley_auto_drive_image/code/install/linear_displacement_sensor/share/linear_displacement_sensor/hook/ament_prefix_path.sh'
[0.623s] INFO:colcon.colcon_core.shell:Skip shell extension 'powershell' for command environment: Not usable outside of PowerShell
[0.624s] DEBUG:colcon.colcon_core.shell:Skip shell extension 'dsv' for command environment
[0.966s] INFO:colcon.colcon_core.task.python.build:Building Python package in '/home/grz/trolley_auto_drive_image/code/src/lidar_data_handler'
[0.967s] INFO:colcon.colcon_core.shell:Skip shell extension 'powershell' for command environment: Not usable outside of PowerShell
[0.967s] DEBUG:colcon.colcon_core.shell:Skip shell extension 'dsv' for command environment
[1.274s] INFO:colcon.colcon_core.task.python.build:Building Python package in '/home/grz/trolley_auto_drive_image/code/src/linear_displacement_sensor'
[1.275s] INFO:colcon.colcon_core.shell:Skip shell extension 'powershell' for command environment: Not usable outside of PowerShell
[1.275s] DEBUG:colcon.colcon_core.shell:Skip shell extension 'dsv' for command environment
[1.886s] DEBUG:colcon.colcon_core.event_handler.log_command:Invoking command in '/home/grz/trolley_auto_drive_image/code/build/lidar_data_handler': PYTHONPATH=/home/grz/trolley_auto_drive_image/code/build/lidar_data_handler/prefix_override:/usr/lib/python3/dist-packages/colcon_core/task/python/colcon_distutils_commands:/home/grz/trolley_auto_drive_image/code/install/lidar_data_handler/lib/python3.8/site-packages:${PYTHONPATH} /usr/bin/python3 -W ignore:setup.py install is deprecated -W ignore:easy_install command is deprecated setup.py develop --editable --build-directory /home/grz/trolley_auto_drive_image/code/build/lidar_data_handler/build --no-deps symlink_data
[1.894s] DEBUG:colcon.colcon_core.event_handler.log_command:Invoking command in '/home/grz/trolley_auto_drive_image/code/build/linear_displacement_sensor': PYTHONPATH=/home/grz/trolley_auto_drive_image/code/build/linear_displacement_sensor/prefix_override:/usr/lib/python3/dist-packages/colcon_core/task/python/colcon_distutils_commands:/home/grz/trolley_auto_drive_image/code/install/linear_displacement_sensor/lib/python3.8/site-packages:${PYTHONPATH} /usr/bin/python3 -W ignore:setup.py install is deprecated -W ignore:easy_install command is deprecated setup.py develop --editable --build-directory /home/grz/trolley_auto_drive_image/code/build/linear_displacement_sensor/build --no-deps symlink_data
[2.601s] Level 1:colcon.colcon_core.shell:create_environment_hook('lidar_data_handler', 'pythonpath_develop')
[2.601s] INFO:colcon.colcon_core.shell:Creating environment hook '/home/grz/trolley_auto_drive_image/code/build/lidar_data_handler/share/lidar_data_handler/hook/pythonpath_develop.ps1'
[2.602s] DEBUG:colcon.colcon_core.event_handler.log_command:Invoked command in '/home/grz/trolley_auto_drive_image/code/build/lidar_data_handler' returned '0': PYTHONPATH=/home/grz/trolley_auto_drive_image/code/build/lidar_data_handler/prefix_override:/usr/lib/python3/dist-packages/colcon_core/task/python/colcon_distutils_commands:/home/grz/trolley_auto_drive_image/code/install/lidar_data_handler/lib/python3.8/site-packages:${PYTHONPATH} /usr/bin/python3 -W ignore:setup.py install is deprecated -W ignore:easy_install command is deprecated setup.py develop --editable --build-directory /home/grz/trolley_auto_drive_image/code/build/lidar_data_handler/build --no-deps symlink_data
[2.603s] INFO:colcon.colcon_core.shell:Creating environment descriptor '/home/grz/trolley_auto_drive_image/code/build/lidar_data_handler/share/lidar_data_handler/hook/pythonpath_develop.dsv'
[2.603s] INFO:colcon.colcon_core.shell:Creating environment hook '/home/grz/trolley_auto_drive_image/code/build/lidar_data_handler/share/lidar_data_handler/hook/pythonpath_develop.sh'
[2.607s] Level 1:colcon.colcon_core.environment:checking '/home/grz/trolley_auto_drive_image/code/install/lidar_data_handler' for CMake module files
[2.608s] Level 1:colcon.colcon_core.environment:checking '/home/grz/trolley_auto_drive_image/code/install/lidar_data_handler' for CMake config files
[2.609s] Level 1:colcon.colcon_core.environment:checking '/home/grz/trolley_auto_drive_image/code/install/lidar_data_handler/lib'
[2.609s] Level 1:colcon.colcon_core.environment:checking '/home/grz/trolley_auto_drive_image/code/install/lidar_data_handler/bin'
[2.609s] Level 1:colcon.colcon_core.environment:checking '/home/grz/trolley_auto_drive_image/code/install/lidar_data_handler/lib/pkgconfig/lidar_data_handler.pc'
[2.610s] Level 1:colcon.colcon_core.environment:checking '/home/grz/trolley_auto_drive_image/code/install/lidar_data_handler/lib/python3.8/site-packages'
[2.610s] Level 1:colcon.colcon_core.shell:create_environment_hook('lidar_data_handler', 'pythonpath')
[2.610s] INFO:colcon.colcon_core.shell:Creating environment hook '/home/grz/trolley_auto_drive_image/code/install/lidar_data_handler/share/lidar_data_handler/hook/pythonpath.ps1'
[2.611s] INFO:colcon.colcon_core.shell:Creating environment descriptor '/home/grz/trolley_auto_drive_image/code/install/lidar_data_handler/share/lidar_data_handler/hook/pythonpath.dsv'
[2.612s] INFO:colcon.colcon_core.shell:Creating environment hook '/home/grz/trolley_auto_drive_image/code/install/lidar_data_handler/share/lidar_data_handler/hook/pythonpath.sh'
[2.612s] Level 1:colcon.colcon_core.environment:checking '/home/grz/trolley_auto_drive_image/code/install/lidar_data_handler/bin'
[2.612s] Level 1:colcon.colcon_core.environment:create_environment_scripts_only(lidar_data_handler)
[2.613s] INFO:colcon.colcon_core.shell:Creating package script '/home/grz/trolley_auto_drive_image/code/install/lidar_data_handler/share/lidar_data_handler/package.ps1'
[2.615s] INFO:colcon.colcon_core.shell:Creating package descriptor '/home/grz/trolley_auto_drive_image/code/install/lidar_data_handler/share/lidar_data_handler/package.dsv'
[2.616s] INFO:colcon.colcon_core.shell:Creating package script '/home/grz/trolley_auto_drive_image/code/install/lidar_data_handler/share/lidar_data_handler/package.sh'
[2.617s] INFO:colcon.colcon_core.shell:Creating package script '/home/grz/trolley_auto_drive_image/code/install/lidar_data_handler/share/lidar_data_handler/package.bash'
[2.618s] INFO:colcon.colcon_core.shell:Creating package script '/home/grz/trolley_auto_drive_image/code/install/lidar_data_handler/share/lidar_data_handler/package.zsh'
[2.619s] Level 1:colcon.colcon_core.environment:create_file_with_runtime_dependencies(/home/grz/trolley_auto_drive_image/code/install/lidar_data_handler/share/colcon-core/packages/lidar_data_handler)
[2.620s] Level 1:colcon.colcon_core.shell:create_environment_hook('linear_displacement_sensor', 'pythonpath_develop')
[2.620s] INFO:colcon.colcon_core.shell:Creating environment hook '/home/grz/trolley_auto_drive_image/code/build/linear_displacement_sensor/share/linear_displacement_sensor/hook/pythonpath_develop.ps1'
[2.622s] INFO:colcon.colcon_core.shell:Creating environment descriptor '/home/grz/trolley_auto_drive_image/code/build/linear_displacement_sensor/share/linear_displacement_sensor/hook/pythonpath_develop.dsv'
[2.622s] DEBUG:colcon.colcon_core.event_handler.log_command:Invoked command in '/home/grz/trolley_auto_drive_image/code/build/linear_displacement_sensor' returned '0': PYTHONPATH=/home/grz/trolley_auto_drive_image/code/build/linear_displacement_sensor/prefix_override:/usr/lib/python3/dist-packages/colcon_core/task/python/colcon_distutils_commands:/home/grz/trolley_auto_drive_image/code/install/linear_displacement_sensor/lib/python3.8/site-packages:${PYTHONPATH} /usr/bin/python3 -W ignore:setup.py install is deprecated -W ignore:easy_install command is deprecated setup.py develop --editable --build-directory /home/grz/trolley_auto_drive_image/code/build/linear_displacement_sensor/build --no-deps symlink_data
[2.623s] INFO:colcon.colcon_core.shell:Creating environment hook '/home/grz/trolley_auto_drive_image/code/build/linear_displacement_sensor/share/linear_displacement_sensor/hook/pythonpath_develop.sh'
[2.624s] Level 1:colcon.colcon_core.environment:checking '/home/grz/trolley_auto_drive_image/code/install/linear_displacement_sensor' for CMake module files
[2.624s] Level 1:colcon.colcon_core.environment:checking '/home/grz/trolley_auto_drive_image/code/install/linear_displacement_sensor' for CMake config files
[2.625s] Level 1:colcon.colcon_core.environment:checking '/home/grz/trolley_auto_drive_image/code/install/linear_displacement_sensor/lib'
[2.625s] Level 1:colcon.colcon_core.environment:checking '/home/grz/trolley_auto_drive_image/code/install/linear_displacement_sensor/bin'
[2.625s] Level 1:colcon.colcon_core.environment:checking '/home/grz/trolley_auto_drive_image/code/install/linear_displacement_sensor/lib/pkgconfig/linear_displacement_sensor.pc'
[2.626s] Level 1:colcon.colcon_core.environment:checking '/home/grz/trolley_auto_drive_image/code/install/linear_displacement_sensor/lib/python3.8/site-packages'
[2.626s] Level 1:colcon.colcon_core.shell:create_environment_hook('linear_displacement_sensor', 'pythonpath')
[2.626s] INFO:colcon.colcon_core.shell:Creating environment hook '/home/grz/trolley_auto_drive_image/code/install/linear_displacement_sensor/share/linear_displacement_sensor/hook/pythonpath.ps1'
[2.627s] INFO:colcon.colcon_core.shell:Creating environment descriptor '/home/grz/trolley_auto_drive_image/code/install/linear_displacement_sensor/share/linear_displacement_sensor/hook/pythonpath.dsv'
[2.628s] INFO:colcon.colcon_core.shell:Creating environment hook '/home/grz/trolley_auto_drive_image/code/install/linear_displacement_sensor/share/linear_displacement_sensor/hook/pythonpath.sh'
[2.629s] Level 1:colcon.colcon_core.environment:checking '/home/grz/trolley_auto_drive_image/code/install/linear_displacement_sensor/bin'
[2.629s] Level 1:colcon.colcon_core.environment:create_environment_scripts_only(linear_displacement_sensor)
[2.629s] INFO:colcon.colcon_core.shell:Creating package script '/home/grz/trolley_auto_drive_image/code/install/linear_displacement_sensor/share/linear_displacement_sensor/package.ps1'
[2.630s] INFO:colcon.colcon_core.shell:Creating package descriptor '/home/grz/trolley_auto_drive_image/code/install/linear_displacement_sensor/share/linear_displacement_sensor/package.dsv'
[2.631s] INFO:colcon.colcon_core.shell:Creating package script '/home/grz/trolley_auto_drive_image/code/install/linear_displacement_sensor/share/linear_displacement_sensor/package.sh'
[2.632s] INFO:colcon.colcon_core.shell:Creating package script '/home/grz/trolley_auto_drive_image/code/install/linear_displacement_sensor/share/linear_displacement_sensor/package.bash'
[2.632s] INFO:colcon.colcon_core.shell:Creating package script '/home/grz/trolley_auto_drive_image/code/install/linear_displacement_sensor/share/linear_displacement_sensor/package.zsh'
[2.633s] Level 1:colcon.colcon_core.environment:create_file_with_runtime_dependencies(/home/grz/trolley_auto_drive_image/code/install/linear_displacement_sensor/share/colcon-core/packages/linear_displacement_sensor)
[2.633s] DEBUG:colcon.colcon_parallel_executor.executor.parallel:closing loop
[2.634s] DEBUG:colcon.colcon_parallel_executor.executor.parallel:loop closed
[2.634s] DEBUG:colcon.colcon_parallel_executor.executor.parallel:run_until_complete finished with '0'
[2.634s] DEBUG:colcon.colcon_core.event_reactor:joining thread
[2.643s] INFO:colcon.colcon_core.plugin_system:Skipping extension 'colcon_notification.desktop_notification.notify_send': Could not find 'notify-send'
[2.643s] INFO:colcon.colcon_core.plugin_system:Skipping extension 'colcon_notification.desktop_notification.terminal_notifier': Not used on non-Darwin systems
[2.644s] INFO:colcon.colcon_core.plugin_system:Skipping extension 'colcon_notification.desktop_notification.win32': Not used on non-Windows systems
[2.644s] INFO:colcon.colcon_notification.desktop_notification:Sending desktop notification using 'notify2'
[2.649s] DEBUG:colcon.colcon_core.event_reactor:joined thread
[2.650s] INFO:colcon.colcon_core.shell:Creating prefix script '/home/grz/trolley_auto_drive_image/code/install/local_setup.ps1'
[2.652s] INFO:colcon.colcon_core.shell:Creating prefix util module '/home/grz/trolley_auto_drive_image/code/install/_local_setup_util_ps1.py'
[2.654s] INFO:colcon.colcon_core.shell:Creating prefix chain script '/home/grz/trolley_auto_drive_image/code/install/setup.ps1'
[2.656s] INFO:colcon.colcon_core.shell:Creating prefix script '/home/grz/trolley_auto_drive_image/code/install/local_setup.sh'
[2.657s] INFO:colcon.colcon_core.shell:Creating prefix util module '/home/grz/trolley_auto_drive_image/code/install/_local_setup_util_sh.py'
[2.657s] INFO:colcon.colcon_core.shell:Creating prefix chain script '/home/grz/trolley_auto_drive_image/code/install/setup.sh'
[2.659s] INFO:colcon.colcon_core.shell:Creating prefix script '/home/grz/trolley_auto_drive_image/code/install/local_setup.bash'
[2.660s] INFO:colcon.colcon_core.shell:Creating prefix chain script '/home/grz/trolley_auto_drive_image/code/install/setup.bash'
[2.661s] INFO:colcon.colcon_core.shell:Creating prefix script '/home/grz/trolley_auto_drive_image/code/install/local_setup.zsh'
[2.662s] INFO:colcon.colcon_core.shell:Creating prefix chain script '/home/grz/trolley_auto_drive_image/code/install/setup.zsh'
