[0.352s] DEBUG:colcon:Command line arguments: ['/usr/bin/colcon', 'build', '--packages-select', 'ros2_lidar']
[0.353s] DEBUG:colcon:Parsed command line arguments: Namespace(allow_overriding=[], ament_cmake_args=None, base_paths=['.'], build_base='build', catkin_cmake_args=None, catkin_skip_building_tests=False, cmake_args=None, cmake_clean_cache=False, cmake_clean_first=False, cmake_force_configure=False, cmake_target=None, cmake_target_skip_unavailable=False, continue_on_error=False, event_handlers=None, executor='parallel', ignore_user_meta=False, install_base='install', log_base=None, log_level=None, main=<bound method BuildVerb.main of <colcon_core.verb.build.BuildVerb object at 0x7fe1fa9839a0>>, merge_install=False, metas=['./colcon.meta'], mixin=None, mixin_files=None, mixin_verb=('build',), packages_above=None, packages_above_and_dependencies=None, packages_above_depth=None, packages_end=None, packages_ignore=None, packages_ignore_regex=None, packages_select=['ros2_lidar'], packages_select_build_failed=False, packages_select_by_dep=None, packages_select_regex=None, packages_select_test_failures=False, packages_skip=None, packages_skip_build_finished=False, packages_skip_by_dep=None, packages_skip_regex=None, packages_skip_test_passed=False, packages_skip_up_to=None, packages_start=None, packages_up_to=None, packages_up_to_regex=None, parallel_workers=4, paths=None, symlink_install=False, test_result_base=None, verb_extension=<colcon_core.verb.build.BuildVerb object at 0x7fe1fa9839a0>, verb_name='build', verb_parser=<colcon_mixin.mixin.mixin_argument.MixinArgumentDecorator object at 0x7fe1fa910550>)
[0.765s] Level 1:colcon.colcon_core.package_discovery:discover_packages(colcon_meta) check parameters
[0.766s] Level 1:colcon.colcon_core.package_discovery:discover_packages(recursive) check parameters
[0.766s] Level 1:colcon.colcon_core.package_discovery:discover_packages(ignore) check parameters
[0.766s] Level 1:colcon.colcon_core.package_discovery:discover_packages(path) check parameters
[0.766s] Level 1:colcon.colcon_core.package_discovery:discover_packages(colcon_meta) discover
[0.766s] Level 1:colcon.colcon_core.package_discovery:discover_packages(recursive) discover
[0.766s] INFO:colcon.colcon_core.package_discovery:Crawling recursively for packages in '/home/grz/trolley_auto_drive_image/code'
[0.767s] Level 1:colcon.colcon_core.package_identification:_identify(.) by extensions ['ignore', 'ignore_ament_install']
[0.767s] Level 1:colcon.colcon_core.package_identification:_identify(.) by extension 'ignore'
[0.767s] Level 1:colcon.colcon_core.package_identification:_identify(.) by extension 'ignore_ament_install'
[0.767s] Level 1:colcon.colcon_core.package_identification:_identify(.) by extensions ['colcon_pkg']
[0.767s] Level 1:colcon.colcon_core.package_identification:_identify(.) by extension 'colcon_pkg'
[0.767s] Level 1:colcon.colcon_core.package_identification:_identify(.) by extensions ['colcon_meta']
[0.767s] Level 1:colcon.colcon_core.package_identification:_identify(.) by extension 'colcon_meta'
[0.767s] Level 1:colcon.colcon_core.package_identification:_identify(.) by extensions ['ros']
[0.768s] Level 1:colcon.colcon_core.package_identification:_identify(.) by extension 'ros'
[0.799s] Level 1:colcon.colcon_core.package_identification:_identify(.) by extensions ['cmake', 'python']
[0.799s] Level 1:colcon.colcon_core.package_identification:_identify(.) by extension 'cmake'
[0.799s] Level 1:colcon.colcon_core.package_identification:_identify(.) by extension 'python'
[0.799s] Level 1:colcon.colcon_core.package_identification:_identify(.) by extensions ['python_setup_py']
[0.799s] Level 1:colcon.colcon_core.package_identification:_identify(.) by extension 'python_setup_py'
[0.799s] Level 1:colcon.colcon_core.package_identification:_identify(build) by extensions ['ignore', 'ignore_ament_install']
[0.800s] Level 1:colcon.colcon_core.package_identification:_identify(build) by extension 'ignore'
[0.800s] Level 1:colcon.colcon_core.package_identification:_identify(build) ignored
[0.800s] Level 1:colcon.colcon_core.package_identification:_identify(install) by extensions ['ignore', 'ignore_ament_install']
[0.800s] Level 1:colcon.colcon_core.package_identification:_identify(install) by extension 'ignore'
[0.801s] Level 1:colcon.colcon_core.package_identification:_identify(install) ignored
[0.801s] Level 1:colcon.colcon_core.package_identification:_identify(log) by extensions ['ignore', 'ignore_ament_install']
[0.801s] Level 1:colcon.colcon_core.package_identification:_identify(log) by extension 'ignore'
[0.801s] Level 1:colcon.colcon_core.package_identification:_identify(log) ignored
[0.801s] Level 1:colcon.colcon_core.package_identification:_identify(src) by extensions ['ignore', 'ignore_ament_install']
[0.802s] Level 1:colcon.colcon_core.package_identification:_identify(src) by extension 'ignore'
[0.802s] Level 1:colcon.colcon_core.package_identification:_identify(src) by extension 'ignore_ament_install'
[0.802s] Level 1:colcon.colcon_core.package_identification:_identify(src) by extensions ['colcon_pkg']
[0.802s] Level 1:colcon.colcon_core.package_identification:_identify(src) by extension 'colcon_pkg'
[0.802s] Level 1:colcon.colcon_core.package_identification:_identify(src) by extensions ['colcon_meta']
[0.802s] Level 1:colcon.colcon_core.package_identification:_identify(src) by extension 'colcon_meta'
[0.802s] Level 1:colcon.colcon_core.package_identification:_identify(src) by extensions ['ros']
[0.802s] Level 1:colcon.colcon_core.package_identification:_identify(src) by extension 'ros'
[0.803s] Level 1:colcon.colcon_core.package_identification:_identify(src) by extensions ['cmake', 'python']
[0.803s] Level 1:colcon.colcon_core.package_identification:_identify(src) by extension 'cmake'
[0.803s] Level 1:colcon.colcon_core.package_identification:_identify(src) by extension 'python'
[0.803s] Level 1:colcon.colcon_core.package_identification:_identify(src) by extensions ['python_setup_py']
[0.803s] Level 1:colcon.colcon_core.package_identification:_identify(src) by extension 'python_setup_py'
[0.803s] Level 1:colcon.colcon_core.package_identification:_identify(src/lidar_data_handler) by extensions ['ignore', 'ignore_ament_install']
[0.804s] Level 1:colcon.colcon_core.package_identification:_identify(src/lidar_data_handler) by extension 'ignore'
[0.804s] Level 1:colcon.colcon_core.package_identification:_identify(src/lidar_data_handler) by extension 'ignore_ament_install'
[0.804s] Level 1:colcon.colcon_core.package_identification:_identify(src/lidar_data_handler) by extensions ['colcon_pkg']
[0.804s] Level 1:colcon.colcon_core.package_identification:_identify(src/lidar_data_handler) by extension 'colcon_pkg'
[0.804s] Level 1:colcon.colcon_core.package_identification:_identify(src/lidar_data_handler) by extensions ['colcon_meta']
[0.804s] Level 1:colcon.colcon_core.package_identification:_identify(src/lidar_data_handler) by extension 'colcon_meta'
[0.804s] Level 1:colcon.colcon_core.package_identification:_identify(src/lidar_data_handler) by extensions ['ros']
[0.804s] Level 1:colcon.colcon_core.package_identification:_identify(src/lidar_data_handler) by extension 'ros'
[0.812s] DEBUG:colcon.colcon_core.package_identification:Package 'src/lidar_data_handler' with type 'ros.ament_python' and name 'lidar_data_handler'
[0.812s] Level 1:colcon.colcon_core.package_identification:_identify(src/linear_displacement_sensor) by extensions ['ignore', 'ignore_ament_install']
[0.813s] Level 1:colcon.colcon_core.package_identification:_identify(src/linear_displacement_sensor) by extension 'ignore'
[0.813s] Level 1:colcon.colcon_core.package_identification:_identify(src/linear_displacement_sensor) by extension 'ignore_ament_install'
[0.813s] Level 1:colcon.colcon_core.package_identification:_identify(src/linear_displacement_sensor) by extensions ['colcon_pkg']
[0.813s] Level 1:colcon.colcon_core.package_identification:_identify(src/linear_displacement_sensor) by extension 'colcon_pkg'
[0.813s] Level 1:colcon.colcon_core.package_identification:_identify(src/linear_displacement_sensor) by extensions ['colcon_meta']
[0.813s] Level 1:colcon.colcon_core.package_identification:_identify(src/linear_displacement_sensor) by extension 'colcon_meta'
[0.813s] Level 1:colcon.colcon_core.package_identification:_identify(src/linear_displacement_sensor) by extensions ['ros']
[0.814s] Level 1:colcon.colcon_core.package_identification:_identify(src/linear_displacement_sensor) by extension 'ros'
[0.815s] DEBUG:colcon.colcon_core.package_identification:Package 'src/linear_displacement_sensor' with type 'ros.ament_python' and name 'linear_displacement_sensor'
[0.815s] Level 1:colcon.colcon_core.package_identification:_identify(src/linear_sensor_msgs) by extensions ['ignore', 'ignore_ament_install']
[0.816s] Level 1:colcon.colcon_core.package_identification:_identify(src/linear_sensor_msgs) by extension 'ignore'
[0.816s] Level 1:colcon.colcon_core.package_identification:_identify(src/linear_sensor_msgs) by extension 'ignore_ament_install'
[0.816s] Level 1:colcon.colcon_core.package_identification:_identify(src/linear_sensor_msgs) by extensions ['colcon_pkg']
[0.816s] Level 1:colcon.colcon_core.package_identification:_identify(src/linear_sensor_msgs) by extension 'colcon_pkg'
[0.816s] Level 1:colcon.colcon_core.package_identification:_identify(src/linear_sensor_msgs) by extensions ['colcon_meta']
[0.816s] Level 1:colcon.colcon_core.package_identification:_identify(src/linear_sensor_msgs) by extension 'colcon_meta'
[0.817s] Level 1:colcon.colcon_core.package_identification:_identify(src/linear_sensor_msgs) by extensions ['ros']
[0.817s] Level 1:colcon.colcon_core.package_identification:_identify(src/linear_sensor_msgs) by extension 'ros'
[0.818s] DEBUG:colcon.colcon_core.package_identification:Package 'src/linear_sensor_msgs' with type 'ros.ament_cmake' and name 'linear_sensor_msgs'
[0.819s] Level 1:colcon.colcon_core.package_identification:_identify(src/ole2d_ros2_driver) by extensions ['ignore', 'ignore_ament_install']
[0.819s] Level 1:colcon.colcon_core.package_identification:_identify(src/ole2d_ros2_driver) by extension 'ignore'
[0.819s] Level 1:colcon.colcon_core.package_identification:_identify(src/ole2d_ros2_driver) by extension 'ignore_ament_install'
[0.819s] Level 1:colcon.colcon_core.package_identification:_identify(src/ole2d_ros2_driver) by extensions ['colcon_pkg']
[0.819s] Level 1:colcon.colcon_core.package_identification:_identify(src/ole2d_ros2_driver) by extension 'colcon_pkg'
[0.819s] Level 1:colcon.colcon_core.package_identification:_identify(src/ole2d_ros2_driver) by extensions ['colcon_meta']
[0.820s] Level 1:colcon.colcon_core.package_identification:_identify(src/ole2d_ros2_driver) by extension 'colcon_meta'
[0.820s] Level 1:colcon.colcon_core.package_identification:_identify(src/ole2d_ros2_driver) by extensions ['ros']
[0.820s] Level 1:colcon.colcon_core.package_identification:_identify(src/ole2d_ros2_driver) by extension 'ros'
[0.820s] Level 1:colcon.colcon_core.package_identification:_identify(src/ole2d_ros2_driver) by extensions ['cmake', 'python']
[0.820s] Level 1:colcon.colcon_core.package_identification:_identify(src/ole2d_ros2_driver) by extension 'cmake'
[0.820s] Level 1:colcon.colcon_core.package_identification:_identify(src/ole2d_ros2_driver) by extension 'python'
[0.820s] Level 1:colcon.colcon_core.package_identification:_identify(src/ole2d_ros2_driver) by extensions ['python_setup_py']
[0.821s] Level 1:colcon.colcon_core.package_identification:_identify(src/ole2d_ros2_driver) by extension 'python_setup_py'
[0.821s] Level 1:colcon.colcon_core.package_identification:_identify(src/ole2d_ros2_driver/lidar_msgs) by extensions ['ignore', 'ignore_ament_install']
[0.821s] Level 1:colcon.colcon_core.package_identification:_identify(src/ole2d_ros2_driver/lidar_msgs) by extension 'ignore'
[0.821s] Level 1:colcon.colcon_core.package_identification:_identify(src/ole2d_ros2_driver/lidar_msgs) by extension 'ignore_ament_install'
[0.822s] Level 1:colcon.colcon_core.package_identification:_identify(src/ole2d_ros2_driver/lidar_msgs) by extensions ['colcon_pkg']
[0.822s] Level 1:colcon.colcon_core.package_identification:_identify(src/ole2d_ros2_driver/lidar_msgs) by extension 'colcon_pkg'
[0.822s] Level 1:colcon.colcon_core.package_identification:_identify(src/ole2d_ros2_driver/lidar_msgs) by extensions ['colcon_meta']
[0.822s] Level 1:colcon.colcon_core.package_identification:_identify(src/ole2d_ros2_driver/lidar_msgs) by extension 'colcon_meta'
[0.822s] Level 1:colcon.colcon_core.package_identification:_identify(src/ole2d_ros2_driver/lidar_msgs) by extensions ['ros']
[0.822s] Level 1:colcon.colcon_core.package_identification:_identify(src/ole2d_ros2_driver/lidar_msgs) by extension 'ros'
[0.824s] DEBUG:colcon.colcon_core.package_identification:Package 'src/ole2d_ros2_driver/lidar_msgs' with type 'ros.ament_cmake' and name 'lidar_msgs'
[0.825s] Level 1:colcon.colcon_core.package_identification:_identify(src/ole2d_ros2_driver/ros2_lidar) by extensions ['ignore', 'ignore_ament_install']
[0.825s] Level 1:colcon.colcon_core.package_identification:_identify(src/ole2d_ros2_driver/ros2_lidar) by extension 'ignore'
[0.825s] Level 1:colcon.colcon_core.package_identification:_identify(src/ole2d_ros2_driver/ros2_lidar) by extension 'ignore_ament_install'
[0.825s] Level 1:colcon.colcon_core.package_identification:_identify(src/ole2d_ros2_driver/ros2_lidar) by extensions ['colcon_pkg']
[0.825s] Level 1:colcon.colcon_core.package_identification:_identify(src/ole2d_ros2_driver/ros2_lidar) by extension 'colcon_pkg'
[0.825s] Level 1:colcon.colcon_core.package_identification:_identify(src/ole2d_ros2_driver/ros2_lidar) by extensions ['colcon_meta']
[0.826s] Level 1:colcon.colcon_core.package_identification:_identify(src/ole2d_ros2_driver/ros2_lidar) by extension 'colcon_meta'
[0.826s] Level 1:colcon.colcon_core.package_identification:_identify(src/ole2d_ros2_driver/ros2_lidar) by extensions ['ros']
[0.826s] Level 1:colcon.colcon_core.package_identification:_identify(src/ole2d_ros2_driver/ros2_lidar) by extension 'ros'
[0.831s] DEBUG:colcon.colcon_core.package_identification:Package 'src/ole2d_ros2_driver/ros2_lidar' with type 'ros.ament_cmake' and name 'ros2_lidar'
[0.831s] Level 1:colcon.colcon_core.package_discovery:discover_packages(recursive) using defaults
[0.831s] Level 1:colcon.colcon_core.package_discovery:discover_packages(ignore) discover
[0.831s] Level 1:colcon.colcon_core.package_discovery:discover_packages(ignore) using defaults
[0.831s] Level 1:colcon.colcon_core.package_discovery:discover_packages(path) discover
[0.831s] Level 1:colcon.colcon_core.package_discovery:discover_packages(path) using defaults
[0.876s] INFO:colcon.colcon_core.package_selection:Skipping not selected package 'lidar_data_handler' in 'src/lidar_data_handler'
[0.876s] INFO:colcon.colcon_core.package_selection:Skipping not selected package 'lidar_msgs' in 'src/ole2d_ros2_driver/lidar_msgs'
[0.876s] INFO:colcon.colcon_core.package_selection:Skipping not selected package 'linear_displacement_sensor' in 'src/linear_displacement_sensor'
[0.876s] INFO:colcon.colcon_core.package_selection:Skipping not selected package 'linear_sensor_msgs' in 'src/linear_sensor_msgs'
[0.877s] Level 1:colcon.colcon_core.package_discovery:discover_packages(prefix_path) check parameters
[0.877s] Level 1:colcon.colcon_core.package_discovery:discover_packages(prefix_path) discover
[0.881s] DEBUG:colcon.colcon_installed_package_information.package_discovery:Found 172 installed packages in /opt/ros/foxy
[0.883s] Level 1:colcon.colcon_core.package_discovery:discover_packages(prefix_path) using defaults
[0.996s] Level 5:colcon.colcon_core.verb:set package 'ros2_lidar' build argument 'cmake_args' from command line to 'None'
[0.996s] Level 5:colcon.colcon_core.verb:set package 'ros2_lidar' build argument 'cmake_target' from command line to 'None'
[0.996s] Level 5:colcon.colcon_core.verb:set package 'ros2_lidar' build argument 'cmake_target_skip_unavailable' from command line to 'False'
[0.996s] Level 5:colcon.colcon_core.verb:set package 'ros2_lidar' build argument 'cmake_clean_cache' from command line to 'False'
[0.996s] Level 5:colcon.colcon_core.verb:set package 'ros2_lidar' build argument 'cmake_clean_first' from command line to 'False'
[0.996s] Level 5:colcon.colcon_core.verb:set package 'ros2_lidar' build argument 'cmake_force_configure' from command line to 'False'
[0.996s] Level 5:colcon.colcon_core.verb:set package 'ros2_lidar' build argument 'ament_cmake_args' from command line to 'None'
[0.996s] Level 5:colcon.colcon_core.verb:set package 'ros2_lidar' build argument 'catkin_cmake_args' from command line to 'None'
[0.996s] Level 5:colcon.colcon_core.verb:set package 'ros2_lidar' build argument 'catkin_skip_building_tests' from command line to 'False'
[0.996s] DEBUG:colcon.colcon_core.verb:Building package 'ros2_lidar' with the following arguments: {'ament_cmake_args': None, 'build_base': '/home/grz/trolley_auto_drive_image/code/build/ros2_lidar', 'catkin_cmake_args': None, 'catkin_skip_building_tests': False, 'cmake_args': None, 'cmake_clean_cache': False, 'cmake_clean_first': False, 'cmake_force_configure': False, 'cmake_target': None, 'cmake_target_skip_unavailable': False, 'install_base': '/home/grz/trolley_auto_drive_image/code/install/ros2_lidar', 'merge_install': False, 'path': '/home/grz/trolley_auto_drive_image/code/src/ole2d_ros2_driver/ros2_lidar', 'symlink_install': False, 'test_result_base': None}
[0.997s] INFO:colcon.colcon_core.executor:Executing jobs using 'parallel' executor
[0.999s] DEBUG:colcon.colcon_parallel_executor.executor.parallel:run_until_complete
[0.999s] INFO:colcon.colcon_ros.task.ament_cmake.build:Building ROS package in '/home/grz/trolley_auto_drive_image/code/src/ole2d_ros2_driver/ros2_lidar' with build type 'ament_cmake'
[1.000s] INFO:colcon.colcon_cmake.task.cmake.build:Building CMake package in '/home/grz/trolley_auto_drive_image/code/src/ole2d_ros2_driver/ros2_lidar'
[1.006s] INFO:colcon.colcon_core.plugin_system:Skipping extension 'colcon_core.shell.bat': Not used on non-Windows systems
[1.007s] INFO:colcon.colcon_core.shell:Skip shell extension 'powershell' for command environment: Not usable outside of PowerShell
[1.007s] DEBUG:colcon.colcon_core.shell:Skip shell extension 'dsv' for command environment
[1.042s] DEBUG:colcon.colcon_core.event_handler.log_command:Invoking command in '/home/grz/trolley_auto_drive_image/code/build/ros2_lidar': AMENT_PREFIX_PATH=/home/grz/trolley_auto_drive_image/code/install/lidar_msgs:${AMENT_PREFIX_PATH} CMAKE_PREFIX_PATH=/home/grz/trolley_auto_drive_image/code/install/lidar_msgs:/opt/ros/foxy LD_LIBRARY_PATH=/home/grz/trolley_auto_drive_image/code/install/lidar_msgs/lib:${LD_LIBRARY_PATH} PYTHONPATH=/home/grz/trolley_auto_drive_image/code/install/lidar_msgs/lib/python3.8/site-packages:${PYTHONPATH} /usr/bin/cmake --build /home/grz/trolley_auto_drive_image/code/build/ros2_lidar -- -j4 -l4
[17.873s] DEBUG:colcon.colcon_core.event_handler.log_command:Invoked command in '/home/grz/trolley_auto_drive_image/code/build/ros2_lidar' returned '0': AMENT_PREFIX_PATH=/home/grz/trolley_auto_drive_image/code/install/lidar_msgs:${AMENT_PREFIX_PATH} CMAKE_PREFIX_PATH=/home/grz/trolley_auto_drive_image/code/install/lidar_msgs:/opt/ros/foxy LD_LIBRARY_PATH=/home/grz/trolley_auto_drive_image/code/install/lidar_msgs/lib:${LD_LIBRARY_PATH} PYTHONPATH=/home/grz/trolley_auto_drive_image/code/install/lidar_msgs/lib/python3.8/site-packages:${PYTHONPATH} /usr/bin/cmake --build /home/grz/trolley_auto_drive_image/code/build/ros2_lidar -- -j4 -l4
[17.892s] DEBUG:colcon.colcon_core.event_handler.log_command:Invoking command in '/home/grz/trolley_auto_drive_image/code/build/ros2_lidar': AMENT_PREFIX_PATH=/home/grz/trolley_auto_drive_image/code/install/lidar_msgs:${AMENT_PREFIX_PATH} CMAKE_PREFIX_PATH=/home/grz/trolley_auto_drive_image/code/install/lidar_msgs:/opt/ros/foxy LD_LIBRARY_PATH=/home/grz/trolley_auto_drive_image/code/install/lidar_msgs/lib:${LD_LIBRARY_PATH} PYTHONPATH=/home/grz/trolley_auto_drive_image/code/install/lidar_msgs/lib/python3.8/site-packages:${PYTHONPATH} /usr/bin/cmake --install /home/grz/trolley_auto_drive_image/code/build/ros2_lidar
[17.919s] Level 1:colcon.colcon_core.environment:create_environment_scripts_only(ros2_lidar)
[17.928s] DEBUG:colcon.colcon_core.event_handler.log_command:Invoked command in '/home/grz/trolley_auto_drive_image/code/build/ros2_lidar' returned '0': AMENT_PREFIX_PATH=/home/grz/trolley_auto_drive_image/code/install/lidar_msgs:${AMENT_PREFIX_PATH} CMAKE_PREFIX_PATH=/home/grz/trolley_auto_drive_image/code/install/lidar_msgs:/opt/ros/foxy LD_LIBRARY_PATH=/home/grz/trolley_auto_drive_image/code/install/lidar_msgs/lib:${LD_LIBRARY_PATH} PYTHONPATH=/home/grz/trolley_auto_drive_image/code/install/lidar_msgs/lib/python3.8/site-packages:${PYTHONPATH} /usr/bin/cmake --install /home/grz/trolley_auto_drive_image/code/build/ros2_lidar
[17.931s] Level 1:colcon.colcon_core.environment:checking '/home/grz/trolley_auto_drive_image/code/install/ros2_lidar' for CMake module files
[17.932s] Level 1:colcon.colcon_core.environment:checking '/home/grz/trolley_auto_drive_image/code/install/ros2_lidar' for CMake config files
[17.933s] Level 1:colcon.colcon_core.shell:create_environment_hook('ros2_lidar', 'cmake_prefix_path')
[17.934s] INFO:colcon.colcon_core.shell:Creating environment hook '/home/grz/trolley_auto_drive_image/code/install/ros2_lidar/share/ros2_lidar/hook/cmake_prefix_path.ps1'
[17.935s] INFO:colcon.colcon_core.shell:Creating environment descriptor '/home/grz/trolley_auto_drive_image/code/install/ros2_lidar/share/ros2_lidar/hook/cmake_prefix_path.dsv'
[17.936s] INFO:colcon.colcon_core.shell:Creating environment hook '/home/grz/trolley_auto_drive_image/code/install/ros2_lidar/share/ros2_lidar/hook/cmake_prefix_path.sh'
[17.939s] Level 1:colcon.colcon_core.environment:checking '/home/grz/trolley_auto_drive_image/code/install/ros2_lidar/lib'
[17.939s] Level 1:colcon.colcon_core.shell:create_environment_hook('ros2_lidar', 'ld_library_path_lib')
[17.939s] INFO:colcon.colcon_core.shell:Creating environment hook '/home/grz/trolley_auto_drive_image/code/install/ros2_lidar/share/ros2_lidar/hook/ld_library_path_lib.ps1'
[17.940s] INFO:colcon.colcon_core.shell:Creating environment descriptor '/home/grz/trolley_auto_drive_image/code/install/ros2_lidar/share/ros2_lidar/hook/ld_library_path_lib.dsv'
[17.941s] INFO:colcon.colcon_core.shell:Creating environment hook '/home/grz/trolley_auto_drive_image/code/install/ros2_lidar/share/ros2_lidar/hook/ld_library_path_lib.sh'
[17.941s] Level 1:colcon.colcon_core.environment:checking '/home/grz/trolley_auto_drive_image/code/install/ros2_lidar/bin'
[17.942s] Level 1:colcon.colcon_core.environment:checking '/home/grz/trolley_auto_drive_image/code/install/ros2_lidar/lib/pkgconfig/ros2_lidar.pc'
[17.942s] Level 1:colcon.colcon_core.environment:checking '/home/grz/trolley_auto_drive_image/code/install/ros2_lidar/lib/python3.8/site-packages'
[17.942s] Level 1:colcon.colcon_core.environment:checking '/home/grz/trolley_auto_drive_image/code/install/ros2_lidar/bin'
[17.943s] INFO:colcon.colcon_core.shell:Creating package script '/home/grz/trolley_auto_drive_image/code/install/ros2_lidar/share/ros2_lidar/package.ps1'
[17.945s] INFO:colcon.colcon_core.shell:Creating package descriptor '/home/grz/trolley_auto_drive_image/code/install/ros2_lidar/share/ros2_lidar/package.dsv'
[17.946s] INFO:colcon.colcon_core.shell:Creating package script '/home/grz/trolley_auto_drive_image/code/install/ros2_lidar/share/ros2_lidar/package.sh'
[17.947s] INFO:colcon.colcon_core.shell:Creating package script '/home/grz/trolley_auto_drive_image/code/install/ros2_lidar/share/ros2_lidar/package.bash'
[17.949s] INFO:colcon.colcon_core.shell:Creating package script '/home/grz/trolley_auto_drive_image/code/install/ros2_lidar/share/ros2_lidar/package.zsh'
[17.951s] Level 1:colcon.colcon_core.environment:create_file_with_runtime_dependencies(/home/grz/trolley_auto_drive_image/code/install/ros2_lidar/share/colcon-core/packages/ros2_lidar)
[17.952s] Level 1:colcon.colcon_core.environment:create_environment_scripts_only(ros2_lidar)
[17.952s] Level 1:colcon.colcon_core.environment:checking '/home/grz/trolley_auto_drive_image/code/install/ros2_lidar' for CMake module files
[17.953s] Level 1:colcon.colcon_core.environment:checking '/home/grz/trolley_auto_drive_image/code/install/ros2_lidar' for CMake config files
[17.954s] Level 1:colcon.colcon_core.shell:create_environment_hook('ros2_lidar', 'cmake_prefix_path')
[17.954s] INFO:colcon.colcon_core.shell:Creating environment hook '/home/grz/trolley_auto_drive_image/code/install/ros2_lidar/share/ros2_lidar/hook/cmake_prefix_path.ps1'
[17.955s] INFO:colcon.colcon_core.shell:Creating environment descriptor '/home/grz/trolley_auto_drive_image/code/install/ros2_lidar/share/ros2_lidar/hook/cmake_prefix_path.dsv'
[17.955s] INFO:colcon.colcon_core.shell:Creating environment hook '/home/grz/trolley_auto_drive_image/code/install/ros2_lidar/share/ros2_lidar/hook/cmake_prefix_path.sh'
[17.956s] Level 1:colcon.colcon_core.environment:checking '/home/grz/trolley_auto_drive_image/code/install/ros2_lidar/lib'
[17.956s] Level 1:colcon.colcon_core.shell:create_environment_hook('ros2_lidar', 'ld_library_path_lib')
[17.957s] INFO:colcon.colcon_core.shell:Creating environment hook '/home/grz/trolley_auto_drive_image/code/install/ros2_lidar/share/ros2_lidar/hook/ld_library_path_lib.ps1'
[17.957s] INFO:colcon.colcon_core.shell:Creating environment descriptor '/home/grz/trolley_auto_drive_image/code/install/ros2_lidar/share/ros2_lidar/hook/ld_library_path_lib.dsv'
[17.958s] INFO:colcon.colcon_core.shell:Creating environment hook '/home/grz/trolley_auto_drive_image/code/install/ros2_lidar/share/ros2_lidar/hook/ld_library_path_lib.sh'
[17.958s] Level 1:colcon.colcon_core.environment:checking '/home/grz/trolley_auto_drive_image/code/install/ros2_lidar/bin'
[17.959s] Level 1:colcon.colcon_core.environment:checking '/home/grz/trolley_auto_drive_image/code/install/ros2_lidar/lib/pkgconfig/ros2_lidar.pc'
[17.959s] Level 1:colcon.colcon_core.environment:checking '/home/grz/trolley_auto_drive_image/code/install/ros2_lidar/lib/python3.8/site-packages'
[17.959s] Level 1:colcon.colcon_core.environment:checking '/home/grz/trolley_auto_drive_image/code/install/ros2_lidar/bin'
[17.960s] INFO:colcon.colcon_core.shell:Creating package script '/home/grz/trolley_auto_drive_image/code/install/ros2_lidar/share/ros2_lidar/package.ps1'
[17.961s] INFO:colcon.colcon_core.shell:Creating package descriptor '/home/grz/trolley_auto_drive_image/code/install/ros2_lidar/share/ros2_lidar/package.dsv'
[17.961s] INFO:colcon.colcon_core.shell:Creating package script '/home/grz/trolley_auto_drive_image/code/install/ros2_lidar/share/ros2_lidar/package.sh'
[17.962s] INFO:colcon.colcon_core.shell:Creating package script '/home/grz/trolley_auto_drive_image/code/install/ros2_lidar/share/ros2_lidar/package.bash'
[17.963s] INFO:colcon.colcon_core.shell:Creating package script '/home/grz/trolley_auto_drive_image/code/install/ros2_lidar/share/ros2_lidar/package.zsh'
[17.964s] Level 1:colcon.colcon_core.environment:create_file_with_runtime_dependencies(/home/grz/trolley_auto_drive_image/code/install/ros2_lidar/share/colcon-core/packages/ros2_lidar)
[17.965s] DEBUG:colcon.colcon_parallel_executor.executor.parallel:closing loop
[17.965s] DEBUG:colcon.colcon_parallel_executor.executor.parallel:loop closed
[17.965s] DEBUG:colcon.colcon_parallel_executor.executor.parallel:run_until_complete finished with '0'
[17.966s] DEBUG:colcon.colcon_core.event_reactor:joining thread
[17.976s] INFO:colcon.colcon_core.plugin_system:Skipping extension 'colcon_notification.desktop_notification.notify_send': Could not find 'notify-send'
[17.976s] INFO:colcon.colcon_core.plugin_system:Skipping extension 'colcon_notification.desktop_notification.terminal_notifier': Not used on non-Darwin systems
[17.976s] INFO:colcon.colcon_core.plugin_system:Skipping extension 'colcon_notification.desktop_notification.win32': Not used on non-Windows systems
[17.976s] INFO:colcon.colcon_notification.desktop_notification:Sending desktop notification using 'notify2'
[17.983s] DEBUG:colcon.colcon_core.event_reactor:joined thread
[17.984s] INFO:colcon.colcon_core.shell:Creating prefix script '/home/grz/trolley_auto_drive_image/code/install/local_setup.ps1'
[17.986s] INFO:colcon.colcon_core.shell:Creating prefix util module '/home/grz/trolley_auto_drive_image/code/install/_local_setup_util_ps1.py'
[17.990s] INFO:colcon.colcon_core.shell:Creating prefix chain script '/home/grz/trolley_auto_drive_image/code/install/setup.ps1'
[17.992s] INFO:colcon.colcon_core.shell:Creating prefix script '/home/grz/trolley_auto_drive_image/code/install/local_setup.sh'
[17.993s] INFO:colcon.colcon_core.shell:Creating prefix util module '/home/grz/trolley_auto_drive_image/code/install/_local_setup_util_sh.py'
[17.994s] INFO:colcon.colcon_core.shell:Creating prefix chain script '/home/grz/trolley_auto_drive_image/code/install/setup.sh'
[17.995s] INFO:colcon.colcon_core.shell:Creating prefix script '/home/grz/trolley_auto_drive_image/code/install/local_setup.bash'
[17.997s] INFO:colcon.colcon_core.shell:Creating prefix chain script '/home/grz/trolley_auto_drive_image/code/install/setup.bash'
[17.998s] INFO:colcon.colcon_core.shell:Creating prefix script '/home/grz/trolley_auto_drive_image/code/install/local_setup.zsh'
[17.999s] INFO:colcon.colcon_core.shell:Creating prefix chain script '/home/grz/trolley_auto_drive_image/code/install/setup.zsh'
