[0.802s] Invoking command in '/home/grz/trolley_auto_drive_image/code/build/lidar_data_handler': PYTHONPATH=/home/grz/trolley_auto_drive_image/code/build/lidar_data_handler/prefix_override:/usr/lib/python3/dist-packages/colcon_core/task/python/colcon_distutils_commands:/home/grz/trolley_auto_drive_image/code/install/lidar_data_handler/lib/python3.8/site-packages:${PYTHONPATH} /usr/bin/python3 -W ignore:setup.py install is deprecated -W ignore:easy_install command is deprecated setup.py develop --editable --build-directory /home/grz/trolley_auto_drive_image/code/build/lidar_data_handler/build --no-deps symlink_data
[1.005s] running develop
[1.104s] running egg_info
[1.104s] creating lidar_data_handler.egg-info
[1.104s] writing lidar_data_handler.egg-info/PKG-INFO
[1.104s] writing dependency_links to lidar_data_handler.egg-info/dependency_links.txt
[1.105s] writing entry points to lidar_data_handler.egg-info/entry_points.txt
[1.105s] writing requirements to lidar_data_handler.egg-info/requires.txt
[1.105s] writing top-level names to lidar_data_handler.egg-info/top_level.txt
[1.107s] writing manifest file 'lidar_data_handler.egg-info/SOURCES.txt'
[1.135s] reading manifest file 'lidar_data_handler.egg-info/SOURCES.txt'
[1.136s] writing manifest file 'lidar_data_handler.egg-info/SOURCES.txt'
[1.166s] running build_ext
[1.166s] Creating /home/grz/trolley_auto_drive_image/code/install/lidar_data_handler/lib/python3.8/site-packages/site.py
[1.168s] Creating /home/grz/trolley_auto_drive_image/code/install/lidar_data_handler/lib/python3.8/site-packages/lidar-data-handler.egg-link (link to .)
[1.169s] Installing lidar_data_handler script to /home/grz/trolley_auto_drive_image/code/install/lidar_data_handler/lib/lidar_data_handler
[1.170s] 
[1.170s] Installed /home/grz/trolley_auto_drive_image/code/build/lidar_data_handler
[1.170s] running symlink_data
[1.170s] creating /home/grz/trolley_auto_drive_image/code/install/lidar_data_handler/share/ament_index
[1.170s] creating /home/grz/trolley_auto_drive_image/code/install/lidar_data_handler/share/ament_index/resource_index
[1.170s] creating /home/grz/trolley_auto_drive_image/code/install/lidar_data_handler/share/ament_index/resource_index/packages
[1.171s] symbolically linking /home/grz/trolley_auto_drive_image/code/build/lidar_data_handler/resource/lidar_data_handler -> /home/grz/trolley_auto_drive_image/code/install/lidar_data_handler/share/ament_index/resource_index/packages
[1.171s] symbolically linking /home/grz/trolley_auto_drive_image/code/build/lidar_data_handler/package.xml -> /home/grz/trolley_auto_drive_image/code/install/lidar_data_handler/share/lidar_data_handler
[1.171s] creating /home/grz/trolley_auto_drive_image/code/install/lidar_data_handler/share/lidar_data_handler/launch
[1.171s] symbolically linking /home/grz/trolley_auto_drive_image/code/build/lidar_data_handler/launch/trolley_auto_drive_launch.py -> /home/grz/trolley_auto_drive_image/code/install/lidar_data_handler/share/lidar_data_handler/launch
[1.233s] Invoked command in '/home/grz/trolley_auto_drive_image/code/build/lidar_data_handler' returned '0': PYTHONPATH=/home/grz/trolley_auto_drive_image/code/build/lidar_data_handler/prefix_override:/usr/lib/python3/dist-packages/colcon_core/task/python/colcon_distutils_commands:/home/grz/trolley_auto_drive_image/code/install/lidar_data_handler/lib/python3.8/site-packages:${PYTHONPATH} /usr/bin/python3 -W ignore:setup.py install is deprecated -W ignore:easy_install command is deprecated setup.py develop --editable --build-directory /home/grz/trolley_auto_drive_image/code/build/lidar_data_handler/build --no-deps symlink_data
