[0.022s] Invoking command in '/home/grz/trolley_auto_drive_image/code/build/linear_sensor_msgs': CMAKE_PREFIX_PATH=/opt/ros/foxy /usr/bin/cmake /home/grz/trolley_auto_drive_image/code/src/linear_sensor_msgs -DCMAKE_INSTALL_PREFIX=/home/grz/trolley_auto_drive_image/code/install/linear_sensor_msgs
[0.124s] -- The C compiler identification is GNU 9.4.0
[0.204s] -- The CXX compiler identification is GNU 9.4.0
[0.211s] -- Check for working C compiler: /usr/bin/cc
[0.310s] -- Check for working C compiler: /usr/bin/cc -- works
[0.312s] -- Detecting C compiler ABI info
[0.411s] -- Detecting C compiler ABI info - done
[0.440s] -- Detecting C compile features
[0.441s] -- Detecting C compile features - done
[0.447s] -- Check for working CXX compiler: /usr/bin/c++
[0.566s] -- Check for working CXX compiler: /usr/bin/c++ -- works
[0.567s] -- Detecting CXX compiler ABI info
[0.680s] -- Detecting CXX compiler ABI info - done
[0.699s] -- Detecting CXX compile features
[0.700s] -- Detecting CXX compile features - done
[0.702s] -- Found ament_cmake: 0.9.12 (/opt/ros/foxy/share/ament_cmake/cmake)
[0.737s] -- Found PythonInterp: /usr/bin/python3 (found suitable version "3.8.10", minimum required is "3") 
[0.737s] -- Using PYTHON_EXECUTABLE: /usr/bin/python3
[1.023s] -- Found ament_lint_auto: 0.9.8 (/opt/ros/foxy/share/ament_lint_auto/cmake)
[1.124s] -- Found std_msgs: 2.0.5 (/opt/ros/foxy/share/std_msgs/cmake)
[1.163s] -- Using all available rosidl_typesupport_c: rosidl_typesupport_fastrtps_c;rosidl_typesupport_introspection_c
[1.171s] -- Found rosidl_adapter: 1.3.1 (/opt/ros/foxy/share/rosidl_adapter/cmake)
[1.272s] -- Found OpenSSL: /usr/lib/x86_64-linux-gnu/libcrypto.so (found version "1.1.1f")  
[1.315s] -- Found FastRTPS: /opt/ros/foxy/include  
[1.425s] -- Using all available rosidl_typesupport_cpp: rosidl_typesupport_fastrtps_cpp;rosidl_typesupport_introspection_cpp
[1.498s] -- Found rosidl_default_generators: 1.0.1 (/opt/ros/foxy/share/rosidl_default_generators/cmake)
[1.547s] -- Found PythonInterp: /usr/bin/python3 (found version "3.8.10") 
[1.702s] -- Found ament_cmake_ros: 0.9.2 (/opt/ros/foxy/share/ament_cmake_ros/cmake)
[1.957s] -- Using all available rosidl_typesupport_c: rosidl_typesupport_fastrtps_c;rosidl_typesupport_introspection_c
[2.053s] -- Using all available rosidl_typesupport_cpp: rosidl_typesupport_fastrtps_cpp;rosidl_typesupport_introspection_cpp
[2.092s] -- Found PythonInterp: /usr/bin/python3 (found suitable version "3.8.10", minimum required is "3.5") 
[2.093s] -- Found python_cmake_module: 0.8.1 (/opt/ros/foxy/share/python_cmake_module/cmake)
[2.137s] -- Found PythonLibs: /usr/lib/x86_64-linux-gnu/libpython3.8.so (found suitable version "3.8.10", minimum required is "3.5") 
[2.137s] -- Using PYTHON_EXECUTABLE: /usr/bin/python3
[2.137s] -- Using PYTHON_INCLUDE_DIRS: /usr/include/python3.8
[2.138s] -- Using PYTHON_LIBRARIES: /usr/lib/x86_64-linux-gnu/libpython3.8.so
[2.169s] -- Found PythonExtra: .so  
[2.264s] -- Added test 'copyright' to check source files copyright and LICENSE
[2.266s] -- Added test 'lint_cmake' to check CMake code style
[2.267s] -- Added test 'xmllint' to check XML markup files
[2.278s] -- Configuring done
[2.346s] -- Generating done
[2.370s] -- Build files have been written to: /home/grz/trolley_auto_drive_image/code/build/linear_sensor_msgs
[2.390s] Invoked command in '/home/grz/trolley_auto_drive_image/code/build/linear_sensor_msgs' returned '0': CMAKE_PREFIX_PATH=/opt/ros/foxy /usr/bin/cmake /home/grz/trolley_auto_drive_image/code/src/linear_sensor_msgs -DCMAKE_INSTALL_PREFIX=/home/grz/trolley_auto_drive_image/code/install/linear_sensor_msgs
[2.394s] Invoking command in '/home/grz/trolley_auto_drive_image/code/build/linear_sensor_msgs': CMAKE_PREFIX_PATH=/opt/ros/foxy /usr/bin/cmake --build /home/grz/trolley_auto_drive_image/code/build/linear_sensor_msgs -- -j4 -l4
[2.460s] [  3%] [34m[1mGenerating C code for ROS interfaces[0m
[2.460s] [35m[1mScanning dependencies of target linear_sensor_msgs__cpp[0m
[2.484s] [  6%] [34m[1mGenerating C++ code for ROS interfaces[0m
[3.120s] [  6%] Built target linear_sensor_msgs__cpp
[3.142s] [35m[1mScanning dependencies of target linear_sensor_msgs__rosidl_generator_c[0m
[3.145s] [  9%] [34m[1mGenerating C++ introspection for ROS interfaces[0m
[3.168s] [ 12%] [34m[1mGenerating C++ type support dispatch for ROS interfaces[0m
[3.171s] [ 16%] [34m[1mGenerating C++ type support for eProsima Fast-RTPS[0m
[3.211s] [ 19%] [32mBuilding C object CMakeFiles/linear_sensor_msgs__rosidl_generator_c.dir/rosidl_generator_c/linear_sensor_msgs/msg/detail/linear_sensor_data__functions.c.o[0m
[3.450s] [ 22%] [32m[1mLinking C shared library liblinear_sensor_msgs__rosidl_generator_c.so[0m
[3.546s] [ 22%] Built target linear_sensor_msgs__rosidl_generator_c
[3.638s] [ 25%] [34m[1mGenerating C type support dispatch for ROS interfaces[0m
[4.203s] [35m[1mScanning dependencies of target linear_sensor_msgs__rosidl_typesupport_fastrtps_cpp[0m
[4.265s] [35m[1mScanning dependencies of target linear_sensor_msgs__rosidl_typesupport_cpp[0m
[4.301s] [ 29%] [32mBuilding CXX object CMakeFiles/linear_sensor_msgs__rosidl_typesupport_fastrtps_cpp.dir/rosidl_typesupport_fastrtps_cpp/linear_sensor_msgs/msg/detail/dds_fastrtps/linear_sensor_data__type_support.cpp.o[0m
[4.310s] [35m[1mScanning dependencies of target linear_sensor_msgs__rosidl_typesupport_introspection_cpp[0m
[4.359s] [ 32%] [32mBuilding CXX object CMakeFiles/linear_sensor_msgs__rosidl_typesupport_cpp.dir/rosidl_typesupport_cpp/linear_sensor_msgs/msg/linear_sensor_data__type_support.cpp.o[0m
[4.378s] [ 35%] [32mBuilding CXX object CMakeFiles/linear_sensor_msgs__rosidl_typesupport_introspection_cpp.dir/rosidl_typesupport_introspection_cpp/linear_sensor_msgs/msg/detail/linear_sensor_data__type_support.cpp.o[0m
[4.517s] [35m[1mScanning dependencies of target linear_sensor_msgs__rosidl_typesupport_c[0m
[4.578s] [ 38%] [32mBuilding CXX object CMakeFiles/linear_sensor_msgs__rosidl_typesupport_c.dir/rosidl_typesupport_c/linear_sensor_msgs/msg/linear_sensor_data__type_support.cpp.o[0m
[4.702s] [ 41%] [32m[1mLinking CXX shared library liblinear_sensor_msgs__rosidl_typesupport_c.so[0m
[4.959s] [ 41%] Built target linear_sensor_msgs__rosidl_typesupport_c
[5.034s] [ 45%] [34m[1mGenerating C introspection for ROS interfaces[0m
[5.398s] [ 48%] [32m[1mLinking CXX shared library liblinear_sensor_msgs__rosidl_typesupport_cpp.so[0m
[5.652s] [ 48%] Built target linear_sensor_msgs__rosidl_typesupport_cpp
[5.916s] [ 51%] [32m[1mLinking CXX shared library liblinear_sensor_msgs__rosidl_typesupport_introspection_cpp.so[0m
[6.049s] [35m[1mScanning dependencies of target linear_sensor_msgs__rosidl_typesupport_introspection_c[0m
[6.122s] [ 54%] [32mBuilding C object CMakeFiles/linear_sensor_msgs__rosidl_typesupport_introspection_c.dir/rosidl_typesupport_introspection_c/linear_sensor_msgs/msg/detail/linear_sensor_data__type_support.c.o[0m
[6.149s] [ 54%] Built target linear_sensor_msgs__rosidl_typesupport_introspection_cpp
[6.267s] [ 58%] [32m[1mLinking C shared library liblinear_sensor_msgs__rosidl_typesupport_introspection_c.so[0m
[6.306s] [ 61%] [32m[1mLinking CXX shared library liblinear_sensor_msgs__rosidl_typesupport_fastrtps_cpp.so[0m
[6.410s] [ 61%] Built target linear_sensor_msgs__rosidl_typesupport_introspection_c
[6.608s] [ 61%] Built target linear_sensor_msgs__rosidl_typesupport_fastrtps_cpp
[6.688s] [ 64%] [34m[1mGenerating C type support for eProsima Fast-RTPS[0m
[7.430s] [35m[1mScanning dependencies of target linear_sensor_msgs__rosidl_typesupport_fastrtps_c[0m
[7.464s] [ 67%] [32mBuilding CXX object CMakeFiles/linear_sensor_msgs__rosidl_typesupport_fastrtps_c.dir/rosidl_typesupport_fastrtps_c/linear_sensor_msgs/msg/detail/linear_sensor_data__type_support_c.cpp.o[0m
[8.012s] [ 70%] [32m[1mLinking CXX shared library liblinear_sensor_msgs__rosidl_typesupport_fastrtps_c.so[0m
[8.154s] [ 70%] Built target linear_sensor_msgs__rosidl_typesupport_fastrtps_c
[8.168s] [35m[1mScanning dependencies of target linear_sensor_msgs[0m
[8.183s] [ 70%] Built target linear_sensor_msgs
[8.197s] [35m[1mScanning dependencies of target linear_sensor_msgs__py[0m
[8.212s] [ 74%] [34m[1mGenerating Python code for ROS interfaces[0m
[9.089s] [ 74%] Built target linear_sensor_msgs__py
[9.104s] [35m[1mScanning dependencies of target linear_sensor_msgs__python[0m
[9.135s] [ 77%] [32mBuilding C object CMakeFiles/linear_sensor_msgs__python.dir/rosidl_generator_py/linear_sensor_msgs/msg/_linear_sensor_data_s.c.o[0m
[9.264s] [ 80%] [32m[1mLinking C shared library rosidl_generator_py/linear_sensor_msgs/liblinear_sensor_msgs__python.so[0m
[9.330s] [ 80%] Built target linear_sensor_msgs__python
[9.350s] [35m[1mScanning dependencies of target linear_sensor_msgs__rosidl_typesupport_introspection_c__pyext[0m
[9.351s] [35m[1mScanning dependencies of target linear_sensor_msgs__rosidl_typesupport_fastrtps_c__pyext[0m
[9.351s] [35m[1mScanning dependencies of target linear_sensor_msgs__rosidl_typesupport_c__pyext[0m
[9.395s] [ 83%] [32mBuilding C object CMakeFiles/linear_sensor_msgs__rosidl_typesupport_fastrtps_c__pyext.dir/rosidl_generator_py/linear_sensor_msgs/_linear_sensor_msgs_s.ep.rosidl_typesupport_fastrtps_c.c.o[0m
[9.399s] [ 87%] [32mBuilding C object CMakeFiles/linear_sensor_msgs__rosidl_typesupport_c__pyext.dir/rosidl_generator_py/linear_sensor_msgs/_linear_sensor_msgs_s.ep.rosidl_typesupport_c.c.o[0m
[9.403s] [ 90%] [32mBuilding C object CMakeFiles/linear_sensor_msgs__rosidl_typesupport_introspection_c__pyext.dir/rosidl_generator_py/linear_sensor_msgs/_linear_sensor_msgs_s.ep.rosidl_typesupport_introspection_c.c.o[0m
[9.598s] [ 96%] [32m[1mLinking C shared library rosidl_generator_py/linear_sensor_msgs/linear_sensor_msgs_s__rosidl_typesupport_c.cpython-38-x86_64-linux-gnu.so[0m
[9.599s] [ 96%] [32m[1mLinking CXX shared library rosidl_generator_py/linear_sensor_msgs/linear_sensor_msgs_s__rosidl_typesupport_fastrtps_c.cpython-38-x86_64-linux-gnu.so[0m
[9.611s] [100%] [32m[1mLinking C shared library rosidl_generator_py/linear_sensor_msgs/linear_sensor_msgs_s__rosidl_typesupport_introspection_c.cpython-38-x86_64-linux-gnu.so[0m
[9.682s] [100%] Built target linear_sensor_msgs__rosidl_typesupport_c__pyext
[9.695s] [100%] Built target linear_sensor_msgs__rosidl_typesupport_introspection_c__pyext
[9.750s] [100%] Built target linear_sensor_msgs__rosidl_typesupport_fastrtps_c__pyext
[9.767s] Invoked command in '/home/grz/trolley_auto_drive_image/code/build/linear_sensor_msgs' returned '0': CMAKE_PREFIX_PATH=/opt/ros/foxy /usr/bin/cmake --build /home/grz/trolley_auto_drive_image/code/build/linear_sensor_msgs -- -j4 -l4
[9.788s] Invoking command in '/home/grz/trolley_auto_drive_image/code/build/linear_sensor_msgs': CMAKE_PREFIX_PATH=/opt/ros/foxy /usr/bin/cmake --install /home/grz/trolley_auto_drive_image/code/build/linear_sensor_msgs
[9.801s] -- Install configuration: ""
[9.801s] -- Installing: /home/grz/trolley_auto_drive_image/code/install/linear_sensor_msgs/share/ament_index/resource_index/rosidl_interfaces/linear_sensor_msgs
[9.802s] -- Installing: /home/grz/trolley_auto_drive_image/code/install/linear_sensor_msgs/include/linear_sensor_msgs
[9.802s] -- Installing: /home/grz/trolley_auto_drive_image/code/install/linear_sensor_msgs/include/linear_sensor_msgs/msg
[9.802s] -- Installing: /home/grz/trolley_auto_drive_image/code/install/linear_sensor_msgs/include/linear_sensor_msgs/msg/rosidl_generator_c__visibility_control.h
[9.803s] -- Installing: /home/grz/trolley_auto_drive_image/code/install/linear_sensor_msgs/include/linear_sensor_msgs/msg/linear_sensor_data.h
[9.803s] -- Installing: /home/grz/trolley_auto_drive_image/code/install/linear_sensor_msgs/include/linear_sensor_msgs/msg/detail
[9.803s] -- Installing: /home/grz/trolley_auto_drive_image/code/install/linear_sensor_msgs/include/linear_sensor_msgs/msg/detail/linear_sensor_data__functions.h
[9.803s] -- Installing: /home/grz/trolley_auto_drive_image/code/install/linear_sensor_msgs/include/linear_sensor_msgs/msg/detail/linear_sensor_data__functions.c
[9.804s] -- Installing: /home/grz/trolley_auto_drive_image/code/install/linear_sensor_msgs/include/linear_sensor_msgs/msg/detail/linear_sensor_data__struct.h
[9.804s] -- Installing: /home/grz/trolley_auto_drive_image/code/install/linear_sensor_msgs/include/linear_sensor_msgs/msg/detail/linear_sensor_data__type_support.h
[9.804s] -- Installing: /home/grz/trolley_auto_drive_image/code/install/linear_sensor_msgs/share/linear_sensor_msgs/environment/library_path.sh
[9.804s] -- Installing: /home/grz/trolley_auto_drive_image/code/install/linear_sensor_msgs/share/linear_sensor_msgs/environment/library_path.dsv
[9.804s] -- Installing: /home/grz/trolley_auto_drive_image/code/install/linear_sensor_msgs/lib/liblinear_sensor_msgs__rosidl_generator_c.so
[9.805s] -- Set runtime path of "/home/grz/trolley_auto_drive_image/code/install/linear_sensor_msgs/lib/liblinear_sensor_msgs__rosidl_generator_c.so" to ""
[9.805s] -- Up-to-date: /home/grz/trolley_auto_drive_image/code/install/linear_sensor_msgs/include/linear_sensor_msgs
[9.806s] -- Up-to-date: /home/grz/trolley_auto_drive_image/code/install/linear_sensor_msgs/include/linear_sensor_msgs/msg
[9.806s] -- Up-to-date: /home/grz/trolley_auto_drive_image/code/install/linear_sensor_msgs/include/linear_sensor_msgs/msg/detail
[9.806s] -- Installing: /home/grz/trolley_auto_drive_image/code/install/linear_sensor_msgs/include/linear_sensor_msgs/msg/detail/linear_sensor_data__rosidl_typesupport_fastrtps_c.h
[9.806s] -- Installing: /home/grz/trolley_auto_drive_image/code/install/linear_sensor_msgs/include/linear_sensor_msgs/msg/rosidl_typesupport_fastrtps_c__visibility_control.h
[9.807s] -- Installing: /home/grz/trolley_auto_drive_image/code/install/linear_sensor_msgs/lib/liblinear_sensor_msgs__rosidl_typesupport_fastrtps_c.so
[9.807s] -- Set runtime path of "/home/grz/trolley_auto_drive_image/code/install/linear_sensor_msgs/lib/liblinear_sensor_msgs__rosidl_typesupport_fastrtps_c.so" to ""
[9.807s] -- Up-to-date: /home/grz/trolley_auto_drive_image/code/install/linear_sensor_msgs/include/linear_sensor_msgs
[9.808s] -- Up-to-date: /home/grz/trolley_auto_drive_image/code/install/linear_sensor_msgs/include/linear_sensor_msgs/msg
[9.808s] -- Installing: /home/grz/trolley_auto_drive_image/code/install/linear_sensor_msgs/include/linear_sensor_msgs/msg/rosidl_typesupport_fastrtps_cpp__visibility_control.h
[9.808s] -- Up-to-date: /home/grz/trolley_auto_drive_image/code/install/linear_sensor_msgs/include/linear_sensor_msgs/msg/detail
[9.808s] -- Installing: /home/grz/trolley_auto_drive_image/code/install/linear_sensor_msgs/include/linear_sensor_msgs/msg/detail/linear_sensor_data__rosidl_typesupport_fastrtps_cpp.hpp
[9.809s] -- Installing: /home/grz/trolley_auto_drive_image/code/install/linear_sensor_msgs/include/linear_sensor_msgs/msg/detail/dds_fastrtps
[9.809s] -- Installing: /home/grz/trolley_auto_drive_image/code/install/linear_sensor_msgs/lib/liblinear_sensor_msgs__rosidl_typesupport_fastrtps_cpp.so
[9.809s] -- Set runtime path of "/home/grz/trolley_auto_drive_image/code/install/linear_sensor_msgs/lib/liblinear_sensor_msgs__rosidl_typesupport_fastrtps_cpp.so" to ""
[9.809s] -- Up-to-date: /home/grz/trolley_auto_drive_image/code/install/linear_sensor_msgs/include/linear_sensor_msgs
[9.810s] -- Up-to-date: /home/grz/trolley_auto_drive_image/code/install/linear_sensor_msgs/include/linear_sensor_msgs/msg
[9.810s] -- Installing: /home/grz/trolley_auto_drive_image/code/install/linear_sensor_msgs/include/linear_sensor_msgs/msg/rosidl_typesupport_introspection_c__visibility_control.h
[9.810s] -- Up-to-date: /home/grz/trolley_auto_drive_image/code/install/linear_sensor_msgs/include/linear_sensor_msgs/msg/detail
[9.810s] -- Installing: /home/grz/trolley_auto_drive_image/code/install/linear_sensor_msgs/include/linear_sensor_msgs/msg/detail/linear_sensor_data__rosidl_typesupport_introspection_c.h
[9.811s] -- Installing: /home/grz/trolley_auto_drive_image/code/install/linear_sensor_msgs/include/linear_sensor_msgs/msg/detail/linear_sensor_data__type_support.c
[9.811s] -- Installing: /home/grz/trolley_auto_drive_image/code/install/linear_sensor_msgs/lib/liblinear_sensor_msgs__rosidl_typesupport_introspection_c.so
[9.811s] -- Set runtime path of "/home/grz/trolley_auto_drive_image/code/install/linear_sensor_msgs/lib/liblinear_sensor_msgs__rosidl_typesupport_introspection_c.so" to ""
[9.811s] -- Installing: /home/grz/trolley_auto_drive_image/code/install/linear_sensor_msgs/lib/liblinear_sensor_msgs__rosidl_typesupport_c.so
[9.812s] -- Set runtime path of "/home/grz/trolley_auto_drive_image/code/install/linear_sensor_msgs/lib/liblinear_sensor_msgs__rosidl_typesupport_c.so" to ""
[9.812s] -- Up-to-date: /home/grz/trolley_auto_drive_image/code/install/linear_sensor_msgs/include/linear_sensor_msgs
[9.813s] -- Up-to-date: /home/grz/trolley_auto_drive_image/code/install/linear_sensor_msgs/include/linear_sensor_msgs/msg
[9.813s] -- Installing: /home/grz/trolley_auto_drive_image/code/install/linear_sensor_msgs/include/linear_sensor_msgs/msg/linear_sensor_data.hpp
[9.813s] -- Installing: /home/grz/trolley_auto_drive_image/code/install/linear_sensor_msgs/include/linear_sensor_msgs/msg/rosidl_generator_cpp__visibility_control.hpp
[9.814s] -- Up-to-date: /home/grz/trolley_auto_drive_image/code/install/linear_sensor_msgs/include/linear_sensor_msgs/msg/detail
[9.814s] -- Installing: /home/grz/trolley_auto_drive_image/code/install/linear_sensor_msgs/include/linear_sensor_msgs/msg/detail/linear_sensor_data__builder.hpp
[9.814s] -- Installing: /home/grz/trolley_auto_drive_image/code/install/linear_sensor_msgs/include/linear_sensor_msgs/msg/detail/linear_sensor_data__traits.hpp
[9.815s] -- Installing: /home/grz/trolley_auto_drive_image/code/install/linear_sensor_msgs/include/linear_sensor_msgs/msg/detail/linear_sensor_data__type_support.hpp
[9.815s] -- Installing: /home/grz/trolley_auto_drive_image/code/install/linear_sensor_msgs/include/linear_sensor_msgs/msg/detail/linear_sensor_data__struct.hpp
[9.815s] -- Up-to-date: /home/grz/trolley_auto_drive_image/code/install/linear_sensor_msgs/include/linear_sensor_msgs
[9.815s] -- Up-to-date: /home/grz/trolley_auto_drive_image/code/install/linear_sensor_msgs/include/linear_sensor_msgs/msg
[9.815s] -- Up-to-date: /home/grz/trolley_auto_drive_image/code/install/linear_sensor_msgs/include/linear_sensor_msgs/msg/detail
[9.816s] -- Installing: /home/grz/trolley_auto_drive_image/code/install/linear_sensor_msgs/include/linear_sensor_msgs/msg/detail/linear_sensor_data__type_support.cpp
[9.816s] -- Installing: /home/grz/trolley_auto_drive_image/code/install/linear_sensor_msgs/include/linear_sensor_msgs/msg/detail/linear_sensor_data__rosidl_typesupport_introspection_cpp.hpp
[9.816s] -- Installing: /home/grz/trolley_auto_drive_image/code/install/linear_sensor_msgs/lib/liblinear_sensor_msgs__rosidl_typesupport_introspection_cpp.so
[9.816s] -- Set runtime path of "/home/grz/trolley_auto_drive_image/code/install/linear_sensor_msgs/lib/liblinear_sensor_msgs__rosidl_typesupport_introspection_cpp.so" to ""
[9.817s] -- Installing: /home/grz/trolley_auto_drive_image/code/install/linear_sensor_msgs/lib/liblinear_sensor_msgs__rosidl_typesupport_cpp.so
[9.817s] -- Set runtime path of "/home/grz/trolley_auto_drive_image/code/install/linear_sensor_msgs/lib/liblinear_sensor_msgs__rosidl_typesupport_cpp.so" to ""
[9.817s] -- Installing: /home/grz/trolley_auto_drive_image/code/install/linear_sensor_msgs/share/linear_sensor_msgs/environment/pythonpath.sh
[9.817s] -- Installing: /home/grz/trolley_auto_drive_image/code/install/linear_sensor_msgs/share/linear_sensor_msgs/environment/pythonpath.dsv
[9.817s] -- Installing: /home/grz/trolley_auto_drive_image/code/install/linear_sensor_msgs/lib/python3.8/site-packages/linear_sensor_msgs/__init__.py
[9.860s] Compiling '/home/grz/trolley_auto_drive_image/code/install/linear_sensor_msgs/lib/python3.8/site-packages/linear_sensor_msgs/__init__.py'...
[9.868s] -- Installing: /home/grz/trolley_auto_drive_image/code/install/linear_sensor_msgs/lib/python3.8/site-packages/linear_sensor_msgs/msg
[9.868s] -- Installing: /home/grz/trolley_auto_drive_image/code/install/linear_sensor_msgs/lib/python3.8/site-packages/linear_sensor_msgs/msg/_linear_sensor_data.py
[9.868s] -- Installing: /home/grz/trolley_auto_drive_image/code/install/linear_sensor_msgs/lib/python3.8/site-packages/linear_sensor_msgs/msg/_linear_sensor_data_s.c
[9.868s] -- Installing: /home/grz/trolley_auto_drive_image/code/install/linear_sensor_msgs/lib/python3.8/site-packages/linear_sensor_msgs/msg/__init__.py
[9.869s] -- Installing: /home/grz/trolley_auto_drive_image/code/install/linear_sensor_msgs/lib/python3.8/site-packages/linear_sensor_msgs/linear_sensor_msgs_s__rosidl_typesupport_fastrtps_c.cpython-38-x86_64-linux-gnu.so
[9.870s] -- Set runtime path of "/home/grz/trolley_auto_drive_image/code/install/linear_sensor_msgs/lib/python3.8/site-packages/linear_sensor_msgs/linear_sensor_msgs_s__rosidl_typesupport_fastrtps_c.cpython-38-x86_64-linux-gnu.so" to ""
[9.870s] -- Installing: /home/grz/trolley_auto_drive_image/code/install/linear_sensor_msgs/lib/python3.8/site-packages/linear_sensor_msgs/linear_sensor_msgs_s__rosidl_typesupport_introspection_c.cpython-38-x86_64-linux-gnu.so
[9.871s] -- Set runtime path of "/home/grz/trolley_auto_drive_image/code/install/linear_sensor_msgs/lib/python3.8/site-packages/linear_sensor_msgs/linear_sensor_msgs_s__rosidl_typesupport_introspection_c.cpython-38-x86_64-linux-gnu.so" to ""
[9.872s] -- Installing: /home/grz/trolley_auto_drive_image/code/install/linear_sensor_msgs/lib/python3.8/site-packages/linear_sensor_msgs/linear_sensor_msgs_s__rosidl_typesupport_c.cpython-38-x86_64-linux-gnu.so
[9.873s] -- Set runtime path of "/home/grz/trolley_auto_drive_image/code/install/linear_sensor_msgs/lib/python3.8/site-packages/linear_sensor_msgs/linear_sensor_msgs_s__rosidl_typesupport_c.cpython-38-x86_64-linux-gnu.so" to ""
[9.873s] -- Installing: /home/grz/trolley_auto_drive_image/code/install/linear_sensor_msgs/lib/liblinear_sensor_msgs__python.so
[9.874s] -- Set runtime path of "/home/grz/trolley_auto_drive_image/code/install/linear_sensor_msgs/lib/liblinear_sensor_msgs__python.so" to ""
[9.874s] -- Installing: /home/grz/trolley_auto_drive_image/code/install/linear_sensor_msgs/share/linear_sensor_msgs/msg/LinearSensorData.idl
[9.875s] -- Installing: /home/grz/trolley_auto_drive_image/code/install/linear_sensor_msgs/share/linear_sensor_msgs/msg/LinearSensorData.msg
[9.875s] -- Installing: /home/grz/trolley_auto_drive_image/code/install/linear_sensor_msgs/share/ament_index/resource_index/package_run_dependencies/linear_sensor_msgs
[9.876s] -- Installing: /home/grz/trolley_auto_drive_image/code/install/linear_sensor_msgs/share/ament_index/resource_index/parent_prefix_path/linear_sensor_msgs
[9.876s] -- Installing: /home/grz/trolley_auto_drive_image/code/install/linear_sensor_msgs/share/linear_sensor_msgs/environment/ament_prefix_path.sh
[9.876s] -- Installing: /home/grz/trolley_auto_drive_image/code/install/linear_sensor_msgs/share/linear_sensor_msgs/environment/ament_prefix_path.dsv
[9.877s] -- Installing: /home/grz/trolley_auto_drive_image/code/install/linear_sensor_msgs/share/linear_sensor_msgs/environment/path.sh
[9.877s] -- Installing: /home/grz/trolley_auto_drive_image/code/install/linear_sensor_msgs/share/linear_sensor_msgs/environment/path.dsv
[9.877s] -- Installing: /home/grz/trolley_auto_drive_image/code/install/linear_sensor_msgs/share/linear_sensor_msgs/local_setup.bash
[9.877s] -- Installing: /home/grz/trolley_auto_drive_image/code/install/linear_sensor_msgs/share/linear_sensor_msgs/local_setup.sh
[9.878s] -- Installing: /home/grz/trolley_auto_drive_image/code/install/linear_sensor_msgs/share/linear_sensor_msgs/local_setup.zsh
[9.878s] -- Installing: /home/grz/trolley_auto_drive_image/code/install/linear_sensor_msgs/share/linear_sensor_msgs/local_setup.dsv
[9.878s] -- Installing: /home/grz/trolley_auto_drive_image/code/install/linear_sensor_msgs/share/linear_sensor_msgs/package.dsv
[9.879s] -- Installing: /home/grz/trolley_auto_drive_image/code/install/linear_sensor_msgs/share/ament_index/resource_index/packages/linear_sensor_msgs
[9.879s] -- Installing: /home/grz/trolley_auto_drive_image/code/install/linear_sensor_msgs/share/linear_sensor_msgs/cmake/linear_sensor_msgs__rosidl_generator_cExport.cmake
[9.880s] -- Installing: /home/grz/trolley_auto_drive_image/code/install/linear_sensor_msgs/share/linear_sensor_msgs/cmake/linear_sensor_msgs__rosidl_generator_cExport-noconfig.cmake
[9.880s] -- Installing: /home/grz/trolley_auto_drive_image/code/install/linear_sensor_msgs/share/linear_sensor_msgs/cmake/linear_sensor_msgs__rosidl_typesupport_introspection_cExport.cmake
[9.881s] -- Installing: /home/grz/trolley_auto_drive_image/code/install/linear_sensor_msgs/share/linear_sensor_msgs/cmake/linear_sensor_msgs__rosidl_typesupport_introspection_cExport-noconfig.cmake
[9.881s] -- Installing: /home/grz/trolley_auto_drive_image/code/install/linear_sensor_msgs/share/linear_sensor_msgs/cmake/linear_sensor_msgs__rosidl_typesupport_cExport.cmake
[9.881s] -- Installing: /home/grz/trolley_auto_drive_image/code/install/linear_sensor_msgs/share/linear_sensor_msgs/cmake/linear_sensor_msgs__rosidl_typesupport_cExport-noconfig.cmake
[9.882s] -- Installing: /home/grz/trolley_auto_drive_image/code/install/linear_sensor_msgs/share/linear_sensor_msgs/cmake/linear_sensor_msgs__rosidl_generator_cppExport.cmake
[9.882s] -- Installing: /home/grz/trolley_auto_drive_image/code/install/linear_sensor_msgs/share/linear_sensor_msgs/cmake/linear_sensor_msgs__rosidl_typesupport_introspection_cppExport.cmake
[9.883s] -- Installing: /home/grz/trolley_auto_drive_image/code/install/linear_sensor_msgs/share/linear_sensor_msgs/cmake/linear_sensor_msgs__rosidl_typesupport_introspection_cppExport-noconfig.cmake
[9.883s] -- Installing: /home/grz/trolley_auto_drive_image/code/install/linear_sensor_msgs/share/linear_sensor_msgs/cmake/linear_sensor_msgs__rosidl_typesupport_cppExport.cmake
[9.883s] -- Installing: /home/grz/trolley_auto_drive_image/code/install/linear_sensor_msgs/share/linear_sensor_msgs/cmake/linear_sensor_msgs__rosidl_typesupport_cppExport-noconfig.cmake
[9.884s] -- Installing: /home/grz/trolley_auto_drive_image/code/install/linear_sensor_msgs/share/linear_sensor_msgs/cmake/rosidl_cmake-extras.cmake
[9.884s] -- Installing: /home/grz/trolley_auto_drive_image/code/install/linear_sensor_msgs/share/linear_sensor_msgs/cmake/ament_cmake_export_dependencies-extras.cmake
[9.884s] -- Installing: /home/grz/trolley_auto_drive_image/code/install/linear_sensor_msgs/share/linear_sensor_msgs/cmake/ament_cmake_export_libraries-extras.cmake
[9.885s] -- Installing: /home/grz/trolley_auto_drive_image/code/install/linear_sensor_msgs/share/linear_sensor_msgs/cmake/ament_cmake_export_targets-extras.cmake
[9.885s] -- Installing: /home/grz/trolley_auto_drive_image/code/install/linear_sensor_msgs/share/linear_sensor_msgs/cmake/ament_cmake_export_include_directories-extras.cmake
[9.885s] -- Installing: /home/grz/trolley_auto_drive_image/code/install/linear_sensor_msgs/share/linear_sensor_msgs/cmake/rosidl_cmake_export_typesupport_libraries-extras.cmake
[9.886s] -- Installing: /home/grz/trolley_auto_drive_image/code/install/linear_sensor_msgs/share/linear_sensor_msgs/cmake/rosidl_cmake_export_typesupport_targets-extras.cmake
[9.886s] -- Installing: /home/grz/trolley_auto_drive_image/code/install/linear_sensor_msgs/share/linear_sensor_msgs/cmake/linear_sensor_msgsConfig.cmake
[9.886s] -- Installing: /home/grz/trolley_auto_drive_image/code/install/linear_sensor_msgs/share/linear_sensor_msgs/cmake/linear_sensor_msgsConfig-version.cmake
[9.887s] -- Installing: /home/grz/trolley_auto_drive_image/code/install/linear_sensor_msgs/share/linear_sensor_msgs/package.xml
[9.891s] Invoked command in '/home/grz/trolley_auto_drive_image/code/build/linear_sensor_msgs' returned '0': CMAKE_PREFIX_PATH=/opt/ros/foxy /usr/bin/cmake --install /home/grz/trolley_auto_drive_image/code/build/linear_sensor_msgs
