[0.292s] DEBUG:colcon:Command line arguments: ['/usr/bin/colcon', 'build', '--packages-select', 'lidar_data_handler']
[0.292s] DEBUG:colcon:Parsed command line arguments: Namespace(allow_overriding=[], ament_cmake_args=None, base_paths=['.'], build_base='build', catkin_cmake_args=None, catkin_skip_building_tests=False, cmake_args=None, cmake_clean_cache=False, cmake_clean_first=False, cmake_force_configure=False, cmake_target=None, cmake_target_skip_unavailable=False, continue_on_error=False, event_handlers=None, executor='parallel', ignore_user_meta=False, install_base='install', log_base=None, log_level=None, main=<bound method BuildVerb.main of <colcon_core.verb.build.BuildVerb object at 0x7fc8a7860760>>, merge_install=False, metas=['./colcon.meta'], mixin=None, mixin_files=None, mixin_verb=('build',), packages_above=None, packages_above_and_dependencies=None, packages_above_depth=None, packages_end=None, packages_ignore=None, packages_ignore_regex=None, packages_select=['lidar_data_handler'], packages_select_build_failed=False, packages_select_by_dep=None, packages_select_regex=None, packages_select_test_failures=False, packages_skip=None, packages_skip_build_finished=False, packages_skip_by_dep=None, packages_skip_regex=None, packages_skip_test_passed=False, packages_skip_up_to=None, packages_start=None, packages_up_to=None, packages_up_to_regex=None, parallel_workers=4, paths=None, symlink_install=False, test_result_base=None, verb_extension=<colcon_core.verb.build.BuildVerb object at 0x7fc8a7860760>, verb_name='build', verb_parser=<colcon_mixin.mixin.mixin_argument.MixinArgumentDecorator object at 0x7fc8a7870310>)
[0.496s] Level 1:colcon.colcon_core.package_discovery:discover_packages(colcon_meta) check parameters
[0.497s] Level 1:colcon.colcon_core.package_discovery:discover_packages(recursive) check parameters
[0.497s] Level 1:colcon.colcon_core.package_discovery:discover_packages(ignore) check parameters
[0.497s] Level 1:colcon.colcon_core.package_discovery:discover_packages(path) check parameters
[0.497s] Level 1:colcon.colcon_core.package_discovery:discover_packages(colcon_meta) discover
[0.497s] Level 1:colcon.colcon_core.package_discovery:discover_packages(recursive) discover
[0.497s] INFO:colcon.colcon_core.package_discovery:Crawling recursively for packages in '/home/grz/trolley_auto_drive_image/code'
[0.497s] Level 1:colcon.colcon_core.package_identification:_identify(.) by extensions ['ignore', 'ignore_ament_install']
[0.497s] Level 1:colcon.colcon_core.package_identification:_identify(.) by extension 'ignore'
[0.497s] Level 1:colcon.colcon_core.package_identification:_identify(.) by extension 'ignore_ament_install'
[0.498s] Level 1:colcon.colcon_core.package_identification:_identify(.) by extensions ['colcon_pkg']
[0.498s] Level 1:colcon.colcon_core.package_identification:_identify(.) by extension 'colcon_pkg'
[0.498s] Level 1:colcon.colcon_core.package_identification:_identify(.) by extensions ['colcon_meta']
[0.498s] Level 1:colcon.colcon_core.package_identification:_identify(.) by extension 'colcon_meta'
[0.498s] Level 1:colcon.colcon_core.package_identification:_identify(.) by extensions ['ros']
[0.498s] Level 1:colcon.colcon_core.package_identification:_identify(.) by extension 'ros'
[0.513s] Level 1:colcon.colcon_core.package_identification:_identify(.) by extensions ['cmake', 'python']
[0.513s] Level 1:colcon.colcon_core.package_identification:_identify(.) by extension 'cmake'
[0.513s] Level 1:colcon.colcon_core.package_identification:_identify(.) by extension 'python'
[0.514s] Level 1:colcon.colcon_core.package_identification:_identify(.) by extensions ['python_setup_py']
[0.514s] Level 1:colcon.colcon_core.package_identification:_identify(.) by extension 'python_setup_py'
[0.514s] Level 1:colcon.colcon_core.package_identification:_identify(build) by extensions ['ignore', 'ignore_ament_install']
[0.514s] Level 1:colcon.colcon_core.package_identification:_identify(build) by extension 'ignore'
[0.514s] Level 1:colcon.colcon_core.package_identification:_identify(build) ignored
[0.514s] Level 1:colcon.colcon_core.package_identification:_identify(install) by extensions ['ignore', 'ignore_ament_install']
[0.514s] Level 1:colcon.colcon_core.package_identification:_identify(install) by extension 'ignore'
[0.515s] Level 1:colcon.colcon_core.package_identification:_identify(install) ignored
[0.515s] Level 1:colcon.colcon_core.package_identification:_identify(log) by extensions ['ignore', 'ignore_ament_install']
[0.515s] Level 1:colcon.colcon_core.package_identification:_identify(log) by extension 'ignore'
[0.515s] Level 1:colcon.colcon_core.package_identification:_identify(log) ignored
[0.515s] Level 1:colcon.colcon_core.package_identification:_identify(src) by extensions ['ignore', 'ignore_ament_install']
[0.515s] Level 1:colcon.colcon_core.package_identification:_identify(src) by extension 'ignore'
[0.515s] Level 1:colcon.colcon_core.package_identification:_identify(src) by extension 'ignore_ament_install'
[0.515s] Level 1:colcon.colcon_core.package_identification:_identify(src) by extensions ['colcon_pkg']
[0.516s] Level 1:colcon.colcon_core.package_identification:_identify(src) by extension 'colcon_pkg'
[0.516s] Level 1:colcon.colcon_core.package_identification:_identify(src) by extensions ['colcon_meta']
[0.516s] Level 1:colcon.colcon_core.package_identification:_identify(src) by extension 'colcon_meta'
[0.516s] Level 1:colcon.colcon_core.package_identification:_identify(src) by extensions ['ros']
[0.516s] Level 1:colcon.colcon_core.package_identification:_identify(src) by extension 'ros'
[0.516s] Level 1:colcon.colcon_core.package_identification:_identify(src) by extensions ['cmake', 'python']
[0.516s] Level 1:colcon.colcon_core.package_identification:_identify(src) by extension 'cmake'
[0.516s] Level 1:colcon.colcon_core.package_identification:_identify(src) by extension 'python'
[0.516s] Level 1:colcon.colcon_core.package_identification:_identify(src) by extensions ['python_setup_py']
[0.516s] Level 1:colcon.colcon_core.package_identification:_identify(src) by extension 'python_setup_py'
[0.516s] Level 1:colcon.colcon_core.package_identification:_identify(src/lidar_data_handler) by extensions ['ignore', 'ignore_ament_install']
[0.517s] Level 1:colcon.colcon_core.package_identification:_identify(src/lidar_data_handler) by extension 'ignore'
[0.517s] Level 1:colcon.colcon_core.package_identification:_identify(src/lidar_data_handler) by extension 'ignore_ament_install'
[0.517s] Level 1:colcon.colcon_core.package_identification:_identify(src/lidar_data_handler) by extensions ['colcon_pkg']
[0.517s] Level 1:colcon.colcon_core.package_identification:_identify(src/lidar_data_handler) by extension 'colcon_pkg'
[0.517s] Level 1:colcon.colcon_core.package_identification:_identify(src/lidar_data_handler) by extensions ['colcon_meta']
[0.517s] Level 1:colcon.colcon_core.package_identification:_identify(src/lidar_data_handler) by extension 'colcon_meta'
[0.517s] Level 1:colcon.colcon_core.package_identification:_identify(src/lidar_data_handler) by extensions ['ros']
[0.517s] Level 1:colcon.colcon_core.package_identification:_identify(src/lidar_data_handler) by extension 'ros'
[0.521s] DEBUG:colcon.colcon_core.package_identification:Package 'src/lidar_data_handler' with type 'ros.ament_python' and name 'lidar_data_handler'
[0.522s] Level 1:colcon.colcon_core.package_identification:_identify(src/linear_displacement_sensor) by extensions ['ignore', 'ignore_ament_install']
[0.522s] Level 1:colcon.colcon_core.package_identification:_identify(src/linear_displacement_sensor) by extension 'ignore'
[0.522s] Level 1:colcon.colcon_core.package_identification:_identify(src/linear_displacement_sensor) by extension 'ignore_ament_install'
[0.522s] Level 1:colcon.colcon_core.package_identification:_identify(src/linear_displacement_sensor) by extensions ['colcon_pkg']
[0.522s] Level 1:colcon.colcon_core.package_identification:_identify(src/linear_displacement_sensor) by extension 'colcon_pkg'
[0.522s] Level 1:colcon.colcon_core.package_identification:_identify(src/linear_displacement_sensor) by extensions ['colcon_meta']
[0.522s] Level 1:colcon.colcon_core.package_identification:_identify(src/linear_displacement_sensor) by extension 'colcon_meta'
[0.522s] Level 1:colcon.colcon_core.package_identification:_identify(src/linear_displacement_sensor) by extensions ['ros']
[0.522s] Level 1:colcon.colcon_core.package_identification:_identify(src/linear_displacement_sensor) by extension 'ros'
[0.523s] DEBUG:colcon.colcon_core.package_identification:Package 'src/linear_displacement_sensor' with type 'ros.ament_python' and name 'linear_displacement_sensor'
[0.523s] Level 1:colcon.colcon_core.package_identification:_identify(src/linear_sensor_msgs) by extensions ['ignore', 'ignore_ament_install']
[0.524s] Level 1:colcon.colcon_core.package_identification:_identify(src/linear_sensor_msgs) by extension 'ignore'
[0.524s] Level 1:colcon.colcon_core.package_identification:_identify(src/linear_sensor_msgs) by extension 'ignore_ament_install'
[0.524s] Level 1:colcon.colcon_core.package_identification:_identify(src/linear_sensor_msgs) by extensions ['colcon_pkg']
[0.524s] Level 1:colcon.colcon_core.package_identification:_identify(src/linear_sensor_msgs) by extension 'colcon_pkg'
[0.524s] Level 1:colcon.colcon_core.package_identification:_identify(src/linear_sensor_msgs) by extensions ['colcon_meta']
[0.524s] Level 1:colcon.colcon_core.package_identification:_identify(src/linear_sensor_msgs) by extension 'colcon_meta'
[0.524s] Level 1:colcon.colcon_core.package_identification:_identify(src/linear_sensor_msgs) by extensions ['ros']
[0.524s] Level 1:colcon.colcon_core.package_identification:_identify(src/linear_sensor_msgs) by extension 'ros'
[0.525s] DEBUG:colcon.colcon_core.package_identification:Package 'src/linear_sensor_msgs' with type 'ros.ament_cmake' and name 'linear_sensor_msgs'
[0.525s] Level 1:colcon.colcon_core.package_identification:_identify(src/ole2d_ros2_driver) by extensions ['ignore', 'ignore_ament_install']
[0.526s] Level 1:colcon.colcon_core.package_identification:_identify(src/ole2d_ros2_driver) by extension 'ignore'
[0.526s] Level 1:colcon.colcon_core.package_identification:_identify(src/ole2d_ros2_driver) by extension 'ignore_ament_install'
[0.526s] Level 1:colcon.colcon_core.package_identification:_identify(src/ole2d_ros2_driver) by extensions ['colcon_pkg']
[0.526s] Level 1:colcon.colcon_core.package_identification:_identify(src/ole2d_ros2_driver) by extension 'colcon_pkg'
[0.526s] Level 1:colcon.colcon_core.package_identification:_identify(src/ole2d_ros2_driver) by extensions ['colcon_meta']
[0.526s] Level 1:colcon.colcon_core.package_identification:_identify(src/ole2d_ros2_driver) by extension 'colcon_meta'
[0.526s] Level 1:colcon.colcon_core.package_identification:_identify(src/ole2d_ros2_driver) by extensions ['ros']
[0.526s] Level 1:colcon.colcon_core.package_identification:_identify(src/ole2d_ros2_driver) by extension 'ros'
[0.526s] Level 1:colcon.colcon_core.package_identification:_identify(src/ole2d_ros2_driver) by extensions ['cmake', 'python']
[0.526s] Level 1:colcon.colcon_core.package_identification:_identify(src/ole2d_ros2_driver) by extension 'cmake'
[0.527s] Level 1:colcon.colcon_core.package_identification:_identify(src/ole2d_ros2_driver) by extension 'python'
[0.527s] Level 1:colcon.colcon_core.package_identification:_identify(src/ole2d_ros2_driver) by extensions ['python_setup_py']
[0.527s] Level 1:colcon.colcon_core.package_identification:_identify(src/ole2d_ros2_driver) by extension 'python_setup_py'
[0.527s] Level 1:colcon.colcon_core.package_identification:_identify(src/ole2d_ros2_driver/lidar_msgs) by extensions ['ignore', 'ignore_ament_install']
[0.527s] Level 1:colcon.colcon_core.package_identification:_identify(src/ole2d_ros2_driver/lidar_msgs) by extension 'ignore'
[0.527s] Level 1:colcon.colcon_core.package_identification:_identify(src/ole2d_ros2_driver/lidar_msgs) by extension 'ignore_ament_install'
[0.527s] Level 1:colcon.colcon_core.package_identification:_identify(src/ole2d_ros2_driver/lidar_msgs) by extensions ['colcon_pkg']
[0.527s] Level 1:colcon.colcon_core.package_identification:_identify(src/ole2d_ros2_driver/lidar_msgs) by extension 'colcon_pkg'
[0.528s] Level 1:colcon.colcon_core.package_identification:_identify(src/ole2d_ros2_driver/lidar_msgs) by extensions ['colcon_meta']
[0.528s] Level 1:colcon.colcon_core.package_identification:_identify(src/ole2d_ros2_driver/lidar_msgs) by extension 'colcon_meta'
[0.528s] Level 1:colcon.colcon_core.package_identification:_identify(src/ole2d_ros2_driver/lidar_msgs) by extensions ['ros']
[0.528s] Level 1:colcon.colcon_core.package_identification:_identify(src/ole2d_ros2_driver/lidar_msgs) by extension 'ros'
[0.529s] DEBUG:colcon.colcon_core.package_identification:Package 'src/ole2d_ros2_driver/lidar_msgs' with type 'ros.ament_cmake' and name 'lidar_msgs'
[0.529s] Level 1:colcon.colcon_core.package_identification:_identify(src/ole2d_ros2_driver/ros2_lidar) by extensions ['ignore', 'ignore_ament_install']
[0.529s] Level 1:colcon.colcon_core.package_identification:_identify(src/ole2d_ros2_driver/ros2_lidar) by extension 'ignore'
[0.530s] Level 1:colcon.colcon_core.package_identification:_identify(src/ole2d_ros2_driver/ros2_lidar) by extension 'ignore_ament_install'
[0.530s] Level 1:colcon.colcon_core.package_identification:_identify(src/ole2d_ros2_driver/ros2_lidar) by extensions ['colcon_pkg']
[0.530s] Level 1:colcon.colcon_core.package_identification:_identify(src/ole2d_ros2_driver/ros2_lidar) by extension 'colcon_pkg'
[0.530s] Level 1:colcon.colcon_core.package_identification:_identify(src/ole2d_ros2_driver/ros2_lidar) by extensions ['colcon_meta']
[0.530s] Level 1:colcon.colcon_core.package_identification:_identify(src/ole2d_ros2_driver/ros2_lidar) by extension 'colcon_meta'
[0.530s] Level 1:colcon.colcon_core.package_identification:_identify(src/ole2d_ros2_driver/ros2_lidar) by extensions ['ros']
[0.530s] Level 1:colcon.colcon_core.package_identification:_identify(src/ole2d_ros2_driver/ros2_lidar) by extension 'ros'
[0.532s] DEBUG:colcon.colcon_core.package_identification:Package 'src/ole2d_ros2_driver/ros2_lidar' with type 'ros.ament_cmake' and name 'ros2_lidar'
[0.533s] Level 1:colcon.colcon_core.package_identification:_identify(src/ole2d_ros2_driver_new) by extensions ['ignore', 'ignore_ament_install']
[0.533s] Level 1:colcon.colcon_core.package_identification:_identify(src/ole2d_ros2_driver_new) by extension 'ignore'
[0.533s] Level 1:colcon.colcon_core.package_identification:_identify(src/ole2d_ros2_driver_new) by extension 'ignore_ament_install'
[0.533s] Level 1:colcon.colcon_core.package_identification:_identify(src/ole2d_ros2_driver_new) by extensions ['colcon_pkg']
[0.533s] Level 1:colcon.colcon_core.package_identification:_identify(src/ole2d_ros2_driver_new) by extension 'colcon_pkg'
[0.533s] Level 1:colcon.colcon_core.package_identification:_identify(src/ole2d_ros2_driver_new) by extensions ['colcon_meta']
[0.533s] Level 1:colcon.colcon_core.package_identification:_identify(src/ole2d_ros2_driver_new) by extension 'colcon_meta'
[0.534s] Level 1:colcon.colcon_core.package_identification:_identify(src/ole2d_ros2_driver_new) by extensions ['ros']
[0.534s] Level 1:colcon.colcon_core.package_identification:_identify(src/ole2d_ros2_driver_new) by extension 'ros'
[0.534s] Level 1:colcon.colcon_core.package_identification:_identify(src/ole2d_ros2_driver_new) by extensions ['cmake', 'python']
[0.534s] Level 1:colcon.colcon_core.package_identification:_identify(src/ole2d_ros2_driver_new) by extension 'cmake'
[0.534s] Level 1:colcon.colcon_core.package_identification:_identify(src/ole2d_ros2_driver_new) by extension 'python'
[0.534s] Level 1:colcon.colcon_core.package_identification:_identify(src/ole2d_ros2_driver_new) by extensions ['python_setup_py']
[0.534s] Level 1:colcon.colcon_core.package_identification:_identify(src/ole2d_ros2_driver_new) by extension 'python_setup_py'
[0.534s] Level 1:colcon.colcon_core.package_identification:_identify(src/ole2d_ros2_driver_new/olei_driver) by extensions ['ignore', 'ignore_ament_install']
[0.534s] Level 1:colcon.colcon_core.package_identification:_identify(src/ole2d_ros2_driver_new/olei_driver) by extension 'ignore'
[0.535s] Level 1:colcon.colcon_core.package_identification:_identify(src/ole2d_ros2_driver_new/olei_driver) by extension 'ignore_ament_install'
[0.535s] Level 1:colcon.colcon_core.package_identification:_identify(src/ole2d_ros2_driver_new/olei_driver) by extensions ['colcon_pkg']
[0.535s] Level 1:colcon.colcon_core.package_identification:_identify(src/ole2d_ros2_driver_new/olei_driver) by extension 'colcon_pkg'
[0.535s] Level 1:colcon.colcon_core.package_identification:_identify(src/ole2d_ros2_driver_new/olei_driver) by extensions ['colcon_meta']
[0.535s] Level 1:colcon.colcon_core.package_identification:_identify(src/ole2d_ros2_driver_new/olei_driver) by extension 'colcon_meta'
[0.535s] Level 1:colcon.colcon_core.package_identification:_identify(src/ole2d_ros2_driver_new/olei_driver) by extensions ['ros']
[0.535s] Level 1:colcon.colcon_core.package_identification:_identify(src/ole2d_ros2_driver_new/olei_driver) by extension 'ros'
[0.537s] DEBUG:colcon.colcon_core.package_identification:Package 'src/ole2d_ros2_driver_new/olei_driver' with type 'ros.ament_cmake' and name 'olei_driver'
[0.537s] Level 1:colcon.colcon_core.package_identification:_identify(src/ole2d_ros2_driver_new/olei_interfaces) by extensions ['ignore', 'ignore_ament_install']
[0.537s] Level 1:colcon.colcon_core.package_identification:_identify(src/ole2d_ros2_driver_new/olei_interfaces) by extension 'ignore'
[0.538s] Level 1:colcon.colcon_core.package_identification:_identify(src/ole2d_ros2_driver_new/olei_interfaces) by extension 'ignore_ament_install'
[0.538s] Level 1:colcon.colcon_core.package_identification:_identify(src/ole2d_ros2_driver_new/olei_interfaces) by extensions ['colcon_pkg']
[0.538s] Level 1:colcon.colcon_core.package_identification:_identify(src/ole2d_ros2_driver_new/olei_interfaces) by extension 'colcon_pkg'
[0.538s] Level 1:colcon.colcon_core.package_identification:_identify(src/ole2d_ros2_driver_new/olei_interfaces) by extensions ['colcon_meta']
[0.538s] Level 1:colcon.colcon_core.package_identification:_identify(src/ole2d_ros2_driver_new/olei_interfaces) by extension 'colcon_meta'
[0.538s] Level 1:colcon.colcon_core.package_identification:_identify(src/ole2d_ros2_driver_new/olei_interfaces) by extensions ['ros']
[0.538s] Level 1:colcon.colcon_core.package_identification:_identify(src/ole2d_ros2_driver_new/olei_interfaces) by extension 'ros'
[0.539s] DEBUG:colcon.colcon_core.package_identification:Package 'src/ole2d_ros2_driver_new/olei_interfaces' with type 'ros.ament_cmake' and name 'olei_interfaces'
[0.539s] Level 1:colcon.colcon_core.package_discovery:discover_packages(recursive) using defaults
[0.539s] Level 1:colcon.colcon_core.package_discovery:discover_packages(ignore) discover
[0.539s] Level 1:colcon.colcon_core.package_discovery:discover_packages(ignore) using defaults
[0.539s] Level 1:colcon.colcon_core.package_discovery:discover_packages(path) discover
[0.539s] Level 1:colcon.colcon_core.package_discovery:discover_packages(path) using defaults
[0.563s] INFO:colcon.colcon_core.package_selection:Skipping not selected package 'lidar_msgs' in 'src/ole2d_ros2_driver/lidar_msgs'
[0.563s] INFO:colcon.colcon_core.package_selection:Skipping not selected package 'linear_displacement_sensor' in 'src/linear_displacement_sensor'
[0.563s] INFO:colcon.colcon_core.package_selection:Skipping not selected package 'linear_sensor_msgs' in 'src/linear_sensor_msgs'
[0.563s] INFO:colcon.colcon_core.package_selection:Skipping not selected package 'olei_interfaces' in 'src/ole2d_ros2_driver_new/olei_interfaces'
[0.563s] INFO:colcon.colcon_core.package_selection:Skipping not selected package 'olei_driver' in 'src/ole2d_ros2_driver_new/olei_driver'
[0.563s] INFO:colcon.colcon_core.package_selection:Skipping not selected package 'ros2_lidar' in 'src/ole2d_ros2_driver/ros2_lidar'
[0.564s] Level 1:colcon.colcon_core.package_discovery:discover_packages(prefix_path) check parameters
[0.564s] Level 1:colcon.colcon_core.package_discovery:discover_packages(prefix_path) discover
[0.567s] DEBUG:colcon.colcon_installed_package_information.package_discovery:Found 7 installed packages in /home/grz/trolley_auto_drive_image/code/install
[0.568s] DEBUG:colcon.colcon_installed_package_information.package_discovery:Found 173 installed packages in /opt/ros/foxy
[0.569s] Level 1:colcon.colcon_core.package_discovery:discover_packages(prefix_path) using defaults
[0.640s] Level 5:colcon.colcon_core.verb:set package 'lidar_data_handler' build argument 'cmake_args' from command line to 'None'
[0.640s] Level 5:colcon.colcon_core.verb:set package 'lidar_data_handler' build argument 'cmake_target' from command line to 'None'
[0.640s] Level 5:colcon.colcon_core.verb:set package 'lidar_data_handler' build argument 'cmake_target_skip_unavailable' from command line to 'False'
[0.640s] Level 5:colcon.colcon_core.verb:set package 'lidar_data_handler' build argument 'cmake_clean_cache' from command line to 'False'
[0.640s] Level 5:colcon.colcon_core.verb:set package 'lidar_data_handler' build argument 'cmake_clean_first' from command line to 'False'
[0.640s] Level 5:colcon.colcon_core.verb:set package 'lidar_data_handler' build argument 'cmake_force_configure' from command line to 'False'
[0.640s] Level 5:colcon.colcon_core.verb:set package 'lidar_data_handler' build argument 'ament_cmake_args' from command line to 'None'
[0.640s] Level 5:colcon.colcon_core.verb:set package 'lidar_data_handler' build argument 'catkin_cmake_args' from command line to 'None'
[0.640s] Level 5:colcon.colcon_core.verb:set package 'lidar_data_handler' build argument 'catkin_skip_building_tests' from command line to 'False'
[0.640s] DEBUG:colcon.colcon_core.verb:Building package 'lidar_data_handler' with the following arguments: {'ament_cmake_args': None, 'build_base': '/home/grz/trolley_auto_drive_image/code/build/lidar_data_handler', 'catkin_cmake_args': None, 'catkin_skip_building_tests': False, 'cmake_args': None, 'cmake_clean_cache': False, 'cmake_clean_first': False, 'cmake_force_configure': False, 'cmake_target': None, 'cmake_target_skip_unavailable': False, 'install_base': '/home/grz/trolley_auto_drive_image/code/install/lidar_data_handler', 'merge_install': False, 'path': '/home/grz/trolley_auto_drive_image/code/src/lidar_data_handler', 'symlink_install': False, 'test_result_base': None}
[0.640s] INFO:colcon.colcon_core.executor:Executing jobs using 'parallel' executor
[0.642s] DEBUG:colcon.colcon_parallel_executor.executor.parallel:run_until_complete
[0.642s] INFO:colcon.colcon_ros.task.ament_python.build:Building ROS package in '/home/grz/trolley_auto_drive_image/code/src/lidar_data_handler' with build type 'ament_python'
[0.643s] Level 1:colcon.colcon_core.shell:create_environment_hook('lidar_data_handler', 'ament_prefix_path')
[0.648s] INFO:colcon.colcon_core.plugin_system:Skipping extension 'colcon_core.shell.bat': Not used on non-Windows systems
[0.648s] INFO:colcon.colcon_core.shell:Creating environment hook '/home/grz/trolley_auto_drive_image/code/install/lidar_data_handler/share/lidar_data_handler/hook/ament_prefix_path.ps1'
[0.649s] INFO:colcon.colcon_core.shell:Creating environment descriptor '/home/grz/trolley_auto_drive_image/code/install/lidar_data_handler/share/lidar_data_handler/hook/ament_prefix_path.dsv'
[0.650s] INFO:colcon.colcon_core.shell:Creating environment hook '/home/grz/trolley_auto_drive_image/code/install/lidar_data_handler/share/lidar_data_handler/hook/ament_prefix_path.sh'
[0.651s] INFO:colcon.colcon_core.shell:Skip shell extension 'powershell' for command environment: Not usable outside of PowerShell
[0.651s] DEBUG:colcon.colcon_core.shell:Skip shell extension 'dsv' for command environment
[0.993s] INFO:colcon.colcon_core.task.python.build:Building Python package in '/home/grz/trolley_auto_drive_image/code/src/lidar_data_handler'
[0.993s] INFO:colcon.colcon_core.shell:Skip shell extension 'powershell' for command environment: Not usable outside of PowerShell
[0.994s] DEBUG:colcon.colcon_core.shell:Skip shell extension 'dsv' for command environment
[1.555s] DEBUG:colcon.colcon_core.event_handler.log_command:Invoking command in '/home/grz/trolley_auto_drive_image/code/src/lidar_data_handler': PYTHONPATH=/home/grz/trolley_auto_drive_image/code/build/lidar_data_handler/prefix_override:/usr/lib/python3/dist-packages/colcon_core/task/python/colcon_distutils_commands:/home/grz/trolley_auto_drive_image/code/install/lidar_data_handler/lib/python3.8/site-packages:${PYTHONPATH} /usr/bin/python3 -W ignore:setup.py install is deprecated -W ignore:easy_install command is deprecated setup.py egg_info --egg-base ../../build/lidar_data_handler build --build-base /home/grz/trolley_auto_drive_image/code/build/lidar_data_handler/build install --record /home/grz/trolley_auto_drive_image/code/build/lidar_data_handler/install.log --single-version-externally-managed install_data
[1.992s] DEBUG:colcon.colcon_core.event_handler.log_command:Invoked command in '/home/grz/trolley_auto_drive_image/code/src/lidar_data_handler' returned '0': PYTHONPATH=/home/grz/trolley_auto_drive_image/code/build/lidar_data_handler/prefix_override:/usr/lib/python3/dist-packages/colcon_core/task/python/colcon_distutils_commands:/home/grz/trolley_auto_drive_image/code/install/lidar_data_handler/lib/python3.8/site-packages:${PYTHONPATH} /usr/bin/python3 -W ignore:setup.py install is deprecated -W ignore:easy_install command is deprecated setup.py egg_info --egg-base ../../build/lidar_data_handler build --build-base /home/grz/trolley_auto_drive_image/code/build/lidar_data_handler/build install --record /home/grz/trolley_auto_drive_image/code/build/lidar_data_handler/install.log --single-version-externally-managed install_data
[1.996s] Level 1:colcon.colcon_core.environment:checking '/home/grz/trolley_auto_drive_image/code/install/lidar_data_handler' for CMake module files
[1.996s] Level 1:colcon.colcon_core.environment:checking '/home/grz/trolley_auto_drive_image/code/install/lidar_data_handler' for CMake config files
[1.997s] Level 1:colcon.colcon_core.environment:checking '/home/grz/trolley_auto_drive_image/code/install/lidar_data_handler/lib'
[1.998s] Level 1:colcon.colcon_core.environment:checking '/home/grz/trolley_auto_drive_image/code/install/lidar_data_handler/bin'
[1.998s] Level 1:colcon.colcon_core.environment:checking '/home/grz/trolley_auto_drive_image/code/install/lidar_data_handler/lib/pkgconfig/lidar_data_handler.pc'
[1.999s] Level 1:colcon.colcon_core.environment:checking '/home/grz/trolley_auto_drive_image/code/install/lidar_data_handler/lib/python3.8/site-packages'
[1.999s] Level 1:colcon.colcon_core.shell:create_environment_hook('lidar_data_handler', 'pythonpath')
[2.000s] INFO:colcon.colcon_core.shell:Creating environment hook '/home/grz/trolley_auto_drive_image/code/install/lidar_data_handler/share/lidar_data_handler/hook/pythonpath.ps1'
[2.001s] INFO:colcon.colcon_core.shell:Creating environment descriptor '/home/grz/trolley_auto_drive_image/code/install/lidar_data_handler/share/lidar_data_handler/hook/pythonpath.dsv'
[2.002s] INFO:colcon.colcon_core.shell:Creating environment hook '/home/grz/trolley_auto_drive_image/code/install/lidar_data_handler/share/lidar_data_handler/hook/pythonpath.sh'
[2.003s] Level 1:colcon.colcon_core.environment:checking '/home/grz/trolley_auto_drive_image/code/install/lidar_data_handler/bin'
[2.003s] Level 1:colcon.colcon_core.environment:create_environment_scripts_only(lidar_data_handler)
[2.003s] INFO:colcon.colcon_core.shell:Creating package script '/home/grz/trolley_auto_drive_image/code/install/lidar_data_handler/share/lidar_data_handler/package.ps1'
[2.004s] INFO:colcon.colcon_core.shell:Creating package descriptor '/home/grz/trolley_auto_drive_image/code/install/lidar_data_handler/share/lidar_data_handler/package.dsv'
[2.005s] INFO:colcon.colcon_core.shell:Creating package script '/home/grz/trolley_auto_drive_image/code/install/lidar_data_handler/share/lidar_data_handler/package.sh'
[2.006s] INFO:colcon.colcon_core.shell:Creating package script '/home/grz/trolley_auto_drive_image/code/install/lidar_data_handler/share/lidar_data_handler/package.bash'
[2.007s] INFO:colcon.colcon_core.shell:Creating package script '/home/grz/trolley_auto_drive_image/code/install/lidar_data_handler/share/lidar_data_handler/package.zsh'
[2.008s] Level 1:colcon.colcon_core.environment:create_file_with_runtime_dependencies(/home/grz/trolley_auto_drive_image/code/install/lidar_data_handler/share/colcon-core/packages/lidar_data_handler)
[2.009s] DEBUG:colcon.colcon_parallel_executor.executor.parallel:closing loop
[2.009s] DEBUG:colcon.colcon_parallel_executor.executor.parallel:loop closed
[2.010s] DEBUG:colcon.colcon_parallel_executor.executor.parallel:run_until_complete finished with '0'
[2.010s] DEBUG:colcon.colcon_core.event_reactor:joining thread
[2.018s] INFO:colcon.colcon_core.plugin_system:Skipping extension 'colcon_notification.desktop_notification.notify_send': Could not find 'notify-send'
[2.018s] INFO:colcon.colcon_core.plugin_system:Skipping extension 'colcon_notification.desktop_notification.terminal_notifier': Not used on non-Darwin systems
[2.018s] INFO:colcon.colcon_core.plugin_system:Skipping extension 'colcon_notification.desktop_notification.win32': Not used on non-Windows systems
[2.018s] INFO:colcon.colcon_notification.desktop_notification:Sending desktop notification using 'notify2'
[2.024s] DEBUG:colcon.colcon_core.event_reactor:joined thread
[2.025s] INFO:colcon.colcon_core.shell:Creating prefix script '/home/grz/trolley_auto_drive_image/code/install/local_setup.ps1'
[2.027s] INFO:colcon.colcon_core.shell:Creating prefix util module '/home/grz/trolley_auto_drive_image/code/install/_local_setup_util_ps1.py'
[2.029s] INFO:colcon.colcon_core.shell:Creating prefix chain script '/home/grz/trolley_auto_drive_image/code/install/setup.ps1'
[2.031s] INFO:colcon.colcon_core.shell:Creating prefix script '/home/grz/trolley_auto_drive_image/code/install/local_setup.sh'
[2.032s] INFO:colcon.colcon_core.shell:Creating prefix util module '/home/grz/trolley_auto_drive_image/code/install/_local_setup_util_sh.py'
[2.033s] INFO:colcon.colcon_core.shell:Creating prefix chain script '/home/grz/trolley_auto_drive_image/code/install/setup.sh'
[2.035s] INFO:colcon.colcon_core.shell:Creating prefix script '/home/grz/trolley_auto_drive_image/code/install/local_setup.bash'
[2.036s] INFO:colcon.colcon_core.shell:Creating prefix chain script '/home/grz/trolley_auto_drive_image/code/install/setup.bash'
[2.038s] INFO:colcon.colcon_core.shell:Creating prefix script '/home/grz/trolley_auto_drive_image/code/install/local_setup.zsh'
[2.039s] INFO:colcon.colcon_core.shell:Creating prefix chain script '/home/grz/trolley_auto_drive_image/code/install/setup.zsh'
