-- The C compiler identification is GNU 9.4.0
-- The CXX compiler identification is GNU 9.4.0
-- Check for working C compiler: /usr/bin/cc
-- Check for working C compiler: /usr/bin/cc -- works
-- Detecting C compiler ABI info
-- Detecting C compiler ABI info - done
-- Detecting C compile features
-- Detecting C compile features - done
-- Check for working CXX compiler: /usr/bin/c++
-- Check for working CXX compiler: /usr/bin/c++ -- works
-- Detecting CXX compiler ABI info
-- Detecting CXX compiler ABI info - done
-- Detecting CXX compile features
-- Detecting CXX compile features - done
-- Found ament_cmake: 0.9.12 (/opt/ros/foxy/share/ament_cmake/cmake)
-- Found PythonInterp: /usr/bin/python3 (found suitable version "3.8.10", minimum required is "3") 
-- Using PYTHON_EXECUTABLE: /usr/bin/python3
-- Found rosidl_default_generators: 1.0.1 (/opt/ros/foxy/share/rosidl_default_generators/cmake)
-- Using all available rosidl_typesupport_c: rosidl_typesupport_fastrtps_c;rosidl_typesupport_introspection_c
-- Found rosidl_adapter: 1.3.1 (/opt/ros/foxy/share/rosidl_adapter/cmake)
-- Found OpenSSL: /usr/lib/x86_64-linux-gnu/libcrypto.so (found version "1.1.1f")  
-- Found FastRTPS: /opt/ros/foxy/include  
-- Using all available rosidl_typesupport_cpp: rosidl_typesupport_fastrtps_cpp;rosidl_typesupport_introspection_cpp
-- Found PythonInterp: /usr/bin/python3 (found version "3.8.10") 
-- Found ament_cmake_ros: 0.9.2 (/opt/ros/foxy/share/ament_cmake_ros/cmake)
-- Using all available rosidl_typesupport_c: rosidl_typesupport_fastrtps_c;rosidl_typesupport_introspection_c
-- Using all available rosidl_typesupport_cpp: rosidl_typesupport_fastrtps_cpp;rosidl_typesupport_introspection_cpp
-- Found PythonInterp: /usr/bin/python3 (found suitable version "3.8.10", minimum required is "3.5") 
-- Found python_cmake_module: 0.8.1 (/opt/ros/foxy/share/python_cmake_module/cmake)
-- Found PythonLibs: /usr/lib/x86_64-linux-gnu/libpython3.8.so (found suitable version "3.8.10", minimum required is "3.5") 
-- Using PYTHON_EXECUTABLE: /usr/bin/python3
-- Using PYTHON_INCLUDE_DIRS: /usr/include/python3.8
-- Using PYTHON_LIBRARIES: /usr/lib/x86_64-linux-gnu/libpython3.8.so
-- Found PythonExtra: .so  
-- Configuring done
-- Generating done
-- Build files have been written to: /home/grz/trolley_auto_drive_image/code/build/olei_interfaces
[  2%] [34m[1mGenerating C code for ROS interfaces[0m
[35m[1mScanning dependencies of target olei_interfaces__cpp[0m
[  5%] [34m[1mGenerating C++ code for ROS interfaces[0m
[  5%] Built target olei_interfaces__cpp
[ 10%] [34m[1mGenerating C++ introspection for ROS interfaces[0m
[  7%] [34m[1mGenerating C++ type support for eProsima Fast-RTPS[0m
[35m[1mScanning dependencies of target olei_interfaces__rosidl_generator_c[0m
[ 12%] [34m[1mGenerating C++ type support dispatch for ROS interfaces[0m
[ 15%] [32mBuilding C object CMakeFiles/olei_interfaces__rosidl_generator_c.dir/rosidl_generator_c/olei_interfaces/msg/detail/vf_header__functions.c.o[0m
[ 17%] [32mBuilding C object CMakeFiles/olei_interfaces__rosidl_generator_c.dir/rosidl_generator_c/olei_interfaces/msg/detail/v2_header__functions.c.o[0m
[ 20%] [32m[1mLinking C shared library libolei_interfaces__rosidl_generator_c.so[0m
[ 20%] Built target olei_interfaces__rosidl_generator_c
[ 23%] [34m[1mGenerating C introspection for ROS interfaces[0m
[35m[1mScanning dependencies of target olei_interfaces__rosidl_typesupport_cpp[0m
[ 25%] [32mBuilding CXX object CMakeFiles/olei_interfaces__rosidl_typesupport_cpp.dir/rosidl_typesupport_cpp/olei_interfaces/msg/vf_header__type_support.cpp.o[0m
[35m[1mScanning dependencies of target olei_interfaces__rosidl_typesupport_fastrtps_cpp[0m
[35m[1mScanning dependencies of target olei_interfaces__rosidl_typesupport_introspection_cpp[0m
[ 28%] [32mBuilding CXX object CMakeFiles/olei_interfaces__rosidl_typesupport_fastrtps_cpp.dir/rosidl_typesupport_fastrtps_cpp/olei_interfaces/msg/detail/dds_fastrtps/vf_header__type_support.cpp.o[0m
[ 30%] [32mBuilding CXX object CMakeFiles/olei_interfaces__rosidl_typesupport_introspection_cpp.dir/rosidl_typesupport_introspection_cpp/olei_interfaces/msg/detail/vf_header__type_support.cpp.o[0m
[35m[1mScanning dependencies of target olei_interfaces__rosidl_typesupport_introspection_c[0m
[ 33%] [32mBuilding C object CMakeFiles/olei_interfaces__rosidl_typesupport_introspection_c.dir/rosidl_typesupport_introspection_c/olei_interfaces/msg/detail/vf_header__type_support.c.o[0m
[ 35%] [32mBuilding C object CMakeFiles/olei_interfaces__rosidl_typesupport_introspection_c.dir/rosidl_typesupport_introspection_c/olei_interfaces/msg/detail/v2_header__type_support.c.o[0m
[ 38%] [32m[1mLinking C shared library libolei_interfaces__rosidl_typesupport_introspection_c.so[0m
[ 41%] [32mBuilding CXX object CMakeFiles/olei_interfaces__rosidl_typesupport_cpp.dir/rosidl_typesupport_cpp/olei_interfaces/msg/v2_header__type_support.cpp.o[0m
[ 41%] Built target olei_interfaces__rosidl_typesupport_introspection_c
[ 43%] [32mBuilding CXX object CMakeFiles/olei_interfaces__rosidl_typesupport_fastrtps_cpp.dir/rosidl_typesupport_fastrtps_cpp/olei_interfaces/msg/detail/dds_fastrtps/v2_header__type_support.cpp.o[0m
[ 46%] [32mBuilding CXX object CMakeFiles/olei_interfaces__rosidl_typesupport_introspection_cpp.dir/rosidl_typesupport_introspection_cpp/olei_interfaces/msg/detail/v2_header__type_support.cpp.o[0m
[ 48%] [34m[1mGenerating C type support dispatch for ROS interfaces[0m
[ 51%] [32m[1mLinking CXX shared library libolei_interfaces__rosidl_typesupport_cpp.so[0m
[ 51%] Built target olei_interfaces__rosidl_typesupport_cpp
[ 53%] [32m[1mLinking CXX shared library libolei_interfaces__rosidl_typesupport_introspection_cpp.so[0m
[ 53%] Built target olei_interfaces__rosidl_typesupport_introspection_cpp
[ 56%] [32m[1mLinking CXX shared library libolei_interfaces__rosidl_typesupport_fastrtps_cpp.so[0m
[ 56%] Built target olei_interfaces__rosidl_typesupport_fastrtps_cpp
[ 58%] [34m[1mGenerating C type support for eProsima Fast-RTPS[0m
[35m[1mScanning dependencies of target olei_interfaces__rosidl_typesupport_c[0m
[ 61%] [32mBuilding CXX object CMakeFiles/olei_interfaces__rosidl_typesupport_c.dir/rosidl_typesupport_c/olei_interfaces/msg/v2_header__type_support.cpp.o[0m
[ 64%] [32mBuilding CXX object CMakeFiles/olei_interfaces__rosidl_typesupport_c.dir/rosidl_typesupport_c/olei_interfaces/msg/vf_header__type_support.cpp.o[0m
[ 66%] [32m[1mLinking CXX shared library libolei_interfaces__rosidl_typesupport_c.so[0m
[ 66%] Built target olei_interfaces__rosidl_typesupport_c
[35m[1mScanning dependencies of target olei_interfaces__rosidl_typesupport_fastrtps_c[0m
[ 71%] [32mBuilding CXX object CMakeFiles/olei_interfaces__rosidl_typesupport_fastrtps_c.dir/rosidl_typesupport_fastrtps_c/olei_interfaces/msg/detail/vf_header__type_support_c.cpp.o[0m
[ 71%] [32mBuilding CXX object CMakeFiles/olei_interfaces__rosidl_typesupport_fastrtps_c.dir/rosidl_typesupport_fastrtps_c/olei_interfaces/msg/detail/v2_header__type_support_c.cpp.o[0m
[ 74%] [32m[1mLinking CXX shared library libolei_interfaces__rosidl_typesupport_fastrtps_c.so[0m
[ 74%] Built target olei_interfaces__rosidl_typesupport_fastrtps_c
[35m[1mScanning dependencies of target olei_interfaces[0m
[ 74%] Built target olei_interfaces
[35m[1mScanning dependencies of target olei_interfaces__py[0m
[ 76%] [34m[1mGenerating Python code for ROS interfaces[0m
[ 76%] Built target olei_interfaces__py
[35m[1mScanning dependencies of target olei_interfaces__python[0m
[ 79%] [32mBuilding C object CMakeFiles/olei_interfaces__python.dir/rosidl_generator_py/olei_interfaces/msg/_vf_header_s.c.o[0m
[ 82%] [32mBuilding C object CMakeFiles/olei_interfaces__python.dir/rosidl_generator_py/olei_interfaces/msg/_v2_header_s.c.o[0m
[ 84%] [32m[1mLinking C shared library rosidl_generator_py/olei_interfaces/libolei_interfaces__python.so[0m
[ 84%] Built target olei_interfaces__python
[35m[1mScanning dependencies of target olei_interfaces__rosidl_typesupport_introspection_c__pyext[0m
[35m[1mScanning dependencies of target olei_interfaces__rosidl_typesupport_c__pyext[0m
[35m[1mScanning dependencies of target olei_interfaces__rosidl_typesupport_fastrtps_c__pyext[0m
[ 87%] [32mBuilding C object CMakeFiles/olei_interfaces__rosidl_typesupport_introspection_c__pyext.dir/rosidl_generator_py/olei_interfaces/_olei_interfaces_s.ep.rosidl_typesupport_introspection_c.c.o[0m
[ 89%] [32mBuilding C object CMakeFiles/olei_interfaces__rosidl_typesupport_c__pyext.dir/rosidl_generator_py/olei_interfaces/_olei_interfaces_s.ep.rosidl_typesupport_c.c.o[0m
[ 92%] [32mBuilding C object CMakeFiles/olei_interfaces__rosidl_typesupport_fastrtps_c__pyext.dir/rosidl_generator_py/olei_interfaces/_olei_interfaces_s.ep.rosidl_typesupport_fastrtps_c.c.o[0m
[ 94%] [32m[1mLinking C shared library rosidl_generator_py/olei_interfaces/olei_interfaces_s__rosidl_typesupport_c.cpython-38-x86_64-linux-gnu.so[0m
[ 97%] [32m[1mLinking C shared library rosidl_generator_py/olei_interfaces/olei_interfaces_s__rosidl_typesupport_introspection_c.cpython-38-x86_64-linux-gnu.so[0m
[100%] [32m[1mLinking CXX shared library rosidl_generator_py/olei_interfaces/olei_interfaces_s__rosidl_typesupport_fastrtps_c.cpython-38-x86_64-linux-gnu.so[0m
[100%] Built target olei_interfaces__rosidl_typesupport_c__pyext
[100%] Built target olei_interfaces__rosidl_typesupport_introspection_c__pyext
[100%] Built target olei_interfaces__rosidl_typesupport_fastrtps_c__pyext
-- Install configuration: ""
-- Installing: /home/grz/trolley_auto_drive_image/code/install/olei_interfaces/share/ament_index/resource_index/rosidl_interfaces/olei_interfaces
-- Installing: /home/grz/trolley_auto_drive_image/code/install/olei_interfaces/include/olei_interfaces
-- Installing: /home/grz/trolley_auto_drive_image/code/install/olei_interfaces/include/olei_interfaces/msg
-- Installing: /home/grz/trolley_auto_drive_image/code/install/olei_interfaces/include/olei_interfaces/msg/vf_header.h
-- Installing: /home/grz/trolley_auto_drive_image/code/install/olei_interfaces/include/olei_interfaces/msg/rosidl_generator_c__visibility_control.h
-- Installing: /home/grz/trolley_auto_drive_image/code/install/olei_interfaces/include/olei_interfaces/msg/v2_header.h
-- Installing: /home/grz/trolley_auto_drive_image/code/install/olei_interfaces/include/olei_interfaces/msg/detail
-- Installing: /home/grz/trolley_auto_drive_image/code/install/olei_interfaces/include/olei_interfaces/msg/detail/v2_header__functions.c
-- Installing: /home/grz/trolley_auto_drive_image/code/install/olei_interfaces/include/olei_interfaces/msg/detail/vf_header__functions.c
-- Installing: /home/grz/trolley_auto_drive_image/code/install/olei_interfaces/include/olei_interfaces/msg/detail/v2_header__functions.h
-- Installing: /home/grz/trolley_auto_drive_image/code/install/olei_interfaces/include/olei_interfaces/msg/detail/vf_header__functions.h
-- Installing: /home/grz/trolley_auto_drive_image/code/install/olei_interfaces/include/olei_interfaces/msg/detail/vf_header__type_support.h
-- Installing: /home/grz/trolley_auto_drive_image/code/install/olei_interfaces/include/olei_interfaces/msg/detail/v2_header__type_support.h
-- Installing: /home/grz/trolley_auto_drive_image/code/install/olei_interfaces/include/olei_interfaces/msg/detail/v2_header__struct.h
-- Installing: /home/grz/trolley_auto_drive_image/code/install/olei_interfaces/include/olei_interfaces/msg/detail/vf_header__struct.h
-- Installing: /home/grz/trolley_auto_drive_image/code/install/olei_interfaces/share/olei_interfaces/environment/library_path.sh
-- Installing: /home/grz/trolley_auto_drive_image/code/install/olei_interfaces/share/olei_interfaces/environment/library_path.dsv
-- Installing: /home/grz/trolley_auto_drive_image/code/install/olei_interfaces/lib/libolei_interfaces__rosidl_generator_c.so
-- Set runtime path of "/home/grz/trolley_auto_drive_image/code/install/olei_interfaces/lib/libolei_interfaces__rosidl_generator_c.so" to ""
-- Up-to-date: /home/grz/trolley_auto_drive_image/code/install/olei_interfaces/include/olei_interfaces
-- Up-to-date: /home/grz/trolley_auto_drive_image/code/install/olei_interfaces/include/olei_interfaces/msg
-- Installing: /home/grz/trolley_auto_drive_image/code/install/olei_interfaces/include/olei_interfaces/msg/rosidl_typesupport_fastrtps_c__visibility_control.h
-- Up-to-date: /home/grz/trolley_auto_drive_image/code/install/olei_interfaces/include/olei_interfaces/msg/detail
-- Installing: /home/grz/trolley_auto_drive_image/code/install/olei_interfaces/include/olei_interfaces/msg/detail/v2_header__rosidl_typesupport_fastrtps_c.h
-- Installing: /home/grz/trolley_auto_drive_image/code/install/olei_interfaces/include/olei_interfaces/msg/detail/vf_header__rosidl_typesupport_fastrtps_c.h
-- Installing: /home/grz/trolley_auto_drive_image/code/install/olei_interfaces/lib/libolei_interfaces__rosidl_typesupport_fastrtps_c.so
-- Set runtime path of "/home/grz/trolley_auto_drive_image/code/install/olei_interfaces/lib/libolei_interfaces__rosidl_typesupport_fastrtps_c.so" to ""
-- Up-to-date: /home/grz/trolley_auto_drive_image/code/install/olei_interfaces/include/olei_interfaces
-- Up-to-date: /home/grz/trolley_auto_drive_image/code/install/olei_interfaces/include/olei_interfaces/msg
-- Installing: /home/grz/trolley_auto_drive_image/code/install/olei_interfaces/include/olei_interfaces/msg/rosidl_typesupport_fastrtps_cpp__visibility_control.h
-- Up-to-date: /home/grz/trolley_auto_drive_image/code/install/olei_interfaces/include/olei_interfaces/msg/detail
-- Installing: /home/grz/trolley_auto_drive_image/code/install/olei_interfaces/include/olei_interfaces/msg/detail/vf_header__rosidl_typesupport_fastrtps_cpp.hpp
-- Installing: /home/grz/trolley_auto_drive_image/code/install/olei_interfaces/include/olei_interfaces/msg/detail/v2_header__rosidl_typesupport_fastrtps_cpp.hpp
-- Installing: /home/grz/trolley_auto_drive_image/code/install/olei_interfaces/include/olei_interfaces/msg/detail/dds_fastrtps
-- Installing: /home/grz/trolley_auto_drive_image/code/install/olei_interfaces/lib/libolei_interfaces__rosidl_typesupport_fastrtps_cpp.so
-- Set runtime path of "/home/grz/trolley_auto_drive_image/code/install/olei_interfaces/lib/libolei_interfaces__rosidl_typesupport_fastrtps_cpp.so" to ""
-- Up-to-date: /home/grz/trolley_auto_drive_image/code/install/olei_interfaces/include/olei_interfaces
-- Up-to-date: /home/grz/trolley_auto_drive_image/code/install/olei_interfaces/include/olei_interfaces/msg
-- Installing: /home/grz/trolley_auto_drive_image/code/install/olei_interfaces/include/olei_interfaces/msg/rosidl_typesupport_introspection_c__visibility_control.h
-- Up-to-date: /home/grz/trolley_auto_drive_image/code/install/olei_interfaces/include/olei_interfaces/msg/detail
-- Installing: /home/grz/trolley_auto_drive_image/code/install/olei_interfaces/include/olei_interfaces/msg/detail/v2_header__type_support.c
-- Installing: /home/grz/trolley_auto_drive_image/code/install/olei_interfaces/include/olei_interfaces/msg/detail/vf_header__type_support.c
-- Installing: /home/grz/trolley_auto_drive_image/code/install/olei_interfaces/include/olei_interfaces/msg/detail/vf_header__rosidl_typesupport_introspection_c.h
-- Installing: /home/grz/trolley_auto_drive_image/code/install/olei_interfaces/include/olei_interfaces/msg/detail/v2_header__rosidl_typesupport_introspection_c.h
-- Installing: /home/grz/trolley_auto_drive_image/code/install/olei_interfaces/lib/libolei_interfaces__rosidl_typesupport_introspection_c.so
-- Set runtime path of "/home/grz/trolley_auto_drive_image/code/install/olei_interfaces/lib/libolei_interfaces__rosidl_typesupport_introspection_c.so" to ""
-- Installing: /home/grz/trolley_auto_drive_image/code/install/olei_interfaces/lib/libolei_interfaces__rosidl_typesupport_c.so
-- Set runtime path of "/home/grz/trolley_auto_drive_image/code/install/olei_interfaces/lib/libolei_interfaces__rosidl_typesupport_c.so" to ""
-- Up-to-date: /home/grz/trolley_auto_drive_image/code/install/olei_interfaces/include/olei_interfaces
-- Up-to-date: /home/grz/trolley_auto_drive_image/code/install/olei_interfaces/include/olei_interfaces/msg
-- Installing: /home/grz/trolley_auto_drive_image/code/install/olei_interfaces/include/olei_interfaces/msg/v2_header.hpp
-- Installing: /home/grz/trolley_auto_drive_image/code/install/olei_interfaces/include/olei_interfaces/msg/rosidl_generator_cpp__visibility_control.hpp
-- Installing: /home/grz/trolley_auto_drive_image/code/install/olei_interfaces/include/olei_interfaces/msg/vf_header.hpp
-- Up-to-date: /home/grz/trolley_auto_drive_image/code/install/olei_interfaces/include/olei_interfaces/msg/detail
-- Installing: /home/grz/trolley_auto_drive_image/code/install/olei_interfaces/include/olei_interfaces/msg/detail/vf_header__builder.hpp
-- Installing: /home/grz/trolley_auto_drive_image/code/install/olei_interfaces/include/olei_interfaces/msg/detail/v2_header__builder.hpp
-- Installing: /home/grz/trolley_auto_drive_image/code/install/olei_interfaces/include/olei_interfaces/msg/detail/v2_header__traits.hpp
-- Installing: /home/grz/trolley_auto_drive_image/code/install/olei_interfaces/include/olei_interfaces/msg/detail/vf_header__struct.hpp
-- Installing: /home/grz/trolley_auto_drive_image/code/install/olei_interfaces/include/olei_interfaces/msg/detail/v2_header__struct.hpp
-- Installing: /home/grz/trolley_auto_drive_image/code/install/olei_interfaces/include/olei_interfaces/msg/detail/vf_header__type_support.hpp
-- Installing: /home/grz/trolley_auto_drive_image/code/install/olei_interfaces/include/olei_interfaces/msg/detail/vf_header__traits.hpp
-- Installing: /home/grz/trolley_auto_drive_image/code/install/olei_interfaces/include/olei_interfaces/msg/detail/v2_header__type_support.hpp
-- Up-to-date: /home/grz/trolley_auto_drive_image/code/install/olei_interfaces/include/olei_interfaces
-- Up-to-date: /home/grz/trolley_auto_drive_image/code/install/olei_interfaces/include/olei_interfaces/msg
-- Up-to-date: /home/grz/trolley_auto_drive_image/code/install/olei_interfaces/include/olei_interfaces/msg/detail
-- Installing: /home/grz/trolley_auto_drive_image/code/install/olei_interfaces/include/olei_interfaces/msg/detail/vf_header__type_support.cpp
-- Installing: /home/grz/trolley_auto_drive_image/code/install/olei_interfaces/include/olei_interfaces/msg/detail/vf_header__rosidl_typesupport_introspection_cpp.hpp
-- Installing: /home/grz/trolley_auto_drive_image/code/install/olei_interfaces/include/olei_interfaces/msg/detail/v2_header__type_support.cpp
-- Installing: /home/grz/trolley_auto_drive_image/code/install/olei_interfaces/include/olei_interfaces/msg/detail/v2_header__rosidl_typesupport_introspection_cpp.hpp
-- Installing: /home/grz/trolley_auto_drive_image/code/install/olei_interfaces/lib/libolei_interfaces__rosidl_typesupport_introspection_cpp.so
-- Set runtime path of "/home/grz/trolley_auto_drive_image/code/install/olei_interfaces/lib/libolei_interfaces__rosidl_typesupport_introspection_cpp.so" to ""
-- Installing: /home/grz/trolley_auto_drive_image/code/install/olei_interfaces/lib/libolei_interfaces__rosidl_typesupport_cpp.so
-- Set runtime path of "/home/grz/trolley_auto_drive_image/code/install/olei_interfaces/lib/libolei_interfaces__rosidl_typesupport_cpp.so" to ""
-- Installing: /home/grz/trolley_auto_drive_image/code/install/olei_interfaces/share/olei_interfaces/environment/pythonpath.sh
-- Installing: /home/grz/trolley_auto_drive_image/code/install/olei_interfaces/share/olei_interfaces/environment/pythonpath.dsv
-- Installing: /home/grz/trolley_auto_drive_image/code/install/olei_interfaces/lib/python3.8/site-packages/olei_interfaces/__init__.py
Compiling '/home/grz/trolley_auto_drive_image/code/install/olei_interfaces/lib/python3.8/site-packages/olei_interfaces/__init__.py'...
-- Installing: /home/grz/trolley_auto_drive_image/code/install/olei_interfaces/lib/python3.8/site-packages/olei_interfaces/msg
-- Installing: /home/grz/trolley_auto_drive_image/code/install/olei_interfaces/lib/python3.8/site-packages/olei_interfaces/msg/_vf_header_s.c
-- Installing: /home/grz/trolley_auto_drive_image/code/install/olei_interfaces/lib/python3.8/site-packages/olei_interfaces/msg/__init__.py
-- Installing: /home/grz/trolley_auto_drive_image/code/install/olei_interfaces/lib/python3.8/site-packages/olei_interfaces/msg/_v2_header.py
-- Installing: /home/grz/trolley_auto_drive_image/code/install/olei_interfaces/lib/python3.8/site-packages/olei_interfaces/msg/_vf_header.py
-- Installing: /home/grz/trolley_auto_drive_image/code/install/olei_interfaces/lib/python3.8/site-packages/olei_interfaces/msg/_v2_header_s.c
-- Installing: /home/grz/trolley_auto_drive_image/code/install/olei_interfaces/lib/python3.8/site-packages/olei_interfaces/olei_interfaces_s__rosidl_typesupport_fastrtps_c.cpython-38-x86_64-linux-gnu.so
-- Set runtime path of "/home/grz/trolley_auto_drive_image/code/install/olei_interfaces/lib/python3.8/site-packages/olei_interfaces/olei_interfaces_s__rosidl_typesupport_fastrtps_c.cpython-38-x86_64-linux-gnu.so" to ""
-- Installing: /home/grz/trolley_auto_drive_image/code/install/olei_interfaces/lib/python3.8/site-packages/olei_interfaces/olei_interfaces_s__rosidl_typesupport_introspection_c.cpython-38-x86_64-linux-gnu.so
-- Set runtime path of "/home/grz/trolley_auto_drive_image/code/install/olei_interfaces/lib/python3.8/site-packages/olei_interfaces/olei_interfaces_s__rosidl_typesupport_introspection_c.cpython-38-x86_64-linux-gnu.so" to ""
-- Installing: /home/grz/trolley_auto_drive_image/code/install/olei_interfaces/lib/python3.8/site-packages/olei_interfaces/olei_interfaces_s__rosidl_typesupport_c.cpython-38-x86_64-linux-gnu.so
-- Set runtime path of "/home/grz/trolley_auto_drive_image/code/install/olei_interfaces/lib/python3.8/site-packages/olei_interfaces/olei_interfaces_s__rosidl_typesupport_c.cpython-38-x86_64-linux-gnu.so" to ""
-- Installing: /home/grz/trolley_auto_drive_image/code/install/olei_interfaces/lib/libolei_interfaces__python.so
-- Set runtime path of "/home/grz/trolley_auto_drive_image/code/install/olei_interfaces/lib/libolei_interfaces__python.so" to ""
-- Installing: /home/grz/trolley_auto_drive_image/code/install/olei_interfaces/share/olei_interfaces/msg/VFHeader.idl
-- Installing: /home/grz/trolley_auto_drive_image/code/install/olei_interfaces/share/olei_interfaces/msg/V2Header.idl
-- Installing: /home/grz/trolley_auto_drive_image/code/install/olei_interfaces/share/olei_interfaces/msg/VFHeader.msg
-- Installing: /home/grz/trolley_auto_drive_image/code/install/olei_interfaces/share/olei_interfaces/msg/V2Header.msg
-- Installing: /home/grz/trolley_auto_drive_image/code/install/olei_interfaces/share/ament_index/resource_index/package_run_dependencies/olei_interfaces
-- Installing: /home/grz/trolley_auto_drive_image/code/install/olei_interfaces/share/ament_index/resource_index/parent_prefix_path/olei_interfaces
-- Installing: /home/grz/trolley_auto_drive_image/code/install/olei_interfaces/share/olei_interfaces/environment/ament_prefix_path.sh
-- Installing: /home/grz/trolley_auto_drive_image/code/install/olei_interfaces/share/olei_interfaces/environment/ament_prefix_path.dsv
-- Installing: /home/grz/trolley_auto_drive_image/code/install/olei_interfaces/share/olei_interfaces/environment/path.sh
-- Installing: /home/grz/trolley_auto_drive_image/code/install/olei_interfaces/share/olei_interfaces/environment/path.dsv
-- Installing: /home/grz/trolley_auto_drive_image/code/install/olei_interfaces/share/olei_interfaces/local_setup.bash
-- Installing: /home/grz/trolley_auto_drive_image/code/install/olei_interfaces/share/olei_interfaces/local_setup.sh
-- Installing: /home/grz/trolley_auto_drive_image/code/install/olei_interfaces/share/olei_interfaces/local_setup.zsh
-- Installing: /home/grz/trolley_auto_drive_image/code/install/olei_interfaces/share/olei_interfaces/local_setup.dsv
-- Installing: /home/grz/trolley_auto_drive_image/code/install/olei_interfaces/share/olei_interfaces/package.dsv
-- Installing: /home/grz/trolley_auto_drive_image/code/install/olei_interfaces/share/ament_index/resource_index/packages/olei_interfaces
-- Installing: /home/grz/trolley_auto_drive_image/code/install/olei_interfaces/share/olei_interfaces/cmake/olei_interfaces__rosidl_generator_cExport.cmake
-- Installing: /home/grz/trolley_auto_drive_image/code/install/olei_interfaces/share/olei_interfaces/cmake/olei_interfaces__rosidl_generator_cExport-noconfig.cmake
-- Installing: /home/grz/trolley_auto_drive_image/code/install/olei_interfaces/share/olei_interfaces/cmake/olei_interfaces__rosidl_typesupport_introspection_cExport.cmake
-- Installing: /home/grz/trolley_auto_drive_image/code/install/olei_interfaces/share/olei_interfaces/cmake/olei_interfaces__rosidl_typesupport_introspection_cExport-noconfig.cmake
-- Installing: /home/grz/trolley_auto_drive_image/code/install/olei_interfaces/share/olei_interfaces/cmake/olei_interfaces__rosidl_typesupport_cExport.cmake
-- Installing: /home/grz/trolley_auto_drive_image/code/install/olei_interfaces/share/olei_interfaces/cmake/olei_interfaces__rosidl_typesupport_cExport-noconfig.cmake
-- Installing: /home/grz/trolley_auto_drive_image/code/install/olei_interfaces/share/olei_interfaces/cmake/olei_interfaces__rosidl_generator_cppExport.cmake
-- Installing: /home/grz/trolley_auto_drive_image/code/install/olei_interfaces/share/olei_interfaces/cmake/olei_interfaces__rosidl_typesupport_introspection_cppExport.cmake
-- Installing: /home/grz/trolley_auto_drive_image/code/install/olei_interfaces/share/olei_interfaces/cmake/olei_interfaces__rosidl_typesupport_introspection_cppExport-noconfig.cmake
-- Installing: /home/grz/trolley_auto_drive_image/code/install/olei_interfaces/share/olei_interfaces/cmake/olei_interfaces__rosidl_typesupport_cppExport.cmake
-- Installing: /home/grz/trolley_auto_drive_image/code/install/olei_interfaces/share/olei_interfaces/cmake/olei_interfaces__rosidl_typesupport_cppExport-noconfig.cmake
-- Installing: /home/grz/trolley_auto_drive_image/code/install/olei_interfaces/share/olei_interfaces/cmake/rosidl_cmake-extras.cmake
-- Installing: /home/grz/trolley_auto_drive_image/code/install/olei_interfaces/share/olei_interfaces/cmake/ament_cmake_export_dependencies-extras.cmake
-- Installing: /home/grz/trolley_auto_drive_image/code/install/olei_interfaces/share/olei_interfaces/cmake/ament_cmake_export_libraries-extras.cmake
-- Installing: /home/grz/trolley_auto_drive_image/code/install/olei_interfaces/share/olei_interfaces/cmake/ament_cmake_export_targets-extras.cmake
-- Installing: /home/grz/trolley_auto_drive_image/code/install/olei_interfaces/share/olei_interfaces/cmake/ament_cmake_export_include_directories-extras.cmake
-- Installing: /home/grz/trolley_auto_drive_image/code/install/olei_interfaces/share/olei_interfaces/cmake/rosidl_cmake_export_typesupport_libraries-extras.cmake
-- Installing: /home/grz/trolley_auto_drive_image/code/install/olei_interfaces/share/olei_interfaces/cmake/rosidl_cmake_export_typesupport_targets-extras.cmake
-- Installing: /home/grz/trolley_auto_drive_image/code/install/olei_interfaces/share/olei_interfaces/cmake/olei_interfacesConfig.cmake
-- Installing: /home/grz/trolley_auto_drive_image/code/install/olei_interfaces/share/olei_interfaces/cmake/olei_interfacesConfig-version.cmake
-- Installing: /home/grz/trolley_auto_drive_image/code/install/olei_interfaces/share/olei_interfaces/package.xml
