[0.014s] Invoking command in '/home/grz/trolley_auto_drive_image/code/build/olei_interfaces': CMAKE_PREFIX_PATH=/opt/ros/foxy /usr/bin/cmake /home/grz/trolley_auto_drive_image/code/src/ole2d_ros2_driver_new/olei_interfaces -DCMAKE_INSTALL_PREFIX=/home/grz/trolley_auto_drive_image/code/install/olei_interfaces
[0.138s] -- The C compiler identification is GNU 9.4.0
[0.218s] -- The CXX compiler identification is GNU 9.4.0
[0.230s] -- Check for working C compiler: /usr/bin/cc
[0.333s] -- Check for working C compiler: /usr/bin/cc -- works
[0.336s] -- Detecting C compiler ABI info
[0.429s] -- Detecting C compiler ABI info - done
[0.446s] -- Detecting C compile features
[0.446s] -- Detecting C compile features - done
[0.451s] -- Check for working CXX compiler: /usr/bin/c++
[0.558s] -- Check for working CXX compiler: /usr/bin/c++ -- works
[0.560s] -- Detecting CXX compiler ABI info
[0.672s] -- Detecting CXX compiler ABI info - done
[0.688s] -- Detecting CXX compile features
[0.689s] -- Detecting CXX compile features - done
[0.692s] -- Found ament_cmake: 0.9.12 (/opt/ros/foxy/share/ament_cmake/cmake)
[0.729s] -- Found PythonInterp: /usr/bin/python3 (found suitable version "3.8.10", minimum required is "3") 
[0.729s] -- Using PYTHON_EXECUTABLE: /usr/bin/python3
[1.033s] -- Found rosidl_default_generators: 1.0.1 (/opt/ros/foxy/share/rosidl_default_generators/cmake)
[1.039s] -- Using all available rosidl_typesupport_c: rosidl_typesupport_fastrtps_c;rosidl_typesupport_introspection_c
[1.049s] -- Found rosidl_adapter: 1.3.1 (/opt/ros/foxy/share/rosidl_adapter/cmake)
[1.189s] -- Found OpenSSL: /usr/lib/x86_64-linux-gnu/libcrypto.so (found version "1.1.1f")  
[1.233s] -- Found FastRTPS: /opt/ros/foxy/include  
[1.358s] -- Using all available rosidl_typesupport_cpp: rosidl_typesupport_fastrtps_cpp;rosidl_typesupport_introspection_cpp
[1.433s] -- Found PythonInterp: /usr/bin/python3 (found version "3.8.10") 
[1.624s] -- Found ament_cmake_ros: 0.9.2 (/opt/ros/foxy/share/ament_cmake_ros/cmake)
[1.763s] -- Using all available rosidl_typesupport_c: rosidl_typesupport_fastrtps_c;rosidl_typesupport_introspection_c
[1.774s] -- Using all available rosidl_typesupport_cpp: rosidl_typesupport_fastrtps_cpp;rosidl_typesupport_introspection_cpp
[1.810s] -- Found PythonInterp: /usr/bin/python3 (found suitable version "3.8.10", minimum required is "3.5") 
[1.812s] -- Found python_cmake_module: 0.8.1 (/opt/ros/foxy/share/python_cmake_module/cmake)
[1.852s] -- Found PythonLibs: /usr/lib/x86_64-linux-gnu/libpython3.8.so (found suitable version "3.8.10", minimum required is "3.5") 
[1.852s] -- Using PYTHON_EXECUTABLE: /usr/bin/python3
[1.852s] -- Using PYTHON_INCLUDE_DIRS: /usr/include/python3.8
[1.852s] -- Using PYTHON_LIBRARIES: /usr/lib/x86_64-linux-gnu/libpython3.8.so
[1.881s] -- Found PythonExtra: .so  
[1.955s] -- Configuring done
[2.005s] -- Generating done
[2.022s] -- Build files have been written to: /home/grz/trolley_auto_drive_image/code/build/olei_interfaces
[2.030s] Invoked command in '/home/grz/trolley_auto_drive_image/code/build/olei_interfaces' returned '0': CMAKE_PREFIX_PATH=/opt/ros/foxy /usr/bin/cmake /home/grz/trolley_auto_drive_image/code/src/ole2d_ros2_driver_new/olei_interfaces -DCMAKE_INSTALL_PREFIX=/home/grz/trolley_auto_drive_image/code/install/olei_interfaces
[2.034s] Invoking command in '/home/grz/trolley_auto_drive_image/code/build/olei_interfaces': CMAKE_PREFIX_PATH=/opt/ros/foxy /usr/bin/cmake --build /home/grz/trolley_auto_drive_image/code/build/olei_interfaces -- -j4 -l4
[2.091s] [  2%] [34m[1mGenerating C code for ROS interfaces[0m
[2.091s] [35m[1mScanning dependencies of target olei_interfaces__cpp[0m
[2.108s] [  5%] [34m[1mGenerating C++ code for ROS interfaces[0m
[3.189s] [  5%] Built target olei_interfaces__cpp
[3.210s] [ 10%] [34m[1mGenerating C++ introspection for ROS interfaces[0m
[3.211s] [  7%] [34m[1mGenerating C++ type support for eProsima Fast-RTPS[0m
[3.211s] [35m[1mScanning dependencies of target olei_interfaces__rosidl_generator_c[0m
[3.221s] [ 12%] [34m[1mGenerating C++ type support dispatch for ROS interfaces[0m
[3.238s] [ 15%] [32mBuilding C object CMakeFiles/olei_interfaces__rosidl_generator_c.dir/rosidl_generator_c/olei_interfaces/msg/detail/vf_header__functions.c.o[0m
[3.366s] [ 17%] [32mBuilding C object CMakeFiles/olei_interfaces__rosidl_generator_c.dir/rosidl_generator_c/olei_interfaces/msg/detail/v2_header__functions.c.o[0m
[3.485s] [ 20%] [32m[1mLinking C shared library libolei_interfaces__rosidl_generator_c.so[0m
[3.566s] [ 20%] Built target olei_interfaces__rosidl_generator_c
[3.588s] [ 23%] [34m[1mGenerating C introspection for ROS interfaces[0m
[4.859s] [35m[1mScanning dependencies of target olei_interfaces__rosidl_typesupport_cpp[0m
[4.904s] [ 25%] [32mBuilding CXX object CMakeFiles/olei_interfaces__rosidl_typesupport_cpp.dir/rosidl_typesupport_cpp/olei_interfaces/msg/vf_header__type_support.cpp.o[0m
[4.992s] [35m[1mScanning dependencies of target olei_interfaces__rosidl_typesupport_fastrtps_cpp[0m
[5.005s] [35m[1mScanning dependencies of target olei_interfaces__rosidl_typesupport_introspection_cpp[0m
[5.039s] [ 28%] [32mBuilding CXX object CMakeFiles/olei_interfaces__rosidl_typesupport_fastrtps_cpp.dir/rosidl_typesupport_fastrtps_cpp/olei_interfaces/msg/detail/dds_fastrtps/vf_header__type_support.cpp.o[0m
[5.060s] [ 30%] [32mBuilding CXX object CMakeFiles/olei_interfaces__rosidl_typesupport_introspection_cpp.dir/rosidl_typesupport_introspection_cpp/olei_interfaces/msg/detail/vf_header__type_support.cpp.o[0m
[5.398s] [35m[1mScanning dependencies of target olei_interfaces__rosidl_typesupport_introspection_c[0m
[5.447s] [ 33%] [32mBuilding C object CMakeFiles/olei_interfaces__rosidl_typesupport_introspection_c.dir/rosidl_typesupport_introspection_c/olei_interfaces/msg/detail/vf_header__type_support.c.o[0m
[5.528s] [ 35%] [32mBuilding C object CMakeFiles/olei_interfaces__rosidl_typesupport_introspection_c.dir/rosidl_typesupport_introspection_c/olei_interfaces/msg/detail/v2_header__type_support.c.o[0m
[5.605s] [ 38%] [32m[1mLinking C shared library libolei_interfaces__rosidl_typesupport_introspection_c.so[0m
[5.637s] [ 41%] [32mBuilding CXX object CMakeFiles/olei_interfaces__rosidl_typesupport_cpp.dir/rosidl_typesupport_cpp/olei_interfaces/msg/v2_header__type_support.cpp.o[0m
[5.673s] [ 41%] Built target olei_interfaces__rosidl_typesupport_introspection_c
[5.693s] [ 43%] [32mBuilding CXX object CMakeFiles/olei_interfaces__rosidl_typesupport_fastrtps_cpp.dir/rosidl_typesupport_fastrtps_cpp/olei_interfaces/msg/detail/dds_fastrtps/v2_header__type_support.cpp.o[0m
[5.868s] [ 46%] [32mBuilding CXX object CMakeFiles/olei_interfaces__rosidl_typesupport_introspection_cpp.dir/rosidl_typesupport_introspection_cpp/olei_interfaces/msg/detail/v2_header__type_support.cpp.o[0m
[6.157s] [ 48%] [34m[1mGenerating C type support dispatch for ROS interfaces[0m
[6.438s] [ 51%] [32m[1mLinking CXX shared library libolei_interfaces__rosidl_typesupport_cpp.so[0m
[6.552s] [ 51%] Built target olei_interfaces__rosidl_typesupport_cpp
[6.643s] [ 53%] [32m[1mLinking CXX shared library libolei_interfaces__rosidl_typesupport_introspection_cpp.so[0m
[6.777s] [ 53%] Built target olei_interfaces__rosidl_typesupport_introspection_cpp
[6.843s] [ 56%] [32m[1mLinking CXX shared library libolei_interfaces__rosidl_typesupport_fastrtps_cpp.so[0m
[6.987s] [ 56%] Built target olei_interfaces__rosidl_typesupport_fastrtps_cpp
[7.002s] [ 58%] [34m[1mGenerating C type support for eProsima Fast-RTPS[0m
[7.333s] [35m[1mScanning dependencies of target olei_interfaces__rosidl_typesupport_c[0m
[7.353s] [ 61%] [32mBuilding CXX object CMakeFiles/olei_interfaces__rosidl_typesupport_c.dir/rosidl_typesupport_c/olei_interfaces/msg/v2_header__type_support.cpp.o[0m
[7.358s] [ 64%] [32mBuilding CXX object CMakeFiles/olei_interfaces__rosidl_typesupport_c.dir/rosidl_typesupport_c/olei_interfaces/msg/vf_header__type_support.cpp.o[0m
[7.418s] [ 66%] [32m[1mLinking CXX shared library libolei_interfaces__rosidl_typesupport_c.so[0m
[7.477s] [ 66%] Built target olei_interfaces__rosidl_typesupport_c
[7.929s] [35m[1mScanning dependencies of target olei_interfaces__rosidl_typesupport_fastrtps_c[0m
[7.953s] [ 71%] [32mBuilding CXX object CMakeFiles/olei_interfaces__rosidl_typesupport_fastrtps_c.dir/rosidl_typesupport_fastrtps_c/olei_interfaces/msg/detail/vf_header__type_support_c.cpp.o[0m
[7.953s] [ 71%] [32mBuilding CXX object CMakeFiles/olei_interfaces__rosidl_typesupport_fastrtps_c.dir/rosidl_typesupport_fastrtps_c/olei_interfaces/msg/detail/v2_header__type_support_c.cpp.o[0m
[8.760s] [ 74%] [32m[1mLinking CXX shared library libolei_interfaces__rosidl_typesupport_fastrtps_c.so[0m
[8.893s] [ 74%] Built target olei_interfaces__rosidl_typesupport_fastrtps_c
[8.907s] [35m[1mScanning dependencies of target olei_interfaces[0m
[8.921s] [ 74%] Built target olei_interfaces
[8.936s] [35m[1mScanning dependencies of target olei_interfaces__py[0m
[8.952s] [ 76%] [34m[1mGenerating Python code for ROS interfaces[0m
[10.616s] [ 76%] Built target olei_interfaces__py
[10.631s] [35m[1mScanning dependencies of target olei_interfaces__python[0m
[10.685s] [ 79%] [32mBuilding C object CMakeFiles/olei_interfaces__python.dir/rosidl_generator_py/olei_interfaces/msg/_vf_header_s.c.o[0m
[10.687s] [ 82%] [32mBuilding C object CMakeFiles/olei_interfaces__python.dir/rosidl_generator_py/olei_interfaces/msg/_v2_header_s.c.o[0m
[10.855s] [ 84%] [32m[1mLinking C shared library rosidl_generator_py/olei_interfaces/libolei_interfaces__python.so[0m
[10.911s] [ 84%] Built target olei_interfaces__python
[10.926s] [35m[1mScanning dependencies of target olei_interfaces__rosidl_typesupport_introspection_c__pyext[0m
[10.933s] [35m[1mScanning dependencies of target olei_interfaces__rosidl_typesupport_c__pyext[0m
[10.934s] [35m[1mScanning dependencies of target olei_interfaces__rosidl_typesupport_fastrtps_c__pyext[0m
[10.966s] [ 87%] [32mBuilding C object CMakeFiles/olei_interfaces__rosidl_typesupport_introspection_c__pyext.dir/rosidl_generator_py/olei_interfaces/_olei_interfaces_s.ep.rosidl_typesupport_introspection_c.c.o[0m
[10.980s] [ 89%] [32mBuilding C object CMakeFiles/olei_interfaces__rosidl_typesupport_c__pyext.dir/rosidl_generator_py/olei_interfaces/_olei_interfaces_s.ep.rosidl_typesupport_c.c.o[0m
[10.986s] [ 92%] [32mBuilding C object CMakeFiles/olei_interfaces__rosidl_typesupport_fastrtps_c__pyext.dir/rosidl_generator_py/olei_interfaces/_olei_interfaces_s.ep.rosidl_typesupport_fastrtps_c.c.o[0m
[11.173s] [ 94%] [32m[1mLinking C shared library rosidl_generator_py/olei_interfaces/olei_interfaces_s__rosidl_typesupport_c.cpython-38-x86_64-linux-gnu.so[0m
[11.187s] [ 97%] [32m[1mLinking C shared library rosidl_generator_py/olei_interfaces/olei_interfaces_s__rosidl_typesupport_introspection_c.cpython-38-x86_64-linux-gnu.so[0m
[11.210s] [100%] [32m[1mLinking CXX shared library rosidl_generator_py/olei_interfaces/olei_interfaces_s__rosidl_typesupport_fastrtps_c.cpython-38-x86_64-linux-gnu.so[0m
[11.238s] [100%] Built target olei_interfaces__rosidl_typesupport_c__pyext
[11.257s] [100%] Built target olei_interfaces__rosidl_typesupport_introspection_c__pyext
[11.306s] [100%] Built target olei_interfaces__rosidl_typesupport_fastrtps_c__pyext
[11.322s] Invoked command in '/home/grz/trolley_auto_drive_image/code/build/olei_interfaces' returned '0': CMAKE_PREFIX_PATH=/opt/ros/foxy /usr/bin/cmake --build /home/grz/trolley_auto_drive_image/code/build/olei_interfaces -- -j4 -l4
[11.342s] Invoking command in '/home/grz/trolley_auto_drive_image/code/build/olei_interfaces': CMAKE_PREFIX_PATH=/opt/ros/foxy /usr/bin/cmake --install /home/grz/trolley_auto_drive_image/code/build/olei_interfaces
[11.358s] -- Install configuration: ""
[11.358s] -- Installing: /home/grz/trolley_auto_drive_image/code/install/olei_interfaces/share/ament_index/resource_index/rosidl_interfaces/olei_interfaces
[11.358s] -- Installing: /home/grz/trolley_auto_drive_image/code/install/olei_interfaces/include/olei_interfaces
[11.358s] -- Installing: /home/grz/trolley_auto_drive_image/code/install/olei_interfaces/include/olei_interfaces/msg
[11.359s] -- Installing: /home/grz/trolley_auto_drive_image/code/install/olei_interfaces/include/olei_interfaces/msg/vf_header.h
[11.359s] -- Installing: /home/grz/trolley_auto_drive_image/code/install/olei_interfaces/include/olei_interfaces/msg/rosidl_generator_c__visibility_control.h
[11.359s] -- Installing: /home/grz/trolley_auto_drive_image/code/install/olei_interfaces/include/olei_interfaces/msg/v2_header.h
[11.359s] -- Installing: /home/grz/trolley_auto_drive_image/code/install/olei_interfaces/include/olei_interfaces/msg/detail
[11.359s] -- Installing: /home/grz/trolley_auto_drive_image/code/install/olei_interfaces/include/olei_interfaces/msg/detail/v2_header__functions.c
[11.360s] -- Installing: /home/grz/trolley_auto_drive_image/code/install/olei_interfaces/include/olei_interfaces/msg/detail/vf_header__functions.c
[11.360s] -- Installing: /home/grz/trolley_auto_drive_image/code/install/olei_interfaces/include/olei_interfaces/msg/detail/v2_header__functions.h
[11.360s] -- Installing: /home/grz/trolley_auto_drive_image/code/install/olei_interfaces/include/olei_interfaces/msg/detail/vf_header__functions.h
[11.360s] -- Installing: /home/grz/trolley_auto_drive_image/code/install/olei_interfaces/include/olei_interfaces/msg/detail/vf_header__type_support.h
[11.361s] -- Installing: /home/grz/trolley_auto_drive_image/code/install/olei_interfaces/include/olei_interfaces/msg/detail/v2_header__type_support.h
[11.361s] -- Installing: /home/grz/trolley_auto_drive_image/code/install/olei_interfaces/include/olei_interfaces/msg/detail/v2_header__struct.h
[11.365s] -- Installing: /home/grz/trolley_auto_drive_image/code/install/olei_interfaces/include/olei_interfaces/msg/detail/vf_header__struct.h
[11.365s] -- Installing: /home/grz/trolley_auto_drive_image/code/install/olei_interfaces/share/olei_interfaces/environment/library_path.sh
[11.365s] -- Installing: /home/grz/trolley_auto_drive_image/code/install/olei_interfaces/share/olei_interfaces/environment/library_path.dsv
[11.366s] -- Installing: /home/grz/trolley_auto_drive_image/code/install/olei_interfaces/lib/libolei_interfaces__rosidl_generator_c.so
[11.366s] -- Set runtime path of "/home/grz/trolley_auto_drive_image/code/install/olei_interfaces/lib/libolei_interfaces__rosidl_generator_c.so" to ""
[11.366s] -- Up-to-date: /home/grz/trolley_auto_drive_image/code/install/olei_interfaces/include/olei_interfaces
[11.366s] -- Up-to-date: /home/grz/trolley_auto_drive_image/code/install/olei_interfaces/include/olei_interfaces/msg
[11.366s] -- Installing: /home/grz/trolley_auto_drive_image/code/install/olei_interfaces/include/olei_interfaces/msg/rosidl_typesupport_fastrtps_c__visibility_control.h
[11.366s] -- Up-to-date: /home/grz/trolley_auto_drive_image/code/install/olei_interfaces/include/olei_interfaces/msg/detail
[11.367s] -- Installing: /home/grz/trolley_auto_drive_image/code/install/olei_interfaces/include/olei_interfaces/msg/detail/v2_header__rosidl_typesupport_fastrtps_c.h
[11.367s] -- Installing: /home/grz/trolley_auto_drive_image/code/install/olei_interfaces/include/olei_interfaces/msg/detail/vf_header__rosidl_typesupport_fastrtps_c.h
[11.367s] -- Installing: /home/grz/trolley_auto_drive_image/code/install/olei_interfaces/lib/libolei_interfaces__rosidl_typesupport_fastrtps_c.so
[11.367s] -- Set runtime path of "/home/grz/trolley_auto_drive_image/code/install/olei_interfaces/lib/libolei_interfaces__rosidl_typesupport_fastrtps_c.so" to ""
[11.367s] -- Up-to-date: /home/grz/trolley_auto_drive_image/code/install/olei_interfaces/include/olei_interfaces
[11.375s] -- Up-to-date: /home/grz/trolley_auto_drive_image/code/install/olei_interfaces/include/olei_interfaces/msg
[11.375s] -- Installing: /home/grz/trolley_auto_drive_image/code/install/olei_interfaces/include/olei_interfaces/msg/rosidl_typesupport_fastrtps_cpp__visibility_control.h
[11.375s] -- Up-to-date: /home/grz/trolley_auto_drive_image/code/install/olei_interfaces/include/olei_interfaces/msg/detail
[11.376s] -- Installing: /home/grz/trolley_auto_drive_image/code/install/olei_interfaces/include/olei_interfaces/msg/detail/vf_header__rosidl_typesupport_fastrtps_cpp.hpp
[11.376s] -- Installing: /home/grz/trolley_auto_drive_image/code/install/olei_interfaces/include/olei_interfaces/msg/detail/v2_header__rosidl_typesupport_fastrtps_cpp.hpp
[11.376s] -- Installing: /home/grz/trolley_auto_drive_image/code/install/olei_interfaces/include/olei_interfaces/msg/detail/dds_fastrtps
[11.377s] -- Installing: /home/grz/trolley_auto_drive_image/code/install/olei_interfaces/lib/libolei_interfaces__rosidl_typesupport_fastrtps_cpp.so
[11.377s] -- Set runtime path of "/home/grz/trolley_auto_drive_image/code/install/olei_interfaces/lib/libolei_interfaces__rosidl_typesupport_fastrtps_cpp.so" to ""
[11.377s] -- Up-to-date: /home/grz/trolley_auto_drive_image/code/install/olei_interfaces/include/olei_interfaces
[11.377s] -- Up-to-date: /home/grz/trolley_auto_drive_image/code/install/olei_interfaces/include/olei_interfaces/msg
[11.378s] -- Installing: /home/grz/trolley_auto_drive_image/code/install/olei_interfaces/include/olei_interfaces/msg/rosidl_typesupport_introspection_c__visibility_control.h
[11.378s] -- Up-to-date: /home/grz/trolley_auto_drive_image/code/install/olei_interfaces/include/olei_interfaces/msg/detail
[11.378s] -- Installing: /home/grz/trolley_auto_drive_image/code/install/olei_interfaces/include/olei_interfaces/msg/detail/v2_header__type_support.c
[11.378s] -- Installing: /home/grz/trolley_auto_drive_image/code/install/olei_interfaces/include/olei_interfaces/msg/detail/vf_header__type_support.c
[11.378s] -- Installing: /home/grz/trolley_auto_drive_image/code/install/olei_interfaces/include/olei_interfaces/msg/detail/vf_header__rosidl_typesupport_introspection_c.h
[11.379s] -- Installing: /home/grz/trolley_auto_drive_image/code/install/olei_interfaces/include/olei_interfaces/msg/detail/v2_header__rosidl_typesupport_introspection_c.h
[11.379s] -- Installing: /home/grz/trolley_auto_drive_image/code/install/olei_interfaces/lib/libolei_interfaces__rosidl_typesupport_introspection_c.so
[11.379s] -- Set runtime path of "/home/grz/trolley_auto_drive_image/code/install/olei_interfaces/lib/libolei_interfaces__rosidl_typesupport_introspection_c.so" to ""
[11.379s] -- Installing: /home/grz/trolley_auto_drive_image/code/install/olei_interfaces/lib/libolei_interfaces__rosidl_typesupport_c.so
[11.380s] -- Set runtime path of "/home/grz/trolley_auto_drive_image/code/install/olei_interfaces/lib/libolei_interfaces__rosidl_typesupport_c.so" to ""
[11.380s] -- Up-to-date: /home/grz/trolley_auto_drive_image/code/install/olei_interfaces/include/olei_interfaces
[11.380s] -- Up-to-date: /home/grz/trolley_auto_drive_image/code/install/olei_interfaces/include/olei_interfaces/msg
[11.380s] -- Installing: /home/grz/trolley_auto_drive_image/code/install/olei_interfaces/include/olei_interfaces/msg/v2_header.hpp
[11.380s] -- Installing: /home/grz/trolley_auto_drive_image/code/install/olei_interfaces/include/olei_interfaces/msg/rosidl_generator_cpp__visibility_control.hpp
[11.380s] -- Installing: /home/grz/trolley_auto_drive_image/code/install/olei_interfaces/include/olei_interfaces/msg/vf_header.hpp
[11.381s] -- Up-to-date: /home/grz/trolley_auto_drive_image/code/install/olei_interfaces/include/olei_interfaces/msg/detail
[11.381s] -- Installing: /home/grz/trolley_auto_drive_image/code/install/olei_interfaces/include/olei_interfaces/msg/detail/vf_header__builder.hpp
[11.381s] -- Installing: /home/grz/trolley_auto_drive_image/code/install/olei_interfaces/include/olei_interfaces/msg/detail/v2_header__builder.hpp
[11.381s] -- Installing: /home/grz/trolley_auto_drive_image/code/install/olei_interfaces/include/olei_interfaces/msg/detail/v2_header__traits.hpp
[11.381s] -- Installing: /home/grz/trolley_auto_drive_image/code/install/olei_interfaces/include/olei_interfaces/msg/detail/vf_header__struct.hpp
[11.382s] -- Installing: /home/grz/trolley_auto_drive_image/code/install/olei_interfaces/include/olei_interfaces/msg/detail/v2_header__struct.hpp
[11.382s] -- Installing: /home/grz/trolley_auto_drive_image/code/install/olei_interfaces/include/olei_interfaces/msg/detail/vf_header__type_support.hpp
[11.382s] -- Installing: /home/grz/trolley_auto_drive_image/code/install/olei_interfaces/include/olei_interfaces/msg/detail/vf_header__traits.hpp
[11.382s] -- Installing: /home/grz/trolley_auto_drive_image/code/install/olei_interfaces/include/olei_interfaces/msg/detail/v2_header__type_support.hpp
[11.382s] -- Up-to-date: /home/grz/trolley_auto_drive_image/code/install/olei_interfaces/include/olei_interfaces
[11.383s] -- Up-to-date: /home/grz/trolley_auto_drive_image/code/install/olei_interfaces/include/olei_interfaces/msg
[11.383s] -- Up-to-date: /home/grz/trolley_auto_drive_image/code/install/olei_interfaces/include/olei_interfaces/msg/detail
[11.383s] -- Installing: /home/grz/trolley_auto_drive_image/code/install/olei_interfaces/include/olei_interfaces/msg/detail/vf_header__type_support.cpp
[11.383s] -- Installing: /home/grz/trolley_auto_drive_image/code/install/olei_interfaces/include/olei_interfaces/msg/detail/vf_header__rosidl_typesupport_introspection_cpp.hpp
[11.383s] -- Installing: /home/grz/trolley_auto_drive_image/code/install/olei_interfaces/include/olei_interfaces/msg/detail/v2_header__type_support.cpp
[11.384s] -- Installing: /home/grz/trolley_auto_drive_image/code/install/olei_interfaces/include/olei_interfaces/msg/detail/v2_header__rosidl_typesupport_introspection_cpp.hpp
[11.384s] -- Installing: /home/grz/trolley_auto_drive_image/code/install/olei_interfaces/lib/libolei_interfaces__rosidl_typesupport_introspection_cpp.so
[11.384s] -- Set runtime path of "/home/grz/trolley_auto_drive_image/code/install/olei_interfaces/lib/libolei_interfaces__rosidl_typesupport_introspection_cpp.so" to ""
[11.384s] -- Installing: /home/grz/trolley_auto_drive_image/code/install/olei_interfaces/lib/libolei_interfaces__rosidl_typesupport_cpp.so
[11.384s] -- Set runtime path of "/home/grz/trolley_auto_drive_image/code/install/olei_interfaces/lib/libolei_interfaces__rosidl_typesupport_cpp.so" to ""
[11.385s] -- Installing: /home/grz/trolley_auto_drive_image/code/install/olei_interfaces/share/olei_interfaces/environment/pythonpath.sh
[11.385s] -- Installing: /home/grz/trolley_auto_drive_image/code/install/olei_interfaces/share/olei_interfaces/environment/pythonpath.dsv
[11.385s] -- Installing: /home/grz/trolley_auto_drive_image/code/install/olei_interfaces/lib/python3.8/site-packages/olei_interfaces/__init__.py
[11.447s] Compiling '/home/grz/trolley_auto_drive_image/code/install/olei_interfaces/lib/python3.8/site-packages/olei_interfaces/__init__.py'...
[11.454s] -- Installing: /home/grz/trolley_auto_drive_image/code/install/olei_interfaces/lib/python3.8/site-packages/olei_interfaces/msg
[11.455s] -- Installing: /home/grz/trolley_auto_drive_image/code/install/olei_interfaces/lib/python3.8/site-packages/olei_interfaces/msg/_vf_header_s.c
[11.455s] -- Installing: /home/grz/trolley_auto_drive_image/code/install/olei_interfaces/lib/python3.8/site-packages/olei_interfaces/msg/__init__.py
[11.456s] -- Installing: /home/grz/trolley_auto_drive_image/code/install/olei_interfaces/lib/python3.8/site-packages/olei_interfaces/msg/_v2_header.py
[11.456s] -- Installing: /home/grz/trolley_auto_drive_image/code/install/olei_interfaces/lib/python3.8/site-packages/olei_interfaces/msg/_vf_header.py
[11.456s] -- Installing: /home/grz/trolley_auto_drive_image/code/install/olei_interfaces/lib/python3.8/site-packages/olei_interfaces/msg/_v2_header_s.c
[11.456s] -- Installing: /home/grz/trolley_auto_drive_image/code/install/olei_interfaces/lib/python3.8/site-packages/olei_interfaces/olei_interfaces_s__rosidl_typesupport_fastrtps_c.cpython-38-x86_64-linux-gnu.so
[11.457s] -- Set runtime path of "/home/grz/trolley_auto_drive_image/code/install/olei_interfaces/lib/python3.8/site-packages/olei_interfaces/olei_interfaces_s__rosidl_typesupport_fastrtps_c.cpython-38-x86_64-linux-gnu.so" to ""
[11.457s] -- Installing: /home/grz/trolley_auto_drive_image/code/install/olei_interfaces/lib/python3.8/site-packages/olei_interfaces/olei_interfaces_s__rosidl_typesupport_introspection_c.cpython-38-x86_64-linux-gnu.so
[11.458s] -- Set runtime path of "/home/grz/trolley_auto_drive_image/code/install/olei_interfaces/lib/python3.8/site-packages/olei_interfaces/olei_interfaces_s__rosidl_typesupport_introspection_c.cpython-38-x86_64-linux-gnu.so" to ""
[11.459s] -- Installing: /home/grz/trolley_auto_drive_image/code/install/olei_interfaces/lib/python3.8/site-packages/olei_interfaces/olei_interfaces_s__rosidl_typesupport_c.cpython-38-x86_64-linux-gnu.so
[11.460s] -- Set runtime path of "/home/grz/trolley_auto_drive_image/code/install/olei_interfaces/lib/python3.8/site-packages/olei_interfaces/olei_interfaces_s__rosidl_typesupport_c.cpython-38-x86_64-linux-gnu.so" to ""
[11.460s] -- Installing: /home/grz/trolley_auto_drive_image/code/install/olei_interfaces/lib/libolei_interfaces__python.so
[11.461s] -- Set runtime path of "/home/grz/trolley_auto_drive_image/code/install/olei_interfaces/lib/libolei_interfaces__python.so" to ""
[11.461s] -- Installing: /home/grz/trolley_auto_drive_image/code/install/olei_interfaces/share/olei_interfaces/msg/VFHeader.idl
[11.461s] -- Installing: /home/grz/trolley_auto_drive_image/code/install/olei_interfaces/share/olei_interfaces/msg/V2Header.idl
[11.462s] -- Installing: /home/grz/trolley_auto_drive_image/code/install/olei_interfaces/share/olei_interfaces/msg/VFHeader.msg
[11.462s] -- Installing: /home/grz/trolley_auto_drive_image/code/install/olei_interfaces/share/olei_interfaces/msg/V2Header.msg
[11.462s] -- Installing: /home/grz/trolley_auto_drive_image/code/install/olei_interfaces/share/ament_index/resource_index/package_run_dependencies/olei_interfaces
[11.463s] -- Installing: /home/grz/trolley_auto_drive_image/code/install/olei_interfaces/share/ament_index/resource_index/parent_prefix_path/olei_interfaces
[11.463s] -- Installing: /home/grz/trolley_auto_drive_image/code/install/olei_interfaces/share/olei_interfaces/environment/ament_prefix_path.sh
[11.463s] -- Installing: /home/grz/trolley_auto_drive_image/code/install/olei_interfaces/share/olei_interfaces/environment/ament_prefix_path.dsv
[11.464s] -- Installing: /home/grz/trolley_auto_drive_image/code/install/olei_interfaces/share/olei_interfaces/environment/path.sh
[11.465s] -- Installing: /home/grz/trolley_auto_drive_image/code/install/olei_interfaces/share/olei_interfaces/environment/path.dsv
[11.465s] -- Installing: /home/grz/trolley_auto_drive_image/code/install/olei_interfaces/share/olei_interfaces/local_setup.bash
[11.465s] -- Installing: /home/grz/trolley_auto_drive_image/code/install/olei_interfaces/share/olei_interfaces/local_setup.sh
[11.466s] -- Installing: /home/grz/trolley_auto_drive_image/code/install/olei_interfaces/share/olei_interfaces/local_setup.zsh
[11.466s] -- Installing: /home/grz/trolley_auto_drive_image/code/install/olei_interfaces/share/olei_interfaces/local_setup.dsv
[11.467s] -- Installing: /home/grz/trolley_auto_drive_image/code/install/olei_interfaces/share/olei_interfaces/package.dsv
[11.467s] -- Installing: /home/grz/trolley_auto_drive_image/code/install/olei_interfaces/share/ament_index/resource_index/packages/olei_interfaces
[11.467s] -- Installing: /home/grz/trolley_auto_drive_image/code/install/olei_interfaces/share/olei_interfaces/cmake/olei_interfaces__rosidl_generator_cExport.cmake
[11.468s] -- Installing: /home/grz/trolley_auto_drive_image/code/install/olei_interfaces/share/olei_interfaces/cmake/olei_interfaces__rosidl_generator_cExport-noconfig.cmake
[11.468s] -- Installing: /home/grz/trolley_auto_drive_image/code/install/olei_interfaces/share/olei_interfaces/cmake/olei_interfaces__rosidl_typesupport_introspection_cExport.cmake
[11.468s] -- Installing: /home/grz/trolley_auto_drive_image/code/install/olei_interfaces/share/olei_interfaces/cmake/olei_interfaces__rosidl_typesupport_introspection_cExport-noconfig.cmake
[11.469s] -- Installing: /home/grz/trolley_auto_drive_image/code/install/olei_interfaces/share/olei_interfaces/cmake/olei_interfaces__rosidl_typesupport_cExport.cmake
[11.469s] -- Installing: /home/grz/trolley_auto_drive_image/code/install/olei_interfaces/share/olei_interfaces/cmake/olei_interfaces__rosidl_typesupport_cExport-noconfig.cmake
[11.469s] -- Installing: /home/grz/trolley_auto_drive_image/code/install/olei_interfaces/share/olei_interfaces/cmake/olei_interfaces__rosidl_generator_cppExport.cmake
[11.470s] -- Installing: /home/grz/trolley_auto_drive_image/code/install/olei_interfaces/share/olei_interfaces/cmake/olei_interfaces__rosidl_typesupport_introspection_cppExport.cmake
[11.470s] -- Installing: /home/grz/trolley_auto_drive_image/code/install/olei_interfaces/share/olei_interfaces/cmake/olei_interfaces__rosidl_typesupport_introspection_cppExport-noconfig.cmake
[11.470s] -- Installing: /home/grz/trolley_auto_drive_image/code/install/olei_interfaces/share/olei_interfaces/cmake/olei_interfaces__rosidl_typesupport_cppExport.cmake
[11.471s] -- Installing: /home/grz/trolley_auto_drive_image/code/install/olei_interfaces/share/olei_interfaces/cmake/olei_interfaces__rosidl_typesupport_cppExport-noconfig.cmake
[11.471s] -- Installing: /home/grz/trolley_auto_drive_image/code/install/olei_interfaces/share/olei_interfaces/cmake/rosidl_cmake-extras.cmake
[11.471s] -- Installing: /home/grz/trolley_auto_drive_image/code/install/olei_interfaces/share/olei_interfaces/cmake/ament_cmake_export_dependencies-extras.cmake
[11.472s] -- Installing: /home/grz/trolley_auto_drive_image/code/install/olei_interfaces/share/olei_interfaces/cmake/ament_cmake_export_libraries-extras.cmake
[11.472s] -- Installing: /home/grz/trolley_auto_drive_image/code/install/olei_interfaces/share/olei_interfaces/cmake/ament_cmake_export_targets-extras.cmake
[11.472s] -- Installing: /home/grz/trolley_auto_drive_image/code/install/olei_interfaces/share/olei_interfaces/cmake/ament_cmake_export_include_directories-extras.cmake
[11.473s] -- Installing: /home/grz/trolley_auto_drive_image/code/install/olei_interfaces/share/olei_interfaces/cmake/rosidl_cmake_export_typesupport_libraries-extras.cmake
[11.473s] -- Installing: /home/grz/trolley_auto_drive_image/code/install/olei_interfaces/share/olei_interfaces/cmake/rosidl_cmake_export_typesupport_targets-extras.cmake
[11.473s] -- Installing: /home/grz/trolley_auto_drive_image/code/install/olei_interfaces/share/olei_interfaces/cmake/olei_interfacesConfig.cmake
[11.474s] -- Installing: /home/grz/trolley_auto_drive_image/code/install/olei_interfaces/share/olei_interfaces/cmake/olei_interfacesConfig-version.cmake
[11.474s] -- Installing: /home/grz/trolley_auto_drive_image/code/install/olei_interfaces/share/olei_interfaces/package.xml
[11.479s] Invoked command in '/home/grz/trolley_auto_drive_image/code/build/olei_interfaces' returned '0': CMAKE_PREFIX_PATH=/opt/ros/foxy /usr/bin/cmake --install /home/grz/trolley_auto_drive_image/code/build/olei_interfaces
