[0.016s] Invoking command in '/home/grz/trolley_auto_drive_image/code/build/lidar_msgs': CMAKE_PREFIX_PATH=/opt/ros/foxy /usr/bin/cmake /home/grz/trolley_auto_drive_image/code/src/ole2d_ros2_driver/lidar_msgs -DCMAKE_INSTALL_PREFIX=/home/grz/trolley_auto_drive_image/code/install/lidar_msgs
[0.106s] -- The C compiler identification is GNU 9.4.0
[0.185s] -- The CXX compiler identification is GNU 9.4.0
[0.193s] -- Check for working C compiler: /usr/bin/cc
[0.255s] -- Check for working C compiler: /usr/bin/cc -- works
[0.256s] -- Detecting C compiler ABI info
[0.319s] -- Detecting C compiler ABI info - done
[0.333s] -- Detecting C compile features
[0.334s] -- Detecting C compile features - done
[0.336s] -- Check for working CXX compiler: /usr/bin/c++
[0.408s] -- Check for working CXX compiler: /usr/bin/c++ -- works
[0.409s] -- Detecting CXX compiler ABI info
[0.479s] -- Detecting CXX compiler ABI info - done
[0.492s] -- Detecting CXX compile features
[0.492s] -- Detecting CXX compile features - done
[0.497s] -- Found ament_cmake: 0.9.12 (/opt/ros/foxy/share/ament_cmake/cmake)
[0.523s] -- Found PythonInterp: /usr/bin/python3 (found suitable version "3.8.10", minimum required is "3") 
[0.523s] -- Using PYTHON_EXECUTABLE: /usr/bin/python3
[0.708s] -- Found builtin_interfaces: 1.0.0 (/opt/ros/foxy/share/builtin_interfaces/cmake)
[0.737s] -- Using all available rosidl_typesupport_c: rosidl_typesupport_fastrtps_c;rosidl_typesupport_introspection_c
[0.744s] -- Found rosidl_adapter: 1.3.1 (/opt/ros/foxy/share/rosidl_adapter/cmake)
[0.809s] -- Found OpenSSL: /usr/lib/x86_64-linux-gnu/libcrypto.so (found version "1.1.1f")  
[0.835s] -- Found FastRTPS: /opt/ros/foxy/include  
[0.912s] -- Using all available rosidl_typesupport_cpp: rosidl_typesupport_fastrtps_cpp;rosidl_typesupport_introspection_cpp
[0.937s] -- Found rosidl_default_generators: 1.0.1 (/opt/ros/foxy/share/rosidl_default_generators/cmake)
[0.947s] -- Found std_msgs: 2.0.5 (/opt/ros/foxy/share/std_msgs/cmake)
[0.983s] -- Found PythonInterp: /usr/bin/python3 (found version "3.8.10") 
[1.132s] -- Found ament_cmake_ros: 0.9.2 (/opt/ros/foxy/share/ament_cmake_ros/cmake)
[1.279s] -- Using all available rosidl_typesupport_c: rosidl_typesupport_fastrtps_c;rosidl_typesupport_introspection_c
[1.334s] -- Using all available rosidl_typesupport_cpp: rosidl_typesupport_fastrtps_cpp;rosidl_typesupport_introspection_cpp
[1.356s] -- Found PythonInterp: /usr/bin/python3 (found suitable version "3.8.10", minimum required is "3.5") 
[1.357s] -- Found python_cmake_module: 0.8.1 (/opt/ros/foxy/share/python_cmake_module/cmake)
[1.380s] -- Found PythonLibs: /usr/lib/x86_64-linux-gnu/libpython3.8.so (found suitable version "3.8.10", minimum required is "3.5") 
[1.381s] -- Using PYTHON_EXECUTABLE: /usr/bin/python3
[1.381s] -- Using PYTHON_INCLUDE_DIRS: /usr/include/python3.8
[1.381s] -- Using PYTHON_LIBRARIES: /usr/lib/x86_64-linux-gnu/libpython3.8.so
[1.400s] -- Found PythonExtra: .so  
[1.466s] -- Configuring done
[1.505s] -- Generating done
[1.520s] -- Build files have been written to: /home/grz/trolley_auto_drive_image/code/build/lidar_msgs
[1.536s] Invoked command in '/home/grz/trolley_auto_drive_image/code/build/lidar_msgs' returned '0': CMAKE_PREFIX_PATH=/opt/ros/foxy /usr/bin/cmake /home/grz/trolley_auto_drive_image/code/src/ole2d_ros2_driver/lidar_msgs -DCMAKE_INSTALL_PREFIX=/home/grz/trolley_auto_drive_image/code/install/lidar_msgs
[1.537s] Invoking command in '/home/grz/trolley_auto_drive_image/code/build/lidar_msgs': CMAKE_PREFIX_PATH=/opt/ros/foxy /usr/bin/cmake --build /home/grz/trolley_auto_drive_image/code/build/lidar_msgs -- -j8 -l8
[1.577s] [35m[1mScanning dependencies of target lidar_msgs__cpp[0m
[1.577s] [  2%] [34m[1mGenerating C code for ROS interfaces[0m
[1.588s] [  5%] [34m[1mGenerating C++ code for ROS interfaces[0m
[1.965s] [  5%] Built target lidar_msgs__cpp
[1.985s] [ 10%] [34m[1mGenerating C++ type support for eProsima Fast-RTPS[0m
[1.985s] [ 10%] [34m[1mGenerating C++ introspection for ROS interfaces[0m
[1.997s] [ 12%] [34m[1mGenerating C++ type support dispatch for ROS interfaces[0m
[2.032s] [35m[1mScanning dependencies of target lidar_msgs__rosidl_generator_c[0m
[2.061s] [ 15%] [32mBuilding C object CMakeFiles/lidar_msgs__rosidl_generator_c.dir/rosidl_generator_c/lidar_msgs/srv/detail/get_metadata__functions.c.o[0m
[2.079s] [ 17%] [32mBuilding C object CMakeFiles/lidar_msgs__rosidl_generator_c.dir/rosidl_generator_c/lidar_msgs/msg/detail/metadata__functions.c.o[0m
[2.226s] [ 20%] [32m[1mLinking C shared library liblidar_msgs__rosidl_generator_c.so[0m
[2.331s] [ 20%] Built target lidar_msgs__rosidl_generator_c
[2.350s] [ 23%] [34m[1mGenerating C introspection for ROS interfaces[0m
[2.356s] [ 25%] [34m[1mGenerating C type support dispatch for ROS interfaces[0m
[2.467s] [35m[1mScanning dependencies of target lidar_msgs__rosidl_typesupport_cpp[0m
[2.561s] [ 28%] [32mBuilding CXX object CMakeFiles/lidar_msgs__rosidl_typesupport_cpp.dir/rosidl_typesupport_cpp/lidar_msgs/msg/metadata__type_support.cpp.o[0m
[2.563s] [35m[1mScanning dependencies of target lidar_msgs__rosidl_typesupport_fastrtps_cpp[0m
[2.563s] [ 30%] [32mBuilding CXX object CMakeFiles/lidar_msgs__rosidl_typesupport_cpp.dir/rosidl_typesupport_cpp/lidar_msgs/srv/get_metadata__type_support.cpp.o[0m
[2.580s] [35m[1mScanning dependencies of target lidar_msgs__rosidl_typesupport_introspection_cpp[0m
[2.641s] [ 33%] [32mBuilding CXX object CMakeFiles/lidar_msgs__rosidl_typesupport_fastrtps_cpp.dir/rosidl_typesupport_fastrtps_cpp/lidar_msgs/srv/detail/dds_fastrtps/get_metadata__type_support.cpp.o[0m
[2.655s] [ 35%] [32mBuilding CXX object CMakeFiles/lidar_msgs__rosidl_typesupport_introspection_cpp.dir/rosidl_typesupport_introspection_cpp/lidar_msgs/msg/detail/metadata__type_support.cpp.o[0m
[2.663s] [ 38%] [32mBuilding CXX object CMakeFiles/lidar_msgs__rosidl_typesupport_introspection_cpp.dir/rosidl_typesupport_introspection_cpp/lidar_msgs/srv/detail/get_metadata__type_support.cpp.o[0m
[2.663s] [ 41%] [32mBuilding CXX object CMakeFiles/lidar_msgs__rosidl_typesupport_fastrtps_cpp.dir/rosidl_typesupport_fastrtps_cpp/lidar_msgs/msg/detail/dds_fastrtps/metadata__type_support.cpp.o[0m
[2.927s] [35m[1mScanning dependencies of target lidar_msgs__rosidl_typesupport_c[0m
[2.975s] [ 43%] [32mBuilding CXX object CMakeFiles/lidar_msgs__rosidl_typesupport_c.dir/rosidl_typesupport_c/lidar_msgs/srv/get_metadata__type_support.cpp.o[0m
[3.040s] [ 46%] [32mBuilding CXX object CMakeFiles/lidar_msgs__rosidl_typesupport_c.dir/rosidl_typesupport_c/lidar_msgs/msg/metadata__type_support.cpp.o[0m
[3.127s] [ 48%] [32m[1mLinking CXX shared library liblidar_msgs__rosidl_typesupport_c.so[0m
[3.193s] [35m[1mScanning dependencies of target lidar_msgs__rosidl_typesupport_introspection_c[0m
[3.248s] [ 51%] [32mBuilding C object CMakeFiles/lidar_msgs__rosidl_typesupport_introspection_c.dir/rosidl_typesupport_introspection_c/lidar_msgs/msg/detail/metadata__type_support.c.o[0m
[3.270s] [ 53%] [32mBuilding C object CMakeFiles/lidar_msgs__rosidl_typesupport_introspection_c.dir/rosidl_typesupport_introspection_c/lidar_msgs/srv/detail/get_metadata__type_support.c.o[0m
[3.299s] [ 53%] Built target lidar_msgs__rosidl_typesupport_c
[3.301s] [ 56%] [32m[1mLinking CXX shared library liblidar_msgs__rosidl_typesupport_cpp.so[0m
[3.355s] [ 58%] [32m[1mLinking C shared library liblidar_msgs__rosidl_typesupport_introspection_c.so[0m
[3.359s] [ 58%] Built target lidar_msgs__rosidl_typesupport_cpp
[3.390s] [ 58%] Built target lidar_msgs__rosidl_typesupport_introspection_c
[3.504s] [ 61%] [32m[1mLinking CXX shared library liblidar_msgs__rosidl_typesupport_introspection_cpp.so[0m
[3.612s] [ 61%] Built target lidar_msgs__rosidl_typesupport_introspection_cpp
[3.684s] [ 64%] [32m[1mLinking CXX shared library liblidar_msgs__rosidl_typesupport_fastrtps_cpp.so[0m
[3.777s] [ 64%] Built target lidar_msgs__rosidl_typesupport_fastrtps_cpp
[3.789s] [ 66%] [34m[1mGenerating C type support for eProsima Fast-RTPS[0m
[4.056s] [35m[1mScanning dependencies of target lidar_msgs__rosidl_typesupport_fastrtps_c[0m
[4.077s] [ 69%] [32mBuilding CXX object CMakeFiles/lidar_msgs__rosidl_typesupport_fastrtps_c.dir/rosidl_typesupport_fastrtps_c/lidar_msgs/srv/detail/get_metadata__type_support_c.cpp.o[0m
[4.077s] [ 71%] [32mBuilding CXX object CMakeFiles/lidar_msgs__rosidl_typesupport_fastrtps_c.dir/rosidl_typesupport_fastrtps_c/lidar_msgs/msg/detail/metadata__type_support_c.cpp.o[0m
[4.458s] [ 74%] [32m[1mLinking CXX shared library liblidar_msgs__rosidl_typesupport_fastrtps_c.so[0m
[4.552s] [ 74%] Built target lidar_msgs__rosidl_typesupport_fastrtps_c
[4.564s] [35m[1mScanning dependencies of target lidar_msgs[0m
[4.574s] [ 74%] Built target lidar_msgs
[4.584s] [35m[1mScanning dependencies of target lidar_msgs__py[0m
[4.595s] [ 76%] [34m[1mGenerating Python code for ROS interfaces[0m
[5.155s] [ 76%] Built target lidar_msgs__py
[5.165s] [35m[1mScanning dependencies of target lidar_msgs__python[0m
[5.188s] [ 79%] [32mBuilding C object CMakeFiles/lidar_msgs__python.dir/rosidl_generator_py/lidar_msgs/srv/_get_metadata_s.c.o[0m
[5.190s] [ 82%] [32mBuilding C object CMakeFiles/lidar_msgs__python.dir/rosidl_generator_py/lidar_msgs/msg/_metadata_s.c.o[0m
[5.281s] [ 84%] [32m[1mLinking C shared library rosidl_generator_py/lidar_msgs/liblidar_msgs__python.so[0m
[5.323s] [ 84%] Built target lidar_msgs__python
[5.333s] [35m[1mScanning dependencies of target lidar_msgs__rosidl_typesupport_c__pyext[0m
[5.333s] [35m[1mScanning dependencies of target lidar_msgs__rosidl_typesupport_introspection_c__pyext[0m
[5.334s] [35m[1mScanning dependencies of target lidar_msgs__rosidl_typesupport_fastrtps_c__pyext[0m
[5.351s] [ 89%] [32mBuilding C object CMakeFiles/lidar_msgs__rosidl_typesupport_fastrtps_c__pyext.dir/rosidl_generator_py/lidar_msgs/_lidar_msgs_s.ep.rosidl_typesupport_fastrtps_c.c.o[0m
[5.352s] [ 89%] [32mBuilding C object CMakeFiles/lidar_msgs__rosidl_typesupport_c__pyext.dir/rosidl_generator_py/lidar_msgs/_lidar_msgs_s.ep.rosidl_typesupport_c.c.o[0m
[5.352s] [ 92%] [32mBuilding C object CMakeFiles/lidar_msgs__rosidl_typesupport_introspection_c__pyext.dir/rosidl_generator_py/lidar_msgs/_lidar_msgs_s.ep.rosidl_typesupport_introspection_c.c.o[0m
[5.438s] [100%] [32m[1mLinking CXX shared library rosidl_generator_py/lidar_msgs/lidar_msgs_s__rosidl_typesupport_fastrtps_c.cpython-38-x86_64-linux-gnu.so[0m
[5.438s] [100%] [32m[1mLinking C shared library rosidl_generator_py/lidar_msgs/lidar_msgs_s__rosidl_typesupport_introspection_c.cpython-38-x86_64-linux-gnu.so[0m
[5.438s] [100%] [32m[1mLinking C shared library rosidl_generator_py/lidar_msgs/lidar_msgs_s__rosidl_typesupport_c.cpython-38-x86_64-linux-gnu.so[0m
[5.473s] [100%] Built target lidar_msgs__rosidl_typesupport_c__pyext
[5.473s] [100%] Built target lidar_msgs__rosidl_typesupport_introspection_c__pyext
[5.500s] [100%] Built target lidar_msgs__rosidl_typesupport_fastrtps_c__pyext
[5.511s] Invoked command in '/home/grz/trolley_auto_drive_image/code/build/lidar_msgs' returned '0': CMAKE_PREFIX_PATH=/opt/ros/foxy /usr/bin/cmake --build /home/grz/trolley_auto_drive_image/code/build/lidar_msgs -- -j8 -l8
[5.513s] Invoking command in '/home/grz/trolley_auto_drive_image/code/build/lidar_msgs': CMAKE_PREFIX_PATH=/opt/ros/foxy /usr/bin/cmake --install /home/grz/trolley_auto_drive_image/code/build/lidar_msgs
[5.521s] -- Install configuration: ""
[5.521s] -- Installing: /home/grz/trolley_auto_drive_image/code/install/lidar_msgs/share/ament_index/resource_index/rosidl_interfaces/lidar_msgs
[5.521s] -- Installing: /home/grz/trolley_auto_drive_image/code/install/lidar_msgs/include/lidar_msgs
[5.522s] -- Installing: /home/grz/trolley_auto_drive_image/code/install/lidar_msgs/include/lidar_msgs/srv
[5.522s] -- Installing: /home/grz/trolley_auto_drive_image/code/install/lidar_msgs/include/lidar_msgs/srv/get_metadata.h
[5.522s] -- Installing: /home/grz/trolley_auto_drive_image/code/install/lidar_msgs/include/lidar_msgs/srv/detail
[5.522s] -- Installing: /home/grz/trolley_auto_drive_image/code/install/lidar_msgs/include/lidar_msgs/srv/detail/get_metadata__type_support.h
[5.522s] -- Installing: /home/grz/trolley_auto_drive_image/code/install/lidar_msgs/include/lidar_msgs/srv/detail/get_metadata__functions.c
[5.522s] -- Installing: /home/grz/trolley_auto_drive_image/code/install/lidar_msgs/include/lidar_msgs/srv/detail/get_metadata__functions.h
[5.522s] -- Installing: /home/grz/trolley_auto_drive_image/code/install/lidar_msgs/include/lidar_msgs/srv/detail/get_metadata__struct.h
[5.522s] -- Installing: /home/grz/trolley_auto_drive_image/code/install/lidar_msgs/include/lidar_msgs/msg
[5.522s] -- Installing: /home/grz/trolley_auto_drive_image/code/install/lidar_msgs/include/lidar_msgs/msg/rosidl_generator_c__visibility_control.h
[5.522s] -- Installing: /home/grz/trolley_auto_drive_image/code/install/lidar_msgs/include/lidar_msgs/msg/metadata.h
[5.522s] -- Installing: /home/grz/trolley_auto_drive_image/code/install/lidar_msgs/include/lidar_msgs/msg/detail
[5.522s] -- Installing: /home/grz/trolley_auto_drive_image/code/install/lidar_msgs/include/lidar_msgs/msg/detail/metadata__struct.h
[5.523s] -- Installing: /home/grz/trolley_auto_drive_image/code/install/lidar_msgs/include/lidar_msgs/msg/detail/metadata__functions.h
[5.523s] -- Installing: /home/grz/trolley_auto_drive_image/code/install/lidar_msgs/include/lidar_msgs/msg/detail/metadata__functions.c
[5.523s] -- Installing: /home/grz/trolley_auto_drive_image/code/install/lidar_msgs/include/lidar_msgs/msg/detail/metadata__type_support.h
[5.523s] -- Installing: /home/grz/trolley_auto_drive_image/code/install/lidar_msgs/share/lidar_msgs/environment/library_path.sh
[5.523s] -- Installing: /home/grz/trolley_auto_drive_image/code/install/lidar_msgs/share/lidar_msgs/environment/library_path.dsv
[5.523s] -- Installing: /home/grz/trolley_auto_drive_image/code/install/lidar_msgs/lib/liblidar_msgs__rosidl_generator_c.so
[5.523s] -- Set runtime path of "/home/grz/trolley_auto_drive_image/code/install/lidar_msgs/lib/liblidar_msgs__rosidl_generator_c.so" to ""
[5.523s] -- Up-to-date: /home/grz/trolley_auto_drive_image/code/install/lidar_msgs/include/lidar_msgs
[5.523s] -- Up-to-date: /home/grz/trolley_auto_drive_image/code/install/lidar_msgs/include/lidar_msgs/srv
[5.523s] -- Up-to-date: /home/grz/trolley_auto_drive_image/code/install/lidar_msgs/include/lidar_msgs/srv/detail
[5.523s] -- Installing: /home/grz/trolley_auto_drive_image/code/install/lidar_msgs/include/lidar_msgs/srv/detail/get_metadata__rosidl_typesupport_fastrtps_c.h
[5.523s] -- Up-to-date: /home/grz/trolley_auto_drive_image/code/install/lidar_msgs/include/lidar_msgs/msg
[5.523s] -- Installing: /home/grz/trolley_auto_drive_image/code/install/lidar_msgs/include/lidar_msgs/msg/rosidl_typesupport_fastrtps_c__visibility_control.h
[5.523s] -- Up-to-date: /home/grz/trolley_auto_drive_image/code/install/lidar_msgs/include/lidar_msgs/msg/detail
[5.524s] -- Installing: /home/grz/trolley_auto_drive_image/code/install/lidar_msgs/include/lidar_msgs/msg/detail/metadata__rosidl_typesupport_fastrtps_c.h
[5.524s] -- Installing: /home/grz/trolley_auto_drive_image/code/install/lidar_msgs/lib/liblidar_msgs__rosidl_typesupport_fastrtps_c.so
[5.524s] -- Set runtime path of "/home/grz/trolley_auto_drive_image/code/install/lidar_msgs/lib/liblidar_msgs__rosidl_typesupport_fastrtps_c.so" to ""
[5.524s] -- Up-to-date: /home/grz/trolley_auto_drive_image/code/install/lidar_msgs/include/lidar_msgs
[5.524s] -- Up-to-date: /home/grz/trolley_auto_drive_image/code/install/lidar_msgs/include/lidar_msgs/srv
[5.524s] -- Up-to-date: /home/grz/trolley_auto_drive_image/code/install/lidar_msgs/include/lidar_msgs/srv/detail
[5.524s] -- Installing: /home/grz/trolley_auto_drive_image/code/install/lidar_msgs/include/lidar_msgs/srv/detail/get_metadata__rosidl_typesupport_fastrtps_cpp.hpp
[5.524s] -- Installing: /home/grz/trolley_auto_drive_image/code/install/lidar_msgs/include/lidar_msgs/srv/detail/dds_fastrtps
[5.524s] -- Up-to-date: /home/grz/trolley_auto_drive_image/code/install/lidar_msgs/include/lidar_msgs/msg
[5.524s] -- Installing: /home/grz/trolley_auto_drive_image/code/install/lidar_msgs/include/lidar_msgs/msg/rosidl_typesupport_fastrtps_cpp__visibility_control.h
[5.524s] -- Up-to-date: /home/grz/trolley_auto_drive_image/code/install/lidar_msgs/include/lidar_msgs/msg/detail
[5.524s] -- Installing: /home/grz/trolley_auto_drive_image/code/install/lidar_msgs/include/lidar_msgs/msg/detail/metadata__rosidl_typesupport_fastrtps_cpp.hpp
[5.524s] -- Installing: /home/grz/trolley_auto_drive_image/code/install/lidar_msgs/include/lidar_msgs/msg/detail/dds_fastrtps
[5.524s] -- Installing: /home/grz/trolley_auto_drive_image/code/install/lidar_msgs/lib/liblidar_msgs__rosidl_typesupport_fastrtps_cpp.so
[5.525s] -- Set runtime path of "/home/grz/trolley_auto_drive_image/code/install/lidar_msgs/lib/liblidar_msgs__rosidl_typesupport_fastrtps_cpp.so" to ""
[5.525s] -- Up-to-date: /home/grz/trolley_auto_drive_image/code/install/lidar_msgs/include/lidar_msgs
[5.525s] -- Up-to-date: /home/grz/trolley_auto_drive_image/code/install/lidar_msgs/include/lidar_msgs/srv
[5.525s] -- Up-to-date: /home/grz/trolley_auto_drive_image/code/install/lidar_msgs/include/lidar_msgs/srv/detail
[5.525s] -- Installing: /home/grz/trolley_auto_drive_image/code/install/lidar_msgs/include/lidar_msgs/srv/detail/get_metadata__rosidl_typesupport_introspection_c.h
[5.525s] -- Installing: /home/grz/trolley_auto_drive_image/code/install/lidar_msgs/include/lidar_msgs/srv/detail/get_metadata__type_support.c
[5.525s] -- Up-to-date: /home/grz/trolley_auto_drive_image/code/install/lidar_msgs/include/lidar_msgs/msg
[5.525s] -- Installing: /home/grz/trolley_auto_drive_image/code/install/lidar_msgs/include/lidar_msgs/msg/rosidl_typesupport_introspection_c__visibility_control.h
[5.525s] -- Up-to-date: /home/grz/trolley_auto_drive_image/code/install/lidar_msgs/include/lidar_msgs/msg/detail
[5.525s] -- Installing: /home/grz/trolley_auto_drive_image/code/install/lidar_msgs/include/lidar_msgs/msg/detail/metadata__type_support.c
[5.525s] -- Installing: /home/grz/trolley_auto_drive_image/code/install/lidar_msgs/include/lidar_msgs/msg/detail/metadata__rosidl_typesupport_introspection_c.h
[5.525s] -- Installing: /home/grz/trolley_auto_drive_image/code/install/lidar_msgs/lib/liblidar_msgs__rosidl_typesupport_introspection_c.so
[5.525s] -- Set runtime path of "/home/grz/trolley_auto_drive_image/code/install/lidar_msgs/lib/liblidar_msgs__rosidl_typesupport_introspection_c.so" to ""
[5.525s] -- Installing: /home/grz/trolley_auto_drive_image/code/install/lidar_msgs/lib/liblidar_msgs__rosidl_typesupport_c.so
[5.526s] -- Set runtime path of "/home/grz/trolley_auto_drive_image/code/install/lidar_msgs/lib/liblidar_msgs__rosidl_typesupport_c.so" to ""
[5.526s] -- Up-to-date: /home/grz/trolley_auto_drive_image/code/install/lidar_msgs/include/lidar_msgs
[5.526s] -- Up-to-date: /home/grz/trolley_auto_drive_image/code/install/lidar_msgs/include/lidar_msgs/srv
[5.526s] -- Installing: /home/grz/trolley_auto_drive_image/code/install/lidar_msgs/include/lidar_msgs/srv/get_metadata.hpp
[5.526s] -- Up-to-date: /home/grz/trolley_auto_drive_image/code/install/lidar_msgs/include/lidar_msgs/srv/detail
[5.526s] -- Installing: /home/grz/trolley_auto_drive_image/code/install/lidar_msgs/include/lidar_msgs/srv/detail/get_metadata__traits.hpp
[5.526s] -- Installing: /home/grz/trolley_auto_drive_image/code/install/lidar_msgs/include/lidar_msgs/srv/detail/get_metadata__type_support.hpp
[5.526s] -- Installing: /home/grz/trolley_auto_drive_image/code/install/lidar_msgs/include/lidar_msgs/srv/detail/get_metadata__struct.hpp
[5.526s] -- Installing: /home/grz/trolley_auto_drive_image/code/install/lidar_msgs/include/lidar_msgs/srv/detail/get_metadata__builder.hpp
[5.526s] -- Up-to-date: /home/grz/trolley_auto_drive_image/code/install/lidar_msgs/include/lidar_msgs/msg
[5.526s] -- Installing: /home/grz/trolley_auto_drive_image/code/install/lidar_msgs/include/lidar_msgs/msg/metadata.hpp
[5.526s] -- Installing: /home/grz/trolley_auto_drive_image/code/install/lidar_msgs/include/lidar_msgs/msg/rosidl_generator_cpp__visibility_control.hpp
[5.527s] -- Up-to-date: /home/grz/trolley_auto_drive_image/code/install/lidar_msgs/include/lidar_msgs/msg/detail
[5.527s] -- Installing: /home/grz/trolley_auto_drive_image/code/install/lidar_msgs/include/lidar_msgs/msg/detail/metadata__builder.hpp
[5.527s] -- Installing: /home/grz/trolley_auto_drive_image/code/install/lidar_msgs/include/lidar_msgs/msg/detail/metadata__struct.hpp
[5.527s] -- Installing: /home/grz/trolley_auto_drive_image/code/install/lidar_msgs/include/lidar_msgs/msg/detail/metadata__traits.hpp
[5.527s] -- Installing: /home/grz/trolley_auto_drive_image/code/install/lidar_msgs/include/lidar_msgs/msg/detail/metadata__type_support.hpp
[5.527s] -- Up-to-date: /home/grz/trolley_auto_drive_image/code/install/lidar_msgs/include/lidar_msgs
[5.527s] -- Up-to-date: /home/grz/trolley_auto_drive_image/code/install/lidar_msgs/include/lidar_msgs/srv
[5.527s] -- Up-to-date: /home/grz/trolley_auto_drive_image/code/install/lidar_msgs/include/lidar_msgs/srv/detail
[5.527s] -- Installing: /home/grz/trolley_auto_drive_image/code/install/lidar_msgs/include/lidar_msgs/srv/detail/get_metadata__type_support.cpp
[5.527s] -- Installing: /home/grz/trolley_auto_drive_image/code/install/lidar_msgs/include/lidar_msgs/srv/detail/get_metadata__rosidl_typesupport_introspection_cpp.hpp
[5.527s] -- Up-to-date: /home/grz/trolley_auto_drive_image/code/install/lidar_msgs/include/lidar_msgs/msg
[5.527s] -- Up-to-date: /home/grz/trolley_auto_drive_image/code/install/lidar_msgs/include/lidar_msgs/msg/detail
[5.527s] -- Installing: /home/grz/trolley_auto_drive_image/code/install/lidar_msgs/include/lidar_msgs/msg/detail/metadata__rosidl_typesupport_introspection_cpp.hpp
[5.527s] -- Installing: /home/grz/trolley_auto_drive_image/code/install/lidar_msgs/include/lidar_msgs/msg/detail/metadata__type_support.cpp
[5.527s] -- Installing: /home/grz/trolley_auto_drive_image/code/install/lidar_msgs/lib/liblidar_msgs__rosidl_typesupport_introspection_cpp.so
[5.528s] -- Set runtime path of "/home/grz/trolley_auto_drive_image/code/install/lidar_msgs/lib/liblidar_msgs__rosidl_typesupport_introspection_cpp.so" to ""
[5.528s] -- Installing: /home/grz/trolley_auto_drive_image/code/install/lidar_msgs/lib/liblidar_msgs__rosidl_typesupport_cpp.so
[5.528s] -- Set runtime path of "/home/grz/trolley_auto_drive_image/code/install/lidar_msgs/lib/liblidar_msgs__rosidl_typesupport_cpp.so" to ""
[5.528s] -- Installing: /home/grz/trolley_auto_drive_image/code/install/lidar_msgs/share/lidar_msgs/environment/pythonpath.sh
[5.528s] -- Installing: /home/grz/trolley_auto_drive_image/code/install/lidar_msgs/share/lidar_msgs/environment/pythonpath.dsv
[5.528s] -- Installing: /home/grz/trolley_auto_drive_image/code/install/lidar_msgs/lib/python3.8/site-packages/lidar_msgs/__init__.py
[5.557s] Compiling '/home/grz/trolley_auto_drive_image/code/install/lidar_msgs/lib/python3.8/site-packages/lidar_msgs/__init__.py'...
[5.561s] -- Installing: /home/grz/trolley_auto_drive_image/code/install/lidar_msgs/lib/python3.8/site-packages/lidar_msgs/srv
[5.561s] -- Installing: /home/grz/trolley_auto_drive_image/code/install/lidar_msgs/lib/python3.8/site-packages/lidar_msgs/srv/_get_metadata.py
[5.561s] -- Installing: /home/grz/trolley_auto_drive_image/code/install/lidar_msgs/lib/python3.8/site-packages/lidar_msgs/srv/_get_metadata_s.c
[5.561s] -- Installing: /home/grz/trolley_auto_drive_image/code/install/lidar_msgs/lib/python3.8/site-packages/lidar_msgs/srv/__init__.py
[5.562s] -- Installing: /home/grz/trolley_auto_drive_image/code/install/lidar_msgs/lib/python3.8/site-packages/lidar_msgs/msg
[5.562s] -- Installing: /home/grz/trolley_auto_drive_image/code/install/lidar_msgs/lib/python3.8/site-packages/lidar_msgs/msg/__init__.py
[5.562s] -- Installing: /home/grz/trolley_auto_drive_image/code/install/lidar_msgs/lib/python3.8/site-packages/lidar_msgs/msg/_metadata.py
[5.562s] -- Installing: /home/grz/trolley_auto_drive_image/code/install/lidar_msgs/lib/python3.8/site-packages/lidar_msgs/msg/_metadata_s.c
[5.562s] -- Installing: /home/grz/trolley_auto_drive_image/code/install/lidar_msgs/lib/python3.8/site-packages/lidar_msgs/lidar_msgs_s__rosidl_typesupport_fastrtps_c.cpython-38-x86_64-linux-gnu.so
[5.562s] -- Set runtime path of "/home/grz/trolley_auto_drive_image/code/install/lidar_msgs/lib/python3.8/site-packages/lidar_msgs/lidar_msgs_s__rosidl_typesupport_fastrtps_c.cpython-38-x86_64-linux-gnu.so" to ""
[5.562s] -- Installing: /home/grz/trolley_auto_drive_image/code/install/lidar_msgs/lib/python3.8/site-packages/lidar_msgs/lidar_msgs_s__rosidl_typesupport_introspection_c.cpython-38-x86_64-linux-gnu.so
[5.563s] -- Set runtime path of "/home/grz/trolley_auto_drive_image/code/install/lidar_msgs/lib/python3.8/site-packages/lidar_msgs/lidar_msgs_s__rosidl_typesupport_introspection_c.cpython-38-x86_64-linux-gnu.so" to ""
[5.563s] -- Installing: /home/grz/trolley_auto_drive_image/code/install/lidar_msgs/lib/python3.8/site-packages/lidar_msgs/lidar_msgs_s__rosidl_typesupport_c.cpython-38-x86_64-linux-gnu.so
[5.563s] -- Set runtime path of "/home/grz/trolley_auto_drive_image/code/install/lidar_msgs/lib/python3.8/site-packages/lidar_msgs/lidar_msgs_s__rosidl_typesupport_c.cpython-38-x86_64-linux-gnu.so" to ""
[5.563s] -- Installing: /home/grz/trolley_auto_drive_image/code/install/lidar_msgs/lib/liblidar_msgs__python.so
[5.563s] -- Set runtime path of "/home/grz/trolley_auto_drive_image/code/install/lidar_msgs/lib/liblidar_msgs__python.so" to ""
[5.564s] -- Installing: /home/grz/trolley_auto_drive_image/code/install/lidar_msgs/share/lidar_msgs/srv/GetMetadata.idl
[5.564s] -- Installing: /home/grz/trolley_auto_drive_image/code/install/lidar_msgs/share/lidar_msgs/msg/Metadata.idl
[5.564s] -- Installing: /home/grz/trolley_auto_drive_image/code/install/lidar_msgs/share/lidar_msgs/srv/GetMetadata.srv
[5.564s] -- Installing: /home/grz/trolley_auto_drive_image/code/install/lidar_msgs/share/lidar_msgs/srv/GetMetadata_Request.msg
[5.564s] -- Installing: /home/grz/trolley_auto_drive_image/code/install/lidar_msgs/share/lidar_msgs/srv/GetMetadata_Response.msg
[5.564s] -- Installing: /home/grz/trolley_auto_drive_image/code/install/lidar_msgs/share/lidar_msgs/msg/Metadata.msg
[5.564s] -- Installing: /home/grz/trolley_auto_drive_image/code/install/lidar_msgs/share/ament_index/resource_index/package_run_dependencies/lidar_msgs
[5.564s] -- Installing: /home/grz/trolley_auto_drive_image/code/install/lidar_msgs/share/ament_index/resource_index/parent_prefix_path/lidar_msgs
[5.564s] -- Installing: /home/grz/trolley_auto_drive_image/code/install/lidar_msgs/share/lidar_msgs/environment/ament_prefix_path.sh
[5.565s] -- Installing: /home/grz/trolley_auto_drive_image/code/install/lidar_msgs/share/lidar_msgs/environment/ament_prefix_path.dsv
[5.565s] -- Installing: /home/grz/trolley_auto_drive_image/code/install/lidar_msgs/share/lidar_msgs/environment/path.sh
[5.565s] -- Installing: /home/grz/trolley_auto_drive_image/code/install/lidar_msgs/share/lidar_msgs/environment/path.dsv
[5.565s] -- Installing: /home/grz/trolley_auto_drive_image/code/install/lidar_msgs/share/lidar_msgs/local_setup.bash
[5.565s] -- Installing: /home/grz/trolley_auto_drive_image/code/install/lidar_msgs/share/lidar_msgs/local_setup.sh
[5.565s] -- Installing: /home/grz/trolley_auto_drive_image/code/install/lidar_msgs/share/lidar_msgs/local_setup.zsh
[5.565s] -- Installing: /home/grz/trolley_auto_drive_image/code/install/lidar_msgs/share/lidar_msgs/local_setup.dsv
[5.565s] -- Installing: /home/grz/trolley_auto_drive_image/code/install/lidar_msgs/share/lidar_msgs/package.dsv
[5.565s] -- Installing: /home/grz/trolley_auto_drive_image/code/install/lidar_msgs/share/ament_index/resource_index/packages/lidar_msgs
[5.565s] -- Installing: /home/grz/trolley_auto_drive_image/code/install/lidar_msgs/share/lidar_msgs/cmake/lidar_msgs__rosidl_generator_cExport.cmake
[5.566s] -- Installing: /home/grz/trolley_auto_drive_image/code/install/lidar_msgs/share/lidar_msgs/cmake/lidar_msgs__rosidl_generator_cExport-noconfig.cmake
[5.566s] -- Installing: /home/grz/trolley_auto_drive_image/code/install/lidar_msgs/share/lidar_msgs/cmake/lidar_msgs__rosidl_typesupport_introspection_cExport.cmake
[5.566s] -- Installing: /home/grz/trolley_auto_drive_image/code/install/lidar_msgs/share/lidar_msgs/cmake/lidar_msgs__rosidl_typesupport_introspection_cExport-noconfig.cmake
[5.566s] -- Installing: /home/grz/trolley_auto_drive_image/code/install/lidar_msgs/share/lidar_msgs/cmake/lidar_msgs__rosidl_typesupport_cExport.cmake
[5.566s] -- Installing: /home/grz/trolley_auto_drive_image/code/install/lidar_msgs/share/lidar_msgs/cmake/lidar_msgs__rosidl_typesupport_cExport-noconfig.cmake
[5.566s] -- Installing: /home/grz/trolley_auto_drive_image/code/install/lidar_msgs/share/lidar_msgs/cmake/lidar_msgs__rosidl_generator_cppExport.cmake
[5.566s] -- Installing: /home/grz/trolley_auto_drive_image/code/install/lidar_msgs/share/lidar_msgs/cmake/lidar_msgs__rosidl_typesupport_introspection_cppExport.cmake
[5.567s] -- Installing: /home/grz/trolley_auto_drive_image/code/install/lidar_msgs/share/lidar_msgs/cmake/lidar_msgs__rosidl_typesupport_introspection_cppExport-noconfig.cmake
[5.567s] -- Installing: /home/grz/trolley_auto_drive_image/code/install/lidar_msgs/share/lidar_msgs/cmake/lidar_msgs__rosidl_typesupport_cppExport.cmake
[5.567s] -- Installing: /home/grz/trolley_auto_drive_image/code/install/lidar_msgs/share/lidar_msgs/cmake/lidar_msgs__rosidl_typesupport_cppExport-noconfig.cmake
[5.567s] -- Installing: /home/grz/trolley_auto_drive_image/code/install/lidar_msgs/share/lidar_msgs/cmake/rosidl_cmake-extras.cmake
[5.568s] -- Installing: /home/grz/trolley_auto_drive_image/code/install/lidar_msgs/share/lidar_msgs/cmake/ament_cmake_export_dependencies-extras.cmake
[5.568s] -- Installing: /home/grz/trolley_auto_drive_image/code/install/lidar_msgs/share/lidar_msgs/cmake/ament_cmake_export_libraries-extras.cmake
[5.568s] -- Installing: /home/grz/trolley_auto_drive_image/code/install/lidar_msgs/share/lidar_msgs/cmake/ament_cmake_export_targets-extras.cmake
[5.568s] -- Installing: /home/grz/trolley_auto_drive_image/code/install/lidar_msgs/share/lidar_msgs/cmake/ament_cmake_export_include_directories-extras.cmake
[5.568s] -- Installing: /home/grz/trolley_auto_drive_image/code/install/lidar_msgs/share/lidar_msgs/cmake/rosidl_cmake_export_typesupport_libraries-extras.cmake
[5.568s] -- Installing: /home/grz/trolley_auto_drive_image/code/install/lidar_msgs/share/lidar_msgs/cmake/rosidl_cmake_export_typesupport_targets-extras.cmake
[5.568s] -- Installing: /home/grz/trolley_auto_drive_image/code/install/lidar_msgs/share/lidar_msgs/cmake/lidar_msgsConfig.cmake
[5.568s] -- Installing: /home/grz/trolley_auto_drive_image/code/install/lidar_msgs/share/lidar_msgs/cmake/lidar_msgsConfig-version.cmake
[5.568s] -- Installing: /home/grz/trolley_auto_drive_image/code/install/lidar_msgs/share/lidar_msgs/package.xml
[5.571s] Invoked command in '/home/grz/trolley_auto_drive_image/code/build/lidar_msgs' returned '0': CMAKE_PREFIX_PATH=/opt/ros/foxy /usr/bin/cmake --install /home/grz/trolley_auto_drive_image/code/build/lidar_msgs
