[1.191s] Invoking command in '/home/grz/trolley_auto_drive_image/code/build/linear_displacement_sensor': PYTHONPATH=/home/grz/trolley_auto_drive_image/code/build/linear_displacement_sensor/prefix_override:/usr/lib/python3/dist-packages/colcon_core/task/python/colcon_distutils_commands:/home/grz/trolley_auto_drive_image/code/install/linear_displacement_sensor/lib/python3.8/site-packages:${PYTHONPATH} /usr/bin/python3 -W ignore:setup.py install is deprecated -W ignore:easy_install command is deprecated setup.py develop --editable --build-directory /home/grz/trolley_auto_drive_image/code/build/linear_displacement_sensor/build --no-deps symlink_data
[1.520s] running develop
[1.700s] running egg_info
[1.700s] creating linear_displacement_sensor.egg-info
[1.700s] writing linear_displacement_sensor.egg-info/PKG-INFO
[1.701s] writing dependency_links to linear_displacement_sensor.egg-info/dependency_links.txt
[1.701s] writing entry points to linear_displacement_sensor.egg-info/entry_points.txt
[1.701s] writing requirements to linear_displacement_sensor.egg-info/requires.txt
[1.701s] writing top-level names to linear_displacement_sensor.egg-info/top_level.txt
[1.703s] writing manifest file 'linear_displacement_sensor.egg-info/SOURCES.txt'
[1.749s] reading manifest file 'linear_displacement_sensor.egg-info/SOURCES.txt'
[1.750s] writing manifest file 'linear_displacement_sensor.egg-info/SOURCES.txt'
[1.805s] running build_ext
[1.806s] Creating /home/grz/trolley_auto_drive_image/code/install/linear_displacement_sensor/lib/python3.8/site-packages/site.py
[1.809s] Creating /home/grz/trolley_auto_drive_image/code/install/linear_displacement_sensor/lib/python3.8/site-packages/linear-displacement-sensor.egg-link (link to .)
[1.810s] Installing left_sensor script to /home/grz/trolley_auto_drive_image/code/install/linear_displacement_sensor/lib/linear_displacement_sensor
[1.811s] Installing right_sensor script to /home/grz/trolley_auto_drive_image/code/install/linear_displacement_sensor/lib/linear_displacement_sensor
[1.811s] 
[1.811s] Installed /home/grz/trolley_auto_drive_image/code/build/linear_displacement_sensor
[1.812s] running symlink_data
[1.812s] creating /home/grz/trolley_auto_drive_image/code/install/linear_displacement_sensor/share/ament_index
[1.812s] creating /home/grz/trolley_auto_drive_image/code/install/linear_displacement_sensor/share/ament_index/resource_index
[1.812s] creating /home/grz/trolley_auto_drive_image/code/install/linear_displacement_sensor/share/ament_index/resource_index/packages
[1.812s] symbolically linking /home/grz/trolley_auto_drive_image/code/build/linear_displacement_sensor/resource/linear_displacement_sensor -> /home/grz/trolley_auto_drive_image/code/install/linear_displacement_sensor/share/ament_index/resource_index/packages
[1.813s] symbolically linking /home/grz/trolley_auto_drive_image/code/build/linear_displacement_sensor/package.xml -> /home/grz/trolley_auto_drive_image/code/install/linear_displacement_sensor/share/linear_displacement_sensor
[1.870s] Invoked command in '/home/grz/trolley_auto_drive_image/code/build/linear_displacement_sensor' returned '0': PYTHONPATH=/home/grz/trolley_auto_drive_image/code/build/linear_displacement_sensor/prefix_override:/usr/lib/python3/dist-packages/colcon_core/task/python/colcon_distutils_commands:/home/grz/trolley_auto_drive_image/code/install/linear_displacement_sensor/lib/python3.8/site-packages:${PYTHONPATH} /usr/bin/python3 -W ignore:setup.py install is deprecated -W ignore:easy_install command is deprecated setup.py develop --editable --build-directory /home/grz/trolley_auto_drive_image/code/build/linear_displacement_sensor/build --no-deps symlink_data
