-- Found ament_cmake: 0.9.12 (/opt/ros/foxy/share/ament_cmake/cmake)
-- Found PythonInterp: /usr/bin/python3 (found suitable version "3.8.10", minimum required is "3") 
-- Using PYTHON_EXECUTABLE: /usr/bin/python3
-- Found builtin_interfaces: 1.0.0 (/opt/ros/foxy/share/builtin_interfaces/cmake)
-- Using all available rosidl_typesupport_c: rosidl_typesupport_fastrtps_c;rosidl_typesupport_introspection_c
-- Found rosidl_adapter: 1.3.1 (/opt/ros/foxy/share/rosidl_adapter/cmake)
-- Using all available rosidl_typesupport_cpp: rosidl_typesupport_fastrtps_cpp;rosidl_typesupport_introspection_cpp
-- Found rosidl_default_generators: 1.0.1 (/opt/ros/foxy/share/rosidl_default_generators/cmake)
-- Found std_msgs: 2.0.5 (/opt/ros/foxy/share/std_msgs/cmake)
-- Found PythonInterp: /usr/bin/python3 (found version "3.8.10") 
-- Found ament_cmake_ros: 0.9.2 (/opt/ros/foxy/share/ament_cmake_ros/cmake)
-- Using all available rosidl_typesupport_c: rosidl_typesupport_fastrtps_c;rosidl_typesupport_introspection_c
-- Using all available rosidl_typesupport_cpp: rosidl_typesupport_fastrtps_cpp;rosidl_typesupport_introspection_cpp
-- Found PythonInterp: /usr/bin/python3 (found suitable version "3.8.10", minimum required is "3.5") 
-- Found python_cmake_module: 0.8.1 (/opt/ros/foxy/share/python_cmake_module/cmake)
-- Using PYTHON_EXECUTABLE: /usr/bin/python3
-- Using PYTHON_INCLUDE_DIRS: /usr/include/python3.8
-- Using PYTHON_LIBRARIES: /usr/lib/x86_64-linux-gnu/libpython3.8.so
-- Configuring done
-- Generating done
-- Build files have been written to: /home/grz/trolley_auto_drive_image/code/build/lidar_msgs
[35m[1mScanning dependencies of target lidar_msgs__rosidl_generator_c[0m
[  2%] Built target lidar_msgs__cpp
[  5%] [32mBuilding C object CMakeFiles/lidar_msgs__rosidl_generator_c.dir/rosidl_generator_c/lidar_msgs/srv/detail/get_metadata__functions.c.o[0m
[  7%] [32mBuilding C object CMakeFiles/lidar_msgs__rosidl_generator_c.dir/rosidl_generator_c/lidar_msgs/msg/detail/metadata__functions.c.o[0m
[35m[1mScanning dependencies of target lidar_msgs__rosidl_typesupport_introspection_cpp[0m
[35m[1mScanning dependencies of target lidar_msgs__rosidl_typesupport_fastrtps_cpp[0m
[ 10%] [32mBuilding CXX object CMakeFiles/lidar_msgs__rosidl_typesupport_introspection_cpp.dir/rosidl_typesupport_introspection_cpp/lidar_msgs/srv/detail/get_metadata__type_support.cpp.o[0m
[ 12%] [32mBuilding CXX object CMakeFiles/lidar_msgs__rosidl_typesupport_fastrtps_cpp.dir/rosidl_typesupport_fastrtps_cpp/lidar_msgs/srv/detail/dds_fastrtps/get_metadata__type_support.cpp.o[0m
[ 15%] [32m[1mLinking C shared library liblidar_msgs__rosidl_generator_c.so[0m
[ 17%] [32mBuilding CXX object CMakeFiles/lidar_msgs__rosidl_typesupport_fastrtps_cpp.dir/rosidl_typesupport_fastrtps_cpp/lidar_msgs/msg/detail/dds_fastrtps/metadata__type_support.cpp.o[0m
[ 20%] Built target lidar_msgs__rosidl_generator_c
[35m[1mScanning dependencies of target lidar_msgs__rosidl_typesupport_cpp[0m
[ 23%] [32mBuilding CXX object CMakeFiles/lidar_msgs__rosidl_typesupport_cpp.dir/rosidl_typesupport_cpp/lidar_msgs/srv/get_metadata__type_support.cpp.o[0m
[ 25%] [32mBuilding CXX object CMakeFiles/lidar_msgs__rosidl_typesupport_introspection_cpp.dir/rosidl_typesupport_introspection_cpp/lidar_msgs/msg/detail/metadata__type_support.cpp.o[0m
[ 28%] [32mBuilding CXX object CMakeFiles/lidar_msgs__rosidl_typesupport_cpp.dir/rosidl_typesupport_cpp/lidar_msgs/msg/metadata__type_support.cpp.o[0m
[35m[1mScanning dependencies of target lidar_msgs__rosidl_typesupport_introspection_c[0m
[ 30%] [32mBuilding C object CMakeFiles/lidar_msgs__rosidl_typesupport_introspection_c.dir/rosidl_typesupport_introspection_c/lidar_msgs/srv/detail/get_metadata__type_support.c.o[0m
[ 33%] [32m[1mLinking CXX shared library liblidar_msgs__rosidl_typesupport_fastrtps_cpp.so[0m
[ 35%] [32mBuilding C object CMakeFiles/lidar_msgs__rosidl_typesupport_introspection_c.dir/rosidl_typesupport_introspection_c/lidar_msgs/msg/detail/metadata__type_support.c.o[0m
[ 38%] [32m[1mLinking C shared library liblidar_msgs__rosidl_typesupport_introspection_c.so[0m
[ 41%] Built target lidar_msgs__rosidl_typesupport_fastrtps_cpp
[35m[1mScanning dependencies of target lidar_msgs__rosidl_typesupport_c[0m
[ 43%] [32m[1mLinking CXX shared library liblidar_msgs__rosidl_typesupport_introspection_cpp.so[0m
[ 46%] [32mBuilding CXX object CMakeFiles/lidar_msgs__rosidl_typesupport_c.dir/rosidl_typesupport_c/lidar_msgs/srv/get_metadata__type_support.cpp.o[0m
[ 48%] Built target lidar_msgs__rosidl_typesupport_introspection_c
[35m[1mScanning dependencies of target lidar_msgs__rosidl_typesupport_fastrtps_c[0m
[ 51%] [32mBuilding CXX object CMakeFiles/lidar_msgs__rosidl_typesupport_fastrtps_c.dir/rosidl_typesupport_fastrtps_c/lidar_msgs/srv/detail/get_metadata__type_support_c.cpp.o[0m
[ 53%] [32mBuilding CXX object CMakeFiles/lidar_msgs__rosidl_typesupport_c.dir/rosidl_typesupport_c/lidar_msgs/msg/metadata__type_support.cpp.o[0m
[ 56%] Built target lidar_msgs__rosidl_typesupport_introspection_cpp
[ 58%] [32m[1mLinking CXX shared library liblidar_msgs__rosidl_typesupport_c.so[0m
[ 61%] [32mBuilding CXX object CMakeFiles/lidar_msgs__rosidl_typesupport_fastrtps_c.dir/rosidl_typesupport_fastrtps_c/lidar_msgs/msg/detail/metadata__type_support_c.cpp.o[0m
[ 64%] [32m[1mLinking CXX shared library liblidar_msgs__rosidl_typesupport_cpp.so[0m
[ 66%] Built target lidar_msgs__rosidl_typesupport_c
[ 69%] Built target lidar_msgs__rosidl_typesupport_cpp
[ 71%] [32m[1mLinking CXX shared library liblidar_msgs__rosidl_typesupport_fastrtps_c.so[0m
[ 74%] Built target lidar_msgs__rosidl_typesupport_fastrtps_c
[ 74%] Built target lidar_msgs
[ 76%] Built target lidar_msgs__py
[35m[1mScanning dependencies of target lidar_msgs__python[0m
[ 82%] [32mBuilding C object CMakeFiles/lidar_msgs__python.dir/rosidl_generator_py/lidar_msgs/srv/_get_metadata_s.c.o[0m
[ 82%] [32mBuilding C object CMakeFiles/lidar_msgs__python.dir/rosidl_generator_py/lidar_msgs/msg/_metadata_s.c.o[0m
[ 84%] [32m[1mLinking C shared library rosidl_generator_py/lidar_msgs/liblidar_msgs__python.so[0m
[ 84%] Built target lidar_msgs__python
[35m[1mScanning dependencies of target lidar_msgs__rosidl_typesupport_fastrtps_c__pyext[0m
[35m[1mScanning dependencies of target lidar_msgs__rosidl_typesupport_introspection_c__pyext[0m
[35m[1mScanning dependencies of target lidar_msgs__rosidl_typesupport_c__pyext[0m
[ 87%] [32mBuilding C object CMakeFiles/lidar_msgs__rosidl_typesupport_fastrtps_c__pyext.dir/rosidl_generator_py/lidar_msgs/_lidar_msgs_s.ep.rosidl_typesupport_fastrtps_c.c.o[0m
[ 89%] [32mBuilding C object CMakeFiles/lidar_msgs__rosidl_typesupport_c__pyext.dir/rosidl_generator_py/lidar_msgs/_lidar_msgs_s.ep.rosidl_typesupport_c.c.o[0m
[ 92%] [32mBuilding C object CMakeFiles/lidar_msgs__rosidl_typesupport_introspection_c__pyext.dir/rosidl_generator_py/lidar_msgs/_lidar_msgs_s.ep.rosidl_typesupport_introspection_c.c.o[0m
[ 94%] [32m[1mLinking C shared library rosidl_generator_py/lidar_msgs/lidar_msgs_s__rosidl_typesupport_introspection_c.cpython-38-x86_64-linux-gnu.so[0m
[ 94%] Built target lidar_msgs__rosidl_typesupport_introspection_c__pyext
[ 97%] [32m[1mLinking CXX shared library rosidl_generator_py/lidar_msgs/lidar_msgs_s__rosidl_typesupport_fastrtps_c.cpython-38-x86_64-linux-gnu.so[0m
[100%] [32m[1mLinking C shared library rosidl_generator_py/lidar_msgs/lidar_msgs_s__rosidl_typesupport_c.cpython-38-x86_64-linux-gnu.so[0m
[100%] Built target lidar_msgs__rosidl_typesupport_c__pyext
[100%] Built target lidar_msgs__rosidl_typesupport_fastrtps_c__pyext
-- Install configuration: ""
-- Up-to-date: /home/grz/trolley_auto_drive_image/code/install/lidar_msgs/share/ament_index/resource_index/rosidl_interfaces/lidar_msgs
-- Up-to-date: /home/grz/trolley_auto_drive_image/code/install/lidar_msgs/include/lidar_msgs
-- Up-to-date: /home/grz/trolley_auto_drive_image/code/install/lidar_msgs/include/lidar_msgs/srv
-- Up-to-date: /home/grz/trolley_auto_drive_image/code/install/lidar_msgs/include/lidar_msgs/srv/get_metadata.h
-- Up-to-date: /home/grz/trolley_auto_drive_image/code/install/lidar_msgs/include/lidar_msgs/srv/detail
-- Up-to-date: /home/grz/trolley_auto_drive_image/code/install/lidar_msgs/include/lidar_msgs/srv/detail/get_metadata__type_support.h
-- Up-to-date: /home/grz/trolley_auto_drive_image/code/install/lidar_msgs/include/lidar_msgs/srv/detail/get_metadata__functions.c
-- Up-to-date: /home/grz/trolley_auto_drive_image/code/install/lidar_msgs/include/lidar_msgs/srv/detail/get_metadata__functions.h
-- Up-to-date: /home/grz/trolley_auto_drive_image/code/install/lidar_msgs/include/lidar_msgs/srv/detail/get_metadata__struct.h
-- Up-to-date: /home/grz/trolley_auto_drive_image/code/install/lidar_msgs/include/lidar_msgs/msg
-- Up-to-date: /home/grz/trolley_auto_drive_image/code/install/lidar_msgs/include/lidar_msgs/msg/rosidl_generator_c__visibility_control.h
-- Up-to-date: /home/grz/trolley_auto_drive_image/code/install/lidar_msgs/include/lidar_msgs/msg/metadata.h
-- Up-to-date: /home/grz/trolley_auto_drive_image/code/install/lidar_msgs/include/lidar_msgs/msg/detail
-- Up-to-date: /home/grz/trolley_auto_drive_image/code/install/lidar_msgs/include/lidar_msgs/msg/detail/metadata__struct.h
-- Up-to-date: /home/grz/trolley_auto_drive_image/code/install/lidar_msgs/include/lidar_msgs/msg/detail/metadata__functions.h
-- Up-to-date: /home/grz/trolley_auto_drive_image/code/install/lidar_msgs/include/lidar_msgs/msg/detail/metadata__functions.c
-- Up-to-date: /home/grz/trolley_auto_drive_image/code/install/lidar_msgs/include/lidar_msgs/msg/detail/metadata__type_support.h
-- Installing: /home/grz/trolley_auto_drive_image/code/install/lidar_msgs/share/lidar_msgs/environment/library_path.sh
-- Installing: /home/grz/trolley_auto_drive_image/code/install/lidar_msgs/share/lidar_msgs/environment/library_path.dsv
-- Installing: /home/grz/trolley_auto_drive_image/code/install/lidar_msgs/lib/liblidar_msgs__rosidl_generator_c.so
-- Set runtime path of "/home/grz/trolley_auto_drive_image/code/install/lidar_msgs/lib/liblidar_msgs__rosidl_generator_c.so" to ""
-- Up-to-date: /home/grz/trolley_auto_drive_image/code/install/lidar_msgs/include/lidar_msgs
-- Up-to-date: /home/grz/trolley_auto_drive_image/code/install/lidar_msgs/include/lidar_msgs/srv
-- Up-to-date: /home/grz/trolley_auto_drive_image/code/install/lidar_msgs/include/lidar_msgs/srv/detail
-- Up-to-date: /home/grz/trolley_auto_drive_image/code/install/lidar_msgs/include/lidar_msgs/srv/detail/get_metadata__rosidl_typesupport_fastrtps_c.h
-- Up-to-date: /home/grz/trolley_auto_drive_image/code/install/lidar_msgs/include/lidar_msgs/msg
-- Up-to-date: /home/grz/trolley_auto_drive_image/code/install/lidar_msgs/include/lidar_msgs/msg/rosidl_typesupport_fastrtps_c__visibility_control.h
-- Up-to-date: /home/grz/trolley_auto_drive_image/code/install/lidar_msgs/include/lidar_msgs/msg/detail
-- Up-to-date: /home/grz/trolley_auto_drive_image/code/install/lidar_msgs/include/lidar_msgs/msg/detail/metadata__rosidl_typesupport_fastrtps_c.h
-- Installing: /home/grz/trolley_auto_drive_image/code/install/lidar_msgs/lib/liblidar_msgs__rosidl_typesupport_fastrtps_c.so
-- Set runtime path of "/home/grz/trolley_auto_drive_image/code/install/lidar_msgs/lib/liblidar_msgs__rosidl_typesupport_fastrtps_c.so" to ""
-- Up-to-date: /home/grz/trolley_auto_drive_image/code/install/lidar_msgs/include/lidar_msgs
-- Up-to-date: /home/grz/trolley_auto_drive_image/code/install/lidar_msgs/include/lidar_msgs/srv
-- Up-to-date: /home/grz/trolley_auto_drive_image/code/install/lidar_msgs/include/lidar_msgs/srv/detail
-- Up-to-date: /home/grz/trolley_auto_drive_image/code/install/lidar_msgs/include/lidar_msgs/srv/detail/get_metadata__rosidl_typesupport_fastrtps_cpp.hpp
-- Installing: /home/grz/trolley_auto_drive_image/code/install/lidar_msgs/include/lidar_msgs/srv/detail/dds_fastrtps
-- Up-to-date: /home/grz/trolley_auto_drive_image/code/install/lidar_msgs/include/lidar_msgs/msg
-- Up-to-date: /home/grz/trolley_auto_drive_image/code/install/lidar_msgs/include/lidar_msgs/msg/rosidl_typesupport_fastrtps_cpp__visibility_control.h
-- Up-to-date: /home/grz/trolley_auto_drive_image/code/install/lidar_msgs/include/lidar_msgs/msg/detail
-- Up-to-date: /home/grz/trolley_auto_drive_image/code/install/lidar_msgs/include/lidar_msgs/msg/detail/metadata__rosidl_typesupport_fastrtps_cpp.hpp
-- Installing: /home/grz/trolley_auto_drive_image/code/install/lidar_msgs/include/lidar_msgs/msg/detail/dds_fastrtps
-- Installing: /home/grz/trolley_auto_drive_image/code/install/lidar_msgs/lib/liblidar_msgs__rosidl_typesupport_fastrtps_cpp.so
-- Set runtime path of "/home/grz/trolley_auto_drive_image/code/install/lidar_msgs/lib/liblidar_msgs__rosidl_typesupport_fastrtps_cpp.so" to ""
-- Up-to-date: /home/grz/trolley_auto_drive_image/code/install/lidar_msgs/include/lidar_msgs
-- Up-to-date: /home/grz/trolley_auto_drive_image/code/install/lidar_msgs/include/lidar_msgs/srv
-- Up-to-date: /home/grz/trolley_auto_drive_image/code/install/lidar_msgs/include/lidar_msgs/srv/detail
-- Up-to-date: /home/grz/trolley_auto_drive_image/code/install/lidar_msgs/include/lidar_msgs/srv/detail/get_metadata__rosidl_typesupport_introspection_c.h
-- Up-to-date: /home/grz/trolley_auto_drive_image/code/install/lidar_msgs/include/lidar_msgs/srv/detail/get_metadata__type_support.c
-- Up-to-date: /home/grz/trolley_auto_drive_image/code/install/lidar_msgs/include/lidar_msgs/msg
-- Up-to-date: /home/grz/trolley_auto_drive_image/code/install/lidar_msgs/include/lidar_msgs/msg/rosidl_typesupport_introspection_c__visibility_control.h
-- Up-to-date: /home/grz/trolley_auto_drive_image/code/install/lidar_msgs/include/lidar_msgs/msg/detail
-- Up-to-date: /home/grz/trolley_auto_drive_image/code/install/lidar_msgs/include/lidar_msgs/msg/detail/metadata__type_support.c
-- Up-to-date: /home/grz/trolley_auto_drive_image/code/install/lidar_msgs/include/lidar_msgs/msg/detail/metadata__rosidl_typesupport_introspection_c.h
-- Installing: /home/grz/trolley_auto_drive_image/code/install/lidar_msgs/lib/liblidar_msgs__rosidl_typesupport_introspection_c.so
-- Set runtime path of "/home/grz/trolley_auto_drive_image/code/install/lidar_msgs/lib/liblidar_msgs__rosidl_typesupport_introspection_c.so" to ""
-- Installing: /home/grz/trolley_auto_drive_image/code/install/lidar_msgs/lib/liblidar_msgs__rosidl_typesupport_c.so
-- Set runtime path of "/home/grz/trolley_auto_drive_image/code/install/lidar_msgs/lib/liblidar_msgs__rosidl_typesupport_c.so" to ""
-- Up-to-date: /home/grz/trolley_auto_drive_image/code/install/lidar_msgs/include/lidar_msgs
-- Up-to-date: /home/grz/trolley_auto_drive_image/code/install/lidar_msgs/include/lidar_msgs/srv
-- Up-to-date: /home/grz/trolley_auto_drive_image/code/install/lidar_msgs/include/lidar_msgs/srv/get_metadata.hpp
-- Up-to-date: /home/grz/trolley_auto_drive_image/code/install/lidar_msgs/include/lidar_msgs/srv/detail
-- Up-to-date: /home/grz/trolley_auto_drive_image/code/install/lidar_msgs/include/lidar_msgs/srv/detail/get_metadata__traits.hpp
-- Up-to-date: /home/grz/trolley_auto_drive_image/code/install/lidar_msgs/include/lidar_msgs/srv/detail/get_metadata__type_support.hpp
-- Up-to-date: /home/grz/trolley_auto_drive_image/code/install/lidar_msgs/include/lidar_msgs/srv/detail/get_metadata__struct.hpp
-- Up-to-date: /home/grz/trolley_auto_drive_image/code/install/lidar_msgs/include/lidar_msgs/srv/detail/get_metadata__builder.hpp
-- Up-to-date: /home/grz/trolley_auto_drive_image/code/install/lidar_msgs/include/lidar_msgs/msg
-- Up-to-date: /home/grz/trolley_auto_drive_image/code/install/lidar_msgs/include/lidar_msgs/msg/metadata.hpp
-- Up-to-date: /home/grz/trolley_auto_drive_image/code/install/lidar_msgs/include/lidar_msgs/msg/rosidl_generator_cpp__visibility_control.hpp
-- Up-to-date: /home/grz/trolley_auto_drive_image/code/install/lidar_msgs/include/lidar_msgs/msg/detail
-- Up-to-date: /home/grz/trolley_auto_drive_image/code/install/lidar_msgs/include/lidar_msgs/msg/detail/metadata__builder.hpp
-- Up-to-date: /home/grz/trolley_auto_drive_image/code/install/lidar_msgs/include/lidar_msgs/msg/detail/metadata__struct.hpp
-- Up-to-date: /home/grz/trolley_auto_drive_image/code/install/lidar_msgs/include/lidar_msgs/msg/detail/metadata__traits.hpp
-- Up-to-date: /home/grz/trolley_auto_drive_image/code/install/lidar_msgs/include/lidar_msgs/msg/detail/metadata__type_support.hpp
-- Up-to-date: /home/grz/trolley_auto_drive_image/code/install/lidar_msgs/include/lidar_msgs
-- Up-to-date: /home/grz/trolley_auto_drive_image/code/install/lidar_msgs/include/lidar_msgs/srv
-- Up-to-date: /home/grz/trolley_auto_drive_image/code/install/lidar_msgs/include/lidar_msgs/srv/detail
-- Up-to-date: /home/grz/trolley_auto_drive_image/code/install/lidar_msgs/include/lidar_msgs/srv/detail/get_metadata__type_support.cpp
-- Up-to-date: /home/grz/trolley_auto_drive_image/code/install/lidar_msgs/include/lidar_msgs/srv/detail/get_metadata__rosidl_typesupport_introspection_cpp.hpp
-- Up-to-date: /home/grz/trolley_auto_drive_image/code/install/lidar_msgs/include/lidar_msgs/msg
-- Up-to-date: /home/grz/trolley_auto_drive_image/code/install/lidar_msgs/include/lidar_msgs/msg/detail
-- Up-to-date: /home/grz/trolley_auto_drive_image/code/install/lidar_msgs/include/lidar_msgs/msg/detail/metadata__rosidl_typesupport_introspection_cpp.hpp
-- Up-to-date: /home/grz/trolley_auto_drive_image/code/install/lidar_msgs/include/lidar_msgs/msg/detail/metadata__type_support.cpp
-- Installing: /home/grz/trolley_auto_drive_image/code/install/lidar_msgs/lib/liblidar_msgs__rosidl_typesupport_introspection_cpp.so
-- Set runtime path of "/home/grz/trolley_auto_drive_image/code/install/lidar_msgs/lib/liblidar_msgs__rosidl_typesupport_introspection_cpp.so" to ""
-- Installing: /home/grz/trolley_auto_drive_image/code/install/lidar_msgs/lib/liblidar_msgs__rosidl_typesupport_cpp.so
-- Set runtime path of "/home/grz/trolley_auto_drive_image/code/install/lidar_msgs/lib/liblidar_msgs__rosidl_typesupport_cpp.so" to ""
-- Up-to-date: /home/grz/trolley_auto_drive_image/code/install/lidar_msgs/share/lidar_msgs/environment/pythonpath.sh
-- Installing: /home/grz/trolley_auto_drive_image/code/install/lidar_msgs/share/lidar_msgs/environment/pythonpath.dsv
-- Installing: /home/grz/trolley_auto_drive_image/code/install/lidar_msgs/lib/python3.8/site-packages/lidar_msgs/__init__.py
Compiling '/home/grz/trolley_auto_drive_image/code/install/lidar_msgs/lib/python3.8/site-packages/lidar_msgs/__init__.py'...
-- Up-to-date: /home/grz/trolley_auto_drive_image/code/install/lidar_msgs/lib/python3.8/site-packages/lidar_msgs/srv
-- Up-to-date: /home/grz/trolley_auto_drive_image/code/install/lidar_msgs/lib/python3.8/site-packages/lidar_msgs/srv/_get_metadata.py
-- Up-to-date: /home/grz/trolley_auto_drive_image/code/install/lidar_msgs/lib/python3.8/site-packages/lidar_msgs/srv/_get_metadata_s.c
-- Up-to-date: /home/grz/trolley_auto_drive_image/code/install/lidar_msgs/lib/python3.8/site-packages/lidar_msgs/srv/__init__.py
-- Up-to-date: /home/grz/trolley_auto_drive_image/code/install/lidar_msgs/lib/python3.8/site-packages/lidar_msgs/msg
-- Up-to-date: /home/grz/trolley_auto_drive_image/code/install/lidar_msgs/lib/python3.8/site-packages/lidar_msgs/msg/__init__.py
-- Up-to-date: /home/grz/trolley_auto_drive_image/code/install/lidar_msgs/lib/python3.8/site-packages/lidar_msgs/msg/_metadata.py
-- Up-to-date: /home/grz/trolley_auto_drive_image/code/install/lidar_msgs/lib/python3.8/site-packages/lidar_msgs/msg/_metadata_s.c
-- Installing: /home/grz/trolley_auto_drive_image/code/install/lidar_msgs/lib/python3.8/site-packages/lidar_msgs/lidar_msgs_s__rosidl_typesupport_fastrtps_c.cpython-38-x86_64-linux-gnu.so
-- Set runtime path of "/home/grz/trolley_auto_drive_image/code/install/lidar_msgs/lib/python3.8/site-packages/lidar_msgs/lidar_msgs_s__rosidl_typesupport_fastrtps_c.cpython-38-x86_64-linux-gnu.so" to ""
-- Installing: /home/grz/trolley_auto_drive_image/code/install/lidar_msgs/lib/python3.8/site-packages/lidar_msgs/lidar_msgs_s__rosidl_typesupport_introspection_c.cpython-38-x86_64-linux-gnu.so
-- Set runtime path of "/home/grz/trolley_auto_drive_image/code/install/lidar_msgs/lib/python3.8/site-packages/lidar_msgs/lidar_msgs_s__rosidl_typesupport_introspection_c.cpython-38-x86_64-linux-gnu.so" to ""
-- Installing: /home/grz/trolley_auto_drive_image/code/install/lidar_msgs/lib/python3.8/site-packages/lidar_msgs/lidar_msgs_s__rosidl_typesupport_c.cpython-38-x86_64-linux-gnu.so
-- Set runtime path of "/home/grz/trolley_auto_drive_image/code/install/lidar_msgs/lib/python3.8/site-packages/lidar_msgs/lidar_msgs_s__rosidl_typesupport_c.cpython-38-x86_64-linux-gnu.so" to ""
-- Installing: /home/grz/trolley_auto_drive_image/code/install/lidar_msgs/lib/liblidar_msgs__python.so
-- Set runtime path of "/home/grz/trolley_auto_drive_image/code/install/lidar_msgs/lib/liblidar_msgs__python.so" to ""
-- Up-to-date: /home/grz/trolley_auto_drive_image/code/install/lidar_msgs/share/lidar_msgs/srv/GetMetadata.idl
-- Up-to-date: /home/grz/trolley_auto_drive_image/code/install/lidar_msgs/share/lidar_msgs/msg/Metadata.idl
-- Up-to-date: /home/grz/trolley_auto_drive_image/code/install/lidar_msgs/share/lidar_msgs/srv/GetMetadata.srv
-- Up-to-date: /home/grz/trolley_auto_drive_image/code/install/lidar_msgs/share/lidar_msgs/srv/GetMetadata_Request.msg
-- Up-to-date: /home/grz/trolley_auto_drive_image/code/install/lidar_msgs/share/lidar_msgs/srv/GetMetadata_Response.msg
-- Up-to-date: /home/grz/trolley_auto_drive_image/code/install/lidar_msgs/share/lidar_msgs/msg/Metadata.msg
-- Up-to-date: /home/grz/trolley_auto_drive_image/code/install/lidar_msgs/share/ament_index/resource_index/package_run_dependencies/lidar_msgs
-- Up-to-date: /home/grz/trolley_auto_drive_image/code/install/lidar_msgs/share/ament_index/resource_index/parent_prefix_path/lidar_msgs
-- Installing: /home/grz/trolley_auto_drive_image/code/install/lidar_msgs/share/lidar_msgs/environment/ament_prefix_path.sh
-- Installing: /home/grz/trolley_auto_drive_image/code/install/lidar_msgs/share/lidar_msgs/environment/ament_prefix_path.dsv
-- Installing: /home/grz/trolley_auto_drive_image/code/install/lidar_msgs/share/lidar_msgs/environment/path.sh
-- Installing: /home/grz/trolley_auto_drive_image/code/install/lidar_msgs/share/lidar_msgs/environment/path.dsv
-- Up-to-date: /home/grz/trolley_auto_drive_image/code/install/lidar_msgs/share/lidar_msgs/local_setup.bash
-- Up-to-date: /home/grz/trolley_auto_drive_image/code/install/lidar_msgs/share/lidar_msgs/local_setup.sh
-- Up-to-date: /home/grz/trolley_auto_drive_image/code/install/lidar_msgs/share/lidar_msgs/local_setup.zsh
-- Installing: /home/grz/trolley_auto_drive_image/code/install/lidar_msgs/share/lidar_msgs/local_setup.dsv
-- Installing: /home/grz/trolley_auto_drive_image/code/install/lidar_msgs/share/lidar_msgs/package.dsv
-- Up-to-date: /home/grz/trolley_auto_drive_image/code/install/lidar_msgs/share/ament_index/resource_index/packages/lidar_msgs
-- Up-to-date: /home/grz/trolley_auto_drive_image/code/install/lidar_msgs/share/lidar_msgs/cmake/lidar_msgs__rosidl_generator_cExport.cmake
-- Installing: /home/grz/trolley_auto_drive_image/code/install/lidar_msgs/share/lidar_msgs/cmake/lidar_msgs__rosidl_generator_cExport-noconfig.cmake
-- Up-to-date: /home/grz/trolley_auto_drive_image/code/install/lidar_msgs/share/lidar_msgs/cmake/lidar_msgs__rosidl_typesupport_introspection_cExport.cmake
-- Installing: /home/grz/trolley_auto_drive_image/code/install/lidar_msgs/share/lidar_msgs/cmake/lidar_msgs__rosidl_typesupport_introspection_cExport-noconfig.cmake
-- Up-to-date: /home/grz/trolley_auto_drive_image/code/install/lidar_msgs/share/lidar_msgs/cmake/lidar_msgs__rosidl_typesupport_cExport.cmake
-- Installing: /home/grz/trolley_auto_drive_image/code/install/lidar_msgs/share/lidar_msgs/cmake/lidar_msgs__rosidl_typesupport_cExport-noconfig.cmake
-- Up-to-date: /home/grz/trolley_auto_drive_image/code/install/lidar_msgs/share/lidar_msgs/cmake/lidar_msgs__rosidl_generator_cppExport.cmake
-- Up-to-date: /home/grz/trolley_auto_drive_image/code/install/lidar_msgs/share/lidar_msgs/cmake/lidar_msgs__rosidl_typesupport_introspection_cppExport.cmake
-- Installing: /home/grz/trolley_auto_drive_image/code/install/lidar_msgs/share/lidar_msgs/cmake/lidar_msgs__rosidl_typesupport_introspection_cppExport-noconfig.cmake
-- Up-to-date: /home/grz/trolley_auto_drive_image/code/install/lidar_msgs/share/lidar_msgs/cmake/lidar_msgs__rosidl_typesupport_cppExport.cmake
-- Installing: /home/grz/trolley_auto_drive_image/code/install/lidar_msgs/share/lidar_msgs/cmake/lidar_msgs__rosidl_typesupport_cppExport-noconfig.cmake
-- Up-to-date: /home/grz/trolley_auto_drive_image/code/install/lidar_msgs/share/lidar_msgs/cmake/rosidl_cmake-extras.cmake
-- Up-to-date: /home/grz/trolley_auto_drive_image/code/install/lidar_msgs/share/lidar_msgs/cmake/ament_cmake_export_dependencies-extras.cmake
-- Up-to-date: /home/grz/trolley_auto_drive_image/code/install/lidar_msgs/share/lidar_msgs/cmake/ament_cmake_export_libraries-extras.cmake
-- Up-to-date: /home/grz/trolley_auto_drive_image/code/install/lidar_msgs/share/lidar_msgs/cmake/ament_cmake_export_targets-extras.cmake
-- Up-to-date: /home/grz/trolley_auto_drive_image/code/install/lidar_msgs/share/lidar_msgs/cmake/ament_cmake_export_include_directories-extras.cmake
-- Up-to-date: /home/grz/trolley_auto_drive_image/code/install/lidar_msgs/share/lidar_msgs/cmake/rosidl_cmake_export_typesupport_libraries-extras.cmake
-- Up-to-date: /home/grz/trolley_auto_drive_image/code/install/lidar_msgs/share/lidar_msgs/cmake/rosidl_cmake_export_typesupport_targets-extras.cmake
-- Up-to-date: /home/grz/trolley_auto_drive_image/code/install/lidar_msgs/share/lidar_msgs/cmake/lidar_msgsConfig.cmake
-- Up-to-date: /home/grz/trolley_auto_drive_image/code/install/lidar_msgs/share/lidar_msgs/cmake/lidar_msgsConfig-version.cmake
-- Up-to-date: /home/grz/trolley_auto_drive_image/code/install/lidar_msgs/share/lidar_msgs/package.xml
