[0.022s] Invoking command in '/home/grz/trolley_auto_drive_image/code/build/lidar_msgs': CMAKE_PREFIX_PATH=/opt/ros/foxy /usr/bin/cmake --build /home/grz/trolley_auto_drive_image/code/build/lidar_msgs -- -j4 -l4
[0.062s] -- Found ament_cmake: 0.9.12 (/opt/ros/foxy/share/ament_cmake/cmake)
[0.090s] -- Found PythonInterp: /usr/bin/python3 (found suitable version "3.8.10", minimum required is "3") 
[0.091s] -- Using PYTHON_EXECUTABLE: /usr/bin/python3
[0.331s] -- Found builtin_interfaces: 1.0.0 (/opt/ros/foxy/share/builtin_interfaces/cmake)
[0.357s] -- Using all available rosidl_typesupport_c: rosidl_typesupport_fastrtps_c;rosidl_typesupport_introspection_c
[0.362s] -- Found rosidl_adapter: 1.3.1 (/opt/ros/foxy/share/rosidl_adapter/cmake)
[0.512s] -- Using all available rosidl_typesupport_cpp: rosidl_typesupport_fastrtps_cpp;rosidl_typesupport_introspection_cpp
[0.545s] -- Found rosidl_default_generators: 1.0.1 (/opt/ros/foxy/share/rosidl_default_generators/cmake)
[0.557s] -- Found std_msgs: 2.0.5 (/opt/ros/foxy/share/std_msgs/cmake)
[0.607s] -- Found PythonInterp: /usr/bin/python3 (found version "3.8.10") 
[0.849s] -- Found ament_cmake_ros: 0.9.2 (/opt/ros/foxy/share/ament_cmake_ros/cmake)
[1.208s] -- Using all available rosidl_typesupport_c: rosidl_typesupport_fastrtps_c;rosidl_typesupport_introspection_c
[1.345s] -- Using all available rosidl_typesupport_cpp: rosidl_typesupport_fastrtps_cpp;rosidl_typesupport_introspection_cpp
[1.380s] -- Found PythonInterp: /usr/bin/python3 (found suitable version "3.8.10", minimum required is "3.5") 
[1.381s] -- Found python_cmake_module: 0.8.1 (/opt/ros/foxy/share/python_cmake_module/cmake)
[1.411s] -- Using PYTHON_EXECUTABLE: /usr/bin/python3
[1.411s] -- Using PYTHON_INCLUDE_DIRS: /usr/include/python3.8
[1.411s] -- Using PYTHON_LIBRARIES: /usr/lib/x86_64-linux-gnu/libpython3.8.so
[1.465s] -- Configuring done
[1.527s] -- Generating done
[1.549s] -- Build files have been written to: /home/grz/trolley_auto_drive_image/code/build/lidar_msgs
[1.592s] [35m[1mScanning dependencies of target lidar_msgs__rosidl_generator_c[0m
[1.610s] [  2%] Built target lidar_msgs__cpp
[1.614s] [  5%] [32mBuilding C object CMakeFiles/lidar_msgs__rosidl_generator_c.dir/rosidl_generator_c/lidar_msgs/srv/detail/get_metadata__functions.c.o[0m
[1.631s] [  7%] [32mBuilding C object CMakeFiles/lidar_msgs__rosidl_generator_c.dir/rosidl_generator_c/lidar_msgs/msg/detail/metadata__functions.c.o[0m
[1.636s] [35m[1mScanning dependencies of target lidar_msgs__rosidl_typesupport_introspection_cpp[0m
[1.667s] [35m[1mScanning dependencies of target lidar_msgs__rosidl_typesupport_fastrtps_cpp[0m
[1.711s] [ 10%] [32mBuilding CXX object CMakeFiles/lidar_msgs__rosidl_typesupport_introspection_cpp.dir/rosidl_typesupport_introspection_cpp/lidar_msgs/srv/detail/get_metadata__type_support.cpp.o[0m
[1.726s] [ 12%] [32mBuilding CXX object CMakeFiles/lidar_msgs__rosidl_typesupport_fastrtps_cpp.dir/rosidl_typesupport_fastrtps_cpp/lidar_msgs/srv/detail/dds_fastrtps/get_metadata__type_support.cpp.o[0m
[1.805s] [ 15%] [32m[1mLinking C shared library liblidar_msgs__rosidl_generator_c.so[0m
[1.808s] [ 17%] [32mBuilding CXX object CMakeFiles/lidar_msgs__rosidl_typesupport_fastrtps_cpp.dir/rosidl_typesupport_fastrtps_cpp/lidar_msgs/msg/detail/dds_fastrtps/metadata__type_support.cpp.o[0m
[2.067s] [ 20%] Built target lidar_msgs__rosidl_generator_c
[2.147s] [35m[1mScanning dependencies of target lidar_msgs__rosidl_typesupport_cpp[0m
[2.230s] [ 23%] [32mBuilding CXX object CMakeFiles/lidar_msgs__rosidl_typesupport_cpp.dir/rosidl_typesupport_cpp/lidar_msgs/srv/get_metadata__type_support.cpp.o[0m
[3.121s] [ 25%] [32mBuilding CXX object CMakeFiles/lidar_msgs__rosidl_typesupport_introspection_cpp.dir/rosidl_typesupport_introspection_cpp/lidar_msgs/msg/detail/metadata__type_support.cpp.o[0m
[3.462s] [ 28%] [32mBuilding CXX object CMakeFiles/lidar_msgs__rosidl_typesupport_cpp.dir/rosidl_typesupport_cpp/lidar_msgs/msg/metadata__type_support.cpp.o[0m
[3.471s] [35m[1mScanning dependencies of target lidar_msgs__rosidl_typesupport_introspection_c[0m
[3.498s] [ 30%] [32mBuilding C object CMakeFiles/lidar_msgs__rosidl_typesupport_introspection_c.dir/rosidl_typesupport_introspection_c/lidar_msgs/srv/detail/get_metadata__type_support.c.o[0m
[3.514s] [ 33%] [32m[1mLinking CXX shared library liblidar_msgs__rosidl_typesupport_fastrtps_cpp.so[0m
[3.599s] [ 35%] [32mBuilding C object CMakeFiles/lidar_msgs__rosidl_typesupport_introspection_c.dir/rosidl_typesupport_introspection_c/lidar_msgs/msg/detail/metadata__type_support.c.o[0m
[3.710s] [ 38%] [32m[1mLinking C shared library liblidar_msgs__rosidl_typesupport_introspection_c.so[0m
[3.731s] [ 41%] Built target lidar_msgs__rosidl_typesupport_fastrtps_cpp
[3.763s] [35m[1mScanning dependencies of target lidar_msgs__rosidl_typesupport_c[0m
[3.810s] [ 43%] [32m[1mLinking CXX shared library liblidar_msgs__rosidl_typesupport_introspection_cpp.so[0m
[3.811s] [ 46%] [32mBuilding CXX object CMakeFiles/lidar_msgs__rosidl_typesupport_c.dir/rosidl_typesupport_c/lidar_msgs/srv/get_metadata__type_support.cpp.o[0m
[3.828s] [ 48%] Built target lidar_msgs__rosidl_typesupport_introspection_c
[3.854s] [35m[1mScanning dependencies of target lidar_msgs__rosidl_typesupport_fastrtps_c[0m
[3.892s] [ 51%] [32mBuilding CXX object CMakeFiles/lidar_msgs__rosidl_typesupport_fastrtps_c.dir/rosidl_typesupport_fastrtps_c/lidar_msgs/srv/detail/get_metadata__type_support_c.cpp.o[0m
[3.910s] [ 53%] [32mBuilding CXX object CMakeFiles/lidar_msgs__rosidl_typesupport_c.dir/rosidl_typesupport_c/lidar_msgs/msg/metadata__type_support.cpp.o[0m
[4.015s] [ 56%] Built target lidar_msgs__rosidl_typesupport_introspection_cpp
[4.030s] [ 58%] [32m[1mLinking CXX shared library liblidar_msgs__rosidl_typesupport_c.so[0m
[4.066s] [ 61%] [32mBuilding CXX object CMakeFiles/lidar_msgs__rosidl_typesupport_fastrtps_c.dir/rosidl_typesupport_fastrtps_c/lidar_msgs/msg/detail/metadata__type_support_c.cpp.o[0m
[4.171s] [ 64%] [32m[1mLinking CXX shared library liblidar_msgs__rosidl_typesupport_cpp.so[0m
[4.202s] [ 66%] Built target lidar_msgs__rosidl_typesupport_c
[4.269s] [ 69%] Built target lidar_msgs__rosidl_typesupport_cpp
[4.815s] [ 71%] [32m[1mLinking CXX shared library liblidar_msgs__rosidl_typesupport_fastrtps_c.so[0m
[5.012s] [ 74%] Built target lidar_msgs__rosidl_typesupport_fastrtps_c
[5.051s] [ 74%] Built target lidar_msgs
[5.094s] [ 76%] Built target lidar_msgs__py
[5.114s] [35m[1mScanning dependencies of target lidar_msgs__python[0m
[5.146s] [ 82%] [32mBuilding C object CMakeFiles/lidar_msgs__python.dir/rosidl_generator_py/lidar_msgs/srv/_get_metadata_s.c.o[0m
[5.147s] [ 82%] [32mBuilding C object CMakeFiles/lidar_msgs__python.dir/rosidl_generator_py/lidar_msgs/msg/_metadata_s.c.o[0m
[5.310s] [ 84%] [32m[1mLinking C shared library rosidl_generator_py/lidar_msgs/liblidar_msgs__python.so[0m
[5.373s] [ 84%] Built target lidar_msgs__python
[5.388s] [35m[1mScanning dependencies of target lidar_msgs__rosidl_typesupport_fastrtps_c__pyext[0m
[5.393s] [35m[1mScanning dependencies of target lidar_msgs__rosidl_typesupport_introspection_c__pyext[0m
[5.393s] [35m[1mScanning dependencies of target lidar_msgs__rosidl_typesupport_c__pyext[0m
[5.414s] [ 87%] [32mBuilding C object CMakeFiles/lidar_msgs__rosidl_typesupport_fastrtps_c__pyext.dir/rosidl_generator_py/lidar_msgs/_lidar_msgs_s.ep.rosidl_typesupport_fastrtps_c.c.o[0m
[5.421s] [ 89%] [32mBuilding C object CMakeFiles/lidar_msgs__rosidl_typesupport_c__pyext.dir/rosidl_generator_py/lidar_msgs/_lidar_msgs_s.ep.rosidl_typesupport_c.c.o[0m
[5.425s] [ 92%] [32mBuilding C object CMakeFiles/lidar_msgs__rosidl_typesupport_introspection_c__pyext.dir/rosidl_generator_py/lidar_msgs/_lidar_msgs_s.ep.rosidl_typesupport_introspection_c.c.o[0m
[5.536s] [ 94%] [32m[1mLinking C shared library rosidl_generator_py/lidar_msgs/lidar_msgs_s__rosidl_typesupport_introspection_c.cpython-38-x86_64-linux-gnu.so[0m
[5.587s] [ 94%] Built target lidar_msgs__rosidl_typesupport_introspection_c__pyext
[5.599s] [ 97%] [32m[1mLinking CXX shared library rosidl_generator_py/lidar_msgs/lidar_msgs_s__rosidl_typesupport_fastrtps_c.cpython-38-x86_64-linux-gnu.so[0m
[5.603s] [100%] [32m[1mLinking C shared library rosidl_generator_py/lidar_msgs/lidar_msgs_s__rosidl_typesupport_c.cpython-38-x86_64-linux-gnu.so[0m
[5.655s] [100%] Built target lidar_msgs__rosidl_typesupport_c__pyext
[5.688s] [100%] Built target lidar_msgs__rosidl_typesupport_fastrtps_c__pyext
[5.702s] Invoked command in '/home/grz/trolley_auto_drive_image/code/build/lidar_msgs' returned '0': CMAKE_PREFIX_PATH=/opt/ros/foxy /usr/bin/cmake --build /home/grz/trolley_auto_drive_image/code/build/lidar_msgs -- -j4 -l4
[5.704s] Invoking command in '/home/grz/trolley_auto_drive_image/code/build/lidar_msgs': CMAKE_PREFIX_PATH=/opt/ros/foxy /usr/bin/cmake --install /home/grz/trolley_auto_drive_image/code/build/lidar_msgs
[5.717s] -- Install configuration: ""
[5.717s] -- Up-to-date: /home/grz/trolley_auto_drive_image/code/install/lidar_msgs/share/ament_index/resource_index/rosidl_interfaces/lidar_msgs
[5.717s] -- Up-to-date: /home/grz/trolley_auto_drive_image/code/install/lidar_msgs/include/lidar_msgs
[5.718s] -- Up-to-date: /home/grz/trolley_auto_drive_image/code/install/lidar_msgs/include/lidar_msgs/srv
[5.718s] -- Up-to-date: /home/grz/trolley_auto_drive_image/code/install/lidar_msgs/include/lidar_msgs/srv/get_metadata.h
[5.718s] -- Up-to-date: /home/grz/trolley_auto_drive_image/code/install/lidar_msgs/include/lidar_msgs/srv/detail
[5.718s] -- Up-to-date: /home/grz/trolley_auto_drive_image/code/install/lidar_msgs/include/lidar_msgs/srv/detail/get_metadata__type_support.h
[5.718s] -- Up-to-date: /home/grz/trolley_auto_drive_image/code/install/lidar_msgs/include/lidar_msgs/srv/detail/get_metadata__functions.c
[5.718s] -- Up-to-date: /home/grz/trolley_auto_drive_image/code/install/lidar_msgs/include/lidar_msgs/srv/detail/get_metadata__functions.h
[5.719s] -- Up-to-date: /home/grz/trolley_auto_drive_image/code/install/lidar_msgs/include/lidar_msgs/srv/detail/get_metadata__struct.h
[5.719s] -- Up-to-date: /home/grz/trolley_auto_drive_image/code/install/lidar_msgs/include/lidar_msgs/msg
[5.719s] -- Up-to-date: /home/grz/trolley_auto_drive_image/code/install/lidar_msgs/include/lidar_msgs/msg/rosidl_generator_c__visibility_control.h
[5.719s] -- Up-to-date: /home/grz/trolley_auto_drive_image/code/install/lidar_msgs/include/lidar_msgs/msg/metadata.h
[5.720s] -- Up-to-date: /home/grz/trolley_auto_drive_image/code/install/lidar_msgs/include/lidar_msgs/msg/detail
[5.720s] -- Up-to-date: /home/grz/trolley_auto_drive_image/code/install/lidar_msgs/include/lidar_msgs/msg/detail/metadata__struct.h
[5.720s] -- Up-to-date: /home/grz/trolley_auto_drive_image/code/install/lidar_msgs/include/lidar_msgs/msg/detail/metadata__functions.h
[5.720s] -- Up-to-date: /home/grz/trolley_auto_drive_image/code/install/lidar_msgs/include/lidar_msgs/msg/detail/metadata__functions.c
[5.720s] -- Up-to-date: /home/grz/trolley_auto_drive_image/code/install/lidar_msgs/include/lidar_msgs/msg/detail/metadata__type_support.h
[5.721s] -- Installing: /home/grz/trolley_auto_drive_image/code/install/lidar_msgs/share/lidar_msgs/environment/library_path.sh
[5.721s] -- Installing: /home/grz/trolley_auto_drive_image/code/install/lidar_msgs/share/lidar_msgs/environment/library_path.dsv
[5.721s] -- Installing: /home/grz/trolley_auto_drive_image/code/install/lidar_msgs/lib/liblidar_msgs__rosidl_generator_c.so
[5.721s] -- Set runtime path of "/home/grz/trolley_auto_drive_image/code/install/lidar_msgs/lib/liblidar_msgs__rosidl_generator_c.so" to ""
[5.721s] -- Up-to-date: /home/grz/trolley_auto_drive_image/code/install/lidar_msgs/include/lidar_msgs
[5.722s] -- Up-to-date: /home/grz/trolley_auto_drive_image/code/install/lidar_msgs/include/lidar_msgs/srv
[5.722s] -- Up-to-date: /home/grz/trolley_auto_drive_image/code/install/lidar_msgs/include/lidar_msgs/srv/detail
[5.722s] -- Up-to-date: /home/grz/trolley_auto_drive_image/code/install/lidar_msgs/include/lidar_msgs/srv/detail/get_metadata__rosidl_typesupport_fastrtps_c.h
[5.722s] -- Up-to-date: /home/grz/trolley_auto_drive_image/code/install/lidar_msgs/include/lidar_msgs/msg
[5.722s] -- Up-to-date: /home/grz/trolley_auto_drive_image/code/install/lidar_msgs/include/lidar_msgs/msg/rosidl_typesupport_fastrtps_c__visibility_control.h
[5.722s] -- Up-to-date: /home/grz/trolley_auto_drive_image/code/install/lidar_msgs/include/lidar_msgs/msg/detail
[5.722s] -- Up-to-date: /home/grz/trolley_auto_drive_image/code/install/lidar_msgs/include/lidar_msgs/msg/detail/metadata__rosidl_typesupport_fastrtps_c.h
[5.722s] -- Installing: /home/grz/trolley_auto_drive_image/code/install/lidar_msgs/lib/liblidar_msgs__rosidl_typesupport_fastrtps_c.so
[5.722s] -- Set runtime path of "/home/grz/trolley_auto_drive_image/code/install/lidar_msgs/lib/liblidar_msgs__rosidl_typesupport_fastrtps_c.so" to ""
[5.722s] -- Up-to-date: /home/grz/trolley_auto_drive_image/code/install/lidar_msgs/include/lidar_msgs
[5.723s] -- Up-to-date: /home/grz/trolley_auto_drive_image/code/install/lidar_msgs/include/lidar_msgs/srv
[5.723s] -- Up-to-date: /home/grz/trolley_auto_drive_image/code/install/lidar_msgs/include/lidar_msgs/srv/detail
[5.723s] -- Up-to-date: /home/grz/trolley_auto_drive_image/code/install/lidar_msgs/include/lidar_msgs/srv/detail/get_metadata__rosidl_typesupport_fastrtps_cpp.hpp
[5.723s] -- Installing: /home/grz/trolley_auto_drive_image/code/install/lidar_msgs/include/lidar_msgs/srv/detail/dds_fastrtps
[5.723s] -- Up-to-date: /home/grz/trolley_auto_drive_image/code/install/lidar_msgs/include/lidar_msgs/msg
[5.724s] -- Up-to-date: /home/grz/trolley_auto_drive_image/code/install/lidar_msgs/include/lidar_msgs/msg/rosidl_typesupport_fastrtps_cpp__visibility_control.h
[5.724s] -- Up-to-date: /home/grz/trolley_auto_drive_image/code/install/lidar_msgs/include/lidar_msgs/msg/detail
[5.724s] -- Up-to-date: /home/grz/trolley_auto_drive_image/code/install/lidar_msgs/include/lidar_msgs/msg/detail/metadata__rosidl_typesupport_fastrtps_cpp.hpp
[5.724s] -- Installing: /home/grz/trolley_auto_drive_image/code/install/lidar_msgs/include/lidar_msgs/msg/detail/dds_fastrtps
[5.724s] -- Installing: /home/grz/trolley_auto_drive_image/code/install/lidar_msgs/lib/liblidar_msgs__rosidl_typesupport_fastrtps_cpp.so
[5.724s] -- Set runtime path of "/home/grz/trolley_auto_drive_image/code/install/lidar_msgs/lib/liblidar_msgs__rosidl_typesupport_fastrtps_cpp.so" to ""
[5.725s] -- Up-to-date: /home/grz/trolley_auto_drive_image/code/install/lidar_msgs/include/lidar_msgs
[5.725s] -- Up-to-date: /home/grz/trolley_auto_drive_image/code/install/lidar_msgs/include/lidar_msgs/srv
[5.725s] -- Up-to-date: /home/grz/trolley_auto_drive_image/code/install/lidar_msgs/include/lidar_msgs/srv/detail
[5.725s] -- Up-to-date: /home/grz/trolley_auto_drive_image/code/install/lidar_msgs/include/lidar_msgs/srv/detail/get_metadata__rosidl_typesupport_introspection_c.h
[5.725s] -- Up-to-date: /home/grz/trolley_auto_drive_image/code/install/lidar_msgs/include/lidar_msgs/srv/detail/get_metadata__type_support.c
[5.725s] -- Up-to-date: /home/grz/trolley_auto_drive_image/code/install/lidar_msgs/include/lidar_msgs/msg
[5.726s] -- Up-to-date: /home/grz/trolley_auto_drive_image/code/install/lidar_msgs/include/lidar_msgs/msg/rosidl_typesupport_introspection_c__visibility_control.h
[5.726s] -- Up-to-date: /home/grz/trolley_auto_drive_image/code/install/lidar_msgs/include/lidar_msgs/msg/detail
[5.726s] -- Up-to-date: /home/grz/trolley_auto_drive_image/code/install/lidar_msgs/include/lidar_msgs/msg/detail/metadata__type_support.c
[5.726s] -- Up-to-date: /home/grz/trolley_auto_drive_image/code/install/lidar_msgs/include/lidar_msgs/msg/detail/metadata__rosidl_typesupport_introspection_c.h
[5.727s] -- Installing: /home/grz/trolley_auto_drive_image/code/install/lidar_msgs/lib/liblidar_msgs__rosidl_typesupport_introspection_c.so
[5.727s] -- Set runtime path of "/home/grz/trolley_auto_drive_image/code/install/lidar_msgs/lib/liblidar_msgs__rosidl_typesupport_introspection_c.so" to ""
[5.727s] -- Installing: /home/grz/trolley_auto_drive_image/code/install/lidar_msgs/lib/liblidar_msgs__rosidl_typesupport_c.so
[5.727s] -- Set runtime path of "/home/grz/trolley_auto_drive_image/code/install/lidar_msgs/lib/liblidar_msgs__rosidl_typesupport_c.so" to ""
[5.727s] -- Up-to-date: /home/grz/trolley_auto_drive_image/code/install/lidar_msgs/include/lidar_msgs
[5.728s] -- Up-to-date: /home/grz/trolley_auto_drive_image/code/install/lidar_msgs/include/lidar_msgs/srv
[5.728s] -- Up-to-date: /home/grz/trolley_auto_drive_image/code/install/lidar_msgs/include/lidar_msgs/srv/get_metadata.hpp
[5.728s] -- Up-to-date: /home/grz/trolley_auto_drive_image/code/install/lidar_msgs/include/lidar_msgs/srv/detail
[5.728s] -- Up-to-date: /home/grz/trolley_auto_drive_image/code/install/lidar_msgs/include/lidar_msgs/srv/detail/get_metadata__traits.hpp
[5.728s] -- Up-to-date: /home/grz/trolley_auto_drive_image/code/install/lidar_msgs/include/lidar_msgs/srv/detail/get_metadata__type_support.hpp
[5.728s] -- Up-to-date: /home/grz/trolley_auto_drive_image/code/install/lidar_msgs/include/lidar_msgs/srv/detail/get_metadata__struct.hpp
[5.729s] -- Up-to-date: /home/grz/trolley_auto_drive_image/code/install/lidar_msgs/include/lidar_msgs/srv/detail/get_metadata__builder.hpp
[5.729s] -- Up-to-date: /home/grz/trolley_auto_drive_image/code/install/lidar_msgs/include/lidar_msgs/msg
[5.729s] -- Up-to-date: /home/grz/trolley_auto_drive_image/code/install/lidar_msgs/include/lidar_msgs/msg/metadata.hpp
[5.729s] -- Up-to-date: /home/grz/trolley_auto_drive_image/code/install/lidar_msgs/include/lidar_msgs/msg/rosidl_generator_cpp__visibility_control.hpp
[5.729s] -- Up-to-date: /home/grz/trolley_auto_drive_image/code/install/lidar_msgs/include/lidar_msgs/msg/detail
[5.729s] -- Up-to-date: /home/grz/trolley_auto_drive_image/code/install/lidar_msgs/include/lidar_msgs/msg/detail/metadata__builder.hpp
[5.730s] -- Up-to-date: /home/grz/trolley_auto_drive_image/code/install/lidar_msgs/include/lidar_msgs/msg/detail/metadata__struct.hpp
[5.730s] -- Up-to-date: /home/grz/trolley_auto_drive_image/code/install/lidar_msgs/include/lidar_msgs/msg/detail/metadata__traits.hpp
[5.730s] -- Up-to-date: /home/grz/trolley_auto_drive_image/code/install/lidar_msgs/include/lidar_msgs/msg/detail/metadata__type_support.hpp
[5.730s] -- Up-to-date: /home/grz/trolley_auto_drive_image/code/install/lidar_msgs/include/lidar_msgs
[5.730s] -- Up-to-date: /home/grz/trolley_auto_drive_image/code/install/lidar_msgs/include/lidar_msgs/srv
[5.731s] -- Up-to-date: /home/grz/trolley_auto_drive_image/code/install/lidar_msgs/include/lidar_msgs/srv/detail
[5.731s] -- Up-to-date: /home/grz/trolley_auto_drive_image/code/install/lidar_msgs/include/lidar_msgs/srv/detail/get_metadata__type_support.cpp
[5.731s] -- Up-to-date: /home/grz/trolley_auto_drive_image/code/install/lidar_msgs/include/lidar_msgs/srv/detail/get_metadata__rosidl_typesupport_introspection_cpp.hpp
[5.731s] -- Up-to-date: /home/grz/trolley_auto_drive_image/code/install/lidar_msgs/include/lidar_msgs/msg
[5.731s] -- Up-to-date: /home/grz/trolley_auto_drive_image/code/install/lidar_msgs/include/lidar_msgs/msg/detail
[5.731s] -- Up-to-date: /home/grz/trolley_auto_drive_image/code/install/lidar_msgs/include/lidar_msgs/msg/detail/metadata__rosidl_typesupport_introspection_cpp.hpp
[5.731s] -- Up-to-date: /home/grz/trolley_auto_drive_image/code/install/lidar_msgs/include/lidar_msgs/msg/detail/metadata__type_support.cpp
[5.731s] -- Installing: /home/grz/trolley_auto_drive_image/code/install/lidar_msgs/lib/liblidar_msgs__rosidl_typesupport_introspection_cpp.so
[5.732s] -- Set runtime path of "/home/grz/trolley_auto_drive_image/code/install/lidar_msgs/lib/liblidar_msgs__rosidl_typesupport_introspection_cpp.so" to ""
[5.732s] -- Installing: /home/grz/trolley_auto_drive_image/code/install/lidar_msgs/lib/liblidar_msgs__rosidl_typesupport_cpp.so
[5.732s] -- Set runtime path of "/home/grz/trolley_auto_drive_image/code/install/lidar_msgs/lib/liblidar_msgs__rosidl_typesupport_cpp.so" to ""
[5.732s] -- Up-to-date: /home/grz/trolley_auto_drive_image/code/install/lidar_msgs/share/lidar_msgs/environment/pythonpath.sh
[5.732s] -- Installing: /home/grz/trolley_auto_drive_image/code/install/lidar_msgs/share/lidar_msgs/environment/pythonpath.dsv
[5.732s] -- Installing: /home/grz/trolley_auto_drive_image/code/install/lidar_msgs/lib/python3.8/site-packages/lidar_msgs/__init__.py
[5.765s] Compiling '/home/grz/trolley_auto_drive_image/code/install/lidar_msgs/lib/python3.8/site-packages/lidar_msgs/__init__.py'...
[5.770s] -- Up-to-date: /home/grz/trolley_auto_drive_image/code/install/lidar_msgs/lib/python3.8/site-packages/lidar_msgs/srv
[5.771s] -- Up-to-date: /home/grz/trolley_auto_drive_image/code/install/lidar_msgs/lib/python3.8/site-packages/lidar_msgs/srv/_get_metadata.py
[5.771s] -- Up-to-date: /home/grz/trolley_auto_drive_image/code/install/lidar_msgs/lib/python3.8/site-packages/lidar_msgs/srv/_get_metadata_s.c
[5.771s] -- Up-to-date: /home/grz/trolley_auto_drive_image/code/install/lidar_msgs/lib/python3.8/site-packages/lidar_msgs/srv/__init__.py
[5.771s] -- Up-to-date: /home/grz/trolley_auto_drive_image/code/install/lidar_msgs/lib/python3.8/site-packages/lidar_msgs/msg
[5.771s] -- Up-to-date: /home/grz/trolley_auto_drive_image/code/install/lidar_msgs/lib/python3.8/site-packages/lidar_msgs/msg/__init__.py
[5.771s] -- Up-to-date: /home/grz/trolley_auto_drive_image/code/install/lidar_msgs/lib/python3.8/site-packages/lidar_msgs/msg/_metadata.py
[5.771s] -- Up-to-date: /home/grz/trolley_auto_drive_image/code/install/lidar_msgs/lib/python3.8/site-packages/lidar_msgs/msg/_metadata_s.c
[5.771s] -- Installing: /home/grz/trolley_auto_drive_image/code/install/lidar_msgs/lib/python3.8/site-packages/lidar_msgs/lidar_msgs_s__rosidl_typesupport_fastrtps_c.cpython-38-x86_64-linux-gnu.so
[5.772s] -- Set runtime path of "/home/grz/trolley_auto_drive_image/code/install/lidar_msgs/lib/python3.8/site-packages/lidar_msgs/lidar_msgs_s__rosidl_typesupport_fastrtps_c.cpython-38-x86_64-linux-gnu.so" to ""
[5.772s] -- Installing: /home/grz/trolley_auto_drive_image/code/install/lidar_msgs/lib/python3.8/site-packages/lidar_msgs/lidar_msgs_s__rosidl_typesupport_introspection_c.cpython-38-x86_64-linux-gnu.so
[5.773s] -- Set runtime path of "/home/grz/trolley_auto_drive_image/code/install/lidar_msgs/lib/python3.8/site-packages/lidar_msgs/lidar_msgs_s__rosidl_typesupport_introspection_c.cpython-38-x86_64-linux-gnu.so" to ""
[5.773s] -- Installing: /home/grz/trolley_auto_drive_image/code/install/lidar_msgs/lib/python3.8/site-packages/lidar_msgs/lidar_msgs_s__rosidl_typesupport_c.cpython-38-x86_64-linux-gnu.so
[5.774s] -- Set runtime path of "/home/grz/trolley_auto_drive_image/code/install/lidar_msgs/lib/python3.8/site-packages/lidar_msgs/lidar_msgs_s__rosidl_typesupport_c.cpython-38-x86_64-linux-gnu.so" to ""
[5.774s] -- Installing: /home/grz/trolley_auto_drive_image/code/install/lidar_msgs/lib/liblidar_msgs__python.so
[5.775s] -- Set runtime path of "/home/grz/trolley_auto_drive_image/code/install/lidar_msgs/lib/liblidar_msgs__python.so" to ""
[5.775s] -- Up-to-date: /home/grz/trolley_auto_drive_image/code/install/lidar_msgs/share/lidar_msgs/srv/GetMetadata.idl
[5.776s] -- Up-to-date: /home/grz/trolley_auto_drive_image/code/install/lidar_msgs/share/lidar_msgs/msg/Metadata.idl
[5.776s] -- Up-to-date: /home/grz/trolley_auto_drive_image/code/install/lidar_msgs/share/lidar_msgs/srv/GetMetadata.srv
[5.776s] -- Up-to-date: /home/grz/trolley_auto_drive_image/code/install/lidar_msgs/share/lidar_msgs/srv/GetMetadata_Request.msg
[5.776s] -- Up-to-date: /home/grz/trolley_auto_drive_image/code/install/lidar_msgs/share/lidar_msgs/srv/GetMetadata_Response.msg
[5.776s] -- Up-to-date: /home/grz/trolley_auto_drive_image/code/install/lidar_msgs/share/lidar_msgs/msg/Metadata.msg
[5.776s] -- Up-to-date: /home/grz/trolley_auto_drive_image/code/install/lidar_msgs/share/ament_index/resource_index/package_run_dependencies/lidar_msgs
[5.776s] -- Up-to-date: /home/grz/trolley_auto_drive_image/code/install/lidar_msgs/share/ament_index/resource_index/parent_prefix_path/lidar_msgs
[5.776s] -- Installing: /home/grz/trolley_auto_drive_image/code/install/lidar_msgs/share/lidar_msgs/environment/ament_prefix_path.sh
[5.776s] -- Installing: /home/grz/trolley_auto_drive_image/code/install/lidar_msgs/share/lidar_msgs/environment/ament_prefix_path.dsv
[5.776s] -- Installing: /home/grz/trolley_auto_drive_image/code/install/lidar_msgs/share/lidar_msgs/environment/path.sh
[5.777s] -- Installing: /home/grz/trolley_auto_drive_image/code/install/lidar_msgs/share/lidar_msgs/environment/path.dsv
[5.777s] -- Up-to-date: /home/grz/trolley_auto_drive_image/code/install/lidar_msgs/share/lidar_msgs/local_setup.bash
[5.777s] -- Up-to-date: /home/grz/trolley_auto_drive_image/code/install/lidar_msgs/share/lidar_msgs/local_setup.sh
[5.777s] -- Up-to-date: /home/grz/trolley_auto_drive_image/code/install/lidar_msgs/share/lidar_msgs/local_setup.zsh
[5.777s] -- Installing: /home/grz/trolley_auto_drive_image/code/install/lidar_msgs/share/lidar_msgs/local_setup.dsv
[5.777s] -- Installing: /home/grz/trolley_auto_drive_image/code/install/lidar_msgs/share/lidar_msgs/package.dsv
[5.777s] -- Up-to-date: /home/grz/trolley_auto_drive_image/code/install/lidar_msgs/share/ament_index/resource_index/packages/lidar_msgs
[5.778s] -- Up-to-date: /home/grz/trolley_auto_drive_image/code/install/lidar_msgs/share/lidar_msgs/cmake/lidar_msgs__rosidl_generator_cExport.cmake
[5.778s] -- Installing: /home/grz/trolley_auto_drive_image/code/install/lidar_msgs/share/lidar_msgs/cmake/lidar_msgs__rosidl_generator_cExport-noconfig.cmake
[5.778s] -- Up-to-date: /home/grz/trolley_auto_drive_image/code/install/lidar_msgs/share/lidar_msgs/cmake/lidar_msgs__rosidl_typesupport_introspection_cExport.cmake
[5.778s] -- Installing: /home/grz/trolley_auto_drive_image/code/install/lidar_msgs/share/lidar_msgs/cmake/lidar_msgs__rosidl_typesupport_introspection_cExport-noconfig.cmake
[5.778s] -- Up-to-date: /home/grz/trolley_auto_drive_image/code/install/lidar_msgs/share/lidar_msgs/cmake/lidar_msgs__rosidl_typesupport_cExport.cmake
[5.779s] -- Installing: /home/grz/trolley_auto_drive_image/code/install/lidar_msgs/share/lidar_msgs/cmake/lidar_msgs__rosidl_typesupport_cExport-noconfig.cmake
[5.779s] -- Up-to-date: /home/grz/trolley_auto_drive_image/code/install/lidar_msgs/share/lidar_msgs/cmake/lidar_msgs__rosidl_generator_cppExport.cmake
[5.779s] -- Up-to-date: /home/grz/trolley_auto_drive_image/code/install/lidar_msgs/share/lidar_msgs/cmake/lidar_msgs__rosidl_typesupport_introspection_cppExport.cmake
[5.779s] -- Installing: /home/grz/trolley_auto_drive_image/code/install/lidar_msgs/share/lidar_msgs/cmake/lidar_msgs__rosidl_typesupport_introspection_cppExport-noconfig.cmake
[5.780s] -- Up-to-date: /home/grz/trolley_auto_drive_image/code/install/lidar_msgs/share/lidar_msgs/cmake/lidar_msgs__rosidl_typesupport_cppExport.cmake
[5.780s] -- Installing: /home/grz/trolley_auto_drive_image/code/install/lidar_msgs/share/lidar_msgs/cmake/lidar_msgs__rosidl_typesupport_cppExport-noconfig.cmake
[5.780s] -- Up-to-date: /home/grz/trolley_auto_drive_image/code/install/lidar_msgs/share/lidar_msgs/cmake/rosidl_cmake-extras.cmake
[5.781s] -- Up-to-date: /home/grz/trolley_auto_drive_image/code/install/lidar_msgs/share/lidar_msgs/cmake/ament_cmake_export_dependencies-extras.cmake
[5.781s] -- Up-to-date: /home/grz/trolley_auto_drive_image/code/install/lidar_msgs/share/lidar_msgs/cmake/ament_cmake_export_libraries-extras.cmake
[5.781s] -- Up-to-date: /home/grz/trolley_auto_drive_image/code/install/lidar_msgs/share/lidar_msgs/cmake/ament_cmake_export_targets-extras.cmake
[5.782s] -- Up-to-date: /home/grz/trolley_auto_drive_image/code/install/lidar_msgs/share/lidar_msgs/cmake/ament_cmake_export_include_directories-extras.cmake
[5.782s] -- Up-to-date: /home/grz/trolley_auto_drive_image/code/install/lidar_msgs/share/lidar_msgs/cmake/rosidl_cmake_export_typesupport_libraries-extras.cmake
[5.782s] -- Up-to-date: /home/grz/trolley_auto_drive_image/code/install/lidar_msgs/share/lidar_msgs/cmake/rosidl_cmake_export_typesupport_targets-extras.cmake
[5.782s] -- Up-to-date: /home/grz/trolley_auto_drive_image/code/install/lidar_msgs/share/lidar_msgs/cmake/lidar_msgsConfig.cmake
[5.782s] -- Up-to-date: /home/grz/trolley_auto_drive_image/code/install/lidar_msgs/share/lidar_msgs/cmake/lidar_msgsConfig-version.cmake
[5.783s] -- Up-to-date: /home/grz/trolley_auto_drive_image/code/install/lidar_msgs/share/lidar_msgs/package.xml
[5.786s] Invoked command in '/home/grz/trolley_auto_drive_image/code/build/lidar_msgs' returned '0': CMAKE_PREFIX_PATH=/opt/ros/foxy /usr/bin/cmake --install /home/grz/trolley_auto_drive_image/code/build/lidar_msgs
