[1.316s] Invoking command in '/home/grz/trolley_auto_drive_image/code/build/lidar_data_handler': PYTHONPATH=/home/grz/trolley_auto_drive_image/code/build/lidar_data_handler/prefix_override:/usr/lib/python3/dist-packages/colcon_core/task/python/colcon_distutils_commands:/home/grz/trolley_auto_drive_image/code/install/lidar_data_handler/lib/python3.8/site-packages:${PYTHONPATH} /usr/bin/python3 -W ignore:setup.py install is deprecated -W ignore:easy_install command is deprecated setup.py develop --editable --build-directory /home/grz/trolley_auto_drive_image/code/build/lidar_data_handler/build --no-deps symlink_data
[1.644s] running develop
[1.823s] running egg_info
[1.824s] creating lidar_data_handler.egg-info
[1.824s] writing lidar_data_handler.egg-info/PKG-INFO
[1.824s] writing dependency_links to lidar_data_handler.egg-info/dependency_links.txt
[1.824s] writing entry points to lidar_data_handler.egg-info/entry_points.txt
[1.824s] writing requirements to lidar_data_handler.egg-info/requires.txt
[1.825s] writing top-level names to lidar_data_handler.egg-info/top_level.txt
[1.827s] writing manifest file 'lidar_data_handler.egg-info/SOURCES.txt'
[1.902s] reading manifest file 'lidar_data_handler.egg-info/SOURCES.txt'
[1.903s] writing manifest file 'lidar_data_handler.egg-info/SOURCES.txt'
[1.984s] running build_ext
[1.985s] Creating /home/grz/trolley_auto_drive_image/code/install/lidar_data_handler/lib/python3.8/site-packages/site.py
[1.989s] Creating /home/grz/trolley_auto_drive_image/code/install/lidar_data_handler/lib/python3.8/site-packages/lidar-data-handler.egg-link (link to .)
[1.990s] Installing lidar_data_handler script to /home/grz/trolley_auto_drive_image/code/install/lidar_data_handler/lib/lidar_data_handler
[1.991s] 
[1.991s] Installed /home/grz/trolley_auto_drive_image/code/build/lidar_data_handler
[1.991s] running symlink_data
[1.991s] creating /home/grz/trolley_auto_drive_image/code/install/lidar_data_handler/share/ament_index
[1.992s] creating /home/grz/trolley_auto_drive_image/code/install/lidar_data_handler/share/ament_index/resource_index
[1.992s] creating /home/grz/trolley_auto_drive_image/code/install/lidar_data_handler/share/ament_index/resource_index/packages
[1.992s] symbolically linking /home/grz/trolley_auto_drive_image/code/build/lidar_data_handler/resource/lidar_data_handler -> /home/grz/trolley_auto_drive_image/code/install/lidar_data_handler/share/ament_index/resource_index/packages
[1.992s] symbolically linking /home/grz/trolley_auto_drive_image/code/build/lidar_data_handler/package.xml -> /home/grz/trolley_auto_drive_image/code/install/lidar_data_handler/share/lidar_data_handler
[1.992s] creating /home/grz/trolley_auto_drive_image/code/install/lidar_data_handler/share/lidar_data_handler/launch
[1.992s] symbolically linking /home/grz/trolley_auto_drive_image/code/build/lidar_data_handler/launch/trolley_auto_drive_launch.py -> /home/grz/trolley_auto_drive_image/code/install/lidar_data_handler/share/lidar_data_handler/launch
[2.056s] Invoked command in '/home/grz/trolley_auto_drive_image/code/build/lidar_data_handler' returned '0': PYTHONPATH=/home/grz/trolley_auto_drive_image/code/build/lidar_data_handler/prefix_override:/usr/lib/python3/dist-packages/colcon_core/task/python/colcon_distutils_commands:/home/grz/trolley_auto_drive_image/code/install/lidar_data_handler/lib/python3.8/site-packages:${PYTHONPATH} /usr/bin/python3 -W ignore:setup.py install is deprecated -W ignore:easy_install command is deprecated setup.py develop --editable --build-directory /home/grz/trolley_auto_drive_image/code/build/lidar_data_handler/build --no-deps symlink_data
