[0.282s] DEBUG:colcon:Command line arguments: ['/usr/bin/colcon', 'build', '--packages-select', 'olei_interfaces']
[0.282s] DEBUG:colcon:Parsed command line arguments: Namespace(allow_overriding=[], ament_cmake_args=None, base_paths=['.'], build_base='build', catkin_cmake_args=None, catkin_skip_building_tests=False, cmake_args=None, cmake_clean_cache=False, cmake_clean_first=False, cmake_force_configure=False, cmake_target=None, cmake_target_skip_unavailable=False, continue_on_error=False, event_handlers=None, executor='parallel', ignore_user_meta=False, install_base='install', log_base=None, log_level=None, main=<bound method BuildVerb.main of <colcon_core.verb.build.BuildVerb object at 0x7ff653998970>>, merge_install=False, metas=['./colcon.meta'], mixin=None, mixin_files=None, mixin_verb=('build',), packages_above=None, packages_above_and_dependencies=None, packages_above_depth=None, packages_end=None, packages_ignore=None, packages_ignore_regex=None, packages_select=['olei_interfaces'], packages_select_build_failed=False, packages_select_by_dep=None, packages_select_regex=None, packages_select_test_failures=False, packages_skip=None, packages_skip_build_finished=False, packages_skip_by_dep=None, packages_skip_regex=None, packages_skip_test_passed=False, packages_skip_up_to=None, packages_start=None, packages_up_to=None, packages_up_to_regex=None, parallel_workers=4, paths=None, symlink_install=False, test_result_base=None, verb_extension=<colcon_core.verb.build.BuildVerb object at 0x7ff653998970>, verb_name='build', verb_parser=<colcon_mixin.mixin.mixin_argument.MixinArgumentDecorator object at 0x7ff653925520>)
[0.490s] Level 1:colcon.colcon_core.package_discovery:discover_packages(colcon_meta) check parameters
[0.490s] Level 1:colcon.colcon_core.package_discovery:discover_packages(recursive) check parameters
[0.490s] Level 1:colcon.colcon_core.package_discovery:discover_packages(ignore) check parameters
[0.490s] Level 1:colcon.colcon_core.package_discovery:discover_packages(path) check parameters
[0.491s] Level 1:colcon.colcon_core.package_discovery:discover_packages(colcon_meta) discover
[0.491s] Level 1:colcon.colcon_core.package_discovery:discover_packages(recursive) discover
[0.491s] INFO:colcon.colcon_core.package_discovery:Crawling recursively for packages in '/home/grz/trolley_auto_drive_image/code'
[0.491s] Level 1:colcon.colcon_core.package_identification:_identify(.) by extensions ['ignore', 'ignore_ament_install']
[0.491s] Level 1:colcon.colcon_core.package_identification:_identify(.) by extension 'ignore'
[0.491s] Level 1:colcon.colcon_core.package_identification:_identify(.) by extension 'ignore_ament_install'
[0.492s] Level 1:colcon.colcon_core.package_identification:_identify(.) by extensions ['colcon_pkg']
[0.492s] Level 1:colcon.colcon_core.package_identification:_identify(.) by extension 'colcon_pkg'
[0.492s] Level 1:colcon.colcon_core.package_identification:_identify(.) by extensions ['colcon_meta']
[0.492s] Level 1:colcon.colcon_core.package_identification:_identify(.) by extension 'colcon_meta'
[0.492s] Level 1:colcon.colcon_core.package_identification:_identify(.) by extensions ['ros']
[0.492s] Level 1:colcon.colcon_core.package_identification:_identify(.) by extension 'ros'
[0.508s] Level 1:colcon.colcon_core.package_identification:_identify(.) by extensions ['cmake', 'python']
[0.508s] Level 1:colcon.colcon_core.package_identification:_identify(.) by extension 'cmake'
[0.508s] Level 1:colcon.colcon_core.package_identification:_identify(.) by extension 'python'
[0.508s] Level 1:colcon.colcon_core.package_identification:_identify(.) by extensions ['python_setup_py']
[0.508s] Level 1:colcon.colcon_core.package_identification:_identify(.) by extension 'python_setup_py'
[0.508s] Level 1:colcon.colcon_core.package_identification:_identify(build) by extensions ['ignore', 'ignore_ament_install']
[0.508s] Level 1:colcon.colcon_core.package_identification:_identify(build) by extension 'ignore'
[0.508s] Level 1:colcon.colcon_core.package_identification:_identify(build) ignored
[0.509s] Level 1:colcon.colcon_core.package_identification:_identify(install) by extensions ['ignore', 'ignore_ament_install']
[0.509s] Level 1:colcon.colcon_core.package_identification:_identify(install) by extension 'ignore'
[0.509s] Level 1:colcon.colcon_core.package_identification:_identify(install) ignored
[0.509s] Level 1:colcon.colcon_core.package_identification:_identify(log) by extensions ['ignore', 'ignore_ament_install']
[0.509s] Level 1:colcon.colcon_core.package_identification:_identify(log) by extension 'ignore'
[0.509s] Level 1:colcon.colcon_core.package_identification:_identify(log) ignored
[0.509s] Level 1:colcon.colcon_core.package_identification:_identify(src) by extensions ['ignore', 'ignore_ament_install']
[0.509s] Level 1:colcon.colcon_core.package_identification:_identify(src) by extension 'ignore'
[0.510s] Level 1:colcon.colcon_core.package_identification:_identify(src) by extension 'ignore_ament_install'
[0.510s] Level 1:colcon.colcon_core.package_identification:_identify(src) by extensions ['colcon_pkg']
[0.510s] Level 1:colcon.colcon_core.package_identification:_identify(src) by extension 'colcon_pkg'
[0.510s] Level 1:colcon.colcon_core.package_identification:_identify(src) by extensions ['colcon_meta']
[0.510s] Level 1:colcon.colcon_core.package_identification:_identify(src) by extension 'colcon_meta'
[0.510s] Level 1:colcon.colcon_core.package_identification:_identify(src) by extensions ['ros']
[0.510s] Level 1:colcon.colcon_core.package_identification:_identify(src) by extension 'ros'
[0.510s] Level 1:colcon.colcon_core.package_identification:_identify(src) by extensions ['cmake', 'python']
[0.510s] Level 1:colcon.colcon_core.package_identification:_identify(src) by extension 'cmake'
[0.510s] Level 1:colcon.colcon_core.package_identification:_identify(src) by extension 'python'
[0.510s] Level 1:colcon.colcon_core.package_identification:_identify(src) by extensions ['python_setup_py']
[0.510s] Level 1:colcon.colcon_core.package_identification:_identify(src) by extension 'python_setup_py'
[0.510s] Level 1:colcon.colcon_core.package_identification:_identify(src/lidar_data_handler) by extensions ['ignore', 'ignore_ament_install']
[0.511s] Level 1:colcon.colcon_core.package_identification:_identify(src/lidar_data_handler) by extension 'ignore'
[0.511s] Level 1:colcon.colcon_core.package_identification:_identify(src/lidar_data_handler) by extension 'ignore_ament_install'
[0.511s] Level 1:colcon.colcon_core.package_identification:_identify(src/lidar_data_handler) by extensions ['colcon_pkg']
[0.511s] Level 1:colcon.colcon_core.package_identification:_identify(src/lidar_data_handler) by extension 'colcon_pkg'
[0.511s] Level 1:colcon.colcon_core.package_identification:_identify(src/lidar_data_handler) by extensions ['colcon_meta']
[0.511s] Level 1:colcon.colcon_core.package_identification:_identify(src/lidar_data_handler) by extension 'colcon_meta'
[0.511s] Level 1:colcon.colcon_core.package_identification:_identify(src/lidar_data_handler) by extensions ['ros']
[0.511s] Level 1:colcon.colcon_core.package_identification:_identify(src/lidar_data_handler) by extension 'ros'
[0.515s] DEBUG:colcon.colcon_core.package_identification:Package 'src/lidar_data_handler' with type 'ros.ament_python' and name 'lidar_data_handler'
[0.515s] Level 1:colcon.colcon_core.package_identification:_identify(src/linear_displacement_sensor) by extensions ['ignore', 'ignore_ament_install']
[0.516s] Level 1:colcon.colcon_core.package_identification:_identify(src/linear_displacement_sensor) by extension 'ignore'
[0.516s] Level 1:colcon.colcon_core.package_identification:_identify(src/linear_displacement_sensor) by extension 'ignore_ament_install'
[0.516s] Level 1:colcon.colcon_core.package_identification:_identify(src/linear_displacement_sensor) by extensions ['colcon_pkg']
[0.516s] Level 1:colcon.colcon_core.package_identification:_identify(src/linear_displacement_sensor) by extension 'colcon_pkg'
[0.516s] Level 1:colcon.colcon_core.package_identification:_identify(src/linear_displacement_sensor) by extensions ['colcon_meta']
[0.516s] Level 1:colcon.colcon_core.package_identification:_identify(src/linear_displacement_sensor) by extension 'colcon_meta'
[0.517s] Level 1:colcon.colcon_core.package_identification:_identify(src/linear_displacement_sensor) by extensions ['ros']
[0.517s] Level 1:colcon.colcon_core.package_identification:_identify(src/linear_displacement_sensor) by extension 'ros'
[0.518s] DEBUG:colcon.colcon_core.package_identification:Package 'src/linear_displacement_sensor' with type 'ros.ament_python' and name 'linear_displacement_sensor'
[0.518s] Level 1:colcon.colcon_core.package_identification:_identify(src/linear_sensor_msgs) by extensions ['ignore', 'ignore_ament_install']
[0.518s] Level 1:colcon.colcon_core.package_identification:_identify(src/linear_sensor_msgs) by extension 'ignore'
[0.519s] Level 1:colcon.colcon_core.package_identification:_identify(src/linear_sensor_msgs) by extension 'ignore_ament_install'
[0.519s] Level 1:colcon.colcon_core.package_identification:_identify(src/linear_sensor_msgs) by extensions ['colcon_pkg']
[0.519s] Level 1:colcon.colcon_core.package_identification:_identify(src/linear_sensor_msgs) by extension 'colcon_pkg'
[0.519s] Level 1:colcon.colcon_core.package_identification:_identify(src/linear_sensor_msgs) by extensions ['colcon_meta']
[0.519s] Level 1:colcon.colcon_core.package_identification:_identify(src/linear_sensor_msgs) by extension 'colcon_meta'
[0.519s] Level 1:colcon.colcon_core.package_identification:_identify(src/linear_sensor_msgs) by extensions ['ros']
[0.519s] Level 1:colcon.colcon_core.package_identification:_identify(src/linear_sensor_msgs) by extension 'ros'
[0.520s] DEBUG:colcon.colcon_core.package_identification:Package 'src/linear_sensor_msgs' with type 'ros.ament_cmake' and name 'linear_sensor_msgs'
[0.520s] Level 1:colcon.colcon_core.package_identification:_identify(src/ole2d_ros2_driver) by extensions ['ignore', 'ignore_ament_install']
[0.520s] Level 1:colcon.colcon_core.package_identification:_identify(src/ole2d_ros2_driver) by extension 'ignore'
[0.520s] Level 1:colcon.colcon_core.package_identification:_identify(src/ole2d_ros2_driver) by extension 'ignore_ament_install'
[0.520s] Level 1:colcon.colcon_core.package_identification:_identify(src/ole2d_ros2_driver) by extensions ['colcon_pkg']
[0.520s] Level 1:colcon.colcon_core.package_identification:_identify(src/ole2d_ros2_driver) by extension 'colcon_pkg'
[0.520s] Level 1:colcon.colcon_core.package_identification:_identify(src/ole2d_ros2_driver) by extensions ['colcon_meta']
[0.520s] Level 1:colcon.colcon_core.package_identification:_identify(src/ole2d_ros2_driver) by extension 'colcon_meta'
[0.520s] Level 1:colcon.colcon_core.package_identification:_identify(src/ole2d_ros2_driver) by extensions ['ros']
[0.521s] Level 1:colcon.colcon_core.package_identification:_identify(src/ole2d_ros2_driver) by extension 'ros'
[0.521s] Level 1:colcon.colcon_core.package_identification:_identify(src/ole2d_ros2_driver) by extensions ['cmake', 'python']
[0.521s] Level 1:colcon.colcon_core.package_identification:_identify(src/ole2d_ros2_driver) by extension 'cmake'
[0.521s] Level 1:colcon.colcon_core.package_identification:_identify(src/ole2d_ros2_driver) by extension 'python'
[0.521s] Level 1:colcon.colcon_core.package_identification:_identify(src/ole2d_ros2_driver) by extensions ['python_setup_py']
[0.521s] Level 1:colcon.colcon_core.package_identification:_identify(src/ole2d_ros2_driver) by extension 'python_setup_py'
[0.521s] Level 1:colcon.colcon_core.package_identification:_identify(src/ole2d_ros2_driver/lidar_msgs) by extensions ['ignore', 'ignore_ament_install']
[0.521s] Level 1:colcon.colcon_core.package_identification:_identify(src/ole2d_ros2_driver/lidar_msgs) by extension 'ignore'
[0.521s] Level 1:colcon.colcon_core.package_identification:_identify(src/ole2d_ros2_driver/lidar_msgs) by extension 'ignore_ament_install'
[0.521s] Level 1:colcon.colcon_core.package_identification:_identify(src/ole2d_ros2_driver/lidar_msgs) by extensions ['colcon_pkg']
[0.521s] Level 1:colcon.colcon_core.package_identification:_identify(src/ole2d_ros2_driver/lidar_msgs) by extension 'colcon_pkg'
[0.522s] Level 1:colcon.colcon_core.package_identification:_identify(src/ole2d_ros2_driver/lidar_msgs) by extensions ['colcon_meta']
[0.522s] Level 1:colcon.colcon_core.package_identification:_identify(src/ole2d_ros2_driver/lidar_msgs) by extension 'colcon_meta'
[0.522s] Level 1:colcon.colcon_core.package_identification:_identify(src/ole2d_ros2_driver/lidar_msgs) by extensions ['ros']
[0.522s] Level 1:colcon.colcon_core.package_identification:_identify(src/ole2d_ros2_driver/lidar_msgs) by extension 'ros'
[0.523s] DEBUG:colcon.colcon_core.package_identification:Package 'src/ole2d_ros2_driver/lidar_msgs' with type 'ros.ament_cmake' and name 'lidar_msgs'
[0.523s] Level 1:colcon.colcon_core.package_identification:_identify(src/ole2d_ros2_driver/ros2_lidar) by extensions ['ignore', 'ignore_ament_install']
[0.523s] Level 1:colcon.colcon_core.package_identification:_identify(src/ole2d_ros2_driver/ros2_lidar) by extension 'ignore'
[0.523s] Level 1:colcon.colcon_core.package_identification:_identify(src/ole2d_ros2_driver/ros2_lidar) by extension 'ignore_ament_install'
[0.523s] Level 1:colcon.colcon_core.package_identification:_identify(src/ole2d_ros2_driver/ros2_lidar) by extensions ['colcon_pkg']
[0.523s] Level 1:colcon.colcon_core.package_identification:_identify(src/ole2d_ros2_driver/ros2_lidar) by extension 'colcon_pkg'
[0.523s] Level 1:colcon.colcon_core.package_identification:_identify(src/ole2d_ros2_driver/ros2_lidar) by extensions ['colcon_meta']
[0.523s] Level 1:colcon.colcon_core.package_identification:_identify(src/ole2d_ros2_driver/ros2_lidar) by extension 'colcon_meta'
[0.524s] Level 1:colcon.colcon_core.package_identification:_identify(src/ole2d_ros2_driver/ros2_lidar) by extensions ['ros']
[0.524s] Level 1:colcon.colcon_core.package_identification:_identify(src/ole2d_ros2_driver/ros2_lidar) by extension 'ros'
[0.526s] DEBUG:colcon.colcon_core.package_identification:Package 'src/ole2d_ros2_driver/ros2_lidar' with type 'ros.ament_cmake' and name 'ros2_lidar'
[0.526s] Level 1:colcon.colcon_core.package_identification:_identify(src/ole2d_ros2_driver_new) by extensions ['ignore', 'ignore_ament_install']
[0.526s] Level 1:colcon.colcon_core.package_identification:_identify(src/ole2d_ros2_driver_new) by extension 'ignore'
[0.526s] Level 1:colcon.colcon_core.package_identification:_identify(src/ole2d_ros2_driver_new) by extension 'ignore_ament_install'
[0.526s] Level 1:colcon.colcon_core.package_identification:_identify(src/ole2d_ros2_driver_new) by extensions ['colcon_pkg']
[0.526s] Level 1:colcon.colcon_core.package_identification:_identify(src/ole2d_ros2_driver_new) by extension 'colcon_pkg'
[0.527s] Level 1:colcon.colcon_core.package_identification:_identify(src/ole2d_ros2_driver_new) by extensions ['colcon_meta']
[0.527s] Level 1:colcon.colcon_core.package_identification:_identify(src/ole2d_ros2_driver_new) by extension 'colcon_meta'
[0.527s] Level 1:colcon.colcon_core.package_identification:_identify(src/ole2d_ros2_driver_new) by extensions ['ros']
[0.527s] Level 1:colcon.colcon_core.package_identification:_identify(src/ole2d_ros2_driver_new) by extension 'ros'
[0.527s] Level 1:colcon.colcon_core.package_identification:_identify(src/ole2d_ros2_driver_new) by extensions ['cmake', 'python']
[0.527s] Level 1:colcon.colcon_core.package_identification:_identify(src/ole2d_ros2_driver_new) by extension 'cmake'
[0.527s] Level 1:colcon.colcon_core.package_identification:_identify(src/ole2d_ros2_driver_new) by extension 'python'
[0.527s] Level 1:colcon.colcon_core.package_identification:_identify(src/ole2d_ros2_driver_new) by extensions ['python_setup_py']
[0.527s] Level 1:colcon.colcon_core.package_identification:_identify(src/ole2d_ros2_driver_new) by extension 'python_setup_py'
[0.527s] Level 1:colcon.colcon_core.package_identification:_identify(src/ole2d_ros2_driver_new/olei_driver) by extensions ['ignore', 'ignore_ament_install']
[0.527s] Level 1:colcon.colcon_core.package_identification:_identify(src/ole2d_ros2_driver_new/olei_driver) by extension 'ignore'
[0.528s] Level 1:colcon.colcon_core.package_identification:_identify(src/ole2d_ros2_driver_new/olei_driver) by extension 'ignore_ament_install'
[0.528s] Level 1:colcon.colcon_core.package_identification:_identify(src/ole2d_ros2_driver_new/olei_driver) by extensions ['colcon_pkg']
[0.528s] Level 1:colcon.colcon_core.package_identification:_identify(src/ole2d_ros2_driver_new/olei_driver) by extension 'colcon_pkg'
[0.528s] Level 1:colcon.colcon_core.package_identification:_identify(src/ole2d_ros2_driver_new/olei_driver) by extensions ['colcon_meta']
[0.528s] Level 1:colcon.colcon_core.package_identification:_identify(src/ole2d_ros2_driver_new/olei_driver) by extension 'colcon_meta'
[0.528s] Level 1:colcon.colcon_core.package_identification:_identify(src/ole2d_ros2_driver_new/olei_driver) by extensions ['ros']
[0.528s] Level 1:colcon.colcon_core.package_identification:_identify(src/ole2d_ros2_driver_new/olei_driver) by extension 'ros'
[0.530s] DEBUG:colcon.colcon_core.package_identification:Package 'src/ole2d_ros2_driver_new/olei_driver' with type 'ros.ament_cmake' and name 'olei_driver'
[0.530s] Level 1:colcon.colcon_core.package_identification:_identify(src/ole2d_ros2_driver_new/olei_interfaces) by extensions ['ignore', 'ignore_ament_install']
[0.530s] Level 1:colcon.colcon_core.package_identification:_identify(src/ole2d_ros2_driver_new/olei_interfaces) by extension 'ignore'
[0.530s] Level 1:colcon.colcon_core.package_identification:_identify(src/ole2d_ros2_driver_new/olei_interfaces) by extension 'ignore_ament_install'
[0.531s] Level 1:colcon.colcon_core.package_identification:_identify(src/ole2d_ros2_driver_new/olei_interfaces) by extensions ['colcon_pkg']
[0.531s] Level 1:colcon.colcon_core.package_identification:_identify(src/ole2d_ros2_driver_new/olei_interfaces) by extension 'colcon_pkg'
[0.531s] Level 1:colcon.colcon_core.package_identification:_identify(src/ole2d_ros2_driver_new/olei_interfaces) by extensions ['colcon_meta']
[0.531s] Level 1:colcon.colcon_core.package_identification:_identify(src/ole2d_ros2_driver_new/olei_interfaces) by extension 'colcon_meta'
[0.531s] Level 1:colcon.colcon_core.package_identification:_identify(src/ole2d_ros2_driver_new/olei_interfaces) by extensions ['ros']
[0.531s] Level 1:colcon.colcon_core.package_identification:_identify(src/ole2d_ros2_driver_new/olei_interfaces) by extension 'ros'
[0.532s] DEBUG:colcon.colcon_core.package_identification:Package 'src/ole2d_ros2_driver_new/olei_interfaces' with type 'ros.ament_cmake' and name 'olei_interfaces'
[0.532s] Level 1:colcon.colcon_core.package_discovery:discover_packages(recursive) using defaults
[0.532s] Level 1:colcon.colcon_core.package_discovery:discover_packages(ignore) discover
[0.532s] Level 1:colcon.colcon_core.package_discovery:discover_packages(ignore) using defaults
[0.532s] Level 1:colcon.colcon_core.package_discovery:discover_packages(path) discover
[0.532s] Level 1:colcon.colcon_core.package_discovery:discover_packages(path) using defaults
[0.554s] INFO:colcon.colcon_core.package_selection:Skipping not selected package 'lidar_data_handler' in 'src/lidar_data_handler'
[0.554s] INFO:colcon.colcon_core.package_selection:Skipping not selected package 'lidar_msgs' in 'src/ole2d_ros2_driver/lidar_msgs'
[0.555s] INFO:colcon.colcon_core.package_selection:Skipping not selected package 'linear_displacement_sensor' in 'src/linear_displacement_sensor'
[0.555s] INFO:colcon.colcon_core.package_selection:Skipping not selected package 'linear_sensor_msgs' in 'src/linear_sensor_msgs'
[0.555s] INFO:colcon.colcon_core.package_selection:Skipping not selected package 'olei_driver' in 'src/ole2d_ros2_driver_new/olei_driver'
[0.555s] INFO:colcon.colcon_core.package_selection:Skipping not selected package 'ros2_lidar' in 'src/ole2d_ros2_driver/ros2_lidar'
[0.555s] Level 1:colcon.colcon_core.package_discovery:discover_packages(prefix_path) check parameters
[0.555s] Level 1:colcon.colcon_core.package_discovery:discover_packages(prefix_path) discover
[0.558s] DEBUG:colcon.colcon_installed_package_information.package_discovery:Found 172 installed packages in /opt/ros/foxy
[0.559s] Level 1:colcon.colcon_core.package_discovery:discover_packages(prefix_path) using defaults
[0.631s] Level 5:colcon.colcon_core.verb:set package 'olei_interfaces' build argument 'cmake_args' from command line to 'None'
[0.631s] Level 5:colcon.colcon_core.verb:set package 'olei_interfaces' build argument 'cmake_target' from command line to 'None'
[0.631s] Level 5:colcon.colcon_core.verb:set package 'olei_interfaces' build argument 'cmake_target_skip_unavailable' from command line to 'False'
[0.631s] Level 5:colcon.colcon_core.verb:set package 'olei_interfaces' build argument 'cmake_clean_cache' from command line to 'False'
[0.631s] Level 5:colcon.colcon_core.verb:set package 'olei_interfaces' build argument 'cmake_clean_first' from command line to 'False'
[0.631s] Level 5:colcon.colcon_core.verb:set package 'olei_interfaces' build argument 'cmake_force_configure' from command line to 'False'
[0.631s] Level 5:colcon.colcon_core.verb:set package 'olei_interfaces' build argument 'ament_cmake_args' from command line to 'None'
[0.631s] Level 5:colcon.colcon_core.verb:set package 'olei_interfaces' build argument 'catkin_cmake_args' from command line to 'None'
[0.631s] Level 5:colcon.colcon_core.verb:set package 'olei_interfaces' build argument 'catkin_skip_building_tests' from command line to 'False'
[0.631s] DEBUG:colcon.colcon_core.verb:Building package 'olei_interfaces' with the following arguments: {'ament_cmake_args': None, 'build_base': '/home/grz/trolley_auto_drive_image/code/build/olei_interfaces', 'catkin_cmake_args': None, 'catkin_skip_building_tests': False, 'cmake_args': None, 'cmake_clean_cache': False, 'cmake_clean_first': False, 'cmake_force_configure': False, 'cmake_target': None, 'cmake_target_skip_unavailable': False, 'install_base': '/home/grz/trolley_auto_drive_image/code/install/olei_interfaces', 'merge_install': False, 'path': '/home/grz/trolley_auto_drive_image/code/src/ole2d_ros2_driver_new/olei_interfaces', 'symlink_install': False, 'test_result_base': None}
[0.632s] INFO:colcon.colcon_core.executor:Executing jobs using 'parallel' executor
[0.633s] DEBUG:colcon.colcon_parallel_executor.executor.parallel:run_until_complete
[0.633s] INFO:colcon.colcon_ros.task.ament_cmake.build:Building ROS package in '/home/grz/trolley_auto_drive_image/code/src/ole2d_ros2_driver_new/olei_interfaces' with build type 'ament_cmake'
[0.633s] INFO:colcon.colcon_cmake.task.cmake.build:Building CMake package in '/home/grz/trolley_auto_drive_image/code/src/ole2d_ros2_driver_new/olei_interfaces'
[0.637s] INFO:colcon.colcon_core.plugin_system:Skipping extension 'colcon_core.shell.bat': Not used on non-Windows systems
[0.637s] INFO:colcon.colcon_core.shell:Skip shell extension 'powershell' for command environment: Not usable outside of PowerShell
[0.637s] DEBUG:colcon.colcon_core.shell:Skip shell extension 'dsv' for command environment
[0.649s] DEBUG:colcon.colcon_core.event_handler.log_command:Invoking command in '/home/grz/trolley_auto_drive_image/code/build/olei_interfaces': CMAKE_PREFIX_PATH=/opt/ros/foxy /usr/bin/cmake /home/grz/trolley_auto_drive_image/code/src/ole2d_ros2_driver_new/olei_interfaces -DCMAKE_INSTALL_PREFIX=/home/grz/trolley_auto_drive_image/code/install/olei_interfaces
[2.665s] DEBUG:colcon.colcon_core.event_handler.log_command:Invoked command in '/home/grz/trolley_auto_drive_image/code/build/olei_interfaces' returned '0': CMAKE_PREFIX_PATH=/opt/ros/foxy /usr/bin/cmake /home/grz/trolley_auto_drive_image/code/src/ole2d_ros2_driver_new/olei_interfaces -DCMAKE_INSTALL_PREFIX=/home/grz/trolley_auto_drive_image/code/install/olei_interfaces
[2.669s] DEBUG:colcon.colcon_core.event_handler.log_command:Invoking command in '/home/grz/trolley_auto_drive_image/code/build/olei_interfaces': CMAKE_PREFIX_PATH=/opt/ros/foxy /usr/bin/cmake --build /home/grz/trolley_auto_drive_image/code/build/olei_interfaces -- -j4 -l4
[11.957s] DEBUG:colcon.colcon_core.event_handler.log_command:Invoked command in '/home/grz/trolley_auto_drive_image/code/build/olei_interfaces' returned '0': CMAKE_PREFIX_PATH=/opt/ros/foxy /usr/bin/cmake --build /home/grz/trolley_auto_drive_image/code/build/olei_interfaces -- -j4 -l4
[11.977s] DEBUG:colcon.colcon_core.event_handler.log_command:Invoking command in '/home/grz/trolley_auto_drive_image/code/build/olei_interfaces': CMAKE_PREFIX_PATH=/opt/ros/foxy /usr/bin/cmake --install /home/grz/trolley_auto_drive_image/code/build/olei_interfaces
[12.111s] Level 1:colcon.colcon_core.environment:create_environment_scripts_only(olei_interfaces)
[12.113s] DEBUG:colcon.colcon_core.event_handler.log_command:Invoked command in '/home/grz/trolley_auto_drive_image/code/build/olei_interfaces' returned '0': CMAKE_PREFIX_PATH=/opt/ros/foxy /usr/bin/cmake --install /home/grz/trolley_auto_drive_image/code/build/olei_interfaces
[12.118s] Level 1:colcon.colcon_core.environment:checking '/home/grz/trolley_auto_drive_image/code/install/olei_interfaces' for CMake module files
[12.119s] Level 1:colcon.colcon_core.environment:checking '/home/grz/trolley_auto_drive_image/code/install/olei_interfaces' for CMake config files
[12.121s] Level 1:colcon.colcon_core.shell:create_environment_hook('olei_interfaces', 'cmake_prefix_path')
[12.121s] INFO:colcon.colcon_core.shell:Creating environment hook '/home/grz/trolley_auto_drive_image/code/install/olei_interfaces/share/olei_interfaces/hook/cmake_prefix_path.ps1'
[12.123s] INFO:colcon.colcon_core.shell:Creating environment descriptor '/home/grz/trolley_auto_drive_image/code/install/olei_interfaces/share/olei_interfaces/hook/cmake_prefix_path.dsv'
[12.124s] INFO:colcon.colcon_core.shell:Creating environment hook '/home/grz/trolley_auto_drive_image/code/install/olei_interfaces/share/olei_interfaces/hook/cmake_prefix_path.sh'
[12.126s] Level 1:colcon.colcon_core.environment:checking '/home/grz/trolley_auto_drive_image/code/install/olei_interfaces/lib'
[12.127s] Level 1:colcon.colcon_core.shell:create_environment_hook('olei_interfaces', 'ld_library_path_lib')
[12.127s] INFO:colcon.colcon_core.shell:Creating environment hook '/home/grz/trolley_auto_drive_image/code/install/olei_interfaces/share/olei_interfaces/hook/ld_library_path_lib.ps1'
[12.128s] INFO:colcon.colcon_core.shell:Creating environment descriptor '/home/grz/trolley_auto_drive_image/code/install/olei_interfaces/share/olei_interfaces/hook/ld_library_path_lib.dsv'
[12.129s] INFO:colcon.colcon_core.shell:Creating environment hook '/home/grz/trolley_auto_drive_image/code/install/olei_interfaces/share/olei_interfaces/hook/ld_library_path_lib.sh'
[12.130s] Level 1:colcon.colcon_core.environment:checking '/home/grz/trolley_auto_drive_image/code/install/olei_interfaces/bin'
[12.130s] Level 1:colcon.colcon_core.environment:checking '/home/grz/trolley_auto_drive_image/code/install/olei_interfaces/lib/pkgconfig/olei_interfaces.pc'
[12.130s] Level 1:colcon.colcon_core.environment:checking '/home/grz/trolley_auto_drive_image/code/install/olei_interfaces/lib/python3.8/site-packages'
[12.131s] Level 1:colcon.colcon_core.shell:create_environment_hook('olei_interfaces', 'pythonpath')
[12.131s] INFO:colcon.colcon_core.shell:Creating environment hook '/home/grz/trolley_auto_drive_image/code/install/olei_interfaces/share/olei_interfaces/hook/pythonpath.ps1'
[12.132s] INFO:colcon.colcon_core.shell:Creating environment descriptor '/home/grz/trolley_auto_drive_image/code/install/olei_interfaces/share/olei_interfaces/hook/pythonpath.dsv'
[12.133s] INFO:colcon.colcon_core.shell:Creating environment hook '/home/grz/trolley_auto_drive_image/code/install/olei_interfaces/share/olei_interfaces/hook/pythonpath.sh'
[12.134s] Level 1:colcon.colcon_core.environment:checking '/home/grz/trolley_auto_drive_image/code/install/olei_interfaces/bin'
[12.135s] INFO:colcon.colcon_core.shell:Creating package script '/home/grz/trolley_auto_drive_image/code/install/olei_interfaces/share/olei_interfaces/package.ps1'
[12.137s] INFO:colcon.colcon_core.shell:Creating package descriptor '/home/grz/trolley_auto_drive_image/code/install/olei_interfaces/share/olei_interfaces/package.dsv'
[12.139s] INFO:colcon.colcon_core.shell:Creating package script '/home/grz/trolley_auto_drive_image/code/install/olei_interfaces/share/olei_interfaces/package.sh'
[12.141s] INFO:colcon.colcon_core.shell:Creating package script '/home/grz/trolley_auto_drive_image/code/install/olei_interfaces/share/olei_interfaces/package.bash'
[12.143s] INFO:colcon.colcon_core.shell:Creating package script '/home/grz/trolley_auto_drive_image/code/install/olei_interfaces/share/olei_interfaces/package.zsh'
[12.145s] Level 1:colcon.colcon_core.environment:create_file_with_runtime_dependencies(/home/grz/trolley_auto_drive_image/code/install/olei_interfaces/share/colcon-core/packages/olei_interfaces)
[12.147s] Level 1:colcon.colcon_core.environment:create_environment_scripts_only(olei_interfaces)
[12.147s] Level 1:colcon.colcon_core.environment:checking '/home/grz/trolley_auto_drive_image/code/install/olei_interfaces' for CMake module files
[12.149s] Level 1:colcon.colcon_core.environment:checking '/home/grz/trolley_auto_drive_image/code/install/olei_interfaces' for CMake config files
[12.150s] Level 1:colcon.colcon_core.shell:create_environment_hook('olei_interfaces', 'cmake_prefix_path')
[12.150s] INFO:colcon.colcon_core.shell:Creating environment hook '/home/grz/trolley_auto_drive_image/code/install/olei_interfaces/share/olei_interfaces/hook/cmake_prefix_path.ps1'
[12.151s] INFO:colcon.colcon_core.shell:Creating environment descriptor '/home/grz/trolley_auto_drive_image/code/install/olei_interfaces/share/olei_interfaces/hook/cmake_prefix_path.dsv'
[12.152s] INFO:colcon.colcon_core.shell:Creating environment hook '/home/grz/trolley_auto_drive_image/code/install/olei_interfaces/share/olei_interfaces/hook/cmake_prefix_path.sh'
[12.153s] Level 1:colcon.colcon_core.environment:checking '/home/grz/trolley_auto_drive_image/code/install/olei_interfaces/lib'
[12.154s] Level 1:colcon.colcon_core.shell:create_environment_hook('olei_interfaces', 'ld_library_path_lib')
[12.154s] INFO:colcon.colcon_core.shell:Creating environment hook '/home/grz/trolley_auto_drive_image/code/install/olei_interfaces/share/olei_interfaces/hook/ld_library_path_lib.ps1'
[12.155s] INFO:colcon.colcon_core.shell:Creating environment descriptor '/home/grz/trolley_auto_drive_image/code/install/olei_interfaces/share/olei_interfaces/hook/ld_library_path_lib.dsv'
[12.156s] INFO:colcon.colcon_core.shell:Creating environment hook '/home/grz/trolley_auto_drive_image/code/install/olei_interfaces/share/olei_interfaces/hook/ld_library_path_lib.sh'
[12.157s] Level 1:colcon.colcon_core.environment:checking '/home/grz/trolley_auto_drive_image/code/install/olei_interfaces/bin'
[12.158s] Level 1:colcon.colcon_core.environment:checking '/home/grz/trolley_auto_drive_image/code/install/olei_interfaces/lib/pkgconfig/olei_interfaces.pc'
[12.158s] Level 1:colcon.colcon_core.environment:checking '/home/grz/trolley_auto_drive_image/code/install/olei_interfaces/lib/python3.8/site-packages'
[12.158s] Level 1:colcon.colcon_core.shell:create_environment_hook('olei_interfaces', 'pythonpath')
[12.159s] INFO:colcon.colcon_core.shell:Creating environment hook '/home/grz/trolley_auto_drive_image/code/install/olei_interfaces/share/olei_interfaces/hook/pythonpath.ps1'
[12.160s] INFO:colcon.colcon_core.shell:Creating environment descriptor '/home/grz/trolley_auto_drive_image/code/install/olei_interfaces/share/olei_interfaces/hook/pythonpath.dsv'
[12.161s] INFO:colcon.colcon_core.shell:Creating environment hook '/home/grz/trolley_auto_drive_image/code/install/olei_interfaces/share/olei_interfaces/hook/pythonpath.sh'
[12.163s] Level 1:colcon.colcon_core.environment:checking '/home/grz/trolley_auto_drive_image/code/install/olei_interfaces/bin'
[12.164s] INFO:colcon.colcon_core.shell:Creating package script '/home/grz/trolley_auto_drive_image/code/install/olei_interfaces/share/olei_interfaces/package.ps1'
[12.165s] INFO:colcon.colcon_core.shell:Creating package descriptor '/home/grz/trolley_auto_drive_image/code/install/olei_interfaces/share/olei_interfaces/package.dsv'
[12.167s] INFO:colcon.colcon_core.shell:Creating package script '/home/grz/trolley_auto_drive_image/code/install/olei_interfaces/share/olei_interfaces/package.sh'
[12.168s] INFO:colcon.colcon_core.shell:Creating package script '/home/grz/trolley_auto_drive_image/code/install/olei_interfaces/share/olei_interfaces/package.bash'
[12.170s] INFO:colcon.colcon_core.shell:Creating package script '/home/grz/trolley_auto_drive_image/code/install/olei_interfaces/share/olei_interfaces/package.zsh'
[12.171s] Level 1:colcon.colcon_core.environment:create_file_with_runtime_dependencies(/home/grz/trolley_auto_drive_image/code/install/olei_interfaces/share/colcon-core/packages/olei_interfaces)
[12.171s] DEBUG:colcon.colcon_parallel_executor.executor.parallel:closing loop
[12.172s] DEBUG:colcon.colcon_parallel_executor.executor.parallel:loop closed
[12.172s] DEBUG:colcon.colcon_parallel_executor.executor.parallel:run_until_complete finished with '0'
[12.173s] DEBUG:colcon.colcon_core.event_reactor:joining thread
[12.181s] INFO:colcon.colcon_core.plugin_system:Skipping extension 'colcon_notification.desktop_notification.notify_send': Could not find 'notify-send'
[12.181s] INFO:colcon.colcon_core.plugin_system:Skipping extension 'colcon_notification.desktop_notification.terminal_notifier': Not used on non-Darwin systems
[12.182s] INFO:colcon.colcon_core.plugin_system:Skipping extension 'colcon_notification.desktop_notification.win32': Not used on non-Windows systems
[12.182s] INFO:colcon.colcon_notification.desktop_notification:Sending desktop notification using 'notify2'
[12.188s] DEBUG:colcon.colcon_core.event_reactor:joined thread
[12.188s] INFO:colcon.colcon_core.shell:Creating prefix script '/home/grz/trolley_auto_drive_image/code/install/local_setup.ps1'
[12.191s] INFO:colcon.colcon_core.shell:Creating prefix util module '/home/grz/trolley_auto_drive_image/code/install/_local_setup_util_ps1.py'
[12.195s] INFO:colcon.colcon_core.shell:Creating prefix chain script '/home/grz/trolley_auto_drive_image/code/install/setup.ps1'
[12.198s] INFO:colcon.colcon_core.shell:Creating prefix script '/home/grz/trolley_auto_drive_image/code/install/local_setup.sh'
[12.199s] INFO:colcon.colcon_core.shell:Creating prefix util module '/home/grz/trolley_auto_drive_image/code/install/_local_setup_util_sh.py'
[12.200s] INFO:colcon.colcon_core.shell:Creating prefix chain script '/home/grz/trolley_auto_drive_image/code/install/setup.sh'
[12.203s] INFO:colcon.colcon_core.shell:Creating prefix script '/home/grz/trolley_auto_drive_image/code/install/local_setup.bash'
[12.204s] INFO:colcon.colcon_core.shell:Creating prefix chain script '/home/grz/trolley_auto_drive_image/code/install/setup.bash'
[12.207s] INFO:colcon.colcon_core.shell:Creating prefix script '/home/grz/trolley_auto_drive_image/code/install/local_setup.zsh'
[12.208s] INFO:colcon.colcon_core.shell:Creating prefix chain script '/home/grz/trolley_auto_drive_image/code/install/setup.zsh'
