-- Found ament_cmake: 0.9.12 (/opt/ros/foxy/share/ament_cmake/cmake)
-- Using PYTHON_EXECUTABLE: /usr/bin/python3
-- Found olei_interfaces: 2.0.0 (/home/grz/trolley_auto_drive_image/code/install/olei_interfaces/share/olei_interfaces/cmake)
-- Using all available rosidl_typesupport_c: rosidl_typesupport_fastrtps_c;rosidl_typesupport_introspection_c
-- Found rosidl_adapter: 1.3.1 (/opt/ros/foxy/share/rosidl_adapter/cmake)
-- Using all available rosidl_typesupport_cpp: rosidl_typesupport_fastrtps_cpp;rosidl_typesupport_introspection_cpp
-- Found laser_geometry: 2.2.0 (/opt/ros/foxy/share/laser_geometry/cmake)
-- Found pcl_conversions: 2.2.1 (/opt/ros/foxy/share/pcl_conversions/cmake)
-- Found rmw_implementation_cmake: 1.0.4 (/opt/ros/foxy/share/rmw_implementation_cmake/cmake)
-- Using RMW implementation 'rmw_fastrtps_cpp' as default
-- Found pcl_ros: 2.2.1 (/opt/ros/foxy/share/pcl_ros/cmake)
-- Eigen found (include: /usr/include/eigen3, version: 3.3.7)
-- The imported target "vtkParseOGLExt" references the file
   "/usr/bin/vtkParseOGLExt-7.1"
but this file does not exist.  Possible reasons include:
* The file was deleted, renamed, or moved to another location.
* An install or uninstall procedure did not complete successfully.
* The installation package was faulty and contained
   "/usr/lib/cmake/vtk-7.1/VTKTargets.cmake"
but not all the files it references.

-- The imported target "vtkRenderingPythonTkWidgets" references the file
   "/usr/lib/x86_64-linux-gnu/libvtkRenderingPythonTkWidgets.so"
but this file does not exist.  Possible reasons include:
* The file was deleted, renamed, or moved to another location.
* An install or uninstall procedure did not complete successfully.
* The installation package was faulty and contained
   "/usr/lib/cmake/vtk-7.1/VTKTargets.cmake"
but not all the files it references.

-- The imported target "vtk" references the file
   "/usr/bin/vtk"
but this file does not exist.  Possible reasons include:
* The file was deleted, renamed, or moved to another location.
* An install or uninstall procedure did not complete successfully.
* The installation package was faulty and contained
   "/usr/lib/cmake/vtk-7.1/VTKTargets.cmake"
but not all the files it references.

-- The imported target "pvtk" references the file
   "/usr/bin/pvtk"
but this file does not exist.  Possible reasons include:
* The file was deleted, renamed, or moved to another location.
* An install or uninstall procedure did not complete successfully.
* The installation package was faulty and contained
   "/usr/lib/cmake/vtk-7.1/VTKTargets.cmake"
but not all the files it references.

-- Checking for module 'libusb-1.0'
--   No package 'libusb-1.0' found
-- Could NOT find USB_10 (missing: USB_10_LIBRARY USB_10_INCLUDE_DIR) 
-- OpenNI disabled because libusb-1.0 not found.
-- Checking for module 'libusb-1.0'
--   No package 'libusb-1.0' found
-- Could NOT find USB_10 (missing: USB_10_LIBRARY USB_10_INCLUDE_DIR) 
-- OpenNI 2 disabled because libusb-1.0 not found.
-- LIBUSB_1_LIBRARY (missing: LIBUSB_1_INCLUDE_DIR) 
-- Checking for module 'libusb-1.0'
--   No package 'libusb-1.0' found
-- Could NOT find USB_10 (missing: USB_10_LIBRARY USB_10_INCLUDE_DIR) 
-- OpenNI disabled because libusb-1.0 not found.
-- Checking for module 'libusb-1.0'
--   No package 'libusb-1.0' found
-- Could NOT find USB_10 (missing: USB_10_LIBRARY USB_10_INCLUDE_DIR) 
-- OpenNI 2 disabled because libusb-1.0 not found.
-- QHULL found (include: /usr/include, lib: optimized;/usr/lib/x86_64-linux-gnu/libqhull.so;debug;/usr/lib/x86_64-linux-gnu/libqhull.so)
-- Checking for module 'libusb-1.0'
--   No package 'libusb-1.0' found
-- Could NOT find USB_10 (missing: USB_10_LIBRARY USB_10_INCLUDE_DIR) 
-- OpenNI disabled because libusb-1.0 not found.
-- Found PkgConfig: /usr/bin/pkg-config (found version "0.29.1") 
-- Checking for module 'curlpp'
--   Found curlpp, version 
-- Configuring done
-- Generating done
-- Build files have been written to: /home/grz/trolley_auto_drive_image/code/build/olei_driver
[35m[1mScanning dependencies of target ros_main[0m
[  6%] [32mBuilding CXX object CMakeFiles/ros_main.dir/src/olei/olei_packet_reader.cpp.o[0m
[ 13%] [32mBuilding CXX object CMakeFiles/ros_main.dir/src/olei/olei_interface.cpp.o[0m
[ 20%] [32mBuilding CXX object CMakeFiles/ros_main.dir/src/olei/olei_packet/olei_packet.cpp.o[0m
[ 26%] [32mBuilding CXX object CMakeFiles/ros_main.dir/src/pipeline.cpp.o[0m
[ 33%] [32mBuilding CXX object CMakeFiles/ros_main.dir/src/olei/olei_packet/olei_vf_packet.cpp.o[0m
[ 40%] [32mBuilding CXX object CMakeFiles/ros_main.dir/src/olei/olei_packet/olei_vf_packet_a.cpp.o[0m
[ 46%] [32mBuilding CXX object CMakeFiles/ros_main.dir/src/olei/olei_packet/olei_vf_packet_b.cpp.o[0m
[ 53%] [32mBuilding CXX object CMakeFiles/ros_main.dir/src/olei/olei_packet/olei_vf_packet_c.cpp.o[0m
[ 60%] [32mBuilding CXX object CMakeFiles/ros_main.dir/src/olei/olei_packet/olei_version2_a.cpp.o[0m
[ 66%] [32mBuilding CXX object CMakeFiles/ros_main.dir/src/olei/olei_packet/olei_version2.cpp.o[0m
[ 73%] [32mBuilding CXX object CMakeFiles/ros_main.dir/src/communication/udp_transport.cpp.o[0m
[ 80%] [32mBuilding CXX object CMakeFiles/ros_main.dir/src/communication/tcp_transport.cpp.o[0m
[ 86%] [32mBuilding CXX object CMakeFiles/ros_main.dir/src/ros/lidar_publish.cpp.o[0m
[ 93%] [32mBuilding CXX object CMakeFiles/ros_main.dir/src/ros/ros_main.cpp.o[0m
[100%] [32m[1mLinking CXX executable ros_main[0m
[100%] Built target ros_main
-- Install configuration: ""
-- Installing: /home/grz/trolley_auto_drive_image/code/install/olei_driver/lib/olei_driver/ros_main
-- Set runtime path of "/home/grz/trolley_auto_drive_image/code/install/olei_driver/lib/olei_driver/ros_main" to ""
-- Installing: /home/grz/trolley_auto_drive_image/code/install/olei_driver/share/olei_driver/launch
-- Installing: /home/grz/trolley_auto_drive_image/code/install/olei_driver/share/olei_driver/launch/vf.launch.py
-- Installing: /home/grz/trolley_auto_drive_image/code/install/olei_driver/share/olei_driver/config
-- Installing: /home/grz/trolley_auto_drive_image/code/install/olei_driver/share/olei_driver/config/vf_params.yaml
-- Installing: /home/grz/trolley_auto_drive_image/code/install/olei_driver/include
-- Installing: /home/grz/trolley_auto_drive_image/code/install/olei_driver/include/writer.h
-- Installing: /home/grz/trolley_auto_drive_image/code/install/olei_driver/include/queue
-- Installing: /home/grz/trolley_auto_drive_image/code/install/olei_driver/include/queue/LICENSE.md
-- Installing: /home/grz/trolley_auto_drive_image/code/install/olei_driver/include/queue/atomicops.h
-- Installing: /home/grz/trolley_auto_drive_image/code/install/olei_driver/include/queue/readerwriterqueue.h
-- Installing: /home/grz/trolley_auto_drive_image/code/install/olei_driver/include/ros
-- Installing: /home/grz/trolley_auto_drive_image/code/install/olei_driver/include/ros/lidar_publish.h
-- Installing: /home/grz/trolley_auto_drive_image/code/install/olei_driver/include/parser.h
-- Installing: /home/grz/trolley_auto_drive_image/code/install/olei_driver/include/olei
-- Installing: /home/grz/trolley_auto_drive_image/code/install/olei_driver/include/olei/olei_parser.h
-- Installing: /home/grz/trolley_auto_drive_image/code/install/olei_driver/include/olei/olei_writer.h
-- Installing: /home/grz/trolley_auto_drive_image/code/install/olei_driver/include/olei/olei_packet
-- Installing: /home/grz/trolley_auto_drive_image/code/install/olei_driver/include/olei/olei_packet/olei_version2_a.h
-- Installing: /home/grz/trolley_auto_drive_image/code/install/olei_driver/include/olei/olei_packet/olei_version2.h
-- Installing: /home/grz/trolley_auto_drive_image/code/install/olei_driver/include/olei/olei_packet/olei_vf_packet_c.h
-- Installing: /home/grz/trolley_auto_drive_image/code/install/olei_driver/include/olei/olei_packet/olei_packet.h
-- Installing: /home/grz/trolley_auto_drive_image/code/install/olei_driver/include/olei/olei_packet/olei_vf_packet.h
-- Installing: /home/grz/trolley_auto_drive_image/code/install/olei_driver/include/olei/olei_packet/olei_vf_packet_a.h
-- Installing: /home/grz/trolley_auto_drive_image/code/install/olei_driver/include/olei/olei_packet/olei_vf_packet_b.h
-- Installing: /home/grz/trolley_auto_drive_image/code/install/olei_driver/include/olei/olei_interface.h
-- Installing: /home/grz/trolley_auto_drive_image/code/install/olei_driver/include/olei/olei_packet_reader.h
-- Installing: /home/grz/trolley_auto_drive_image/code/install/olei_driver/include/communication
-- Installing: /home/grz/trolley_auto_drive_image/code/install/olei_driver/include/communication/tcp_transport.h
-- Installing: /home/grz/trolley_auto_drive_image/code/install/olei_driver/include/communication/transport.h
-- Installing: /home/grz/trolley_auto_drive_image/code/install/olei_driver/include/communication/transport_type.h
-- Installing: /home/grz/trolley_auto_drive_image/code/install/olei_driver/include/communication/udp_transport.h
-- Installing: /home/grz/trolley_auto_drive_image/code/install/olei_driver/include/pipeline.h
-- Installing: /home/grz/trolley_auto_drive_image/code/install/olei_driver/include/reader.h
-- Installing: /home/grz/trolley_auto_drive_image/code/install/olei_driver/include/handle_info.h
-- Installing: /home/grz/trolley_auto_drive_image/code/install/olei_driver/share/ament_index/resource_index/package_run_dependencies/olei_driver
-- Installing: /home/grz/trolley_auto_drive_image/code/install/olei_driver/share/ament_index/resource_index/parent_prefix_path/olei_driver
-- Installing: /home/grz/trolley_auto_drive_image/code/install/olei_driver/share/olei_driver/environment/ament_prefix_path.sh
-- Installing: /home/grz/trolley_auto_drive_image/code/install/olei_driver/share/olei_driver/environment/ament_prefix_path.dsv
-- Installing: /home/grz/trolley_auto_drive_image/code/install/olei_driver/share/olei_driver/environment/path.sh
-- Installing: /home/grz/trolley_auto_drive_image/code/install/olei_driver/share/olei_driver/environment/path.dsv
-- Installing: /home/grz/trolley_auto_drive_image/code/install/olei_driver/share/olei_driver/local_setup.bash
-- Installing: /home/grz/trolley_auto_drive_image/code/install/olei_driver/share/olei_driver/local_setup.sh
-- Installing: /home/grz/trolley_auto_drive_image/code/install/olei_driver/share/olei_driver/local_setup.zsh
-- Installing: /home/grz/trolley_auto_drive_image/code/install/olei_driver/share/olei_driver/local_setup.dsv
-- Installing: /home/grz/trolley_auto_drive_image/code/install/olei_driver/share/olei_driver/package.dsv
-- Installing: /home/grz/trolley_auto_drive_image/code/install/olei_driver/share/ament_index/resource_index/packages/olei_driver
-- Installing: /home/grz/trolley_auto_drive_image/code/install/olei_driver/share/olei_driver/cmake/ament_cmake_export_include_directories-extras.cmake
-- Installing: /home/grz/trolley_auto_drive_image/code/install/olei_driver/share/olei_driver/cmake/olei_driverConfig.cmake
-- Installing: /home/grz/trolley_auto_drive_image/code/install/olei_driver/share/olei_driver/cmake/olei_driverConfig-version.cmake
-- Installing: /home/grz/trolley_auto_drive_image/code/install/olei_driver/share/olei_driver/package.xml
