[0.026s] Invoking command in '/home/grz/trolley_auto_drive_image/code/build/linear_sensor_msgs': CMAKE_PREFIX_PATH=/opt/ros/foxy /usr/bin/cmake /home/grz/trolley_auto_drive_image/code/src/linear_sensor_msgs -DCMAKE_INSTALL_PREFIX=/home/grz/trolley_auto_drive_image/code/install/linear_sensor_msgs
[0.193s] -- The C compiler identification is GNU 9.4.0
[0.370s] -- The CXX compiler identification is GNU 9.4.0
[0.381s] -- Check for working C compiler: /usr/bin/cc
[0.482s] -- Check for working C compiler: /usr/bin/cc -- works
[0.484s] -- Detecting C compiler ABI info
[0.584s] -- Detecting C compiler ABI info - done
[0.602s] -- Detecting C compile features
[0.603s] -- Detecting C compile features - done
[0.607s] -- Check for working CXX compiler: /usr/bin/c++
[0.726s] -- Check for working CXX compiler: /usr/bin/c++ -- works
[0.728s] -- Detecting CXX compiler ABI info
[0.848s] -- Detecting CXX compiler ABI info - done
[0.866s] -- Detecting CXX compile features
[0.867s] -- Detecting CXX compile features - done
[0.871s] -- Found ament_cmake: 0.9.12 (/opt/ros/foxy/share/ament_cmake/cmake)
[0.915s] -- Found PythonInterp: /usr/bin/python3 (found suitable version "3.8.10", minimum required is "3") 
[0.915s] -- Using PYTHON_EXECUTABLE: /usr/bin/python3
[1.214s] -- Found ament_lint_auto: 0.9.8 (/opt/ros/foxy/share/ament_lint_auto/cmake)
[1.329s] -- Found std_msgs: 2.0.5 (/opt/ros/foxy/share/std_msgs/cmake)
[1.372s] -- Using all available rosidl_typesupport_c: rosidl_typesupport_fastrtps_c;rosidl_typesupport_introspection_c
[1.381s] -- Found rosidl_adapter: 1.3.1 (/opt/ros/foxy/share/rosidl_adapter/cmake)
[1.495s] -- Found OpenSSL: /usr/lib/x86_64-linux-gnu/libcrypto.so (found version "1.1.1f")  
[1.537s] -- Found FastRTPS: /opt/ros/foxy/include  
[1.647s] -- Using all available rosidl_typesupport_cpp: rosidl_typesupport_fastrtps_cpp;rosidl_typesupport_introspection_cpp
[1.720s] -- Found rosidl_default_generators: 1.0.1 (/opt/ros/foxy/share/rosidl_default_generators/cmake)
[1.768s] -- Found PythonInterp: /usr/bin/python3 (found version "3.8.10") 
[1.930s] -- Found ament_cmake_ros: 0.9.2 (/opt/ros/foxy/share/ament_cmake_ros/cmake)
[2.268s] -- Using all available rosidl_typesupport_c: rosidl_typesupport_fastrtps_c;rosidl_typesupport_introspection_c
[2.369s] -- Using all available rosidl_typesupport_cpp: rosidl_typesupport_fastrtps_cpp;rosidl_typesupport_introspection_cpp
[2.406s] -- Found PythonInterp: /usr/bin/python3 (found suitable version "3.8.10", minimum required is "3.5") 
[2.408s] -- Found python_cmake_module: 0.8.1 (/opt/ros/foxy/share/python_cmake_module/cmake)
[2.452s] -- Found PythonLibs: /usr/lib/x86_64-linux-gnu/libpython3.8.so (found suitable version "3.8.10", minimum required is "3.5") 
[2.452s] -- Using PYTHON_EXECUTABLE: /usr/bin/python3
[2.452s] -- Using PYTHON_INCLUDE_DIRS: /usr/include/python3.8
[2.452s] -- Using PYTHON_LIBRARIES: /usr/lib/x86_64-linux-gnu/libpython3.8.so
[2.485s] -- Found PythonExtra: .so  
[2.583s] -- Added test 'copyright' to check source files copyright and LICENSE
[2.586s] -- Added test 'lint_cmake' to check CMake code style
[2.587s] -- Added test 'xmllint' to check XML markup files
[2.598s] -- Configuring done
[2.669s] -- Generating done
[2.693s] -- Build files have been written to: /home/grz/trolley_auto_drive_image/code/build/linear_sensor_msgs
[2.714s] Invoked command in '/home/grz/trolley_auto_drive_image/code/build/linear_sensor_msgs' returned '0': CMAKE_PREFIX_PATH=/opt/ros/foxy /usr/bin/cmake /home/grz/trolley_auto_drive_image/code/src/linear_sensor_msgs -DCMAKE_INSTALL_PREFIX=/home/grz/trolley_auto_drive_image/code/install/linear_sensor_msgs
[2.718s] Invoking command in '/home/grz/trolley_auto_drive_image/code/build/linear_sensor_msgs': CMAKE_PREFIX_PATH=/opt/ros/foxy /usr/bin/cmake --build /home/grz/trolley_auto_drive_image/code/build/linear_sensor_msgs -- -j4 -l4
[2.784s] [35m[1mScanning dependencies of target linear_sensor_msgs__cpp[0m
[2.784s] [  3%] [34m[1mGenerating C code for ROS interfaces[0m
[2.806s] [  6%] [34m[1mGenerating C++ code for ROS interfaces[0m
[3.457s] [35m[1mScanning dependencies of target linear_sensor_msgs__rosidl_generator_c[0m
[3.463s] [  6%] Built target linear_sensor_msgs__cpp
[3.490s] [  9%] [34m[1mGenerating C++ type support dispatch for ROS interfaces[0m
[3.497s] [ 12%] [34m[1mGenerating C++ introspection for ROS interfaces[0m
[3.521s] [ 16%] [34m[1mGenerating C++ type support for eProsima Fast-RTPS[0m
[3.539s] [ 19%] [32mBuilding C object CMakeFiles/linear_sensor_msgs__rosidl_generator_c.dir/rosidl_generator_c/linear_sensor_msgs/msg/detail/linear_sensor_data__functions.c.o[0m
[3.796s] [ 22%] [32m[1mLinking C shared library liblinear_sensor_msgs__rosidl_generator_c.so[0m
[4.053s] [ 22%] Built target linear_sensor_msgs__rosidl_generator_c
[4.121s] [ 25%] [34m[1mGenerating C type support dispatch for ROS interfaces[0m
[4.393s] [35m[1mScanning dependencies of target linear_sensor_msgs__rosidl_typesupport_cpp[0m
[4.436s] [35m[1mScanning dependencies of target linear_sensor_msgs__rosidl_typesupport_fastrtps_cpp[0m
[4.468s] [ 29%] [32mBuilding CXX object CMakeFiles/linear_sensor_msgs__rosidl_typesupport_cpp.dir/rosidl_typesupport_cpp/linear_sensor_msgs/msg/linear_sensor_data__type_support.cpp.o[0m
[4.513s] [35m[1mScanning dependencies of target linear_sensor_msgs__rosidl_typesupport_introspection_cpp[0m
[4.553s] [ 32%] [32mBuilding CXX object CMakeFiles/linear_sensor_msgs__rosidl_typesupport_fastrtps_cpp.dir/rosidl_typesupport_fastrtps_cpp/linear_sensor_msgs/msg/detail/dds_fastrtps/linear_sensor_data__type_support.cpp.o[0m
[4.601s] [ 35%] [32mBuilding CXX object CMakeFiles/linear_sensor_msgs__rosidl_typesupport_introspection_cpp.dir/rosidl_typesupport_introspection_cpp/linear_sensor_msgs/msg/detail/linear_sensor_data__type_support.cpp.o[0m
[5.175s] [35m[1mScanning dependencies of target linear_sensor_msgs__rosidl_typesupport_c[0m
[5.257s] [ 38%] [32mBuilding CXX object CMakeFiles/linear_sensor_msgs__rosidl_typesupport_c.dir/rosidl_typesupport_c/linear_sensor_msgs/msg/linear_sensor_data__type_support.cpp.o[0m
[5.420s] [ 41%] [32m[1mLinking CXX shared library liblinear_sensor_msgs__rosidl_typesupport_c.so[0m
[5.535s] [ 41%] Built target linear_sensor_msgs__rosidl_typesupport_c
[5.559s] [ 45%] [34m[1mGenerating C introspection for ROS interfaces[0m
[6.189s] [ 48%] [32m[1mLinking CXX shared library liblinear_sensor_msgs__rosidl_typesupport_cpp.so[0m
[6.226s] [ 51%] [32m[1mLinking CXX shared library liblinear_sensor_msgs__rosidl_typesupport_introspection_cpp.so[0m
[6.417s] [ 51%] Built target linear_sensor_msgs__rosidl_typesupport_cpp
[6.538s] [ 51%] Built target linear_sensor_msgs__rosidl_typesupport_introspection_cpp
[6.760s] [ 54%] [32m[1mLinking CXX shared library liblinear_sensor_msgs__rosidl_typesupport_fastrtps_cpp.so[0m
[6.822s] [35m[1mScanning dependencies of target linear_sensor_msgs__rosidl_typesupport_introspection_c[0m
[6.907s] [ 58%] [32mBuilding C object CMakeFiles/linear_sensor_msgs__rosidl_typesupport_introspection_c.dir/rosidl_typesupport_introspection_c/linear_sensor_msgs/msg/detail/linear_sensor_data__type_support.c.o[0m
[7.070s] [ 61%] [32m[1mLinking C shared library liblinear_sensor_msgs__rosidl_typesupport_introspection_c.so[0m
[7.140s] [ 61%] Built target linear_sensor_msgs__rosidl_typesupport_fastrtps_cpp
[7.202s] [ 64%] [34m[1mGenerating C type support for eProsima Fast-RTPS[0m
[7.266s] [ 64%] Built target linear_sensor_msgs__rosidl_typesupport_introspection_c
[7.896s] [35m[1mScanning dependencies of target linear_sensor_msgs__rosidl_typesupport_fastrtps_c[0m
[7.930s] [ 67%] [32mBuilding CXX object CMakeFiles/linear_sensor_msgs__rosidl_typesupport_fastrtps_c.dir/rosidl_typesupport_fastrtps_c/linear_sensor_msgs/msg/detail/linear_sensor_data__type_support_c.cpp.o[0m
[8.545s] [ 70%] [32m[1mLinking CXX shared library liblinear_sensor_msgs__rosidl_typesupport_fastrtps_c.so[0m
[8.704s] [ 70%] Built target linear_sensor_msgs__rosidl_typesupport_fastrtps_c
[8.720s] [35m[1mScanning dependencies of target linear_sensor_msgs[0m
[8.735s] [ 70%] Built target linear_sensor_msgs
[8.754s] [35m[1mScanning dependencies of target linear_sensor_msgs__py[0m
[8.775s] [ 74%] [34m[1mGenerating Python code for ROS interfaces[0m
[9.638s] [ 74%] Built target linear_sensor_msgs__py
[9.659s] [35m[1mScanning dependencies of target linear_sensor_msgs__python[0m
[9.704s] [ 77%] [32mBuilding C object CMakeFiles/linear_sensor_msgs__python.dir/rosidl_generator_py/linear_sensor_msgs/msg/_linear_sensor_data_s.c.o[0m
[9.840s] [ 80%] [32m[1mLinking C shared library rosidl_generator_py/linear_sensor_msgs/liblinear_sensor_msgs__python.so[0m
[9.904s] [ 80%] Built target linear_sensor_msgs__python
[9.924s] [35m[1mScanning dependencies of target linear_sensor_msgs__rosidl_typesupport_introspection_c__pyext[0m
[9.925s] [35m[1mScanning dependencies of target linear_sensor_msgs__rosidl_typesupport_c__pyext[0m
[9.925s] [35m[1mScanning dependencies of target linear_sensor_msgs__rosidl_typesupport_fastrtps_c__pyext[0m
[9.972s] [ 87%] [32mBuilding C object CMakeFiles/linear_sensor_msgs__rosidl_typesupport_introspection_c__pyext.dir/rosidl_generator_py/linear_sensor_msgs/_linear_sensor_msgs_s.ep.rosidl_typesupport_introspection_c.c.o[0m
[9.973s] [ 87%] [32mBuilding C object CMakeFiles/linear_sensor_msgs__rosidl_typesupport_c__pyext.dir/rosidl_generator_py/linear_sensor_msgs/_linear_sensor_msgs_s.ep.rosidl_typesupport_c.c.o[0m
[9.976s] [ 90%] [32mBuilding C object CMakeFiles/linear_sensor_msgs__rosidl_typesupport_fastrtps_c__pyext.dir/rosidl_generator_py/linear_sensor_msgs/_linear_sensor_msgs_s.ep.rosidl_typesupport_fastrtps_c.c.o[0m
[10.174s] [ 93%] [32m[1mLinking C shared library rosidl_generator_py/linear_sensor_msgs/linear_sensor_msgs_s__rosidl_typesupport_c.cpython-38-x86_64-linux-gnu.so[0m
[10.176s] [ 96%] [32m[1mLinking C shared library rosidl_generator_py/linear_sensor_msgs/linear_sensor_msgs_s__rosidl_typesupport_introspection_c.cpython-38-x86_64-linux-gnu.so[0m
[10.179s] [100%] [32m[1mLinking CXX shared library rosidl_generator_py/linear_sensor_msgs/linear_sensor_msgs_s__rosidl_typesupport_fastrtps_c.cpython-38-x86_64-linux-gnu.so[0m
[10.267s] [100%] Built target linear_sensor_msgs__rosidl_typesupport_c__pyext
[10.273s] [100%] Built target linear_sensor_msgs__rosidl_typesupport_introspection_c__pyext
[10.317s] [100%] Built target linear_sensor_msgs__rosidl_typesupport_fastrtps_c__pyext
[10.334s] Invoked command in '/home/grz/trolley_auto_drive_image/code/build/linear_sensor_msgs' returned '0': CMAKE_PREFIX_PATH=/opt/ros/foxy /usr/bin/cmake --build /home/grz/trolley_auto_drive_image/code/build/linear_sensor_msgs -- -j4 -l4
[10.352s] Invoking command in '/home/grz/trolley_auto_drive_image/code/build/linear_sensor_msgs': CMAKE_PREFIX_PATH=/opt/ros/foxy /usr/bin/cmake --install /home/grz/trolley_auto_drive_image/code/build/linear_sensor_msgs
[10.365s] -- Install configuration: ""
[10.365s] -- Installing: /home/grz/trolley_auto_drive_image/code/install/linear_sensor_msgs/share/ament_index/resource_index/rosidl_interfaces/linear_sensor_msgs
[10.366s] -- Installing: /home/grz/trolley_auto_drive_image/code/install/linear_sensor_msgs/include/linear_sensor_msgs
[10.366s] -- Installing: /home/grz/trolley_auto_drive_image/code/install/linear_sensor_msgs/include/linear_sensor_msgs/msg
[10.366s] -- Installing: /home/grz/trolley_auto_drive_image/code/install/linear_sensor_msgs/include/linear_sensor_msgs/msg/rosidl_generator_c__visibility_control.h
[10.366s] -- Installing: /home/grz/trolley_auto_drive_image/code/install/linear_sensor_msgs/include/linear_sensor_msgs/msg/linear_sensor_data.h
[10.367s] -- Installing: /home/grz/trolley_auto_drive_image/code/install/linear_sensor_msgs/include/linear_sensor_msgs/msg/detail
[10.367s] -- Installing: /home/grz/trolley_auto_drive_image/code/install/linear_sensor_msgs/include/linear_sensor_msgs/msg/detail/linear_sensor_data__struct.h
[10.367s] -- Installing: /home/grz/trolley_auto_drive_image/code/install/linear_sensor_msgs/include/linear_sensor_msgs/msg/detail/linear_sensor_data__functions.h
[10.367s] -- Installing: /home/grz/trolley_auto_drive_image/code/install/linear_sensor_msgs/include/linear_sensor_msgs/msg/detail/linear_sensor_data__functions.c
[10.368s] -- Installing: /home/grz/trolley_auto_drive_image/code/install/linear_sensor_msgs/include/linear_sensor_msgs/msg/detail/linear_sensor_data__type_support.h
[10.368s] -- Installing: /home/grz/trolley_auto_drive_image/code/install/linear_sensor_msgs/share/linear_sensor_msgs/environment/library_path.sh
[10.368s] -- Installing: /home/grz/trolley_auto_drive_image/code/install/linear_sensor_msgs/share/linear_sensor_msgs/environment/library_path.dsv
[10.368s] -- Installing: /home/grz/trolley_auto_drive_image/code/install/linear_sensor_msgs/lib/liblinear_sensor_msgs__rosidl_generator_c.so
[10.369s] -- Set runtime path of "/home/grz/trolley_auto_drive_image/code/install/linear_sensor_msgs/lib/liblinear_sensor_msgs__rosidl_generator_c.so" to ""
[10.369s] -- Up-to-date: /home/grz/trolley_auto_drive_image/code/install/linear_sensor_msgs/include/linear_sensor_msgs
[10.369s] -- Up-to-date: /home/grz/trolley_auto_drive_image/code/install/linear_sensor_msgs/include/linear_sensor_msgs/msg
[10.369s] -- Installing: /home/grz/trolley_auto_drive_image/code/install/linear_sensor_msgs/include/linear_sensor_msgs/msg/rosidl_typesupport_fastrtps_c__visibility_control.h
[10.369s] -- Up-to-date: /home/grz/trolley_auto_drive_image/code/install/linear_sensor_msgs/include/linear_sensor_msgs/msg/detail
[10.370s] -- Installing: /home/grz/trolley_auto_drive_image/code/install/linear_sensor_msgs/include/linear_sensor_msgs/msg/detail/linear_sensor_data__rosidl_typesupport_fastrtps_c.h
[10.370s] -- Installing: /home/grz/trolley_auto_drive_image/code/install/linear_sensor_msgs/lib/liblinear_sensor_msgs__rosidl_typesupport_fastrtps_c.so
[10.370s] -- Set runtime path of "/home/grz/trolley_auto_drive_image/code/install/linear_sensor_msgs/lib/liblinear_sensor_msgs__rosidl_typesupport_fastrtps_c.so" to ""
[10.370s] -- Up-to-date: /home/grz/trolley_auto_drive_image/code/install/linear_sensor_msgs/include/linear_sensor_msgs
[10.371s] -- Up-to-date: /home/grz/trolley_auto_drive_image/code/install/linear_sensor_msgs/include/linear_sensor_msgs/msg
[10.371s] -- Installing: /home/grz/trolley_auto_drive_image/code/install/linear_sensor_msgs/include/linear_sensor_msgs/msg/rosidl_typesupport_fastrtps_cpp__visibility_control.h
[10.371s] -- Up-to-date: /home/grz/trolley_auto_drive_image/code/install/linear_sensor_msgs/include/linear_sensor_msgs/msg/detail
[10.371s] -- Installing: /home/grz/trolley_auto_drive_image/code/install/linear_sensor_msgs/include/linear_sensor_msgs/msg/detail/linear_sensor_data__rosidl_typesupport_fastrtps_cpp.hpp
[10.371s] -- Installing: /home/grz/trolley_auto_drive_image/code/install/linear_sensor_msgs/include/linear_sensor_msgs/msg/detail/dds_fastrtps
[10.372s] -- Installing: /home/grz/trolley_auto_drive_image/code/install/linear_sensor_msgs/lib/liblinear_sensor_msgs__rosidl_typesupport_fastrtps_cpp.so
[10.372s] -- Set runtime path of "/home/grz/trolley_auto_drive_image/code/install/linear_sensor_msgs/lib/liblinear_sensor_msgs__rosidl_typesupport_fastrtps_cpp.so" to ""
[10.372s] -- Up-to-date: /home/grz/trolley_auto_drive_image/code/install/linear_sensor_msgs/include/linear_sensor_msgs
[10.372s] -- Up-to-date: /home/grz/trolley_auto_drive_image/code/install/linear_sensor_msgs/include/linear_sensor_msgs/msg
[10.372s] -- Installing: /home/grz/trolley_auto_drive_image/code/install/linear_sensor_msgs/include/linear_sensor_msgs/msg/rosidl_typesupport_introspection_c__visibility_control.h
[10.373s] -- Up-to-date: /home/grz/trolley_auto_drive_image/code/install/linear_sensor_msgs/include/linear_sensor_msgs/msg/detail
[10.373s] -- Installing: /home/grz/trolley_auto_drive_image/code/install/linear_sensor_msgs/include/linear_sensor_msgs/msg/detail/linear_sensor_data__rosidl_typesupport_introspection_c.h
[10.373s] -- Installing: /home/grz/trolley_auto_drive_image/code/install/linear_sensor_msgs/include/linear_sensor_msgs/msg/detail/linear_sensor_data__type_support.c
[10.373s] -- Installing: /home/grz/trolley_auto_drive_image/code/install/linear_sensor_msgs/lib/liblinear_sensor_msgs__rosidl_typesupport_introspection_c.so
[10.373s] -- Set runtime path of "/home/grz/trolley_auto_drive_image/code/install/linear_sensor_msgs/lib/liblinear_sensor_msgs__rosidl_typesupport_introspection_c.so" to ""
[10.374s] -- Installing: /home/grz/trolley_auto_drive_image/code/install/linear_sensor_msgs/lib/liblinear_sensor_msgs__rosidl_typesupport_c.so
[10.374s] -- Set runtime path of "/home/grz/trolley_auto_drive_image/code/install/linear_sensor_msgs/lib/liblinear_sensor_msgs__rosidl_typesupport_c.so" to ""
[10.374s] -- Up-to-date: /home/grz/trolley_auto_drive_image/code/install/linear_sensor_msgs/include/linear_sensor_msgs
[10.375s] -- Up-to-date: /home/grz/trolley_auto_drive_image/code/install/linear_sensor_msgs/include/linear_sensor_msgs/msg
[10.375s] -- Installing: /home/grz/trolley_auto_drive_image/code/install/linear_sensor_msgs/include/linear_sensor_msgs/msg/rosidl_generator_cpp__visibility_control.hpp
[10.375s] -- Installing: /home/grz/trolley_auto_drive_image/code/install/linear_sensor_msgs/include/linear_sensor_msgs/msg/linear_sensor_data.hpp
[10.375s] -- Up-to-date: /home/grz/trolley_auto_drive_image/code/install/linear_sensor_msgs/include/linear_sensor_msgs/msg/detail
[10.376s] -- Installing: /home/grz/trolley_auto_drive_image/code/install/linear_sensor_msgs/include/linear_sensor_msgs/msg/detail/linear_sensor_data__traits.hpp
[10.376s] -- Installing: /home/grz/trolley_auto_drive_image/code/install/linear_sensor_msgs/include/linear_sensor_msgs/msg/detail/linear_sensor_data__builder.hpp
[10.376s] -- Installing: /home/grz/trolley_auto_drive_image/code/install/linear_sensor_msgs/include/linear_sensor_msgs/msg/detail/linear_sensor_data__struct.hpp
[10.376s] -- Installing: /home/grz/trolley_auto_drive_image/code/install/linear_sensor_msgs/include/linear_sensor_msgs/msg/detail/linear_sensor_data__type_support.hpp
[10.376s] -- Up-to-date: /home/grz/trolley_auto_drive_image/code/install/linear_sensor_msgs/include/linear_sensor_msgs
[10.377s] -- Up-to-date: /home/grz/trolley_auto_drive_image/code/install/linear_sensor_msgs/include/linear_sensor_msgs/msg
[10.377s] -- Up-to-date: /home/grz/trolley_auto_drive_image/code/install/linear_sensor_msgs/include/linear_sensor_msgs/msg/detail
[10.377s] -- Installing: /home/grz/trolley_auto_drive_image/code/install/linear_sensor_msgs/include/linear_sensor_msgs/msg/detail/linear_sensor_data__rosidl_typesupport_introspection_cpp.hpp
[10.377s] -- Installing: /home/grz/trolley_auto_drive_image/code/install/linear_sensor_msgs/include/linear_sensor_msgs/msg/detail/linear_sensor_data__type_support.cpp
[10.377s] -- Installing: /home/grz/trolley_auto_drive_image/code/install/linear_sensor_msgs/lib/liblinear_sensor_msgs__rosidl_typesupport_introspection_cpp.so
[10.378s] -- Set runtime path of "/home/grz/trolley_auto_drive_image/code/install/linear_sensor_msgs/lib/liblinear_sensor_msgs__rosidl_typesupport_introspection_cpp.so" to ""
[10.378s] -- Installing: /home/grz/trolley_auto_drive_image/code/install/linear_sensor_msgs/lib/liblinear_sensor_msgs__rosidl_typesupport_cpp.so
[10.378s] -- Set runtime path of "/home/grz/trolley_auto_drive_image/code/install/linear_sensor_msgs/lib/liblinear_sensor_msgs__rosidl_typesupport_cpp.so" to ""
[10.378s] -- Installing: /home/grz/trolley_auto_drive_image/code/install/linear_sensor_msgs/share/linear_sensor_msgs/environment/pythonpath.sh
[10.378s] -- Installing: /home/grz/trolley_auto_drive_image/code/install/linear_sensor_msgs/share/linear_sensor_msgs/environment/pythonpath.dsv
[10.378s] -- Installing: /home/grz/trolley_auto_drive_image/code/install/linear_sensor_msgs/lib/python3.8/site-packages/linear_sensor_msgs/__init__.py
[10.421s] Compiling '/home/grz/trolley_auto_drive_image/code/install/linear_sensor_msgs/lib/python3.8/site-packages/linear_sensor_msgs/__init__.py'...
[10.428s] -- Installing: /home/grz/trolley_auto_drive_image/code/install/linear_sensor_msgs/lib/python3.8/site-packages/linear_sensor_msgs/msg
[10.429s] -- Installing: /home/grz/trolley_auto_drive_image/code/install/linear_sensor_msgs/lib/python3.8/site-packages/linear_sensor_msgs/msg/_linear_sensor_data.py
[10.429s] -- Installing: /home/grz/trolley_auto_drive_image/code/install/linear_sensor_msgs/lib/python3.8/site-packages/linear_sensor_msgs/msg/__init__.py
[10.429s] -- Installing: /home/grz/trolley_auto_drive_image/code/install/linear_sensor_msgs/lib/python3.8/site-packages/linear_sensor_msgs/msg/_linear_sensor_data_s.c
[10.430s] -- Installing: /home/grz/trolley_auto_drive_image/code/install/linear_sensor_msgs/lib/python3.8/site-packages/linear_sensor_msgs/linear_sensor_msgs_s__rosidl_typesupport_fastrtps_c.cpython-38-x86_64-linux-gnu.so
[10.431s] -- Set runtime path of "/home/grz/trolley_auto_drive_image/code/install/linear_sensor_msgs/lib/python3.8/site-packages/linear_sensor_msgs/linear_sensor_msgs_s__rosidl_typesupport_fastrtps_c.cpython-38-x86_64-linux-gnu.so" to ""
[10.431s] -- Installing: /home/grz/trolley_auto_drive_image/code/install/linear_sensor_msgs/lib/python3.8/site-packages/linear_sensor_msgs/linear_sensor_msgs_s__rosidl_typesupport_introspection_c.cpython-38-x86_64-linux-gnu.so
[10.432s] -- Set runtime path of "/home/grz/trolley_auto_drive_image/code/install/linear_sensor_msgs/lib/python3.8/site-packages/linear_sensor_msgs/linear_sensor_msgs_s__rosidl_typesupport_introspection_c.cpython-38-x86_64-linux-gnu.so" to ""
[10.433s] -- Installing: /home/grz/trolley_auto_drive_image/code/install/linear_sensor_msgs/lib/python3.8/site-packages/linear_sensor_msgs/linear_sensor_msgs_s__rosidl_typesupport_c.cpython-38-x86_64-linux-gnu.so
[10.434s] -- Set runtime path of "/home/grz/trolley_auto_drive_image/code/install/linear_sensor_msgs/lib/python3.8/site-packages/linear_sensor_msgs/linear_sensor_msgs_s__rosidl_typesupport_c.cpython-38-x86_64-linux-gnu.so" to ""
[10.434s] -- Installing: /home/grz/trolley_auto_drive_image/code/install/linear_sensor_msgs/lib/liblinear_sensor_msgs__python.so
[10.435s] -- Set runtime path of "/home/grz/trolley_auto_drive_image/code/install/linear_sensor_msgs/lib/liblinear_sensor_msgs__python.so" to ""
[10.435s] -- Installing: /home/grz/trolley_auto_drive_image/code/install/linear_sensor_msgs/share/linear_sensor_msgs/msg/LinearSensorData.idl
[10.435s] -- Installing: /home/grz/trolley_auto_drive_image/code/install/linear_sensor_msgs/share/linear_sensor_msgs/msg/LinearSensorData.msg
[10.436s] -- Installing: /home/grz/trolley_auto_drive_image/code/install/linear_sensor_msgs/share/ament_index/resource_index/package_run_dependencies/linear_sensor_msgs
[10.436s] -- Installing: /home/grz/trolley_auto_drive_image/code/install/linear_sensor_msgs/share/ament_index/resource_index/parent_prefix_path/linear_sensor_msgs
[10.437s] -- Installing: /home/grz/trolley_auto_drive_image/code/install/linear_sensor_msgs/share/linear_sensor_msgs/environment/ament_prefix_path.sh
[10.437s] -- Installing: /home/grz/trolley_auto_drive_image/code/install/linear_sensor_msgs/share/linear_sensor_msgs/environment/ament_prefix_path.dsv
[10.437s] -- Installing: /home/grz/trolley_auto_drive_image/code/install/linear_sensor_msgs/share/linear_sensor_msgs/environment/path.sh
[10.438s] -- Installing: /home/grz/trolley_auto_drive_image/code/install/linear_sensor_msgs/share/linear_sensor_msgs/environment/path.dsv
[10.438s] -- Installing: /home/grz/trolley_auto_drive_image/code/install/linear_sensor_msgs/share/linear_sensor_msgs/local_setup.bash
[10.438s] -- Installing: /home/grz/trolley_auto_drive_image/code/install/linear_sensor_msgs/share/linear_sensor_msgs/local_setup.sh
[10.439s] -- Installing: /home/grz/trolley_auto_drive_image/code/install/linear_sensor_msgs/share/linear_sensor_msgs/local_setup.zsh
[10.439s] -- Installing: /home/grz/trolley_auto_drive_image/code/install/linear_sensor_msgs/share/linear_sensor_msgs/local_setup.dsv
[10.439s] -- Installing: /home/grz/trolley_auto_drive_image/code/install/linear_sensor_msgs/share/linear_sensor_msgs/package.dsv
[10.440s] -- Installing: /home/grz/trolley_auto_drive_image/code/install/linear_sensor_msgs/share/ament_index/resource_index/packages/linear_sensor_msgs
[10.440s] -- Installing: /home/grz/trolley_auto_drive_image/code/install/linear_sensor_msgs/share/linear_sensor_msgs/cmake/linear_sensor_msgs__rosidl_generator_cExport.cmake
[10.440s] -- Installing: /home/grz/trolley_auto_drive_image/code/install/linear_sensor_msgs/share/linear_sensor_msgs/cmake/linear_sensor_msgs__rosidl_generator_cExport-noconfig.cmake
[10.441s] -- Installing: /home/grz/trolley_auto_drive_image/code/install/linear_sensor_msgs/share/linear_sensor_msgs/cmake/linear_sensor_msgs__rosidl_typesupport_introspection_cExport.cmake
[10.441s] -- Installing: /home/grz/trolley_auto_drive_image/code/install/linear_sensor_msgs/share/linear_sensor_msgs/cmake/linear_sensor_msgs__rosidl_typesupport_introspection_cExport-noconfig.cmake
[10.442s] -- Installing: /home/grz/trolley_auto_drive_image/code/install/linear_sensor_msgs/share/linear_sensor_msgs/cmake/linear_sensor_msgs__rosidl_typesupport_cExport.cmake
[10.442s] -- Installing: /home/grz/trolley_auto_drive_image/code/install/linear_sensor_msgs/share/linear_sensor_msgs/cmake/linear_sensor_msgs__rosidl_typesupport_cExport-noconfig.cmake
[10.442s] -- Installing: /home/grz/trolley_auto_drive_image/code/install/linear_sensor_msgs/share/linear_sensor_msgs/cmake/linear_sensor_msgs__rosidl_generator_cppExport.cmake
[10.443s] -- Installing: /home/grz/trolley_auto_drive_image/code/install/linear_sensor_msgs/share/linear_sensor_msgs/cmake/linear_sensor_msgs__rosidl_typesupport_introspection_cppExport.cmake
[10.443s] -- Installing: /home/grz/trolley_auto_drive_image/code/install/linear_sensor_msgs/share/linear_sensor_msgs/cmake/linear_sensor_msgs__rosidl_typesupport_introspection_cppExport-noconfig.cmake
[10.443s] -- Installing: /home/grz/trolley_auto_drive_image/code/install/linear_sensor_msgs/share/linear_sensor_msgs/cmake/linear_sensor_msgs__rosidl_typesupport_cppExport.cmake
[10.444s] -- Installing: /home/grz/trolley_auto_drive_image/code/install/linear_sensor_msgs/share/linear_sensor_msgs/cmake/linear_sensor_msgs__rosidl_typesupport_cppExport-noconfig.cmake
[10.444s] -- Installing: /home/grz/trolley_auto_drive_image/code/install/linear_sensor_msgs/share/linear_sensor_msgs/cmake/rosidl_cmake-extras.cmake
[10.444s] -- Installing: /home/grz/trolley_auto_drive_image/code/install/linear_sensor_msgs/share/linear_sensor_msgs/cmake/ament_cmake_export_dependencies-extras.cmake
[10.445s] -- Installing: /home/grz/trolley_auto_drive_image/code/install/linear_sensor_msgs/share/linear_sensor_msgs/cmake/ament_cmake_export_libraries-extras.cmake
[10.445s] -- Installing: /home/grz/trolley_auto_drive_image/code/install/linear_sensor_msgs/share/linear_sensor_msgs/cmake/ament_cmake_export_targets-extras.cmake
[10.445s] -- Installing: /home/grz/trolley_auto_drive_image/code/install/linear_sensor_msgs/share/linear_sensor_msgs/cmake/ament_cmake_export_include_directories-extras.cmake
[10.446s] -- Installing: /home/grz/trolley_auto_drive_image/code/install/linear_sensor_msgs/share/linear_sensor_msgs/cmake/rosidl_cmake_export_typesupport_libraries-extras.cmake
[10.446s] -- Installing: /home/grz/trolley_auto_drive_image/code/install/linear_sensor_msgs/share/linear_sensor_msgs/cmake/rosidl_cmake_export_typesupport_targets-extras.cmake
[10.446s] -- Installing: /home/grz/trolley_auto_drive_image/code/install/linear_sensor_msgs/share/linear_sensor_msgs/cmake/linear_sensor_msgsConfig.cmake
[10.447s] -- Installing: /home/grz/trolley_auto_drive_image/code/install/linear_sensor_msgs/share/linear_sensor_msgs/cmake/linear_sensor_msgsConfig-version.cmake
[10.447s] -- Installing: /home/grz/trolley_auto_drive_image/code/install/linear_sensor_msgs/share/linear_sensor_msgs/package.xml
[10.452s] Invoked command in '/home/grz/trolley_auto_drive_image/code/build/linear_sensor_msgs' returned '0': CMAKE_PREFIX_PATH=/opt/ros/foxy /usr/bin/cmake --install /home/grz/trolley_auto_drive_image/code/build/linear_sensor_msgs
