[0.021s] Invoking command in '/home/grz/trolley_auto_drive_image/code/build/lidar_msgs': CMAKE_PREFIX_PATH=/opt/ros/foxy /usr/bin/cmake /home/grz/trolley_auto_drive_image/code/src/ole2d_ros2_driver/lidar_msgs -DCMAKE_INSTALL_PREFIX=/home/grz/trolley_auto_drive_image/code/install/lidar_msgs
[0.134s] -- The C compiler identification is GNU 9.4.0
[0.215s] -- The CXX compiler identification is GNU 9.4.0
[0.221s] -- Check for working C compiler: /usr/bin/cc
[0.319s] -- Check for working C compiler: /usr/bin/cc -- works
[0.321s] -- Detecting C compiler ABI info
[0.420s] -- Detecting C compiler ABI info - done
[0.450s] -- Detecting C compile features
[0.451s] -- Detecting C compile features - done
[0.456s] -- Check for working CXX compiler: /usr/bin/c++
[0.575s] -- Check for working CXX compiler: /usr/bin/c++ -- works
[0.576s] -- Detecting CXX compiler ABI info
[0.690s] -- Detecting CXX compiler ABI info - done
[0.707s] -- Detecting CXX compile features
[0.708s] -- Detecting CXX compile features - done
[0.711s] -- Found ament_cmake: 0.9.12 (/opt/ros/foxy/share/ament_cmake/cmake)
[0.747s] -- Found PythonInterp: /usr/bin/python3 (found suitable version "3.8.10", minimum required is "3") 
[0.747s] -- Using PYTHON_EXECUTABLE: /usr/bin/python3
[1.033s] -- Found builtin_interfaces: 1.0.0 (/opt/ros/foxy/share/builtin_interfaces/cmake)
[1.069s] -- Using all available rosidl_typesupport_c: rosidl_typesupport_fastrtps_c;rosidl_typesupport_introspection_c
[1.077s] -- Found rosidl_adapter: 1.3.1 (/opt/ros/foxy/share/rosidl_adapter/cmake)
[1.179s] -- Found OpenSSL: /usr/lib/x86_64-linux-gnu/libcrypto.so (found version "1.1.1f")  
[1.223s] -- Found FastRTPS: /opt/ros/foxy/include  
[1.336s] -- Using all available rosidl_typesupport_cpp: rosidl_typesupport_fastrtps_cpp;rosidl_typesupport_introspection_cpp
[1.378s] -- Found rosidl_default_generators: 1.0.1 (/opt/ros/foxy/share/rosidl_default_generators/cmake)
[1.394s] -- Found std_msgs: 2.0.5 (/opt/ros/foxy/share/std_msgs/cmake)
[1.454s] -- Found PythonInterp: /usr/bin/python3 (found version "3.8.10") 
[1.706s] -- Found ament_cmake_ros: 0.9.2 (/opt/ros/foxy/share/ament_cmake_ros/cmake)
[1.962s] -- Using all available rosidl_typesupport_c: rosidl_typesupport_fastrtps_c;rosidl_typesupport_introspection_c
[2.058s] -- Using all available rosidl_typesupport_cpp: rosidl_typesupport_fastrtps_cpp;rosidl_typesupport_introspection_cpp
[2.096s] -- Found PythonInterp: /usr/bin/python3 (found suitable version "3.8.10", minimum required is "3.5") 
[2.098s] -- Found python_cmake_module: 0.8.1 (/opt/ros/foxy/share/python_cmake_module/cmake)
[2.145s] -- Found PythonLibs: /usr/lib/x86_64-linux-gnu/libpython3.8.so (found suitable version "3.8.10", minimum required is "3.5") 
[2.145s] -- Using PYTHON_EXECUTABLE: /usr/bin/python3
[2.145s] -- Using PYTHON_INCLUDE_DIRS: /usr/include/python3.8
[2.145s] -- Using PYTHON_LIBRARIES: /usr/lib/x86_64-linux-gnu/libpython3.8.so
[2.178s] -- Found PythonExtra: .so  
[2.283s] -- Configuring done
[2.354s] -- Generating done
[2.378s] -- Build files have been written to: /home/grz/trolley_auto_drive_image/code/build/lidar_msgs
[2.390s] Invoked command in '/home/grz/trolley_auto_drive_image/code/build/lidar_msgs' returned '0': CMAKE_PREFIX_PATH=/opt/ros/foxy /usr/bin/cmake /home/grz/trolley_auto_drive_image/code/src/ole2d_ros2_driver/lidar_msgs -DCMAKE_INSTALL_PREFIX=/home/grz/trolley_auto_drive_image/code/install/lidar_msgs
[2.396s] Invoking command in '/home/grz/trolley_auto_drive_image/code/build/lidar_msgs': CMAKE_PREFIX_PATH=/opt/ros/foxy /usr/bin/cmake --build /home/grz/trolley_auto_drive_image/code/build/lidar_msgs -- -j4 -l4
[2.458s] [35m[1mScanning dependencies of target lidar_msgs__cpp[0m
[2.462s] [  2%] [34m[1mGenerating C code for ROS interfaces[0m
[2.480s] [  5%] [34m[1mGenerating C++ code for ROS interfaces[0m
[3.459s] [  5%] Built target lidar_msgs__cpp
[3.525s] [  7%] [34m[1mGenerating C++ introspection for ROS interfaces[0m
[3.536s] [ 10%] [34m[1mGenerating C++ type support dispatch for ROS interfaces[0m
[3.543s] [ 12%] [34m[1mGenerating C++ type support for eProsima Fast-RTPS[0m
[3.549s] [35m[1mScanning dependencies of target lidar_msgs__rosidl_generator_c[0m
[3.621s] [ 15%] [32mBuilding C object CMakeFiles/lidar_msgs__rosidl_generator_c.dir/rosidl_generator_c/lidar_msgs/srv/detail/get_metadata__functions.c.o[0m
[3.934s] [ 17%] [32mBuilding C object CMakeFiles/lidar_msgs__rosidl_generator_c.dir/rosidl_generator_c/lidar_msgs/msg/detail/metadata__functions.c.o[0m
[4.185s] [ 20%] [32m[1mLinking C shared library liblidar_msgs__rosidl_generator_c.so[0m
[4.424s] [ 20%] Built target lidar_msgs__rosidl_generator_c
[4.492s] [ 23%] [34m[1mGenerating C type support dispatch for ROS interfaces[0m
[4.594s] [35m[1mScanning dependencies of target lidar_msgs__rosidl_typesupport_cpp[0m
[4.658s] [ 25%] [32mBuilding CXX object CMakeFiles/lidar_msgs__rosidl_typesupport_cpp.dir/rosidl_typesupport_cpp/lidar_msgs/srv/get_metadata__type_support.cpp.o[0m
[5.184s] [35m[1mScanning dependencies of target lidar_msgs__rosidl_typesupport_introspection_cpp[0m
[5.254s] [35m[1mScanning dependencies of target lidar_msgs__rosidl_typesupport_fastrtps_cpp[0m
[5.277s] [ 28%] [32mBuilding CXX object CMakeFiles/lidar_msgs__rosidl_typesupport_introspection_cpp.dir/rosidl_typesupport_introspection_cpp/lidar_msgs/srv/detail/get_metadata__type_support.cpp.o[0m
[5.369s] [ 30%] [32mBuilding CXX object CMakeFiles/lidar_msgs__rosidl_typesupport_fastrtps_cpp.dir/rosidl_typesupport_fastrtps_cpp/lidar_msgs/srv/detail/dds_fastrtps/get_metadata__type_support.cpp.o[0m
[5.906s] [35m[1mScanning dependencies of target lidar_msgs__rosidl_typesupport_c[0m
[5.934s] [ 33%] [32mBuilding CXX object CMakeFiles/lidar_msgs__rosidl_typesupport_c.dir/rosidl_typesupport_c/lidar_msgs/srv/get_metadata__type_support.cpp.o[0m
[6.052s] [ 35%] [32mBuilding CXX object CMakeFiles/lidar_msgs__rosidl_typesupport_c.dir/rosidl_typesupport_c/lidar_msgs/msg/metadata__type_support.cpp.o[0m
[6.056s] [ 38%] [32mBuilding CXX object CMakeFiles/lidar_msgs__rosidl_typesupport_cpp.dir/rosidl_typesupport_cpp/lidar_msgs/msg/metadata__type_support.cpp.o[0m
[6.238s] [ 41%] [32m[1mLinking CXX shared library liblidar_msgs__rosidl_typesupport_c.so[0m
[6.392s] [ 43%] [32mBuilding CXX object CMakeFiles/lidar_msgs__rosidl_typesupport_introspection_cpp.dir/rosidl_typesupport_introspection_cpp/lidar_msgs/msg/detail/metadata__type_support.cpp.o[0m
[6.403s] [ 43%] Built target lidar_msgs__rosidl_typesupport_c
[6.476s] [ 46%] [34m[1mGenerating C introspection for ROS interfaces[0m
[6.978s] [ 48%] [32mBuilding CXX object CMakeFiles/lidar_msgs__rosidl_typesupport_fastrtps_cpp.dir/rosidl_typesupport_fastrtps_cpp/lidar_msgs/msg/detail/dds_fastrtps/metadata__type_support.cpp.o[0m
[7.021s] [ 51%] [32m[1mLinking CXX shared library liblidar_msgs__rosidl_typesupport_cpp.so[0m
[7.195s] [ 53%] [32m[1mLinking CXX shared library liblidar_msgs__rosidl_typesupport_introspection_cpp.so[0m
[7.232s] [ 53%] Built target lidar_msgs__rosidl_typesupport_cpp
[7.365s] [ 53%] Built target lidar_msgs__rosidl_typesupport_introspection_cpp
[7.368s] [35m[1mScanning dependencies of target lidar_msgs__rosidl_typesupport_introspection_c[0m
[7.393s] [ 58%] [32mBuilding C object CMakeFiles/lidar_msgs__rosidl_typesupport_introspection_c.dir/rosidl_typesupport_introspection_c/lidar_msgs/srv/detail/get_metadata__type_support.c.o[0m
[7.393s] [ 58%] [32mBuilding C object CMakeFiles/lidar_msgs__rosidl_typesupport_introspection_c.dir/rosidl_typesupport_introspection_c/lidar_msgs/msg/detail/metadata__type_support.c.o[0m
[7.473s] [ 61%] [32m[1mLinking C shared library liblidar_msgs__rosidl_typesupport_introspection_c.so[0m
[7.540s] [ 61%] Built target lidar_msgs__rosidl_typesupport_introspection_c
[7.847s] [ 64%] [32m[1mLinking CXX shared library liblidar_msgs__rosidl_typesupport_fastrtps_cpp.so[0m
[7.983s] [ 64%] Built target lidar_msgs__rosidl_typesupport_fastrtps_cpp
[7.998s] [ 66%] [34m[1mGenerating C type support for eProsima Fast-RTPS[0m
[8.411s] [35m[1mScanning dependencies of target lidar_msgs__rosidl_typesupport_fastrtps_c[0m
[8.444s] [ 71%] [32mBuilding CXX object CMakeFiles/lidar_msgs__rosidl_typesupport_fastrtps_c.dir/rosidl_typesupport_fastrtps_c/lidar_msgs/msg/detail/metadata__type_support_c.cpp.o[0m
[8.444s] [ 71%] [32mBuilding CXX object CMakeFiles/lidar_msgs__rosidl_typesupport_fastrtps_c.dir/rosidl_typesupport_fastrtps_c/lidar_msgs/srv/detail/get_metadata__type_support_c.cpp.o[0m
[9.239s] [ 74%] [32m[1mLinking CXX shared library liblidar_msgs__rosidl_typesupport_fastrtps_c.so[0m
[9.403s] [ 74%] Built target lidar_msgs__rosidl_typesupport_fastrtps_c
[9.425s] [35m[1mScanning dependencies of target lidar_msgs[0m
[9.448s] [ 74%] Built target lidar_msgs
[9.470s] [35m[1mScanning dependencies of target lidar_msgs__py[0m
[9.493s] [ 76%] [34m[1mGenerating Python code for ROS interfaces[0m
[10.361s] [ 76%] Built target lidar_msgs__py
[10.374s] [35m[1mScanning dependencies of target lidar_msgs__python[0m
[10.405s] [ 82%] [32mBuilding C object CMakeFiles/lidar_msgs__python.dir/rosidl_generator_py/lidar_msgs/srv/_get_metadata_s.c.o[0m
[10.405s] [ 82%] [32mBuilding C object CMakeFiles/lidar_msgs__python.dir/rosidl_generator_py/lidar_msgs/msg/_metadata_s.c.o[0m
[10.535s] [ 84%] [32m[1mLinking C shared library rosidl_generator_py/lidar_msgs/liblidar_msgs__python.so[0m
[10.598s] [ 84%] Built target lidar_msgs__python
[10.613s] [35m[1mScanning dependencies of target lidar_msgs__rosidl_typesupport_fastrtps_c__pyext[0m
[10.618s] [35m[1mScanning dependencies of target lidar_msgs__rosidl_typesupport_introspection_c__pyext[0m
[10.618s] [35m[1mScanning dependencies of target lidar_msgs__rosidl_typesupport_c__pyext[0m
[10.644s] [ 87%] [32mBuilding C object CMakeFiles/lidar_msgs__rosidl_typesupport_fastrtps_c__pyext.dir/rosidl_generator_py/lidar_msgs/_lidar_msgs_s.ep.rosidl_typesupport_fastrtps_c.c.o[0m
[10.657s] [ 89%] [32mBuilding C object CMakeFiles/lidar_msgs__rosidl_typesupport_c__pyext.dir/rosidl_generator_py/lidar_msgs/_lidar_msgs_s.ep.rosidl_typesupport_c.c.o[0m
[10.661s] [ 92%] [32mBuilding C object CMakeFiles/lidar_msgs__rosidl_typesupport_introspection_c__pyext.dir/rosidl_generator_py/lidar_msgs/_lidar_msgs_s.ep.rosidl_typesupport_introspection_c.c.o[0m
[10.786s] [ 94%] [32m[1mLinking C shared library rosidl_generator_py/lidar_msgs/lidar_msgs_s__rosidl_typesupport_introspection_c.cpython-38-x86_64-linux-gnu.so[0m
[10.847s] [ 94%] Built target lidar_msgs__rosidl_typesupport_introspection_c__pyext
[10.858s] [100%] [32m[1mLinking C shared library rosidl_generator_py/lidar_msgs/lidar_msgs_s__rosidl_typesupport_c.cpython-38-x86_64-linux-gnu.so[0m
[10.859s] [100%] [32m[1mLinking CXX shared library rosidl_generator_py/lidar_msgs/lidar_msgs_s__rosidl_typesupport_fastrtps_c.cpython-38-x86_64-linux-gnu.so[0m
[10.914s] [100%] Built target lidar_msgs__rosidl_typesupport_c__pyext
[10.960s] [100%] Built target lidar_msgs__rosidl_typesupport_fastrtps_c__pyext
[10.975s] Invoked command in '/home/grz/trolley_auto_drive_image/code/build/lidar_msgs' returned '0': CMAKE_PREFIX_PATH=/opt/ros/foxy /usr/bin/cmake --build /home/grz/trolley_auto_drive_image/code/build/lidar_msgs -- -j4 -l4
[10.979s] Invoking command in '/home/grz/trolley_auto_drive_image/code/build/lidar_msgs': CMAKE_PREFIX_PATH=/opt/ros/foxy /usr/bin/cmake --install /home/grz/trolley_auto_drive_image/code/build/lidar_msgs
[10.991s] -- Install configuration: ""
[10.992s] -- Installing: /home/grz/trolley_auto_drive_image/code/install/lidar_msgs/share/ament_index/resource_index/rosidl_interfaces/lidar_msgs
[10.992s] -- Installing: /home/grz/trolley_auto_drive_image/code/install/lidar_msgs/include/lidar_msgs
[10.992s] -- Installing: /home/grz/trolley_auto_drive_image/code/install/lidar_msgs/include/lidar_msgs/srv
[10.993s] -- Installing: /home/grz/trolley_auto_drive_image/code/install/lidar_msgs/include/lidar_msgs/srv/get_metadata.h
[10.993s] -- Installing: /home/grz/trolley_auto_drive_image/code/install/lidar_msgs/include/lidar_msgs/srv/detail
[10.993s] -- Installing: /home/grz/trolley_auto_drive_image/code/install/lidar_msgs/include/lidar_msgs/srv/detail/get_metadata__struct.h
[10.993s] -- Installing: /home/grz/trolley_auto_drive_image/code/install/lidar_msgs/include/lidar_msgs/srv/detail/get_metadata__functions.h
[10.993s] -- Installing: /home/grz/trolley_auto_drive_image/code/install/lidar_msgs/include/lidar_msgs/srv/detail/get_metadata__type_support.h
[10.994s] -- Installing: /home/grz/trolley_auto_drive_image/code/install/lidar_msgs/include/lidar_msgs/srv/detail/get_metadata__functions.c
[10.994s] -- Installing: /home/grz/trolley_auto_drive_image/code/install/lidar_msgs/include/lidar_msgs/msg
[10.994s] -- Installing: /home/grz/trolley_auto_drive_image/code/install/lidar_msgs/include/lidar_msgs/msg/rosidl_generator_c__visibility_control.h
[10.994s] -- Installing: /home/grz/trolley_auto_drive_image/code/install/lidar_msgs/include/lidar_msgs/msg/metadata.h
[10.995s] -- Installing: /home/grz/trolley_auto_drive_image/code/install/lidar_msgs/include/lidar_msgs/msg/detail
[10.995s] -- Installing: /home/grz/trolley_auto_drive_image/code/install/lidar_msgs/include/lidar_msgs/msg/detail/metadata__functions.h
[10.995s] -- Installing: /home/grz/trolley_auto_drive_image/code/install/lidar_msgs/include/lidar_msgs/msg/detail/metadata__type_support.h
[10.995s] -- Installing: /home/grz/trolley_auto_drive_image/code/install/lidar_msgs/include/lidar_msgs/msg/detail/metadata__struct.h
[10.996s] -- Installing: /home/grz/trolley_auto_drive_image/code/install/lidar_msgs/include/lidar_msgs/msg/detail/metadata__functions.c
[10.996s] -- Installing: /home/grz/trolley_auto_drive_image/code/install/lidar_msgs/share/lidar_msgs/environment/library_path.sh
[10.996s] -- Installing: /home/grz/trolley_auto_drive_image/code/install/lidar_msgs/share/lidar_msgs/environment/library_path.dsv
[10.996s] -- Installing: /home/grz/trolley_auto_drive_image/code/install/lidar_msgs/lib/liblidar_msgs__rosidl_generator_c.so
[10.997s] -- Set runtime path of "/home/grz/trolley_auto_drive_image/code/install/lidar_msgs/lib/liblidar_msgs__rosidl_generator_c.so" to ""
[10.997s] -- Up-to-date: /home/grz/trolley_auto_drive_image/code/install/lidar_msgs/include/lidar_msgs
[10.997s] -- Up-to-date: /home/grz/trolley_auto_drive_image/code/install/lidar_msgs/include/lidar_msgs/srv
[10.998s] -- Up-to-date: /home/grz/trolley_auto_drive_image/code/install/lidar_msgs/include/lidar_msgs/srv/detail
[10.998s] -- Installing: /home/grz/trolley_auto_drive_image/code/install/lidar_msgs/include/lidar_msgs/srv/detail/get_metadata__rosidl_typesupport_fastrtps_c.h
[10.998s] -- Up-to-date: /home/grz/trolley_auto_drive_image/code/install/lidar_msgs/include/lidar_msgs/msg
[10.998s] -- Up-to-date: /home/grz/trolley_auto_drive_image/code/install/lidar_msgs/include/lidar_msgs/msg/detail
[10.998s] -- Installing: /home/grz/trolley_auto_drive_image/code/install/lidar_msgs/include/lidar_msgs/msg/detail/metadata__rosidl_typesupport_fastrtps_c.h
[10.999s] -- Installing: /home/grz/trolley_auto_drive_image/code/install/lidar_msgs/include/lidar_msgs/msg/rosidl_typesupport_fastrtps_c__visibility_control.h
[10.999s] -- Installing: /home/grz/trolley_auto_drive_image/code/install/lidar_msgs/lib/liblidar_msgs__rosidl_typesupport_fastrtps_c.so
[10.999s] -- Set runtime path of "/home/grz/trolley_auto_drive_image/code/install/lidar_msgs/lib/liblidar_msgs__rosidl_typesupport_fastrtps_c.so" to ""
[10.999s] -- Up-to-date: /home/grz/trolley_auto_drive_image/code/install/lidar_msgs/include/lidar_msgs
[11.000s] -- Up-to-date: /home/grz/trolley_auto_drive_image/code/install/lidar_msgs/include/lidar_msgs/srv
[11.000s] -- Up-to-date: /home/grz/trolley_auto_drive_image/code/install/lidar_msgs/include/lidar_msgs/srv/detail
[11.000s] -- Installing: /home/grz/trolley_auto_drive_image/code/install/lidar_msgs/include/lidar_msgs/srv/detail/dds_fastrtps
[11.000s] -- Installing: /home/grz/trolley_auto_drive_image/code/install/lidar_msgs/include/lidar_msgs/srv/detail/get_metadata__rosidl_typesupport_fastrtps_cpp.hpp
[11.001s] -- Up-to-date: /home/grz/trolley_auto_drive_image/code/install/lidar_msgs/include/lidar_msgs/msg
[11.001s] -- Installing: /home/grz/trolley_auto_drive_image/code/install/lidar_msgs/include/lidar_msgs/msg/rosidl_typesupport_fastrtps_cpp__visibility_control.h
[11.001s] -- Up-to-date: /home/grz/trolley_auto_drive_image/code/install/lidar_msgs/include/lidar_msgs/msg/detail
[11.001s] -- Installing: /home/grz/trolley_auto_drive_image/code/install/lidar_msgs/include/lidar_msgs/msg/detail/dds_fastrtps
[11.001s] -- Installing: /home/grz/trolley_auto_drive_image/code/install/lidar_msgs/include/lidar_msgs/msg/detail/metadata__rosidl_typesupport_fastrtps_cpp.hpp
[11.002s] -- Installing: /home/grz/trolley_auto_drive_image/code/install/lidar_msgs/lib/liblidar_msgs__rosidl_typesupport_fastrtps_cpp.so
[11.002s] -- Set runtime path of "/home/grz/trolley_auto_drive_image/code/install/lidar_msgs/lib/liblidar_msgs__rosidl_typesupport_fastrtps_cpp.so" to ""
[11.002s] -- Up-to-date: /home/grz/trolley_auto_drive_image/code/install/lidar_msgs/include/lidar_msgs
[11.002s] -- Up-to-date: /home/grz/trolley_auto_drive_image/code/install/lidar_msgs/include/lidar_msgs/srv
[11.003s] -- Up-to-date: /home/grz/trolley_auto_drive_image/code/install/lidar_msgs/include/lidar_msgs/srv/detail
[11.003s] -- Installing: /home/grz/trolley_auto_drive_image/code/install/lidar_msgs/include/lidar_msgs/srv/detail/get_metadata__rosidl_typesupport_introspection_c.h
[11.003s] -- Installing: /home/grz/trolley_auto_drive_image/code/install/lidar_msgs/include/lidar_msgs/srv/detail/get_metadata__type_support.c
[11.003s] -- Up-to-date: /home/grz/trolley_auto_drive_image/code/install/lidar_msgs/include/lidar_msgs/msg
[11.004s] -- Installing: /home/grz/trolley_auto_drive_image/code/install/lidar_msgs/include/lidar_msgs/msg/rosidl_typesupport_introspection_c__visibility_control.h
[11.004s] -- Up-to-date: /home/grz/trolley_auto_drive_image/code/install/lidar_msgs/include/lidar_msgs/msg/detail
[11.004s] -- Installing: /home/grz/trolley_auto_drive_image/code/install/lidar_msgs/include/lidar_msgs/msg/detail/metadata__rosidl_typesupport_introspection_c.h
[11.004s] -- Installing: /home/grz/trolley_auto_drive_image/code/install/lidar_msgs/include/lidar_msgs/msg/detail/metadata__type_support.c
[11.004s] -- Installing: /home/grz/trolley_auto_drive_image/code/install/lidar_msgs/lib/liblidar_msgs__rosidl_typesupport_introspection_c.so
[11.005s] -- Set runtime path of "/home/grz/trolley_auto_drive_image/code/install/lidar_msgs/lib/liblidar_msgs__rosidl_typesupport_introspection_c.so" to ""
[11.005s] -- Installing: /home/grz/trolley_auto_drive_image/code/install/lidar_msgs/lib/liblidar_msgs__rosidl_typesupport_c.so
[11.006s] -- Set runtime path of "/home/grz/trolley_auto_drive_image/code/install/lidar_msgs/lib/liblidar_msgs__rosidl_typesupport_c.so" to ""
[11.006s] -- Up-to-date: /home/grz/trolley_auto_drive_image/code/install/lidar_msgs/include/lidar_msgs
[11.006s] -- Up-to-date: /home/grz/trolley_auto_drive_image/code/install/lidar_msgs/include/lidar_msgs/srv
[11.006s] -- Up-to-date: /home/grz/trolley_auto_drive_image/code/install/lidar_msgs/include/lidar_msgs/srv/detail
[11.006s] -- Installing: /home/grz/trolley_auto_drive_image/code/install/lidar_msgs/include/lidar_msgs/srv/detail/get_metadata__struct.hpp
[11.007s] -- Installing: /home/grz/trolley_auto_drive_image/code/install/lidar_msgs/include/lidar_msgs/srv/detail/get_metadata__builder.hpp
[11.007s] -- Installing: /home/grz/trolley_auto_drive_image/code/install/lidar_msgs/include/lidar_msgs/srv/detail/get_metadata__traits.hpp
[11.007s] -- Installing: /home/grz/trolley_auto_drive_image/code/install/lidar_msgs/include/lidar_msgs/srv/detail/get_metadata__type_support.hpp
[11.007s] -- Installing: /home/grz/trolley_auto_drive_image/code/install/lidar_msgs/include/lidar_msgs/srv/get_metadata.hpp
[11.008s] -- Up-to-date: /home/grz/trolley_auto_drive_image/code/install/lidar_msgs/include/lidar_msgs/msg
[11.008s] -- Installing: /home/grz/trolley_auto_drive_image/code/install/lidar_msgs/include/lidar_msgs/msg/rosidl_generator_cpp__visibility_control.hpp
[11.008s] -- Installing: /home/grz/trolley_auto_drive_image/code/install/lidar_msgs/include/lidar_msgs/msg/metadata.hpp
[11.008s] -- Up-to-date: /home/grz/trolley_auto_drive_image/code/install/lidar_msgs/include/lidar_msgs/msg/detail
[11.009s] -- Installing: /home/grz/trolley_auto_drive_image/code/install/lidar_msgs/include/lidar_msgs/msg/detail/metadata__traits.hpp
[11.009s] -- Installing: /home/grz/trolley_auto_drive_image/code/install/lidar_msgs/include/lidar_msgs/msg/detail/metadata__struct.hpp
[11.009s] -- Installing: /home/grz/trolley_auto_drive_image/code/install/lidar_msgs/include/lidar_msgs/msg/detail/metadata__builder.hpp
[11.009s] -- Installing: /home/grz/trolley_auto_drive_image/code/install/lidar_msgs/include/lidar_msgs/msg/detail/metadata__type_support.hpp
[11.009s] -- Up-to-date: /home/grz/trolley_auto_drive_image/code/install/lidar_msgs/include/lidar_msgs
[11.010s] -- Up-to-date: /home/grz/trolley_auto_drive_image/code/install/lidar_msgs/include/lidar_msgs/srv
[11.010s] -- Up-to-date: /home/grz/trolley_auto_drive_image/code/install/lidar_msgs/include/lidar_msgs/srv/detail
[11.010s] -- Installing: /home/grz/trolley_auto_drive_image/code/install/lidar_msgs/include/lidar_msgs/srv/detail/get_metadata__type_support.cpp
[11.010s] -- Installing: /home/grz/trolley_auto_drive_image/code/install/lidar_msgs/include/lidar_msgs/srv/detail/get_metadata__rosidl_typesupport_introspection_cpp.hpp
[11.010s] -- Up-to-date: /home/grz/trolley_auto_drive_image/code/install/lidar_msgs/include/lidar_msgs/msg
[11.011s] -- Up-to-date: /home/grz/trolley_auto_drive_image/code/install/lidar_msgs/include/lidar_msgs/msg/detail
[11.011s] -- Installing: /home/grz/trolley_auto_drive_image/code/install/lidar_msgs/include/lidar_msgs/msg/detail/metadata__type_support.cpp
[11.011s] -- Installing: /home/grz/trolley_auto_drive_image/code/install/lidar_msgs/include/lidar_msgs/msg/detail/metadata__rosidl_typesupport_introspection_cpp.hpp
[11.012s] -- Installing: /home/grz/trolley_auto_drive_image/code/install/lidar_msgs/lib/liblidar_msgs__rosidl_typesupport_introspection_cpp.so
[11.012s] -- Set runtime path of "/home/grz/trolley_auto_drive_image/code/install/lidar_msgs/lib/liblidar_msgs__rosidl_typesupport_introspection_cpp.so" to ""
[11.012s] -- Installing: /home/grz/trolley_auto_drive_image/code/install/lidar_msgs/lib/liblidar_msgs__rosidl_typesupport_cpp.so
[11.012s] -- Set runtime path of "/home/grz/trolley_auto_drive_image/code/install/lidar_msgs/lib/liblidar_msgs__rosidl_typesupport_cpp.so" to ""
[11.012s] -- Installing: /home/grz/trolley_auto_drive_image/code/install/lidar_msgs/share/lidar_msgs/environment/pythonpath.sh
[11.013s] -- Installing: /home/grz/trolley_auto_drive_image/code/install/lidar_msgs/share/lidar_msgs/environment/pythonpath.dsv
[11.013s] -- Installing: /home/grz/trolley_auto_drive_image/code/install/lidar_msgs/lib/python3.8/site-packages/lidar_msgs/__init__.py
[11.052s] Compiling '/home/grz/trolley_auto_drive_image/code/install/lidar_msgs/lib/python3.8/site-packages/lidar_msgs/__init__.py'...
[11.057s] -- Installing: /home/grz/trolley_auto_drive_image/code/install/lidar_msgs/lib/python3.8/site-packages/lidar_msgs/srv
[11.058s] -- Installing: /home/grz/trolley_auto_drive_image/code/install/lidar_msgs/lib/python3.8/site-packages/lidar_msgs/srv/_get_metadata_s.c
[11.058s] -- Installing: /home/grz/trolley_auto_drive_image/code/install/lidar_msgs/lib/python3.8/site-packages/lidar_msgs/srv/_get_metadata.py
[11.058s] -- Installing: /home/grz/trolley_auto_drive_image/code/install/lidar_msgs/lib/python3.8/site-packages/lidar_msgs/srv/__init__.py
[11.058s] -- Installing: /home/grz/trolley_auto_drive_image/code/install/lidar_msgs/lib/python3.8/site-packages/lidar_msgs/msg
[11.059s] -- Installing: /home/grz/trolley_auto_drive_image/code/install/lidar_msgs/lib/python3.8/site-packages/lidar_msgs/msg/_metadata.py
[11.059s] -- Installing: /home/grz/trolley_auto_drive_image/code/install/lidar_msgs/lib/python3.8/site-packages/lidar_msgs/msg/_metadata_s.c
[11.059s] -- Installing: /home/grz/trolley_auto_drive_image/code/install/lidar_msgs/lib/python3.8/site-packages/lidar_msgs/msg/__init__.py
[11.059s] -- Installing: /home/grz/trolley_auto_drive_image/code/install/lidar_msgs/lib/python3.8/site-packages/lidar_msgs/lidar_msgs_s__rosidl_typesupport_fastrtps_c.cpython-38-x86_64-linux-gnu.so
[11.060s] -- Set runtime path of "/home/grz/trolley_auto_drive_image/code/install/lidar_msgs/lib/python3.8/site-packages/lidar_msgs/lidar_msgs_s__rosidl_typesupport_fastrtps_c.cpython-38-x86_64-linux-gnu.so" to ""
[11.060s] -- Installing: /home/grz/trolley_auto_drive_image/code/install/lidar_msgs/lib/python3.8/site-packages/lidar_msgs/lidar_msgs_s__rosidl_typesupport_introspection_c.cpython-38-x86_64-linux-gnu.so
[11.061s] -- Set runtime path of "/home/grz/trolley_auto_drive_image/code/install/lidar_msgs/lib/python3.8/site-packages/lidar_msgs/lidar_msgs_s__rosidl_typesupport_introspection_c.cpython-38-x86_64-linux-gnu.so" to ""
[11.062s] -- Installing: /home/grz/trolley_auto_drive_image/code/install/lidar_msgs/lib/python3.8/site-packages/lidar_msgs/lidar_msgs_s__rosidl_typesupport_c.cpython-38-x86_64-linux-gnu.so
[11.062s] -- Set runtime path of "/home/grz/trolley_auto_drive_image/code/install/lidar_msgs/lib/python3.8/site-packages/lidar_msgs/lidar_msgs_s__rosidl_typesupport_c.cpython-38-x86_64-linux-gnu.so" to ""
[11.062s] -- Installing: /home/grz/trolley_auto_drive_image/code/install/lidar_msgs/lib/liblidar_msgs__python.so
[11.063s] -- Set runtime path of "/home/grz/trolley_auto_drive_image/code/install/lidar_msgs/lib/liblidar_msgs__python.so" to ""
[11.063s] -- Installing: /home/grz/trolley_auto_drive_image/code/install/lidar_msgs/share/lidar_msgs/srv/GetMetadata.idl
[11.064s] -- Installing: /home/grz/trolley_auto_drive_image/code/install/lidar_msgs/share/lidar_msgs/msg/Metadata.idl
[11.064s] -- Installing: /home/grz/trolley_auto_drive_image/code/install/lidar_msgs/share/lidar_msgs/srv/GetMetadata.srv
[11.064s] -- Installing: /home/grz/trolley_auto_drive_image/code/install/lidar_msgs/share/lidar_msgs/srv/GetMetadata_Request.msg
[11.064s] -- Installing: /home/grz/trolley_auto_drive_image/code/install/lidar_msgs/share/lidar_msgs/srv/GetMetadata_Response.msg
[11.064s] -- Installing: /home/grz/trolley_auto_drive_image/code/install/lidar_msgs/share/lidar_msgs/msg/Metadata.msg
[11.065s] -- Installing: /home/grz/trolley_auto_drive_image/code/install/lidar_msgs/share/ament_index/resource_index/package_run_dependencies/lidar_msgs
[11.065s] -- Installing: /home/grz/trolley_auto_drive_image/code/install/lidar_msgs/share/ament_index/resource_index/parent_prefix_path/lidar_msgs
[11.065s] -- Installing: /home/grz/trolley_auto_drive_image/code/install/lidar_msgs/share/lidar_msgs/environment/ament_prefix_path.sh
[11.065s] -- Installing: /home/grz/trolley_auto_drive_image/code/install/lidar_msgs/share/lidar_msgs/environment/ament_prefix_path.dsv
[11.066s] -- Installing: /home/grz/trolley_auto_drive_image/code/install/lidar_msgs/share/lidar_msgs/environment/path.sh
[11.066s] -- Installing: /home/grz/trolley_auto_drive_image/code/install/lidar_msgs/share/lidar_msgs/environment/path.dsv
[11.066s] -- Installing: /home/grz/trolley_auto_drive_image/code/install/lidar_msgs/share/lidar_msgs/local_setup.bash
[11.066s] -- Installing: /home/grz/trolley_auto_drive_image/code/install/lidar_msgs/share/lidar_msgs/local_setup.sh
[11.067s] -- Installing: /home/grz/trolley_auto_drive_image/code/install/lidar_msgs/share/lidar_msgs/local_setup.zsh
[11.067s] -- Installing: /home/grz/trolley_auto_drive_image/code/install/lidar_msgs/share/lidar_msgs/local_setup.dsv
[11.067s] -- Installing: /home/grz/trolley_auto_drive_image/code/install/lidar_msgs/share/lidar_msgs/package.dsv
[11.067s] -- Installing: /home/grz/trolley_auto_drive_image/code/install/lidar_msgs/share/ament_index/resource_index/packages/lidar_msgs
[11.068s] -- Installing: /home/grz/trolley_auto_drive_image/code/install/lidar_msgs/share/lidar_msgs/cmake/lidar_msgs__rosidl_generator_cExport.cmake
[11.068s] -- Installing: /home/grz/trolley_auto_drive_image/code/install/lidar_msgs/share/lidar_msgs/cmake/lidar_msgs__rosidl_generator_cExport-noconfig.cmake
[11.068s] -- Installing: /home/grz/trolley_auto_drive_image/code/install/lidar_msgs/share/lidar_msgs/cmake/lidar_msgs__rosidl_typesupport_introspection_cExport.cmake
[11.069s] -- Installing: /home/grz/trolley_auto_drive_image/code/install/lidar_msgs/share/lidar_msgs/cmake/lidar_msgs__rosidl_typesupport_introspection_cExport-noconfig.cmake
[11.069s] -- Installing: /home/grz/trolley_auto_drive_image/code/install/lidar_msgs/share/lidar_msgs/cmake/lidar_msgs__rosidl_typesupport_cExport.cmake
[11.069s] -- Installing: /home/grz/trolley_auto_drive_image/code/install/lidar_msgs/share/lidar_msgs/cmake/lidar_msgs__rosidl_typesupport_cExport-noconfig.cmake
[11.069s] -- Installing: /home/grz/trolley_auto_drive_image/code/install/lidar_msgs/share/lidar_msgs/cmake/lidar_msgs__rosidl_generator_cppExport.cmake
[11.070s] -- Installing: /home/grz/trolley_auto_drive_image/code/install/lidar_msgs/share/lidar_msgs/cmake/lidar_msgs__rosidl_typesupport_introspection_cppExport.cmake
[11.070s] -- Installing: /home/grz/trolley_auto_drive_image/code/install/lidar_msgs/share/lidar_msgs/cmake/lidar_msgs__rosidl_typesupport_introspection_cppExport-noconfig.cmake
[11.070s] -- Installing: /home/grz/trolley_auto_drive_image/code/install/lidar_msgs/share/lidar_msgs/cmake/lidar_msgs__rosidl_typesupport_cppExport.cmake
[11.070s] -- Installing: /home/grz/trolley_auto_drive_image/code/install/lidar_msgs/share/lidar_msgs/cmake/lidar_msgs__rosidl_typesupport_cppExport-noconfig.cmake
[11.071s] -- Installing: /home/grz/trolley_auto_drive_image/code/install/lidar_msgs/share/lidar_msgs/cmake/rosidl_cmake-extras.cmake
[11.071s] -- Installing: /home/grz/trolley_auto_drive_image/code/install/lidar_msgs/share/lidar_msgs/cmake/ament_cmake_export_dependencies-extras.cmake
[11.071s] -- Installing: /home/grz/trolley_auto_drive_image/code/install/lidar_msgs/share/lidar_msgs/cmake/ament_cmake_export_libraries-extras.cmake
[11.071s] -- Installing: /home/grz/trolley_auto_drive_image/code/install/lidar_msgs/share/lidar_msgs/cmake/ament_cmake_export_targets-extras.cmake
[11.072s] -- Installing: /home/grz/trolley_auto_drive_image/code/install/lidar_msgs/share/lidar_msgs/cmake/ament_cmake_export_include_directories-extras.cmake
[11.072s] -- Installing: /home/grz/trolley_auto_drive_image/code/install/lidar_msgs/share/lidar_msgs/cmake/rosidl_cmake_export_typesupport_libraries-extras.cmake
[11.072s] -- Installing: /home/grz/trolley_auto_drive_image/code/install/lidar_msgs/share/lidar_msgs/cmake/rosidl_cmake_export_typesupport_targets-extras.cmake
[11.072s] -- Installing: /home/grz/trolley_auto_drive_image/code/install/lidar_msgs/share/lidar_msgs/cmake/lidar_msgsConfig.cmake
[11.073s] -- Installing: /home/grz/trolley_auto_drive_image/code/install/lidar_msgs/share/lidar_msgs/cmake/lidar_msgsConfig-version.cmake
[11.073s] -- Installing: /home/grz/trolley_auto_drive_image/code/install/lidar_msgs/share/lidar_msgs/package.xml
[11.077s] Invoked command in '/home/grz/trolley_auto_drive_image/code/build/lidar_msgs' returned '0': CMAKE_PREFIX_PATH=/opt/ros/foxy /usr/bin/cmake --install /home/grz/trolley_auto_drive_image/code/build/lidar_msgs
