[0.009s] Invoking command in '/home/grz/trolley_auto_drive_image/code/build/ros2_lidar': AMENT_PREFIX_PATH=/home/grz/trolley_auto_drive_image/code/install/lidar_msgs:${AMENT_PREFIX_PATH} CMAKE_PREFIX_PATH=/home/grz/trolley_auto_drive_image/code/install/lidar_msgs:/opt/ros/foxy LD_LIBRARY_PATH=/home/grz/trolley_auto_drive_image/code/install/lidar_msgs/lib:${LD_LIBRARY_PATH} PYTHONPATH=/home/grz/trolley_auto_drive_image/code/install/lidar_msgs/lib/python3.8/site-packages:${PYTHONPATH} /usr/bin/cmake /home/grz/trolley_auto_drive_image/code/src/ole2d_ros2_driver/ros2_lidar -DCMAKE_INSTALL_PREFIX=/home/grz/trolley_auto_drive_image/code/install/ros2_lidar
[0.059s] -- The C compiler identification is GNU 9.4.0
[0.104s] -- The CXX compiler identification is GNU 9.4.0
[0.108s] -- Check for working C compiler: /usr/bin/cc
[0.196s] -- Check for working C compiler: /usr/bin/cc -- works
[0.197s] -- Detecting C compiler ABI info
[0.269s] -- Detecting C compiler ABI info - done
[0.281s] -- Detecting C compile features
[0.281s] -- Detecting C compile features - done
[0.283s] -- Check for working CXX compiler: /usr/bin/c++
[0.348s] -- Check for working CXX compiler: /usr/bin/c++ -- works
[0.349s] -- Detecting CXX compiler ABI info
[0.421s] -- Detecting CXX compiler ABI info - done
[0.433s] -- Detecting CXX compile features
[0.433s] -- Detecting CXX compile features - done
[0.434s] -- Found ament_cmake: 0.9.12 (/opt/ros/foxy/share/ament_cmake/cmake)
[0.455s] -- Found PythonInterp: /usr/bin/python3 (found suitable version "3.8.10", minimum required is "3") 
[0.455s] -- Using PYTHON_EXECUTABLE: /usr/bin/python3
[0.620s] -- Found rclcpp: 2.4.3 (/opt/ros/foxy/share/rclcpp/cmake)
[0.659s] -- Using all available rosidl_typesupport_c: rosidl_typesupport_fastrtps_c;rosidl_typesupport_introspection_c
[0.664s] -- Found rosidl_adapter: 1.3.1 (/opt/ros/foxy/share/rosidl_adapter/cmake)
[0.716s] -- Found OpenSSL: /usr/lib/x86_64-linux-gnu/libcrypto.so (found version "1.1.1f")  
[0.739s] -- Found FastRTPS: /opt/ros/foxy/include  
[0.803s] -- Using all available rosidl_typesupport_cpp: rosidl_typesupport_fastrtps_cpp;rosidl_typesupport_introspection_cpp
[0.867s] -- Found rmw_implementation_cmake: 1.0.4 (/opt/ros/foxy/share/rmw_implementation_cmake/cmake)
[0.868s] -- Using RMW implementation 'rmw_fastrtps_cpp' as default
[0.870s] -- Looking for pthread.h
[0.933s] -- Looking for pthread.h - found
[0.934s] -- Performing Test CMAKE_HAVE_LIBC_PTHREAD
[1.004s] -- Performing Test CMAKE_HAVE_LIBC_PTHREAD - Failed
[1.004s] -- Looking for pthread_create in pthreads
[1.062s] -- Looking for pthread_create in pthreads - not found
[1.062s] -- Looking for pthread_create in pthread
[1.127s] -- Looking for pthread_create in pthread - found
[1.129s] -- Found Threads: TRUE  
[1.277s] -- Found rclcpp_lifecycle: 2.4.3 (/opt/ros/foxy/share/rclcpp_lifecycle/cmake)
[1.306s] -- Found rclcpp_components: 2.4.3 (/opt/ros/foxy/share/rclcpp_components/cmake)
[1.363s] -- Found std_srvs: 2.0.5 (/opt/ros/foxy/share/std_srvs/cmake)
[1.373s] -- Found sensor_msgs: 2.0.5 (/opt/ros/foxy/share/sensor_msgs/cmake)
[1.484s] -- Found tf2_geometry_msgs: 0.13.14 (/opt/ros/foxy/share/tf2_geometry_msgs/cmake)
[1.491s] -- Found eigen3_cmake_module: 0.1.1 (/opt/ros/foxy/share/eigen3_cmake_module/cmake)
[1.493s] -- Found Eigen3: TRUE (found version "3.3.7") 
[1.821s] -- Found pcl_conversions: 2.2.1 (/opt/ros/foxy/share/pcl_conversions/cmake)
[1.980s] -- Found lidar_msgs: 0.2.0 (/home/grz/trolley_auto_drive_image/code/install/lidar_msgs/share/lidar_msgs/cmake)
[2.013s] -- Found laser_geometry: 2.2.0 (/opt/ros/foxy/share/laser_geometry/cmake)
[2.025s] -- Checking for module 'eigen3'
[2.039s] --   Found eigen3, version 3.3.7
[2.063s] -- Found Eigen: /usr/include/eigen3 (Required is at least version "3.1") 
[2.063s] -- Eigen found (include: /usr/include/eigen3, version: 3.3.7)
[2.104s] -- Found Boost: /usr/include (found suitable version "1.71.0", minimum required is "1.55.0") found components: system filesystem date_time iostreams regex 
[2.105s] -- looking for PCL_COMMON
[2.106s] -- Found PCL_COMMON: /usr/lib/x86_64-linux-gnu/libpcl_common.so  
[2.107s] -- Found PCL: pcl_common;/usr/lib/x86_64-linux-gnu/libboost_system.so;/usr/lib/x86_64-linux-gnu/libboost_filesystem.so;/usr/lib/x86_64-linux-gnu/libboost_date_time.so;/usr/lib/x86_64-linux-gnu/libboost_iostreams.so;/usr/lib/x86_64-linux-gnu/libboost_regex.so  
[2.148s] -- Found ament_lint_auto: 0.9.8 (/opt/ros/foxy/share/ament_lint_auto/cmake)
[2.213s] -- Added test 'copyright' to check source files copyright and LICENSE
[2.214s] -- Added test 'cppcheck' to perform static code analysis on C / C++ code
[2.215s] -- Configured cppcheck include dirs: /home/grz/trolley_auto_drive_image/code/src/ole2d_ros2_driver/ros2_lidar/include
[2.215s] -- Configured cppcheck exclude dirs and/or files: 
[2.216s] -- Added test 'cpplint' to check C / C++ code against the Google style
[2.216s] -- Configured cpplint exclude dirs and/or files: 
[2.217s] -- Added test 'flake8' to check Python code syntax and style conventions
[2.217s] -- Added test 'lint_cmake' to check CMake code style
[2.218s] -- Added test 'pep257' to check Python code against some of the style conventions in PEP 257
[2.219s] -- Added test 'uncrustify' to check C / C++ code style
[2.219s] -- Configured uncrustify additional arguments: 
[2.220s] -- Added test 'xmllint' to check XML markup files
[2.224s] -- Configuring done
[2.263s] -- Generating done
[2.276s] -- Build files have been written to: /home/grz/trolley_auto_drive_image/code/build/ros2_lidar
[2.287s] Invoked command in '/home/grz/trolley_auto_drive_image/code/build/ros2_lidar' returned '0': AMENT_PREFIX_PATH=/home/grz/trolley_auto_drive_image/code/install/lidar_msgs:${AMENT_PREFIX_PATH} CMAKE_PREFIX_PATH=/home/grz/trolley_auto_drive_image/code/install/lidar_msgs:/opt/ros/foxy LD_LIBRARY_PATH=/home/grz/trolley_auto_drive_image/code/install/lidar_msgs/lib:${LD_LIBRARY_PATH} PYTHONPATH=/home/grz/trolley_auto_drive_image/code/install/lidar_msgs/lib/python3.8/site-packages:${PYTHONPATH} /usr/bin/cmake /home/grz/trolley_auto_drive_image/code/src/ole2d_ros2_driver/ros2_lidar -DCMAKE_INSTALL_PREFIX=/home/grz/trolley_auto_drive_image/code/install/ros2_lidar
[2.289s] Invoking command in '/home/grz/trolley_auto_drive_image/code/build/ros2_lidar': AMENT_PREFIX_PATH=/home/grz/trolley_auto_drive_image/code/install/lidar_msgs:${AMENT_PREFIX_PATH} CMAKE_PREFIX_PATH=/home/grz/trolley_auto_drive_image/code/install/lidar_msgs:/opt/ros/foxy LD_LIBRARY_PATH=/home/grz/trolley_auto_drive_image/code/install/lidar_msgs/lib:${LD_LIBRARY_PATH} PYTHONPATH=/home/grz/trolley_auto_drive_image/code/install/lidar_msgs/lib/python3.8/site-packages:${PYTHONPATH} /usr/bin/cmake --build /home/grz/trolley_auto_drive_image/code/build/ros2_lidar -- -j8 -l8
[2.330s] [35m[1mScanning dependencies of target lidar_driver_core[0m
[2.531s] [ 14%] [32mBuilding CXX object CMakeFiles/lidar_driver_core.dir/src/lidar_driver.cpp.o[0m
[2.532s] [ 28%] [32mBuilding CXX object CMakeFiles/lidar_driver_core.dir/src/driver_types.cpp.o[0m
[2.532s] [ 42%] [32mBuilding CXX object CMakeFiles/lidar_driver_core.dir/src/lifecycle_interface.cpp.o[0m
[2.533s] [ 57%] [32mBuilding CXX object CMakeFiles/lidar_driver_core.dir/src/OS1/OS1_sensor.cpp.o[0m
[14.097s] [ 71%] [32m[1mLinking CXX shared library liblidar_driver_core.so[0m
[14.581s] [ 71%] Built target lidar_driver_core
[14.591s] [35m[1mScanning dependencies of target lidar_driver[0m
[14.670s] [ 85%] [32mBuilding CXX object CMakeFiles/lidar_driver.dir/src/main.cpp.o[0m
[21.130s] [100%] [32m[1mLinking CXX executable lidar_driver[0m
[21.393s] [100%] Built target lidar_driver
[21.408s] Invoked command in '/home/grz/trolley_auto_drive_image/code/build/ros2_lidar' returned '0': AMENT_PREFIX_PATH=/home/grz/trolley_auto_drive_image/code/install/lidar_msgs:${AMENT_PREFIX_PATH} CMAKE_PREFIX_PATH=/home/grz/trolley_auto_drive_image/code/install/lidar_msgs:/opt/ros/foxy LD_LIBRARY_PATH=/home/grz/trolley_auto_drive_image/code/install/lidar_msgs/lib:${LD_LIBRARY_PATH} PYTHONPATH=/home/grz/trolley_auto_drive_image/code/install/lidar_msgs/lib/python3.8/site-packages:${PYTHONPATH} /usr/bin/cmake --build /home/grz/trolley_auto_drive_image/code/build/ros2_lidar -- -j8 -l8
[21.411s] Invoking command in '/home/grz/trolley_auto_drive_image/code/build/ros2_lidar': AMENT_PREFIX_PATH=/home/grz/trolley_auto_drive_image/code/install/lidar_msgs:${AMENT_PREFIX_PATH} CMAKE_PREFIX_PATH=/home/grz/trolley_auto_drive_image/code/install/lidar_msgs:/opt/ros/foxy LD_LIBRARY_PATH=/home/grz/trolley_auto_drive_image/code/install/lidar_msgs/lib:${LD_LIBRARY_PATH} PYTHONPATH=/home/grz/trolley_auto_drive_image/code/install/lidar_msgs/lib/python3.8/site-packages:${PYTHONPATH} /usr/bin/cmake --install /home/grz/trolley_auto_drive_image/code/build/ros2_lidar
[21.420s] -- Install configuration: ""
[21.420s] -- Installing: /home/grz/trolley_auto_drive_image/code/install/ros2_lidar/lib/ros2_lidar/lidar_driver
[21.421s] -- Set runtime path of "/home/grz/trolley_auto_drive_image/code/install/ros2_lidar/lib/ros2_lidar/lidar_driver" to ""
[21.421s] -- Installing: /home/grz/trolley_auto_drive_image/code/install/ros2_lidar/lib/liblidar_driver_core.so
[21.425s] -- Set runtime path of "/home/grz/trolley_auto_drive_image/code/install/ros2_lidar/lib/liblidar_driver_core.so" to ""
[21.425s] -- Installing: /home/grz/trolley_auto_drive_image/code/install/ros2_lidar/include/
[21.425s] -- Installing: /home/grz/trolley_auto_drive_image/code/install/ros2_lidar/include//ros2_lidar
[21.425s] -- Installing: /home/grz/trolley_auto_drive_image/code/install/ros2_lidar/include//ros2_lidar/OS1
[21.425s] -- Installing: /home/grz/trolley_auto_drive_image/code/install/ros2_lidar/include//ros2_lidar/OS1/OS1_util.hpp
[21.426s] -- Installing: /home/grz/trolley_auto_drive_image/code/install/ros2_lidar/include//ros2_lidar/OS1/OS1_sensor.hpp
[21.426s] -- Installing: /home/grz/trolley_auto_drive_image/code/install/ros2_lidar/include//ros2_lidar/OS1/OS1_packet.hpp
[21.426s] -- Installing: /home/grz/trolley_auto_drive_image/code/install/ros2_lidar/include//ros2_lidar/OS1/processors
[21.426s] -- Installing: /home/grz/trolley_auto_drive_image/code/install/ros2_lidar/include//ros2_lidar/OS1/processors/scan_processor.hpp
[21.426s] -- Installing: /home/grz/trolley_auto_drive_image/code/install/ros2_lidar/include//ros2_lidar/OS1/processors/image_processor.hpp
[21.426s] -- Installing: /home/grz/trolley_auto_drive_image/code/install/ros2_lidar/include//ros2_lidar/OS1/processors/pointcloud_processor.hpp
[21.426s] -- Installing: /home/grz/trolley_auto_drive_image/code/install/ros2_lidar/include//ros2_lidar/OS1/processors/imu_processor.hpp
[21.426s] -- Installing: /home/grz/trolley_auto_drive_image/code/install/ros2_lidar/include//ros2_lidar/OS1/OS1.hpp
[21.426s] -- Installing: /home/grz/trolley_auto_drive_image/code/install/ros2_lidar/include//ros2_lidar/OS1/processor_factories.hpp
[21.426s] -- Installing: /home/grz/trolley_auto_drive_image/code/install/ros2_lidar/include//ros2_lidar/driver_types.hpp
[21.427s] -- Installing: /home/grz/trolley_auto_drive_image/code/install/ros2_lidar/include//ros2_lidar/exception.hpp
[21.427s] -- Installing: /home/grz/trolley_auto_drive_image/code/install/ros2_lidar/include//ros2_lidar/image_os.hpp
[21.427s] -- Installing: /home/grz/trolley_auto_drive_image/code/install/ros2_lidar/include//ros2_lidar/conversions.hpp
[21.427s] -- Installing: /home/grz/trolley_auto_drive_image/code/install/ros2_lidar/include//ros2_lidar/interfaces
[21.427s] -- Installing: /home/grz/trolley_auto_drive_image/code/install/ros2_lidar/include//ros2_lidar/interfaces/metadata.hpp
[21.427s] -- Installing: /home/grz/trolley_auto_drive_image/code/install/ros2_lidar/include//ros2_lidar/interfaces/lifecycle_interface.hpp
[21.427s] -- Installing: /home/grz/trolley_auto_drive_image/code/install/ros2_lidar/include//ros2_lidar/interfaces/data_processor_interface.hpp
[21.427s] -- Installing: /home/grz/trolley_auto_drive_image/code/install/ros2_lidar/include//ros2_lidar/interfaces/sensor_interface.hpp
[21.427s] -- Installing: /home/grz/trolley_auto_drive_image/code/install/ros2_lidar/include//ros2_lidar/interfaces/configuration.hpp
[21.427s] -- Installing: /home/grz/trolley_auto_drive_image/code/install/ros2_lidar/include//ros2_lidar/scan_os.hpp
[21.427s] -- Installing: /home/grz/trolley_auto_drive_image/code/install/ros2_lidar/include//ros2_lidar/string_utils.hpp
[21.428s] -- Installing: /home/grz/trolley_auto_drive_image/code/install/ros2_lidar/include//ros2_lidar/point_os.hpp
[21.428s] -- Installing: /home/grz/trolley_auto_drive_image/code/install/ros2_lidar/include//ros2_lidar/lidar_driver.hpp
[21.428s] -- Installing: /home/grz/trolley_auto_drive_image/code/install/ros2_lidar/share/ros2_lidar/launch
[21.428s] -- Installing: /home/grz/trolley_auto_drive_image/code/install/ros2_lidar/share/ros2_lidar/launch/ole2dv2_front_launch.py
[21.428s] -- Installing: /home/grz/trolley_auto_drive_image/code/install/ros2_lidar/share/ros2_lidar/launch/ole2dv2_back_launch.py
[21.428s] -- Installing: /home/grz/trolley_auto_drive_image/code/install/ros2_lidar/share/ros2_lidar/launch/ole3dv2_launch.py
[21.428s] -- Installing: /home/grz/trolley_auto_drive_image/code/install/ros2_lidar/share/ros2_lidar/launch/os1_launch.py
[21.428s] -- Installing: /home/grz/trolley_auto_drive_image/code/install/ros2_lidar/share/ros2_lidar/params
[21.428s] -- Installing: /home/grz/trolley_auto_drive_image/code/install/ros2_lidar/share/ros2_lidar/params/os1.yaml
[21.428s] -- Installing: /home/grz/trolley_auto_drive_image/code/install/ros2_lidar/share/ros2_lidar/params/ole2dv2_back.yaml
[21.428s] -- Installing: /home/grz/trolley_auto_drive_image/code/install/ros2_lidar/share/ros2_lidar/params/ole3dv2.yaml
[21.428s] -- Installing: /home/grz/trolley_auto_drive_image/code/install/ros2_lidar/share/ros2_lidar/params/ole2dv2_front.yaml
[21.429s] -- Installing: /home/grz/trolley_auto_drive_image/code/install/ros2_lidar/share/ros2_lidar/environment/library_path.sh
[21.429s] -- Installing: /home/grz/trolley_auto_drive_image/code/install/ros2_lidar/share/ros2_lidar/environment/library_path.dsv
[21.430s] -- Installing: /home/grz/trolley_auto_drive_image/code/install/ros2_lidar/share/ament_index/resource_index/package_run_dependencies/ros2_lidar
[21.430s] -- Installing: /home/grz/trolley_auto_drive_image/code/install/ros2_lidar/share/ament_index/resource_index/parent_prefix_path/ros2_lidar
[21.430s] -- Installing: /home/grz/trolley_auto_drive_image/code/install/ros2_lidar/share/ros2_lidar/environment/ament_prefix_path.sh
[21.430s] -- Installing: /home/grz/trolley_auto_drive_image/code/install/ros2_lidar/share/ros2_lidar/environment/ament_prefix_path.dsv
[21.430s] -- Installing: /home/grz/trolley_auto_drive_image/code/install/ros2_lidar/share/ros2_lidar/environment/path.sh
[21.430s] -- Installing: /home/grz/trolley_auto_drive_image/code/install/ros2_lidar/share/ros2_lidar/environment/path.dsv
[21.431s] -- Installing: /home/grz/trolley_auto_drive_image/code/install/ros2_lidar/share/ros2_lidar/local_setup.bash
[21.431s] -- Installing: /home/grz/trolley_auto_drive_image/code/install/ros2_lidar/share/ros2_lidar/local_setup.sh
[21.431s] -- Installing: /home/grz/trolley_auto_drive_image/code/install/ros2_lidar/share/ros2_lidar/local_setup.zsh
[21.431s] -- Installing: /home/grz/trolley_auto_drive_image/code/install/ros2_lidar/share/ros2_lidar/local_setup.dsv
[21.431s] -- Installing: /home/grz/trolley_auto_drive_image/code/install/ros2_lidar/share/ros2_lidar/package.dsv
[21.431s] -- Installing: /home/grz/trolley_auto_drive_image/code/install/ros2_lidar/share/ament_index/resource_index/packages/ros2_lidar
[21.431s] -- Installing: /home/grz/trolley_auto_drive_image/code/install/ros2_lidar/share/ament_index/resource_index/rclcpp_components/ros2_lidar
[21.431s] -- Installing: /home/grz/trolley_auto_drive_image/code/install/ros2_lidar/share/ros2_lidar/cmake/ament_cmake_export_include_directories-extras.cmake
[21.431s] -- Installing: /home/grz/trolley_auto_drive_image/code/install/ros2_lidar/share/ros2_lidar/cmake/ament_cmake_export_libraries-extras.cmake
[21.432s] -- Installing: /home/grz/trolley_auto_drive_image/code/install/ros2_lidar/share/ros2_lidar/cmake/ament_cmake_export_dependencies-extras.cmake
[21.432s] -- Installing: /home/grz/trolley_auto_drive_image/code/install/ros2_lidar/share/ros2_lidar/cmake/ros2_lidarConfig.cmake
[21.432s] -- Installing: /home/grz/trolley_auto_drive_image/code/install/ros2_lidar/share/ros2_lidar/cmake/ros2_lidarConfig-version.cmake
[21.432s] -- Installing: /home/grz/trolley_auto_drive_image/code/install/ros2_lidar/share/ros2_lidar/package.xml
[21.434s] Invoked command in '/home/grz/trolley_auto_drive_image/code/build/ros2_lidar' returned '0': AMENT_PREFIX_PATH=/home/grz/trolley_auto_drive_image/code/install/lidar_msgs:${AMENT_PREFIX_PATH} CMAKE_PREFIX_PATH=/home/grz/trolley_auto_drive_image/code/install/lidar_msgs:/opt/ros/foxy LD_LIBRARY_PATH=/home/grz/trolley_auto_drive_image/code/install/lidar_msgs/lib:${LD_LIBRARY_PATH} PYTHONPATH=/home/grz/trolley_auto_drive_image/code/install/lidar_msgs/lib/python3.8/site-packages:${PYTHONPATH} /usr/bin/cmake --install /home/grz/trolley_auto_drive_image/code/build/ros2_lidar
