[0.308s] DEBUG:colcon:Command line arguments: ['/usr/bin/colcon', 'build', '--symlink-install', '--packages-select', 'lidar_data_handler', 'linear_displacement_sensor']
[0.308s] DEBUG:colcon:Parsed command line arguments: Namespace(allow_overriding=[], ament_cmake_args=None, base_paths=['.'], build_base='build', catkin_cmake_args=None, catkin_skip_building_tests=False, cmake_args=None, cmake_clean_cache=False, cmake_clean_first=False, cmake_force_configure=False, cmake_target=None, cmake_target_skip_unavailable=False, continue_on_error=False, event_handlers=None, executor='parallel', ignore_user_meta=False, install_base='install', log_base=None, log_level=None, main=<bound method BuildVerb.main of <colcon_core.verb.build.BuildVerb object at 0x7f4edd972df0>>, merge_install=False, metas=['./colcon.meta'], mixin=None, mixin_files=None, mixin_verb=('build',), packages_above=None, packages_above_and_dependencies=None, packages_above_depth=None, packages_end=None, packages_ignore=None, packages_ignore_regex=None, packages_select=['lidar_data_handler', 'linear_displacement_sensor'], packages_select_build_failed=False, packages_select_by_dep=None, packages_select_regex=None, packages_select_test_failures=False, packages_skip=None, packages_skip_build_finished=False, packages_skip_by_dep=None, packages_skip_regex=None, packages_skip_test_passed=False, packages_skip_up_to=None, packages_start=None, packages_up_to=None, packages_up_to_regex=None, parallel_workers=4, paths=None, symlink_install=True, test_result_base=None, verb_extension=<colcon_core.verb.build.BuildVerb object at 0x7f4edd972df0>, verb_name='build', verb_parser=<colcon_mixin.mixin.mixin_argument.MixinArgumentDecorator object at 0x7f4edd848400>)
[0.546s] Level 1:colcon.colcon_core.package_discovery:discover_packages(colcon_meta) check parameters
[0.547s] Level 1:colcon.colcon_core.package_discovery:discover_packages(recursive) check parameters
[0.547s] Level 1:colcon.colcon_core.package_discovery:discover_packages(ignore) check parameters
[0.547s] Level 1:colcon.colcon_core.package_discovery:discover_packages(path) check parameters
[0.547s] Level 1:colcon.colcon_core.package_discovery:discover_packages(colcon_meta) discover
[0.547s] Level 1:colcon.colcon_core.package_discovery:discover_packages(recursive) discover
[0.547s] INFO:colcon.colcon_core.package_discovery:Crawling recursively for packages in '/home/grz/trolley_auto_drive_image/code'
[0.547s] Level 1:colcon.colcon_core.package_identification:_identify(.) by extensions ['ignore', 'ignore_ament_install']
[0.548s] Level 1:colcon.colcon_core.package_identification:_identify(.) by extension 'ignore'
[0.548s] Level 1:colcon.colcon_core.package_identification:_identify(.) by extension 'ignore_ament_install'
[0.548s] Level 1:colcon.colcon_core.package_identification:_identify(.) by extensions ['colcon_pkg']
[0.548s] Level 1:colcon.colcon_core.package_identification:_identify(.) by extension 'colcon_pkg'
[0.548s] Level 1:colcon.colcon_core.package_identification:_identify(.) by extensions ['colcon_meta']
[0.548s] Level 1:colcon.colcon_core.package_identification:_identify(.) by extension 'colcon_meta'
[0.548s] Level 1:colcon.colcon_core.package_identification:_identify(.) by extensions ['ros']
[0.548s] Level 1:colcon.colcon_core.package_identification:_identify(.) by extension 'ros'
[0.570s] Level 1:colcon.colcon_core.package_identification:_identify(.) by extensions ['cmake', 'python']
[0.570s] Level 1:colcon.colcon_core.package_identification:_identify(.) by extension 'cmake'
[0.571s] Level 1:colcon.colcon_core.package_identification:_identify(.) by extension 'python'
[0.571s] Level 1:colcon.colcon_core.package_identification:_identify(.) by extensions ['python_setup_py']
[0.571s] Level 1:colcon.colcon_core.package_identification:_identify(.) by extension 'python_setup_py'
[0.571s] Level 1:colcon.colcon_core.package_identification:_identify(build) by extensions ['ignore', 'ignore_ament_install']
[0.571s] Level 1:colcon.colcon_core.package_identification:_identify(build) by extension 'ignore'
[0.572s] Level 1:colcon.colcon_core.package_identification:_identify(build) ignored
[0.572s] Level 1:colcon.colcon_core.package_identification:_identify(install) by extensions ['ignore', 'ignore_ament_install']
[0.572s] Level 1:colcon.colcon_core.package_identification:_identify(install) by extension 'ignore'
[0.572s] Level 1:colcon.colcon_core.package_identification:_identify(install) ignored
[0.572s] Level 1:colcon.colcon_core.package_identification:_identify(log) by extensions ['ignore', 'ignore_ament_install']
[0.573s] Level 1:colcon.colcon_core.package_identification:_identify(log) by extension 'ignore'
[0.573s] Level 1:colcon.colcon_core.package_identification:_identify(log) ignored
[0.573s] Level 1:colcon.colcon_core.package_identification:_identify(src) by extensions ['ignore', 'ignore_ament_install']
[0.573s] Level 1:colcon.colcon_core.package_identification:_identify(src) by extension 'ignore'
[0.573s] Level 1:colcon.colcon_core.package_identification:_identify(src) by extension 'ignore_ament_install'
[0.573s] Level 1:colcon.colcon_core.package_identification:_identify(src) by extensions ['colcon_pkg']
[0.574s] Level 1:colcon.colcon_core.package_identification:_identify(src) by extension 'colcon_pkg'
[0.574s] Level 1:colcon.colcon_core.package_identification:_identify(src) by extensions ['colcon_meta']
[0.574s] Level 1:colcon.colcon_core.package_identification:_identify(src) by extension 'colcon_meta'
[0.574s] Level 1:colcon.colcon_core.package_identification:_identify(src) by extensions ['ros']
[0.574s] Level 1:colcon.colcon_core.package_identification:_identify(src) by extension 'ros'
[0.574s] Level 1:colcon.colcon_core.package_identification:_identify(src) by extensions ['cmake', 'python']
[0.574s] Level 1:colcon.colcon_core.package_identification:_identify(src) by extension 'cmake'
[0.574s] Level 1:colcon.colcon_core.package_identification:_identify(src) by extension 'python'
[0.574s] Level 1:colcon.colcon_core.package_identification:_identify(src) by extensions ['python_setup_py']
[0.574s] Level 1:colcon.colcon_core.package_identification:_identify(src) by extension 'python_setup_py'
[0.575s] Level 1:colcon.colcon_core.package_identification:_identify(src/lidar_data_handler) by extensions ['ignore', 'ignore_ament_install']
[0.575s] Level 1:colcon.colcon_core.package_identification:_identify(src/lidar_data_handler) by extension 'ignore'
[0.575s] Level 1:colcon.colcon_core.package_identification:_identify(src/lidar_data_handler) by extension 'ignore_ament_install'
[0.575s] Level 1:colcon.colcon_core.package_identification:_identify(src/lidar_data_handler) by extensions ['colcon_pkg']
[0.575s] Level 1:colcon.colcon_core.package_identification:_identify(src/lidar_data_handler) by extension 'colcon_pkg'
[0.575s] Level 1:colcon.colcon_core.package_identification:_identify(src/lidar_data_handler) by extensions ['colcon_meta']
[0.575s] Level 1:colcon.colcon_core.package_identification:_identify(src/lidar_data_handler) by extension 'colcon_meta'
[0.576s] Level 1:colcon.colcon_core.package_identification:_identify(src/lidar_data_handler) by extensions ['ros']
[0.576s] Level 1:colcon.colcon_core.package_identification:_identify(src/lidar_data_handler) by extension 'ros'
[0.581s] DEBUG:colcon.colcon_core.package_identification:Package 'src/lidar_data_handler' with type 'ros.ament_python' and name 'lidar_data_handler'
[0.581s] Level 1:colcon.colcon_core.package_identification:_identify(src/linear_displacement_sensor) by extensions ['ignore', 'ignore_ament_install']
[0.581s] Level 1:colcon.colcon_core.package_identification:_identify(src/linear_displacement_sensor) by extension 'ignore'
[0.582s] Level 1:colcon.colcon_core.package_identification:_identify(src/linear_displacement_sensor) by extension 'ignore_ament_install'
[0.582s] Level 1:colcon.colcon_core.package_identification:_identify(src/linear_displacement_sensor) by extensions ['colcon_pkg']
[0.582s] Level 1:colcon.colcon_core.package_identification:_identify(src/linear_displacement_sensor) by extension 'colcon_pkg'
[0.582s] Level 1:colcon.colcon_core.package_identification:_identify(src/linear_displacement_sensor) by extensions ['colcon_meta']
[0.582s] Level 1:colcon.colcon_core.package_identification:_identify(src/linear_displacement_sensor) by extension 'colcon_meta'
[0.582s] Level 1:colcon.colcon_core.package_identification:_identify(src/linear_displacement_sensor) by extensions ['ros']
[0.582s] Level 1:colcon.colcon_core.package_identification:_identify(src/linear_displacement_sensor) by extension 'ros'
[0.583s] DEBUG:colcon.colcon_core.package_identification:Package 'src/linear_displacement_sensor' with type 'ros.ament_python' and name 'linear_displacement_sensor'
[0.583s] Level 1:colcon.colcon_core.package_identification:_identify(src/linear_sensor_msgs) by extensions ['ignore', 'ignore_ament_install']
[0.584s] Level 1:colcon.colcon_core.package_identification:_identify(src/linear_sensor_msgs) by extension 'ignore'
[0.584s] Level 1:colcon.colcon_core.package_identification:_identify(src/linear_sensor_msgs) by extension 'ignore_ament_install'
[0.584s] Level 1:colcon.colcon_core.package_identification:_identify(src/linear_sensor_msgs) by extensions ['colcon_pkg']
[0.584s] Level 1:colcon.colcon_core.package_identification:_identify(src/linear_sensor_msgs) by extension 'colcon_pkg'
[0.584s] Level 1:colcon.colcon_core.package_identification:_identify(src/linear_sensor_msgs) by extensions ['colcon_meta']
[0.584s] Level 1:colcon.colcon_core.package_identification:_identify(src/linear_sensor_msgs) by extension 'colcon_meta'
[0.584s] Level 1:colcon.colcon_core.package_identification:_identify(src/linear_sensor_msgs) by extensions ['ros']
[0.585s] Level 1:colcon.colcon_core.package_identification:_identify(src/linear_sensor_msgs) by extension 'ros'
[0.585s] DEBUG:colcon.colcon_core.package_identification:Package 'src/linear_sensor_msgs' with type 'ros.ament_cmake' and name 'linear_sensor_msgs'
[0.586s] Level 1:colcon.colcon_core.package_identification:_identify(src/ole2d_ros2_driver) by extensions ['ignore', 'ignore_ament_install']
[0.586s] Level 1:colcon.colcon_core.package_identification:_identify(src/ole2d_ros2_driver) by extension 'ignore'
[0.586s] Level 1:colcon.colcon_core.package_identification:_identify(src/ole2d_ros2_driver) by extension 'ignore_ament_install'
[0.586s] Level 1:colcon.colcon_core.package_identification:_identify(src/ole2d_ros2_driver) by extensions ['colcon_pkg']
[0.586s] Level 1:colcon.colcon_core.package_identification:_identify(src/ole2d_ros2_driver) by extension 'colcon_pkg'
[0.586s] Level 1:colcon.colcon_core.package_identification:_identify(src/ole2d_ros2_driver) by extensions ['colcon_meta']
[0.587s] Level 1:colcon.colcon_core.package_identification:_identify(src/ole2d_ros2_driver) by extension 'colcon_meta'
[0.587s] Level 1:colcon.colcon_core.package_identification:_identify(src/ole2d_ros2_driver) by extensions ['ros']
[0.587s] Level 1:colcon.colcon_core.package_identification:_identify(src/ole2d_ros2_driver) by extension 'ros'
[0.587s] Level 1:colcon.colcon_core.package_identification:_identify(src/ole2d_ros2_driver) by extensions ['cmake', 'python']
[0.587s] Level 1:colcon.colcon_core.package_identification:_identify(src/ole2d_ros2_driver) by extension 'cmake'
[0.587s] Level 1:colcon.colcon_core.package_identification:_identify(src/ole2d_ros2_driver) by extension 'python'
[0.587s] Level 1:colcon.colcon_core.package_identification:_identify(src/ole2d_ros2_driver) by extensions ['python_setup_py']
[0.587s] Level 1:colcon.colcon_core.package_identification:_identify(src/ole2d_ros2_driver) by extension 'python_setup_py'
[0.588s] Level 1:colcon.colcon_core.package_identification:_identify(src/ole2d_ros2_driver/lidar_msgs) by extensions ['ignore', 'ignore_ament_install']
[0.588s] Level 1:colcon.colcon_core.package_identification:_identify(src/ole2d_ros2_driver/lidar_msgs) by extension 'ignore'
[0.588s] Level 1:colcon.colcon_core.package_identification:_identify(src/ole2d_ros2_driver/lidar_msgs) by extension 'ignore_ament_install'
[0.588s] Level 1:colcon.colcon_core.package_identification:_identify(src/ole2d_ros2_driver/lidar_msgs) by extensions ['colcon_pkg']
[0.588s] Level 1:colcon.colcon_core.package_identification:_identify(src/ole2d_ros2_driver/lidar_msgs) by extension 'colcon_pkg'
[0.588s] Level 1:colcon.colcon_core.package_identification:_identify(src/ole2d_ros2_driver/lidar_msgs) by extensions ['colcon_meta']
[0.588s] Level 1:colcon.colcon_core.package_identification:_identify(src/ole2d_ros2_driver/lidar_msgs) by extension 'colcon_meta'
[0.589s] Level 1:colcon.colcon_core.package_identification:_identify(src/ole2d_ros2_driver/lidar_msgs) by extensions ['ros']
[0.589s] Level 1:colcon.colcon_core.package_identification:_identify(src/ole2d_ros2_driver/lidar_msgs) by extension 'ros'
[0.590s] DEBUG:colcon.colcon_core.package_identification:Package 'src/ole2d_ros2_driver/lidar_msgs' with type 'ros.ament_cmake' and name 'lidar_msgs'
[0.590s] Level 1:colcon.colcon_core.package_identification:_identify(src/ole2d_ros2_driver/ros2_lidar) by extensions ['ignore', 'ignore_ament_install']
[0.590s] Level 1:colcon.colcon_core.package_identification:_identify(src/ole2d_ros2_driver/ros2_lidar) by extension 'ignore'
[0.590s] Level 1:colcon.colcon_core.package_identification:_identify(src/ole2d_ros2_driver/ros2_lidar) by extension 'ignore_ament_install'
[0.591s] Level 1:colcon.colcon_core.package_identification:_identify(src/ole2d_ros2_driver/ros2_lidar) by extensions ['colcon_pkg']
[0.591s] Level 1:colcon.colcon_core.package_identification:_identify(src/ole2d_ros2_driver/ros2_lidar) by extension 'colcon_pkg'
[0.591s] Level 1:colcon.colcon_core.package_identification:_identify(src/ole2d_ros2_driver/ros2_lidar) by extensions ['colcon_meta']
[0.591s] Level 1:colcon.colcon_core.package_identification:_identify(src/ole2d_ros2_driver/ros2_lidar) by extension 'colcon_meta'
[0.591s] Level 1:colcon.colcon_core.package_identification:_identify(src/ole2d_ros2_driver/ros2_lidar) by extensions ['ros']
[0.591s] Level 1:colcon.colcon_core.package_identification:_identify(src/ole2d_ros2_driver/ros2_lidar) by extension 'ros'
[0.594s] DEBUG:colcon.colcon_core.package_identification:Package 'src/ole2d_ros2_driver/ros2_lidar' with type 'ros.ament_cmake' and name 'ros2_lidar'
[0.594s] Level 1:colcon.colcon_core.package_discovery:discover_packages(recursive) using defaults
[0.594s] Level 1:colcon.colcon_core.package_discovery:discover_packages(ignore) discover
[0.594s] Level 1:colcon.colcon_core.package_discovery:discover_packages(ignore) using defaults
[0.594s] Level 1:colcon.colcon_core.package_discovery:discover_packages(path) discover
[0.594s] Level 1:colcon.colcon_core.package_discovery:discover_packages(path) using defaults
[0.624s] INFO:colcon.colcon_core.package_selection:Skipping not selected package 'lidar_msgs' in 'src/ole2d_ros2_driver/lidar_msgs'
[0.625s] INFO:colcon.colcon_core.package_selection:Skipping not selected package 'linear_sensor_msgs' in 'src/linear_sensor_msgs'
[0.625s] INFO:colcon.colcon_core.package_selection:Skipping not selected package 'ros2_lidar' in 'src/ole2d_ros2_driver/ros2_lidar'
[0.625s] Level 1:colcon.colcon_core.package_discovery:discover_packages(prefix_path) check parameters
[0.626s] Level 1:colcon.colcon_core.package_discovery:discover_packages(prefix_path) discover
[0.629s] DEBUG:colcon.colcon_installed_package_information.package_discovery:Found 172 installed packages in /opt/ros/foxy
[0.631s] Level 1:colcon.colcon_core.package_discovery:discover_packages(prefix_path) using defaults
[0.705s] Level 5:colcon.colcon_core.verb:set package 'lidar_data_handler' build argument 'cmake_args' from command line to 'None'
[0.705s] Level 5:colcon.colcon_core.verb:set package 'lidar_data_handler' build argument 'cmake_target' from command line to 'None'
[0.705s] Level 5:colcon.colcon_core.verb:set package 'lidar_data_handler' build argument 'cmake_target_skip_unavailable' from command line to 'False'
[0.705s] Level 5:colcon.colcon_core.verb:set package 'lidar_data_handler' build argument 'cmake_clean_cache' from command line to 'False'
[0.705s] Level 5:colcon.colcon_core.verb:set package 'lidar_data_handler' build argument 'cmake_clean_first' from command line to 'False'
[0.706s] Level 5:colcon.colcon_core.verb:set package 'lidar_data_handler' build argument 'cmake_force_configure' from command line to 'False'
[0.706s] Level 5:colcon.colcon_core.verb:set package 'lidar_data_handler' build argument 'ament_cmake_args' from command line to 'None'
[0.706s] Level 5:colcon.colcon_core.verb:set package 'lidar_data_handler' build argument 'catkin_cmake_args' from command line to 'None'
[0.706s] Level 5:colcon.colcon_core.verb:set package 'lidar_data_handler' build argument 'catkin_skip_building_tests' from command line to 'False'
[0.706s] DEBUG:colcon.colcon_core.verb:Building package 'lidar_data_handler' with the following arguments: {'ament_cmake_args': None, 'build_base': '/home/grz/trolley_auto_drive_image/code/build/lidar_data_handler', 'catkin_cmake_args': None, 'catkin_skip_building_tests': False, 'cmake_args': None, 'cmake_clean_cache': False, 'cmake_clean_first': False, 'cmake_force_configure': False, 'cmake_target': None, 'cmake_target_skip_unavailable': False, 'install_base': '/home/grz/trolley_auto_drive_image/code/install/lidar_data_handler', 'merge_install': False, 'path': '/home/grz/trolley_auto_drive_image/code/src/lidar_data_handler', 'symlink_install': True, 'test_result_base': None}
[0.706s] Level 5:colcon.colcon_core.verb:set package 'linear_displacement_sensor' build argument 'cmake_args' from command line to 'None'
[0.706s] Level 5:colcon.colcon_core.verb:set package 'linear_displacement_sensor' build argument 'cmake_target' from command line to 'None'
[0.706s] Level 5:colcon.colcon_core.verb:set package 'linear_displacement_sensor' build argument 'cmake_target_skip_unavailable' from command line to 'False'
[0.706s] Level 5:colcon.colcon_core.verb:set package 'linear_displacement_sensor' build argument 'cmake_clean_cache' from command line to 'False'
[0.707s] Level 5:colcon.colcon_core.verb:set package 'linear_displacement_sensor' build argument 'cmake_clean_first' from command line to 'False'
[0.707s] Level 5:colcon.colcon_core.verb:set package 'linear_displacement_sensor' build argument 'cmake_force_configure' from command line to 'False'
[0.707s] Level 5:colcon.colcon_core.verb:set package 'linear_displacement_sensor' build argument 'ament_cmake_args' from command line to 'None'
[0.707s] Level 5:colcon.colcon_core.verb:set package 'linear_displacement_sensor' build argument 'catkin_cmake_args' from command line to 'None'
[0.707s] Level 5:colcon.colcon_core.verb:set package 'linear_displacement_sensor' build argument 'catkin_skip_building_tests' from command line to 'False'
[0.707s] DEBUG:colcon.colcon_core.verb:Building package 'linear_displacement_sensor' with the following arguments: {'ament_cmake_args': None, 'build_base': '/home/grz/trolley_auto_drive_image/code/build/linear_displacement_sensor', 'catkin_cmake_args': None, 'catkin_skip_building_tests': False, 'cmake_args': None, 'cmake_clean_cache': False, 'cmake_clean_first': False, 'cmake_force_configure': False, 'cmake_target': None, 'cmake_target_skip_unavailable': False, 'install_base': '/home/grz/trolley_auto_drive_image/code/install/linear_displacement_sensor', 'merge_install': False, 'path': '/home/grz/trolley_auto_drive_image/code/src/linear_displacement_sensor', 'symlink_install': True, 'test_result_base': None}
[0.707s] INFO:colcon.colcon_core.executor:Executing jobs using 'parallel' executor
[0.709s] DEBUG:colcon.colcon_parallel_executor.executor.parallel:run_until_complete
[0.709s] INFO:colcon.colcon_ros.task.ament_python.build:Building ROS package in '/home/grz/trolley_auto_drive_image/code/src/lidar_data_handler' with build type 'ament_python'
[0.709s] Level 1:colcon.colcon_core.shell:create_environment_hook('lidar_data_handler', 'ament_prefix_path')
[0.714s] INFO:colcon.colcon_core.plugin_system:Skipping extension 'colcon_core.shell.bat': Not used on non-Windows systems
[0.715s] INFO:colcon.colcon_core.shell:Creating environment hook '/home/grz/trolley_auto_drive_image/code/install/lidar_data_handler/share/lidar_data_handler/hook/ament_prefix_path.ps1'
[0.716s] INFO:colcon.colcon_core.shell:Creating environment descriptor '/home/grz/trolley_auto_drive_image/code/install/lidar_data_handler/share/lidar_data_handler/hook/ament_prefix_path.dsv'
[0.717s] INFO:colcon.colcon_core.shell:Creating environment hook '/home/grz/trolley_auto_drive_image/code/install/lidar_data_handler/share/lidar_data_handler/hook/ament_prefix_path.sh'
[0.719s] INFO:colcon.colcon_core.shell:Skip shell extension 'powershell' for command environment: Not usable outside of PowerShell
[0.719s] DEBUG:colcon.colcon_core.shell:Skip shell extension 'dsv' for command environment
[0.725s] INFO:colcon.colcon_ros.task.ament_python.build:Building ROS package in '/home/grz/trolley_auto_drive_image/code/src/linear_displacement_sensor' with build type 'ament_python'
[0.726s] Level 1:colcon.colcon_core.shell:create_environment_hook('linear_displacement_sensor', 'ament_prefix_path')
[0.727s] INFO:colcon.colcon_core.shell:Creating environment hook '/home/grz/trolley_auto_drive_image/code/install/linear_displacement_sensor/share/linear_displacement_sensor/hook/ament_prefix_path.ps1'
[0.728s] INFO:colcon.colcon_core.shell:Creating environment descriptor '/home/grz/trolley_auto_drive_image/code/install/linear_displacement_sensor/share/linear_displacement_sensor/hook/ament_prefix_path.dsv'
[0.729s] INFO:colcon.colcon_core.shell:Creating environment hook '/home/grz/trolley_auto_drive_image/code/install/linear_displacement_sensor/share/linear_displacement_sensor/hook/ament_prefix_path.sh'
[0.731s] INFO:colcon.colcon_core.shell:Skip shell extension 'powershell' for command environment: Not usable outside of PowerShell
[0.731s] DEBUG:colcon.colcon_core.shell:Skip shell extension 'dsv' for command environment
[1.052s] INFO:colcon.colcon_core.task.python.build:Building Python package in '/home/grz/trolley_auto_drive_image/code/src/lidar_data_handler'
[1.053s] INFO:colcon.colcon_core.shell:Skip shell extension 'powershell' for command environment: Not usable outside of PowerShell
[1.053s] DEBUG:colcon.colcon_core.shell:Skip shell extension 'dsv' for command environment
[1.371s] INFO:colcon.colcon_core.task.python.build:Building Python package in '/home/grz/trolley_auto_drive_image/code/src/linear_displacement_sensor'
[1.372s] INFO:colcon.colcon_core.shell:Skip shell extension 'powershell' for command environment: Not usable outside of PowerShell
[1.372s] DEBUG:colcon.colcon_core.shell:Skip shell extension 'dsv' for command environment
[2.113s] DEBUG:colcon.colcon_core.event_handler.log_command:Invoking command in '/home/grz/trolley_auto_drive_image/code/build/lidar_data_handler': PYTHONPATH=/home/grz/trolley_auto_drive_image/code/build/lidar_data_handler/prefix_override:/usr/lib/python3/dist-packages/colcon_core/task/python/colcon_distutils_commands:/home/grz/trolley_auto_drive_image/code/install/lidar_data_handler/lib/python3.8/site-packages:${PYTHONPATH} /usr/bin/python3 -W ignore:setup.py install is deprecated -W ignore:easy_install command is deprecated setup.py develop --editable --build-directory /home/grz/trolley_auto_drive_image/code/build/lidar_data_handler/build --no-deps symlink_data
[2.124s] DEBUG:colcon.colcon_core.event_handler.log_command:Invoking command in '/home/grz/trolley_auto_drive_image/code/build/linear_displacement_sensor': PYTHONPATH=/home/grz/trolley_auto_drive_image/code/build/linear_displacement_sensor/prefix_override:/usr/lib/python3/dist-packages/colcon_core/task/python/colcon_distutils_commands:/home/grz/trolley_auto_drive_image/code/install/linear_displacement_sensor/lib/python3.8/site-packages:${PYTHONPATH} /usr/bin/python3 -W ignore:setup.py install is deprecated -W ignore:easy_install command is deprecated setup.py develop --editable --build-directory /home/grz/trolley_auto_drive_image/code/build/linear_displacement_sensor/build --no-deps symlink_data
[3.050s] Level 1:colcon.colcon_core.shell:create_environment_hook('lidar_data_handler', 'pythonpath_develop')
[3.051s] INFO:colcon.colcon_core.shell:Creating environment hook '/home/grz/trolley_auto_drive_image/code/build/lidar_data_handler/share/lidar_data_handler/hook/pythonpath_develop.ps1'
[3.051s] DEBUG:colcon.colcon_core.event_handler.log_command:Invoked command in '/home/grz/trolley_auto_drive_image/code/build/lidar_data_handler' returned '0': PYTHONPATH=/home/grz/trolley_auto_drive_image/code/build/lidar_data_handler/prefix_override:/usr/lib/python3/dist-packages/colcon_core/task/python/colcon_distutils_commands:/home/grz/trolley_auto_drive_image/code/install/lidar_data_handler/lib/python3.8/site-packages:${PYTHONPATH} /usr/bin/python3 -W ignore:setup.py install is deprecated -W ignore:easy_install command is deprecated setup.py develop --editable --build-directory /home/grz/trolley_auto_drive_image/code/build/lidar_data_handler/build --no-deps symlink_data
[3.053s] INFO:colcon.colcon_core.shell:Creating environment descriptor '/home/grz/trolley_auto_drive_image/code/build/lidar_data_handler/share/lidar_data_handler/hook/pythonpath_develop.dsv'
[3.054s] INFO:colcon.colcon_core.shell:Creating environment hook '/home/grz/trolley_auto_drive_image/code/build/lidar_data_handler/share/lidar_data_handler/hook/pythonpath_develop.sh'
[3.062s] Level 1:colcon.colcon_core.environment:checking '/home/grz/trolley_auto_drive_image/code/install/lidar_data_handler' for CMake module files
[3.062s] Level 1:colcon.colcon_core.environment:checking '/home/grz/trolley_auto_drive_image/code/install/lidar_data_handler' for CMake config files
[3.063s] Level 1:colcon.colcon_core.environment:checking '/home/grz/trolley_auto_drive_image/code/install/lidar_data_handler/lib'
[3.064s] Level 1:colcon.colcon_core.environment:checking '/home/grz/trolley_auto_drive_image/code/install/lidar_data_handler/bin'
[3.064s] Level 1:colcon.colcon_core.environment:checking '/home/grz/trolley_auto_drive_image/code/install/lidar_data_handler/lib/pkgconfig/lidar_data_handler.pc'
[3.065s] Level 1:colcon.colcon_core.environment:checking '/home/grz/trolley_auto_drive_image/code/install/lidar_data_handler/lib/python3.8/site-packages'
[3.065s] Level 1:colcon.colcon_core.shell:create_environment_hook('lidar_data_handler', 'pythonpath')
[3.065s] INFO:colcon.colcon_core.shell:Creating environment hook '/home/grz/trolley_auto_drive_image/code/install/lidar_data_handler/share/lidar_data_handler/hook/pythonpath.ps1'
[3.066s] INFO:colcon.colcon_core.shell:Creating environment descriptor '/home/grz/trolley_auto_drive_image/code/install/lidar_data_handler/share/lidar_data_handler/hook/pythonpath.dsv'
[3.067s] INFO:colcon.colcon_core.shell:Creating environment hook '/home/grz/trolley_auto_drive_image/code/install/lidar_data_handler/share/lidar_data_handler/hook/pythonpath.sh'
[3.068s] Level 1:colcon.colcon_core.environment:checking '/home/grz/trolley_auto_drive_image/code/install/lidar_data_handler/bin'
[3.068s] Level 1:colcon.colcon_core.environment:create_environment_scripts_only(lidar_data_handler)
[3.068s] INFO:colcon.colcon_core.shell:Creating package script '/home/grz/trolley_auto_drive_image/code/install/lidar_data_handler/share/lidar_data_handler/package.ps1'
[3.070s] INFO:colcon.colcon_core.shell:Creating package descriptor '/home/grz/trolley_auto_drive_image/code/install/lidar_data_handler/share/lidar_data_handler/package.dsv'
[3.072s] INFO:colcon.colcon_core.shell:Creating package script '/home/grz/trolley_auto_drive_image/code/install/lidar_data_handler/share/lidar_data_handler/package.sh'
[3.074s] INFO:colcon.colcon_core.shell:Creating package script '/home/grz/trolley_auto_drive_image/code/install/lidar_data_handler/share/lidar_data_handler/package.bash'
[3.075s] INFO:colcon.colcon_core.shell:Creating package script '/home/grz/trolley_auto_drive_image/code/install/lidar_data_handler/share/lidar_data_handler/package.zsh'
[3.077s] Level 1:colcon.colcon_core.environment:create_file_with_runtime_dependencies(/home/grz/trolley_auto_drive_image/code/install/lidar_data_handler/share/colcon-core/packages/lidar_data_handler)
[3.078s] Level 1:colcon.colcon_core.shell:create_environment_hook('linear_displacement_sensor', 'pythonpath_develop')
[3.079s] INFO:colcon.colcon_core.shell:Creating environment hook '/home/grz/trolley_auto_drive_image/code/build/linear_displacement_sensor/share/linear_displacement_sensor/hook/pythonpath_develop.ps1'
[3.080s] INFO:colcon.colcon_core.shell:Creating environment descriptor '/home/grz/trolley_auto_drive_image/code/build/linear_displacement_sensor/share/linear_displacement_sensor/hook/pythonpath_develop.dsv'
[3.081s] DEBUG:colcon.colcon_core.event_handler.log_command:Invoked command in '/home/grz/trolley_auto_drive_image/code/build/linear_displacement_sensor' returned '0': PYTHONPATH=/home/grz/trolley_auto_drive_image/code/build/linear_displacement_sensor/prefix_override:/usr/lib/python3/dist-packages/colcon_core/task/python/colcon_distutils_commands:/home/grz/trolley_auto_drive_image/code/install/linear_displacement_sensor/lib/python3.8/site-packages:${PYTHONPATH} /usr/bin/python3 -W ignore:setup.py install is deprecated -W ignore:easy_install command is deprecated setup.py develop --editable --build-directory /home/grz/trolley_auto_drive_image/code/build/linear_displacement_sensor/build --no-deps symlink_data
[3.081s] INFO:colcon.colcon_core.shell:Creating environment hook '/home/grz/trolley_auto_drive_image/code/build/linear_displacement_sensor/share/linear_displacement_sensor/hook/pythonpath_develop.sh'
[3.083s] Level 1:colcon.colcon_core.environment:checking '/home/grz/trolley_auto_drive_image/code/install/linear_displacement_sensor' for CMake module files
[3.083s] Level 1:colcon.colcon_core.environment:checking '/home/grz/trolley_auto_drive_image/code/install/linear_displacement_sensor' for CMake config files
[3.084s] Level 1:colcon.colcon_core.environment:checking '/home/grz/trolley_auto_drive_image/code/install/linear_displacement_sensor/lib'
[3.085s] Level 1:colcon.colcon_core.environment:checking '/home/grz/trolley_auto_drive_image/code/install/linear_displacement_sensor/bin'
[3.085s] Level 1:colcon.colcon_core.environment:checking '/home/grz/trolley_auto_drive_image/code/install/linear_displacement_sensor/lib/pkgconfig/linear_displacement_sensor.pc'
[3.085s] Level 1:colcon.colcon_core.environment:checking '/home/grz/trolley_auto_drive_image/code/install/linear_displacement_sensor/lib/python3.8/site-packages'
[3.086s] Level 1:colcon.colcon_core.shell:create_environment_hook('linear_displacement_sensor', 'pythonpath')
[3.086s] INFO:colcon.colcon_core.shell:Creating environment hook '/home/grz/trolley_auto_drive_image/code/install/linear_displacement_sensor/share/linear_displacement_sensor/hook/pythonpath.ps1'
[3.087s] INFO:colcon.colcon_core.shell:Creating environment descriptor '/home/grz/trolley_auto_drive_image/code/install/linear_displacement_sensor/share/linear_displacement_sensor/hook/pythonpath.dsv'
[3.087s] INFO:colcon.colcon_core.shell:Creating environment hook '/home/grz/trolley_auto_drive_image/code/install/linear_displacement_sensor/share/linear_displacement_sensor/hook/pythonpath.sh'
[3.088s] Level 1:colcon.colcon_core.environment:checking '/home/grz/trolley_auto_drive_image/code/install/linear_displacement_sensor/bin'
[3.088s] Level 1:colcon.colcon_core.environment:create_environment_scripts_only(linear_displacement_sensor)
[3.089s] INFO:colcon.colcon_core.shell:Creating package script '/home/grz/trolley_auto_drive_image/code/install/linear_displacement_sensor/share/linear_displacement_sensor/package.ps1'
[3.089s] INFO:colcon.colcon_core.shell:Creating package descriptor '/home/grz/trolley_auto_drive_image/code/install/linear_displacement_sensor/share/linear_displacement_sensor/package.dsv'
[3.090s] INFO:colcon.colcon_core.shell:Creating package script '/home/grz/trolley_auto_drive_image/code/install/linear_displacement_sensor/share/linear_displacement_sensor/package.sh'
[3.091s] INFO:colcon.colcon_core.shell:Creating package script '/home/grz/trolley_auto_drive_image/code/install/linear_displacement_sensor/share/linear_displacement_sensor/package.bash'
[3.092s] INFO:colcon.colcon_core.shell:Creating package script '/home/grz/trolley_auto_drive_image/code/install/linear_displacement_sensor/share/linear_displacement_sensor/package.zsh'
[3.092s] Level 1:colcon.colcon_core.environment:create_file_with_runtime_dependencies(/home/grz/trolley_auto_drive_image/code/install/linear_displacement_sensor/share/colcon-core/packages/linear_displacement_sensor)
[3.093s] DEBUG:colcon.colcon_parallel_executor.executor.parallel:closing loop
[3.093s] DEBUG:colcon.colcon_parallel_executor.executor.parallel:loop closed
[3.093s] DEBUG:colcon.colcon_parallel_executor.executor.parallel:run_until_complete finished with '0'
[3.094s] DEBUG:colcon.colcon_core.event_reactor:joining thread
[3.104s] INFO:colcon.colcon_core.plugin_system:Skipping extension 'colcon_notification.desktop_notification.notify_send': Could not find 'notify-send'
[3.104s] INFO:colcon.colcon_core.plugin_system:Skipping extension 'colcon_notification.desktop_notification.terminal_notifier': Not used on non-Darwin systems
[3.104s] INFO:colcon.colcon_core.plugin_system:Skipping extension 'colcon_notification.desktop_notification.win32': Not used on non-Windows systems
[3.104s] INFO:colcon.colcon_notification.desktop_notification:Sending desktop notification using 'notify2'
[3.110s] DEBUG:colcon.colcon_core.event_reactor:joined thread
[3.111s] INFO:colcon.colcon_core.shell:Creating prefix script '/home/grz/trolley_auto_drive_image/code/install/local_setup.ps1'
[3.114s] INFO:colcon.colcon_core.shell:Creating prefix util module '/home/grz/trolley_auto_drive_image/code/install/_local_setup_util_ps1.py'
[3.117s] INFO:colcon.colcon_core.shell:Creating prefix chain script '/home/grz/trolley_auto_drive_image/code/install/setup.ps1'
[3.119s] INFO:colcon.colcon_core.shell:Creating prefix script '/home/grz/trolley_auto_drive_image/code/install/local_setup.sh'
[3.120s] INFO:colcon.colcon_core.shell:Creating prefix util module '/home/grz/trolley_auto_drive_image/code/install/_local_setup_util_sh.py'
[3.121s] INFO:colcon.colcon_core.shell:Creating prefix chain script '/home/grz/trolley_auto_drive_image/code/install/setup.sh'
[3.123s] INFO:colcon.colcon_core.shell:Creating prefix script '/home/grz/trolley_auto_drive_image/code/install/local_setup.bash'
[3.124s] INFO:colcon.colcon_core.shell:Creating prefix chain script '/home/grz/trolley_auto_drive_image/code/install/setup.bash'
[3.126s] INFO:colcon.colcon_core.shell:Creating prefix script '/home/grz/trolley_auto_drive_image/code/install/local_setup.zsh'
[3.127s] INFO:colcon.colcon_core.shell:Creating prefix chain script '/home/grz/trolley_auto_drive_image/code/install/setup.zsh'
