[35m[1mScanning dependencies of target lidar_driver_core[0m
[ 14%] [32mBuilding CXX object CMakeFiles/lidar_driver_core.dir/src/lidar_driver.cpp.o[0m
[ 28%] [32m[1mLinking CXX shared library liblidar_driver_core.so[0m
[ 71%] Built target lidar_driver_core
[ 85%] [32m[1mLinking CXX executable lidar_driver[0m
[100%] Built target lidar_driver
-- Install configuration: ""
-- Installing: /home/grz/trolley_auto_drive_image/code/install/ros2_lidar/lib/ros2_lidar/lidar_driver
-- Set runtime path of "/home/grz/trolley_auto_drive_image/code/install/ros2_lidar/lib/ros2_lidar/lidar_driver" to ""
-- Installing: /home/grz/trolley_auto_drive_image/code/install/ros2_lidar/lib/liblidar_driver_core.so
-- Set runtime path of "/home/grz/trolley_auto_drive_image/code/install/ros2_lidar/lib/liblidar_driver_core.so" to ""
-- Up-to-date: /home/grz/trolley_auto_drive_image/code/install/ros2_lidar/include/
-- Up-to-date: /home/grz/trolley_auto_drive_image/code/install/ros2_lidar/include//ros2_lidar
-- Up-to-date: /home/grz/trolley_auto_drive_image/code/install/ros2_lidar/include//ros2_lidar/OS1
-- Up-to-date: /home/grz/trolley_auto_drive_image/code/install/ros2_lidar/include//ros2_lidar/OS1/OS1_util.hpp
-- Up-to-date: /home/grz/trolley_auto_drive_image/code/install/ros2_lidar/include//ros2_lidar/OS1/OS1_sensor.hpp
-- Up-to-date: /home/grz/trolley_auto_drive_image/code/install/ros2_lidar/include//ros2_lidar/OS1/OS1_packet.hpp
-- Up-to-date: /home/grz/trolley_auto_drive_image/code/install/ros2_lidar/include//ros2_lidar/OS1/processors
-- Up-to-date: /home/grz/trolley_auto_drive_image/code/install/ros2_lidar/include//ros2_lidar/OS1/processors/scan_processor.hpp
-- Up-to-date: /home/grz/trolley_auto_drive_image/code/install/ros2_lidar/include//ros2_lidar/OS1/processors/image_processor.hpp
-- Up-to-date: /home/grz/trolley_auto_drive_image/code/install/ros2_lidar/include//ros2_lidar/OS1/processors/pointcloud_processor.hpp
-- Up-to-date: /home/grz/trolley_auto_drive_image/code/install/ros2_lidar/include//ros2_lidar/OS1/processors/imu_processor.hpp
-- Up-to-date: /home/grz/trolley_auto_drive_image/code/install/ros2_lidar/include//ros2_lidar/OS1/OS1.hpp
-- Up-to-date: /home/grz/trolley_auto_drive_image/code/install/ros2_lidar/include//ros2_lidar/OS1/processor_factories.hpp
-- Up-to-date: /home/grz/trolley_auto_drive_image/code/install/ros2_lidar/include//ros2_lidar/driver_types.hpp
-- Up-to-date: /home/grz/trolley_auto_drive_image/code/install/ros2_lidar/include//ros2_lidar/exception.hpp
-- Up-to-date: /home/grz/trolley_auto_drive_image/code/install/ros2_lidar/include//ros2_lidar/image_os.hpp
-- Up-to-date: /home/grz/trolley_auto_drive_image/code/install/ros2_lidar/include//ros2_lidar/conversions.hpp
-- Up-to-date: /home/grz/trolley_auto_drive_image/code/install/ros2_lidar/include//ros2_lidar/interfaces
-- Up-to-date: /home/grz/trolley_auto_drive_image/code/install/ros2_lidar/include//ros2_lidar/interfaces/metadata.hpp
-- Up-to-date: /home/grz/trolley_auto_drive_image/code/install/ros2_lidar/include//ros2_lidar/interfaces/lifecycle_interface.hpp
-- Up-to-date: /home/grz/trolley_auto_drive_image/code/install/ros2_lidar/include//ros2_lidar/interfaces/data_processor_interface.hpp
-- Up-to-date: /home/grz/trolley_auto_drive_image/code/install/ros2_lidar/include//ros2_lidar/interfaces/sensor_interface.hpp
-- Up-to-date: /home/grz/trolley_auto_drive_image/code/install/ros2_lidar/include//ros2_lidar/interfaces/configuration.hpp
-- Up-to-date: /home/grz/trolley_auto_drive_image/code/install/ros2_lidar/include//ros2_lidar/scan_os.hpp
-- Up-to-date: /home/grz/trolley_auto_drive_image/code/install/ros2_lidar/include//ros2_lidar/string_utils.hpp
-- Up-to-date: /home/grz/trolley_auto_drive_image/code/install/ros2_lidar/include//ros2_lidar/point_os.hpp
-- Up-to-date: /home/grz/trolley_auto_drive_image/code/install/ros2_lidar/include//ros2_lidar/lidar_driver.hpp
-- Up-to-date: /home/grz/trolley_auto_drive_image/code/install/ros2_lidar/share/ros2_lidar/launch
-- Up-to-date: /home/grz/trolley_auto_drive_image/code/install/ros2_lidar/share/ros2_lidar/launch/ole2dv2_front_launch.py
-- Up-to-date: /home/grz/trolley_auto_drive_image/code/install/ros2_lidar/share/ros2_lidar/launch/ole2dv2_back_launch.py
-- Up-to-date: /home/grz/trolley_auto_drive_image/code/install/ros2_lidar/share/ros2_lidar/launch/ole3dv2_launch.py
-- Up-to-date: /home/grz/trolley_auto_drive_image/code/install/ros2_lidar/share/ros2_lidar/launch/os1_launch.py
-- Up-to-date: /home/grz/trolley_auto_drive_image/code/install/ros2_lidar/share/ros2_lidar/params
-- Up-to-date: /home/grz/trolley_auto_drive_image/code/install/ros2_lidar/share/ros2_lidar/params/os1.yaml
-- Up-to-date: /home/grz/trolley_auto_drive_image/code/install/ros2_lidar/share/ros2_lidar/params/ole2dv2_back.yaml
-- Up-to-date: /home/grz/trolley_auto_drive_image/code/install/ros2_lidar/share/ros2_lidar/params/ole3dv2.yaml
-- Up-to-date: /home/grz/trolley_auto_drive_image/code/install/ros2_lidar/share/ros2_lidar/params/ole2dv2_front.yaml
-- Up-to-date: /home/grz/trolley_auto_drive_image/code/install/ros2_lidar/share/ros2_lidar/environment/library_path.sh
-- Up-to-date: /home/grz/trolley_auto_drive_image/code/install/ros2_lidar/share/ros2_lidar/environment/library_path.dsv
-- Up-to-date: /home/grz/trolley_auto_drive_image/code/install/ros2_lidar/share/ament_index/resource_index/package_run_dependencies/ros2_lidar
-- Up-to-date: /home/grz/trolley_auto_drive_image/code/install/ros2_lidar/share/ament_index/resource_index/parent_prefix_path/ros2_lidar
-- Up-to-date: /home/grz/trolley_auto_drive_image/code/install/ros2_lidar/share/ros2_lidar/environment/ament_prefix_path.sh
-- Up-to-date: /home/grz/trolley_auto_drive_image/code/install/ros2_lidar/share/ros2_lidar/environment/ament_prefix_path.dsv
-- Up-to-date: /home/grz/trolley_auto_drive_image/code/install/ros2_lidar/share/ros2_lidar/environment/path.sh
-- Up-to-date: /home/grz/trolley_auto_drive_image/code/install/ros2_lidar/share/ros2_lidar/environment/path.dsv
-- Up-to-date: /home/grz/trolley_auto_drive_image/code/install/ros2_lidar/share/ros2_lidar/local_setup.bash
-- Up-to-date: /home/grz/trolley_auto_drive_image/code/install/ros2_lidar/share/ros2_lidar/local_setup.sh
-- Up-to-date: /home/grz/trolley_auto_drive_image/code/install/ros2_lidar/share/ros2_lidar/local_setup.zsh
-- Up-to-date: /home/grz/trolley_auto_drive_image/code/install/ros2_lidar/share/ros2_lidar/local_setup.dsv
-- Installing: /home/grz/trolley_auto_drive_image/code/install/ros2_lidar/share/ros2_lidar/package.dsv
-- Up-to-date: /home/grz/trolley_auto_drive_image/code/install/ros2_lidar/share/ament_index/resource_index/packages/ros2_lidar
-- Up-to-date: /home/grz/trolley_auto_drive_image/code/install/ros2_lidar/share/ament_index/resource_index/rclcpp_components/ros2_lidar
-- Up-to-date: /home/grz/trolley_auto_drive_image/code/install/ros2_lidar/share/ros2_lidar/cmake/ament_cmake_export_include_directories-extras.cmake
-- Up-to-date: /home/grz/trolley_auto_drive_image/code/install/ros2_lidar/share/ros2_lidar/cmake/ament_cmake_export_libraries-extras.cmake
-- Up-to-date: /home/grz/trolley_auto_drive_image/code/install/ros2_lidar/share/ros2_lidar/cmake/ament_cmake_export_dependencies-extras.cmake
-- Up-to-date: /home/grz/trolley_auto_drive_image/code/install/ros2_lidar/share/ros2_lidar/cmake/ros2_lidarConfig.cmake
-- Up-to-date: /home/grz/trolley_auto_drive_image/code/install/ros2_lidar/share/ros2_lidar/cmake/ros2_lidarConfig-version.cmake
-- Up-to-date: /home/grz/trolley_auto_drive_image/code/install/ros2_lidar/share/ros2_lidar/package.xml
